TCP Ping trying to connect to server 130.251.61.30 (130.251.61.30) on port 1491
 ... connected to Pong server: asking for 501 repetitions of 24576 bytes TCP messages
 ... Pong server agreed :-)
tcp_ping received 24576 bytes back
Round trip time was 27.7689 milliseconds in repetition 1
tcp_ping received 24576 bytes back
Round trip time was 5.25854 milliseconds in repetition 2
tcp_ping received 24576 bytes back
Round trip time was 1.54322 milliseconds in repetition 3
tcp_ping received 24576 bytes back
Round trip time was 1.42976 milliseconds in repetition 4
tcp_ping received 24576 bytes back
Round trip time was 1.91867 milliseconds in repetition 5
tcp_ping received 24576 bytes back
Round trip time was 1.36486 milliseconds in repetition 6
tcp_ping received 24576 bytes back
Round trip time was 2.11691 milliseconds in repetition 7
tcp_ping received 24576 bytes back
Round trip time was 1.23581 milliseconds in repetition 8
tcp_ping received 24576 bytes back
Round trip time was 1.30315 milliseconds in repetition 9
tcp_ping received 24576 bytes back
Round trip time was 1.28114 milliseconds in repetition 10
tcp_ping received 24576 bytes back
Round trip time was 1.27158 milliseconds in repetition 11
tcp_ping received 24576 bytes back
Round trip time was 1.22149 milliseconds in repetition 12
tcp_ping received 24576 bytes back
Round trip time was 1.28081 milliseconds in repetition 13
tcp_ping received 24576 bytes back
Round trip time was 1.398 milliseconds in repetition 14
tcp_ping received 24576 bytes back
Round trip time was 1.24909 milliseconds in repetition 15
tcp_ping received 24576 bytes back
Round trip time was 1.23198 milliseconds in repetition 16
tcp_ping received 24576 bytes back
Round trip time was 1.21188 milliseconds in repetition 17
tcp_ping received 24576 bytes back
Round trip time was 1.21407 milliseconds in repetition 18
tcp_ping received 24576 bytes back
Round trip time was 1.22359 milliseconds in repetition 19
tcp_ping received 24576 bytes back
Round trip time was 1.21483 milliseconds in repetition 20
tcp_ping received 24576 bytes back
Round trip time was 1.32691 milliseconds in repetition 21
tcp_ping received 24576 bytes back
Round trip time was 1.58488 milliseconds in repetition 22
tcp_ping received 24576 bytes back
Round trip time was 1.15213 milliseconds in repetition 23
tcp_ping received 24576 bytes back
Round trip time was 1.3024 milliseconds in repetition 24
tcp_ping received 24576 bytes back
Round trip time was 1.24881 milliseconds in repetition 25
tcp_ping received 24576 bytes back
Round trip time was 1.31391 milliseconds in repetition 26
tcp_ping received 24576 bytes back
Round trip time was 1.21566 milliseconds in repetition 27
tcp_ping received 24576 bytes back
Round trip time was 2.08347 milliseconds in repetition 28
tcp_ping received 24576 bytes back
Round trip time was 1.31405 milliseconds in repetition 29
tcp_ping received 24576 bytes back
Round trip time was 1.62207 milliseconds in repetition 30
tcp_ping received 24576 bytes back
Round trip time was 1.22791 milliseconds in repetition 31
tcp_ping received 24576 bytes back
Round trip time was 1.29555 milliseconds in repetition 32
tcp_ping received 24576 bytes back
Round trip time was 1.29821 milliseconds in repetition 33
tcp_ping received 24576 bytes back
Round trip time was 1.27401 milliseconds in repetition 34
tcp_ping received 24576 bytes back
Round trip time was 1.27991 milliseconds in repetition 35
tcp_ping received 24576 bytes back
Round trip time was 1.77389 milliseconds in repetition 36
tcp_ping received 24576 bytes back
Round trip time was 1.19873 milliseconds in repetition 37
tcp_ping received 24576 bytes back
Round trip time was 1.24588 milliseconds in repetition 38
tcp_ping received 24576 bytes back
Round trip time was 1.26996 milliseconds in repetition 39
tcp_ping received 24576 bytes back
Round trip time was 1.25036 milliseconds in repetition 40
tcp_ping received 24576 bytes back
Round trip time was 1.5623 milliseconds in repetition 41
tcp_ping received 24576 bytes back
Round trip time was 1.2257 milliseconds in repetition 42
tcp_ping received 24576 bytes back
Round trip time was 1.77949 milliseconds in repetition 43
tcp_ping received 24576 bytes back
Round trip time was 1.561 milliseconds in repetition 44
tcp_ping received 24576 bytes back
Round trip time was 1.18094 milliseconds in repetition 45
tcp_ping received 24576 bytes back
Round trip time was 1.28182 milliseconds in repetition 46
tcp_ping received 24576 bytes back
Round trip time was 1.23317 milliseconds in repetition 47
tcp_ping received 24576 bytes back
Round trip time was 1.28819 milliseconds in repetition 48
tcp_ping received 24576 bytes back
Round trip time was 1.29404 milliseconds in repetition 49
tcp_ping received 24576 bytes back
Round trip time was 1.22738 milliseconds in repetition 50
tcp_ping received 24576 bytes back
Round trip time was 1.26704 milliseconds in repetition 51
tcp_ping received 24576 bytes back
Round trip time was 1.26283 milliseconds in repetition 52
tcp_ping received 24576 bytes back
Round trip time was 1.2869 milliseconds in repetition 53
tcp_ping received 24576 bytes back
Round trip time was 1.32226 milliseconds in repetition 54
tcp_ping received 24576 bytes back
Round trip time was 1.32907 milliseconds in repetition 55
tcp_ping received 24576 bytes back
Round trip time was 1.34225 milliseconds in repetition 56
tcp_ping received 24576 bytes back
Round trip time was 1.27119 milliseconds in repetition 57
tcp_ping received 24576 bytes back
Round trip time was 1.25136 milliseconds in repetition 58
tcp_ping received 24576 bytes back
Round trip time was 1.51894 milliseconds in repetition 59
tcp_ping received 24576 bytes back
Round trip time was 1.11911 milliseconds in repetition 60
tcp_ping received 24576 bytes back
Round trip time was 1.29191 milliseconds in repetition 61
tcp_ping received 24576 bytes back
Round trip time was 1.31122 milliseconds in repetition 62
tcp_ping received 24576 bytes back
Round trip time was 1.31856 milliseconds in repetition 63
tcp_ping received 24576 bytes back
Round trip time was 1.2695 milliseconds in repetition 64
tcp_ping received 24576 bytes back
Round trip time was 1.28009 milliseconds in repetition 65
tcp_ping received 24576 bytes back
Round trip time was 1.22215 milliseconds in repetition 66
tcp_ping received 24576 bytes back
Round trip time was 1.30513 milliseconds in repetition 67
tcp_ping received 24576 bytes back
Round trip time was 1.28887 milliseconds in repetition 68
tcp_ping received 24576 bytes back
Round trip time was 1.29746 milliseconds in repetition 69
tcp_ping received 24576 bytes back
Round trip time was 1.27266 milliseconds in repetition 70
tcp_ping received 24576 bytes back
Round trip time was 1.31073 milliseconds in repetition 71
tcp_ping received 24576 bytes back
Round trip time was 1.26703 milliseconds in repetition 72
tcp_ping received 24576 bytes back
Round trip time was 1.2716 milliseconds in repetition 73
tcp_ping received 24576 bytes back
Round trip time was 1.33123 milliseconds in repetition 74
tcp_ping received 24576 bytes back
Round trip time was 1.26805 milliseconds in repetition 75
tcp_ping received 24576 bytes back
Round trip time was 1.26379 milliseconds in repetition 76
tcp_ping received 24576 bytes back
Round trip time was 1.33522 milliseconds in repetition 77
tcp_ping received 24576 bytes back
Round trip time was 1.30366 milliseconds in repetition 78
tcp_ping received 24576 bytes back
Round trip time was 1.26998 milliseconds in repetition 79
tcp_ping received 24576 bytes back
Round trip time was 1.30877 milliseconds in repetition 80
tcp_ping received 24576 bytes back
Round trip time was 1.38178 milliseconds in repetition 81
tcp_ping received 24576 bytes back
Round trip time was 1.83176 milliseconds in repetition 82
tcp_ping received 24576 bytes back
Round trip time was 1.38896 milliseconds in repetition 83
tcp_ping received 24576 bytes back
Round trip time was 4.87523 milliseconds in repetition 84
tcp_ping received 24576 bytes back
Round trip time was 3.98542 milliseconds in repetition 85
tcp_ping received 24576 bytes back
Round trip time was 3.98056 milliseconds in repetition 86
tcp_ping received 24576 bytes back
Round trip time was 1.55692 milliseconds in repetition 87
tcp_ping received 24576 bytes back
Round trip time was 2.34625 milliseconds in repetition 88
tcp_ping received 24576 bytes back
Round trip time was 1.3924 milliseconds in repetition 89
tcp_ping received 24576 bytes back
Round trip time was 1.51517 milliseconds in repetition 90
tcp_ping received 24576 bytes back
Round trip time was 1.62154 milliseconds in repetition 91
tcp_ping received 24576 bytes back
Round trip time was 1.26537 milliseconds in repetition 92
tcp_ping received 24576 bytes back
Round trip time was 1.41687 milliseconds in repetition 93
tcp_ping received 24576 bytes back
Round trip time was 1.16438 milliseconds in repetition 94
tcp_ping received 24576 bytes back
Round trip time was 0.859358 milliseconds in repetition 95
tcp_ping received 24576 bytes back
Round trip time was 1.66096 milliseconds in repetition 96
tcp_ping received 24576 bytes back
Round trip time was 1.19924 milliseconds in repetition 97
tcp_ping received 24576 bytes back
Round trip time was 1.30185 milliseconds in repetition 98
tcp_ping received 24576 bytes back
Round trip time was 1.19671 milliseconds in repetition 99
tcp_ping received 24576 bytes back
Round trip time was 1.35649 milliseconds in repetition 100
tcp_ping received 24576 bytes back
Round trip time was 1.30443 milliseconds in repetition 101
tcp_ping received 24576 bytes back
Round trip time was 1.33471 milliseconds in repetition 102
tcp_ping received 24576 bytes back
Round trip time was 1.27986 milliseconds in repetition 103
tcp_ping received 24576 bytes back
Round trip time was 1.99055 milliseconds in repetition 104
tcp_ping received 24576 bytes back
Round trip time was 1.75098 milliseconds in repetition 105
tcp_ping received 24576 bytes back
Round trip time was 1.69563 milliseconds in repetition 106
tcp_ping received 24576 bytes back
Round trip time was 1.35682 milliseconds in repetition 107
tcp_ping received 24576 bytes back
Round trip time was 1.27389 milliseconds in repetition 108
tcp_ping received 24576 bytes back
Round trip time was 1.59679 milliseconds in repetition 109
tcp_ping received 24576 bytes back
Round trip time was 1.96484 milliseconds in repetition 110
tcp_ping received 24576 bytes back
Round trip time was 1.93314 milliseconds in repetition 111
tcp_ping received 24576 bytes back
Round trip time was 1.97541 milliseconds in repetition 112
tcp_ping received 24576 bytes back
Round trip time was 1.36164 milliseconds in repetition 113
tcp_ping received 24576 bytes back
Round trip time was 1.52393 milliseconds in repetition 114
tcp_ping received 24576 bytes back
Round trip time was 1.22843 milliseconds in repetition 115
tcp_ping received 24576 bytes back
Round trip time was 1.50781 milliseconds in repetition 116
tcp_ping received 24576 bytes back
Round trip time was 1.49073 milliseconds in repetition 117
tcp_ping received 24576 bytes back
Round trip time was 1.31788 milliseconds in repetition 118
tcp_ping received 24576 bytes back
Round trip time was 1.22237 milliseconds in repetition 119
tcp_ping received 24576 bytes back
Round trip time was 1.2419 milliseconds in repetition 120
tcp_ping received 24576 bytes back
Round trip time was 1.29896 milliseconds in repetition 121
tcp_ping received 24576 bytes back
Round trip time was 1.29381 milliseconds in repetition 122
tcp_ping received 24576 bytes back
Round trip time was 1.30208 milliseconds in repetition 123
tcp_ping received 24576 bytes back
Round trip time was 1.27395 milliseconds in repetition 124
tcp_ping received 24576 bytes back
Round trip time was 1.29937 milliseconds in repetition 125
tcp_ping received 24576 bytes back
Round trip time was 1.28149 milliseconds in repetition 126
tcp_ping received 24576 bytes back
Round trip time was 1.28192 milliseconds in repetition 127
tcp_ping received 24576 bytes back
Round trip time was 1.24095 milliseconds in repetition 128
tcp_ping received 24576 bytes back
Round trip time was 1.39743 milliseconds in repetition 129
tcp_ping received 24576 bytes back
Round trip time was 1.29136 milliseconds in repetition 130
tcp_ping received 24576 bytes back
Round trip time was 1.55725 milliseconds in repetition 131
tcp_ping received 24576 bytes back
Round trip time was 0.988131 milliseconds in repetition 132
tcp_ping received 24576 bytes back
Round trip time was 1.17638 milliseconds in repetition 133
tcp_ping received 24576 bytes back
Round trip time was 1.23132 milliseconds in repetition 134
tcp_ping received 24576 bytes back
Round trip time was 1.61445 milliseconds in repetition 135
tcp_ping received 24576 bytes back
Round trip time was 2.09531 milliseconds in repetition 136
tcp_ping received 24576 bytes back
Round trip time was 1.32772 milliseconds in repetition 137
tcp_ping received 24576 bytes back
Round trip time was 1.28246 milliseconds in repetition 138
tcp_ping received 24576 bytes back
Round trip time was 1.28477 milliseconds in repetition 139
tcp_ping received 24576 bytes back
Round trip time was 1.2866 milliseconds in repetition 140
tcp_ping received 24576 bytes back
Round trip time was 1.28914 milliseconds in repetition 141
tcp_ping received 24576 bytes back
Round trip time was 1.27618 milliseconds in repetition 142
tcp_ping received 24576 bytes back
Round trip time was 1.34513 milliseconds in repetition 143
tcp_ping received 24576 bytes back
Round trip time was 1.23944 milliseconds in repetition 144
tcp_ping received 24576 bytes back
Round trip time was 1.31088 milliseconds in repetition 145
tcp_ping received 24576 bytes back
Round trip time was 1.2998 milliseconds in repetition 146
tcp_ping received 24576 bytes back
Round trip time was 1.2687 milliseconds in repetition 147
tcp_ping received 24576 bytes back
Round trip time was 1.67092 milliseconds in repetition 148
tcp_ping received 24576 bytes back
Round trip time was 1.32251 milliseconds in repetition 149
tcp_ping received 24576 bytes back
Round trip time was 1.2791 milliseconds in repetition 150
tcp_ping received 24576 bytes back
Round trip time was 1.22956 milliseconds in repetition 151
tcp_ping received 24576 bytes back
Round trip time was 1.61947 milliseconds in repetition 152
tcp_ping received 24576 bytes back
Round trip time was 1.17229 milliseconds in repetition 153
tcp_ping received 24576 bytes back
Round trip time was 1.23505 milliseconds in repetition 154
tcp_ping received 24576 bytes back
Round trip time was 1.57093 milliseconds in repetition 155
tcp_ping received 24576 bytes back
Round trip time was 1.26663 milliseconds in repetition 156
tcp_ping received 24576 bytes back
Round trip time was 0.950334 milliseconds in repetition 157
tcp_ping received 24576 bytes back
Round trip time was 1.23445 milliseconds in repetition 158
tcp_ping received 24576 bytes back
Round trip time was 1.28724 milliseconds in repetition 159
tcp_ping received 24576 bytes back
Round trip time was 1.29779 milliseconds in repetition 160
tcp_ping received 24576 bytes back
Round trip time was 1.20156 milliseconds in repetition 161
tcp_ping received 24576 bytes back
Round trip time was 1.28805 milliseconds in repetition 162
tcp_ping received 24576 bytes back
Round trip time was 1.32747 milliseconds in repetition 163
tcp_ping received 24576 bytes back
Round trip time was 1.47762 milliseconds in repetition 164
tcp_ping received 24576 bytes back
Round trip time was 1.25669 milliseconds in repetition 165
tcp_ping received 24576 bytes back
Round trip time was 1.26268 milliseconds in repetition 166
tcp_ping received 24576 bytes back
Round trip time was 1.20205 milliseconds in repetition 167
tcp_ping received 24576 bytes back
Round trip time was 1.28366 milliseconds in repetition 168
tcp_ping received 24576 bytes back
Round trip time was 1.29725 milliseconds in repetition 169
tcp_ping received 24576 bytes back
Round trip time was 1.29036 milliseconds in repetition 170
tcp_ping received 24576 bytes back
Round trip time was 1.64178 milliseconds in repetition 171
tcp_ping received 24576 bytes back
Round trip time was 1.28846 milliseconds in repetition 172
tcp_ping received 24576 bytes back
Round trip time was 1.31092 milliseconds in repetition 173
tcp_ping received 24576 bytes back
Round trip time was 1.19064 milliseconds in repetition 174
tcp_ping received 24576 bytes back
Round trip time was 1.58214 milliseconds in repetition 175
tcp_ping received 24576 bytes back
Round trip time was 1.24245 milliseconds in repetition 176
tcp_ping received 24576 bytes back
Round trip time was 1.18758 milliseconds in repetition 177
tcp_ping received 24576 bytes back
Round trip time was 1.34078 milliseconds in repetition 178
tcp_ping received 24576 bytes back
Round trip time was 1.25805 milliseconds in repetition 179
tcp_ping received 24576 bytes back
Round trip time was 1.29965 milliseconds in repetition 180
tcp_ping received 24576 bytes back
Round trip time was 1.24814 milliseconds in repetition 181
tcp_ping received 24576 bytes back
Round trip time was 1.28708 milliseconds in repetition 182
tcp_ping received 24576 bytes back
Round trip time was 1.3061 milliseconds in repetition 183
tcp_ping received 24576 bytes back
Round trip time was 1.33856 milliseconds in repetition 184
tcp_ping received 24576 bytes back
Round trip time was 1.21223 milliseconds in repetition 185
tcp_ping received 24576 bytes back
Round trip time was 1.27556 milliseconds in repetition 186
tcp_ping received 24576 bytes back
Round trip time was 1.29625 milliseconds in repetition 187
tcp_ping received 24576 bytes back
Round trip time was 1.25693 milliseconds in repetition 188
tcp_ping received 24576 bytes back
Round trip time was 1.19612 milliseconds in repetition 189
tcp_ping received 24576 bytes back
Round trip time was 1.27988 milliseconds in repetition 190
tcp_ping received 24576 bytes back
Round trip time was 1.29138 milliseconds in repetition 191
tcp_ping received 24576 bytes back
Round trip time was 1.21173 milliseconds in repetition 192
tcp_ping received 24576 bytes back
Round trip time was 1.29802 milliseconds in repetition 193
tcp_ping received 24576 bytes back
Round trip time was 1.34966 milliseconds in repetition 194
tcp_ping received 24576 bytes back
Round trip time was 1.26969 milliseconds in repetition 195
tcp_ping received 24576 bytes back
Round trip time was 1.23856 milliseconds in repetition 196
tcp_ping received 24576 bytes back
Round trip time was 1.23669 milliseconds in repetition 197
tcp_ping received 24576 bytes back
Round trip time was 1.29593 milliseconds in repetition 198
tcp_ping received 24576 bytes back
Round trip time was 0.940744 milliseconds in repetition 199
tcp_ping received 24576 bytes back
Round trip time was 1.20331 milliseconds in repetition 200
tcp_ping received 24576 bytes back
Round trip time was 1.2246 milliseconds in repetition 201
tcp_ping received 24576 bytes back
Round trip time was 0.9755 milliseconds in repetition 202
tcp_ping received 24576 bytes back
Round trip time was 1.21625 milliseconds in repetition 203
tcp_ping received 24576 bytes back
Round trip time was 1.0003 milliseconds in repetition 204
tcp_ping received 24576 bytes back
Round trip time was 1.27012 milliseconds in repetition 205
tcp_ping received 24576 bytes back
Round trip time was 0.902625 milliseconds in repetition 206
tcp_ping received 24576 bytes back
Round trip time was 0.910343 milliseconds in repetition 207
tcp_ping received 24576 bytes back
Round trip time was 0.995259 milliseconds in repetition 208
tcp_ping received 24576 bytes back
Round trip time was 1.2588 milliseconds in repetition 209
tcp_ping received 24576 bytes back
Round trip time was 1.20802 milliseconds in repetition 210
tcp_ping received 24576 bytes back
Round trip time was 1.33504 milliseconds in repetition 211
tcp_ping received 24576 bytes back
Round trip time was 1.31304 milliseconds in repetition 212
tcp_ping received 24576 bytes back
Round trip time was 1.34655 milliseconds in repetition 213
tcp_ping received 24576 bytes back
Round trip time was 1.2239 milliseconds in repetition 214
tcp_ping received 24576 bytes back
Round trip time was 1.29337 milliseconds in repetition 215
tcp_ping received 24576 bytes back
Round trip time was 1.25191 milliseconds in repetition 216
tcp_ping received 24576 bytes back
Round trip time was 1.33803 milliseconds in repetition 217
tcp_ping received 24576 bytes back
Round trip time was 1.50683 milliseconds in repetition 218
tcp_ping received 24576 bytes back
Round trip time was 1.41956 milliseconds in repetition 219
tcp_ping received 24576 bytes back
Round trip time was 1.20099 milliseconds in repetition 220
tcp_ping received 24576 bytes back
Round trip time was 1.26432 milliseconds in repetition 221
tcp_ping received 24576 bytes back
Round trip time was 1.28861 milliseconds in repetition 222
tcp_ping received 24576 bytes back
Round trip time was 1.31926 milliseconds in repetition 223
tcp_ping received 24576 bytes back
Round trip time was 1.27937 milliseconds in repetition 224
tcp_ping received 24576 bytes back
Round trip time was 1.3724 milliseconds in repetition 225
tcp_ping received 24576 bytes back
Round trip time was 2.38874 milliseconds in repetition 226
tcp_ping received 24576 bytes back
Round trip time was 1.29957 milliseconds in repetition 227
tcp_ping received 24576 bytes back
Round trip time was 1.70783 milliseconds in repetition 228
tcp_ping received 24576 bytes back
Round trip time was 5.02406 milliseconds in repetition 229
tcp_ping received 24576 bytes back
Round trip time was 3.99124 milliseconds in repetition 230
tcp_ping received 24576 bytes back
Round trip time was 3.97453 milliseconds in repetition 231
tcp_ping received 24576 bytes back
Round trip time was 1.45608 milliseconds in repetition 232
tcp_ping received 24576 bytes back
Round trip time was 2.57519 milliseconds in repetition 233
tcp_ping received 24576 bytes back
Round trip time was 1.36623 milliseconds in repetition 234
tcp_ping received 24576 bytes back
Round trip time was 1.32447 milliseconds in repetition 235
tcp_ping received 24576 bytes back
Round trip time was 1.29711 milliseconds in repetition 236
tcp_ping received 24576 bytes back
Round trip time was 1.68708 milliseconds in repetition 237
tcp_ping received 24576 bytes back
Round trip time was 1.29203 milliseconds in repetition 238
tcp_ping received 24576 bytes back
Round trip time was 1.71025 milliseconds in repetition 239
tcp_ping received 24576 bytes back
Round trip time was 1.99931 milliseconds in repetition 240
tcp_ping received 24576 bytes back
Round trip time was 1.31621 milliseconds in repetition 241
tcp_ping received 24576 bytes back
Round trip time was 1.72354 milliseconds in repetition 242
tcp_ping received 24576 bytes back
Round trip time was 1.68912 milliseconds in repetition 243
tcp_ping received 24576 bytes back
Round trip time was 1.62547 milliseconds in repetition 244
tcp_ping received 24576 bytes back
Round trip time was 1.30406 milliseconds in repetition 245
tcp_ping received 24576 bytes back
Round trip time was 1.31204 milliseconds in repetition 246
tcp_ping received 24576 bytes back
Round trip time was 1.17813 milliseconds in repetition 247
tcp_ping received 24576 bytes back
Round trip time was 1.30488 milliseconds in repetition 248
tcp_ping received 24576 bytes back
Round trip time was 1.26757 milliseconds in repetition 249
tcp_ping received 24576 bytes back
Round trip time was 1.34655 milliseconds in repetition 250
tcp_ping received 24576 bytes back
Round trip time was 1.31162 milliseconds in repetition 251
tcp_ping received 24576 bytes back
Round trip time was 1.29515 milliseconds in repetition 252
tcp_ping received 24576 bytes back
Round trip time was 1.27793 milliseconds in repetition 253
tcp_ping received 24576 bytes back
Round trip time was 1.26476 milliseconds in repetition 254
tcp_ping received 24576 bytes back
Round trip time was 1.28635 milliseconds in repetition 255
tcp_ping received 24576 bytes back
Round trip time was 1.30484 milliseconds in repetition 256
tcp_ping received 24576 bytes back
Round trip time was 1.27859 milliseconds in repetition 257
tcp_ping received 24576 bytes back
Round trip time was 1.31269 milliseconds in repetition 258
tcp_ping received 24576 bytes back
Round trip time was 1.20814 milliseconds in repetition 259
tcp_ping received 24576 bytes back
Round trip time was 1.34693 milliseconds in repetition 260
tcp_ping received 24576 bytes back
Round trip time was 1.32123 milliseconds in repetition 261
tcp_ping received 24576 bytes back
Round trip time was 1.24382 milliseconds in repetition 262
tcp_ping received 24576 bytes back
Round trip time was 1.27875 milliseconds in repetition 263
tcp_ping received 24576 bytes back
Round trip time was 1.27981 milliseconds in repetition 264
tcp_ping received 24576 bytes back
Round trip time was 1.28655 milliseconds in repetition 265
tcp_ping received 24576 bytes back
Round trip time was 1.34411 milliseconds in repetition 266
tcp_ping received 24576 bytes back
Round trip time was 1.32468 milliseconds in repetition 267
tcp_ping received 24576 bytes back
Round trip time was 1.23713 milliseconds in repetition 268
tcp_ping received 24576 bytes back
Round trip time was 1.32368 milliseconds in repetition 269
tcp_ping received 24576 bytes back
Round trip time was 2.29029 milliseconds in repetition 270
tcp_ping received 24576 bytes back
Round trip time was 4.14006 milliseconds in repetition 271
tcp_ping received 24576 bytes back
Round trip time was 1.29799 milliseconds in repetition 272
tcp_ping received 24576 bytes back
Round trip time was 1.31341 milliseconds in repetition 273
tcp_ping received 24576 bytes back
Round trip time was 1.28174 milliseconds in repetition 274
tcp_ping received 24576 bytes back
Round trip time was 4.08786 milliseconds in repetition 275
tcp_ping received 24576 bytes back
Round trip time was 1.4922 milliseconds in repetition 276
tcp_ping received 24576 bytes back
Round trip time was 1.27453 milliseconds in repetition 277
tcp_ping received 24576 bytes back
Round trip time was 1.32497 milliseconds in repetition 278
tcp_ping received 24576 bytes back
Round trip time was 1.01005 milliseconds in repetition 279
tcp_ping received 24576 bytes back
Round trip time was 1.25 milliseconds in repetition 280
tcp_ping received 24576 bytes back
Round trip time was 0.909339 milliseconds in repetition 281
tcp_ping received 24576 bytes back
Round trip time was 1.57505 milliseconds in repetition 282
tcp_ping received 24576 bytes back
Round trip time was 1.35494 milliseconds in repetition 283
tcp_ping received 24576 bytes back
Round trip time was 1.65691 milliseconds in repetition 284
tcp_ping received 24576 bytes back
Round trip time was 1.31966 milliseconds in repetition 285
tcp_ping received 24576 bytes back
Round trip time was 1.20582 milliseconds in repetition 286
tcp_ping received 24576 bytes back
Round trip time was 1.31522 milliseconds in repetition 287
tcp_ping received 24576 bytes back
Round trip time was 1.30957 milliseconds in repetition 288
tcp_ping received 24576 bytes back
Round trip time was 1.15325 milliseconds in repetition 289
tcp_ping received 24576 bytes back
Round trip time was 1.12765 milliseconds in repetition 290
tcp_ping received 24576 bytes back
Round trip time was 1.0642 milliseconds in repetition 291
tcp_ping received 24576 bytes back
Round trip time was 1.67322 milliseconds in repetition 292
tcp_ping received 24576 bytes back
Round trip time was 1.28991 milliseconds in repetition 293
tcp_ping received 24576 bytes back
Round trip time was 0.973678 milliseconds in repetition 294
tcp_ping received 24576 bytes back
Round trip time was 0.860956 milliseconds in repetition 295
tcp_ping received 24576 bytes back
Round trip time was 1.29504 milliseconds in repetition 296
tcp_ping received 24576 bytes back
Round trip time was 1.20632 milliseconds in repetition 297
tcp_ping received 24576 bytes back
Round trip time was 1.25383 milliseconds in repetition 298
tcp_ping received 24576 bytes back
Round trip time was 1.16694 milliseconds in repetition 299
tcp_ping received 24576 bytes back
Round trip time was 1.22375 milliseconds in repetition 300
tcp_ping received 24576 bytes back
Round trip time was 1.43546 milliseconds in repetition 301
tcp_ping received 24576 bytes back
Round trip time was 1.22814 milliseconds in repetition 302
tcp_ping received 24576 bytes back
Round trip time was 1.54693 milliseconds in repetition 303
tcp_ping received 24576 bytes back
Round trip time was 1.13337 milliseconds in repetition 304
tcp_ping received 24576 bytes back
Round trip time was 1.3227 milliseconds in repetition 305
tcp_ping received 24576 bytes back
Round trip time was 1.3311 milliseconds in repetition 306
tcp_ping received 24576 bytes back
Round trip time was 1.22255 milliseconds in repetition 307
tcp_ping received 24576 bytes back
Round trip time was 1.39525 milliseconds in repetition 308
tcp_ping received 24576 bytes back
Round trip time was 1.30654 milliseconds in repetition 309
tcp_ping received 24576 bytes back
Round trip time was 1.13382 milliseconds in repetition 310
tcp_ping received 24576 bytes back
Round trip time was 1.29942 milliseconds in repetition 311
tcp_ping received 24576 bytes back
Round trip time was 1.16977 milliseconds in repetition 312
tcp_ping received 24576 bytes back
Round trip time was 1.27602 milliseconds in repetition 313
tcp_ping received 24576 bytes back
Round trip time was 1.35895 milliseconds in repetition 314
tcp_ping received 24576 bytes back
Round trip time was 1.26174 milliseconds in repetition 315
tcp_ping received 24576 bytes back
Round trip time was 1.27133 milliseconds in repetition 316
tcp_ping received 24576 bytes back
Round trip time was 1.25486 milliseconds in repetition 317
tcp_ping received 24576 bytes back
Round trip time was 0.93551 milliseconds in repetition 318
tcp_ping received 24576 bytes back
Round trip time was 1.29377 milliseconds in repetition 319
tcp_ping received 24576 bytes back
Round trip time was 1.29368 milliseconds in repetition 320
tcp_ping received 24576 bytes back
Round trip time was 1.21295 milliseconds in repetition 321
tcp_ping received 24576 bytes back
Round trip time was 0.951598 milliseconds in repetition 322
tcp_ping received 24576 bytes back
Round trip time was 1.26899 milliseconds in repetition 323
tcp_ping received 24576 bytes back
Round trip time was 1.33554 milliseconds in repetition 324
tcp_ping received 24576 bytes back
Round trip time was 1.49578 milliseconds in repetition 325
tcp_ping received 24576 bytes back
Round trip time was 1.32228 milliseconds in repetition 326
tcp_ping received 24576 bytes back
Round trip time was 1.32537 milliseconds in repetition 327
tcp_ping received 24576 bytes back
Round trip time was 1.4214 milliseconds in repetition 328
tcp_ping received 24576 bytes back
Round trip time was 1.35516 milliseconds in repetition 329
tcp_ping received 24576 bytes back
Round trip time was 1.28568 milliseconds in repetition 330
tcp_ping received 24576 bytes back
Round trip time was 1.28642 milliseconds in repetition 331
tcp_ping received 24576 bytes back
Round trip time was 1.30649 milliseconds in repetition 332
tcp_ping received 24576 bytes back
Round trip time was 1.27469 milliseconds in repetition 333
tcp_ping received 24576 bytes back
Round trip time was 0.917277 milliseconds in repetition 334
tcp_ping received 24576 bytes back
Round trip time was 1.30147 milliseconds in repetition 335
tcp_ping received 24576 bytes back
Round trip time was 1.25873 milliseconds in repetition 336
tcp_ping received 24576 bytes back
Round trip time was 1.25012 milliseconds in repetition 337
tcp_ping received 24576 bytes back
Round trip time was 1.44279 milliseconds in repetition 338
tcp_ping received 24576 bytes back
Round trip time was 1.13674 milliseconds in repetition 339
tcp_ping received 24576 bytes back
Round trip time was 1.24947 milliseconds in repetition 340
tcp_ping received 24576 bytes back
Round trip time was 1.24849 milliseconds in repetition 341
tcp_ping received 24576 bytes back
Round trip time was 2.20675 milliseconds in repetition 342
tcp_ping received 24576 bytes back
Round trip time was 1.36277 milliseconds in repetition 343
tcp_ping received 24576 bytes back
Round trip time was 1.54592 milliseconds in repetition 344
tcp_ping received 24576 bytes back
Round trip time was 1.19689 milliseconds in repetition 345
tcp_ping received 24576 bytes back
Round trip time was 1.26007 milliseconds in repetition 346
tcp_ping received 24576 bytes back
Round trip time was 1.1762 milliseconds in repetition 347
tcp_ping received 24576 bytes back
Round trip time was 1.73393 milliseconds in repetition 348
tcp_ping received 24576 bytes back
Round trip time was 1.55749 milliseconds in repetition 349
tcp_ping received 24576 bytes back
Round trip time was 1.29151 milliseconds in repetition 350
tcp_ping received 24576 bytes back
Round trip time was 1.23636 milliseconds in repetition 351
tcp_ping received 24576 bytes back
Round trip time was 1.26225 milliseconds in repetition 352
tcp_ping received 24576 bytes back
Round trip time was 1.28397 milliseconds in repetition 353
tcp_ping received 24576 bytes back
Round trip time was 1.22138 milliseconds in repetition 354
tcp_ping received 24576 bytes back
Round trip time was 1.27222 milliseconds in repetition 355
tcp_ping received 24576 bytes back
Round trip time was 1.25293 milliseconds in repetition 356
tcp_ping received 24576 bytes back
Round trip time was 1.27644 milliseconds in repetition 357
tcp_ping received 24576 bytes back
Round trip time was 1.27962 milliseconds in repetition 358
tcp_ping received 24576 bytes back
Round trip time was 1.19461 milliseconds in repetition 359
tcp_ping received 24576 bytes back
Round trip time was 1.62607 milliseconds in repetition 360
tcp_ping received 24576 bytes back
Round trip time was 1.52227 milliseconds in repetition 361
tcp_ping received 24576 bytes back
Round trip time was 4.37402 milliseconds in repetition 362
tcp_ping received 24576 bytes back
Round trip time was 4.78924 milliseconds in repetition 363
tcp_ping received 24576 bytes back
Round trip time was 3.35779 milliseconds in repetition 364
tcp_ping received 24576 bytes back
Round trip time was 3.91858 milliseconds in repetition 365
tcp_ping received 24576 bytes back
Round trip time was 1.33503 milliseconds in repetition 366
tcp_ping received 24576 bytes back
Round trip time was 1.19725 milliseconds in repetition 367
tcp_ping received 24576 bytes back
Round trip time was 1.26605 milliseconds in repetition 368
tcp_ping received 24576 bytes back
Round trip time was 1.27678 milliseconds in repetition 369
tcp_ping received 24576 bytes back
Round trip time was 1.17909 milliseconds in repetition 370
tcp_ping received 24576 bytes back
Round trip time was 1.32828 milliseconds in repetition 371
tcp_ping received 24576 bytes back
Round trip time was 1.32518 milliseconds in repetition 372
tcp_ping received 24576 bytes back
Round trip time was 1.23753 milliseconds in repetition 373
tcp_ping received 24576 bytes back
Round trip time was 1.29066 milliseconds in repetition 374
tcp_ping received 24576 bytes back
Round trip time was 0.924737 milliseconds in repetition 375
tcp_ping received 24576 bytes back
Round trip time was 1.30149 milliseconds in repetition 376
tcp_ping received 24576 bytes back
Round trip time was 0.865859 milliseconds in repetition 377
tcp_ping received 24576 bytes back
Round trip time was 1.57305 milliseconds in repetition 378
tcp_ping received 24576 bytes back
Round trip time was 1.25075 milliseconds in repetition 379
tcp_ping received 24576 bytes back
Round trip time was 1.2068 milliseconds in repetition 380
tcp_ping received 24576 bytes back
Round trip time was 1.22574 milliseconds in repetition 381
tcp_ping received 24576 bytes back
Round trip time was 1.21717 milliseconds in repetition 382
tcp_ping received 24576 bytes back
Round trip time was 1.27565 milliseconds in repetition 383
tcp_ping received 24576 bytes back
Round trip time was 1.34647 milliseconds in repetition 384
tcp_ping received 24576 bytes back
Round trip time was 1.25236 milliseconds in repetition 385
tcp_ping received 24576 bytes back
Round trip time was 1.25051 milliseconds in repetition 386
tcp_ping received 24576 bytes back
Round trip time was 0.922445 milliseconds in repetition 387
tcp_ping received 24576 bytes back
Round trip time was 1.25585 milliseconds in repetition 388
tcp_ping received 24576 bytes back
Round trip time was 0.926221 milliseconds in repetition 389
tcp_ping received 24576 bytes back
Round trip time was 1.2063 milliseconds in repetition 390
tcp_ping received 24576 bytes back
Round trip time was 1.26255 milliseconds in repetition 391
tcp_ping received 24576 bytes back
Round trip time was 1.32736 milliseconds in repetition 392
tcp_ping received 24576 bytes back
Round trip time was 1.17486 milliseconds in repetition 393
tcp_ping received 24576 bytes back
Round trip time was 1.23948 milliseconds in repetition 394
tcp_ping received 24576 bytes back
Round trip time was 0.962199 milliseconds in repetition 395
tcp_ping received 24576 bytes back
Round trip time was 0.921237 milliseconds in repetition 396
tcp_ping received 24576 bytes back
Round trip time was 1.18895 milliseconds in repetition 397
tcp_ping received 24576 bytes back
Round trip time was 0.948591 milliseconds in repetition 398
tcp_ping received 24576 bytes back
Round trip time was 0.857154 milliseconds in repetition 399
tcp_ping received 24576 bytes back
Round trip time was 1.2111 milliseconds in repetition 400
tcp_ping received 24576 bytes back
Round trip time was 0.905796 milliseconds in repetition 401
tcp_ping received 24576 bytes back
Round trip time was 1.18386 milliseconds in repetition 402
tcp_ping received 24576 bytes back
Round trip time was 1.23581 milliseconds in repetition 403
tcp_ping received 24576 bytes back
Round trip time was 1.15776 milliseconds in repetition 404
tcp_ping received 24576 bytes back
Round trip time was 1.18841 milliseconds in repetition 405
tcp_ping received 24576 bytes back
Round trip time was 0.863415 milliseconds in repetition 406
tcp_ping received 24576 bytes back
Round trip time was 1.17629 milliseconds in repetition 407
tcp_ping received 24576 bytes back
Round trip time was 0.913124 milliseconds in repetition 408
tcp_ping received 24576 bytes back
Round trip time was 1.22242 milliseconds in repetition 409
tcp_ping received 24576 bytes back
Round trip time was 1.26767 milliseconds in repetition 410
tcp_ping received 24576 bytes back
Round trip time was 1.22085 milliseconds in repetition 411
tcp_ping received 24576 bytes back
Round trip time was 1.32945 milliseconds in repetition 412
tcp_ping received 24576 bytes back
Round trip time was 1.24306 milliseconds in repetition 413
tcp_ping received 24576 bytes back
Round trip time was 1.68459 milliseconds in repetition 414
tcp_ping received 24576 bytes back
Round trip time was 1.3067 milliseconds in repetition 415
tcp_ping received 24576 bytes back
Round trip time was 1.20554 milliseconds in repetition 416
tcp_ping received 24576 bytes back
Round trip time was 1.33433 milliseconds in repetition 417
tcp_ping received 24576 bytes back
Round trip time was 1.30219 milliseconds in repetition 418
tcp_ping received 24576 bytes back
Round trip time was 1.29807 milliseconds in repetition 419
tcp_ping received 24576 bytes back
Round trip time was 1.30788 milliseconds in repetition 420
tcp_ping received 24576 bytes back
Round trip time was 1.25788 milliseconds in repetition 421
tcp_ping received 24576 bytes back
Round trip time was 1.14987 milliseconds in repetition 422
tcp_ping received 24576 bytes back
Round trip time was 1.31987 milliseconds in repetition 423
tcp_ping received 24576 bytes back
Round trip time was 1.29703 milliseconds in repetition 424
tcp_ping received 24576 bytes back
Round trip time was 1.26493 milliseconds in repetition 425
tcp_ping received 24576 bytes back
Round trip time was 1.29561 milliseconds in repetition 426
tcp_ping received 24576 bytes back
Round trip time was 1.30425 milliseconds in repetition 427
tcp_ping received 24576 bytes back
Round trip time was 1.23412 milliseconds in repetition 428
tcp_ping received 24576 bytes back
Round trip time was 0.948384 milliseconds in repetition 429
tcp_ping received 24576 bytes back
Round trip time was 1.21502 milliseconds in repetition 430
tcp_ping received 24576 bytes back
Round trip time was 1.30473 milliseconds in repetition 431
tcp_ping received 24576 bytes back
Round trip time was 0.906751 milliseconds in repetition 432
tcp_ping received 24576 bytes back
Round trip time was 1.33575 milliseconds in repetition 433
tcp_ping received 24576 bytes back
Round trip time was 1.20381 milliseconds in repetition 434
tcp_ping received 24576 bytes back
Round trip time was 1.26806 milliseconds in repetition 435
tcp_ping received 24576 bytes back
Round trip time was 1.24089 milliseconds in repetition 436
tcp_ping received 24576 bytes back
Round trip time was 0.922507 milliseconds in repetition 437
tcp_ping received 24576 bytes back
Round trip time was 1.19226 milliseconds in repetition 438
tcp_ping received 24576 bytes back
Round trip time was 0.941802 milliseconds in repetition 439
tcp_ping received 24576 bytes back
Round trip time was 1.14045 milliseconds in repetition 440
tcp_ping received 24576 bytes back
Round trip time was 0.891556 milliseconds in repetition 441
tcp_ping received 24576 bytes back
Round trip time was 1.20136 milliseconds in repetition 442
tcp_ping received 24576 bytes back
Round trip time was 1.25836 milliseconds in repetition 443
tcp_ping received 24576 bytes back
Round trip time was 1.22063 milliseconds in repetition 444
tcp_ping received 24576 bytes back
Round trip time was 0.840434 milliseconds in repetition 445
tcp_ping received 24576 bytes back
Round trip time was 0.886325 milliseconds in repetition 446
tcp_ping received 24576 bytes back
Round trip time was 0.866272 milliseconds in repetition 447
tcp_ping received 24576 bytes back
Round trip time was 1.29877 milliseconds in repetition 448
tcp_ping received 24576 bytes back
Round trip time was 0.884802 milliseconds in repetition 449
tcp_ping received 24576 bytes back
Round trip time was 1.15093 milliseconds in repetition 450
tcp_ping received 24576 bytes back
Round trip time was 1.24918 milliseconds in repetition 451
tcp_ping received 24576 bytes back
Round trip time was 1.22951 milliseconds in repetition 452
tcp_ping received 24576 bytes back
Round trip time was 1.19957 milliseconds in repetition 453
tcp_ping received 24576 bytes back
Round trip time was 1.4497 milliseconds in repetition 454
tcp_ping received 24576 bytes back
Round trip time was 1.2934 milliseconds in repetition 455
tcp_ping received 24576 bytes back
Round trip time was 0.982921 milliseconds in repetition 456
tcp_ping received 24576 bytes back
Round trip time was 1.29909 milliseconds in repetition 457
tcp_ping received 24576 bytes back
Round trip time was 1.13667 milliseconds in repetition 458
tcp_ping received 24576 bytes back
Round trip time was 1.21027 milliseconds in repetition 459
tcp_ping received 24576 bytes back
Round trip time was 1.29952 milliseconds in repetition 460
tcp_ping received 24576 bytes back
Round trip time was 0.992302 milliseconds in repetition 461
tcp_ping received 24576 bytes back
Round trip time was 1.29387 milliseconds in repetition 462
tcp_ping received 24576 bytes back
Round trip time was 1.19317 milliseconds in repetition 463
tcp_ping received 24576 bytes back
Round trip time was 1.25148 milliseconds in repetition 464
tcp_ping received 24576 bytes back
Round trip time was 1.34148 milliseconds in repetition 465
tcp_ping received 24576 bytes back
Round trip time was 1.3027 milliseconds in repetition 466
tcp_ping received 24576 bytes back
Round trip time was 1.36303 milliseconds in repetition 467
tcp_ping received 24576 bytes back
Round trip time was 1.25528 milliseconds in repetition 468
tcp_ping received 24576 bytes back
Round trip time was 1.31303 milliseconds in repetition 469
tcp_ping received 24576 bytes back
Round trip time was 1.33758 milliseconds in repetition 470
tcp_ping received 24576 bytes back
Round trip time was 1.31138 milliseconds in repetition 471
tcp_ping received 24576 bytes back
Round trip time was 0.90823 milliseconds in repetition 472
tcp_ping received 24576 bytes back
Round trip time was 1.24592 milliseconds in repetition 473
tcp_ping received 24576 bytes back
Round trip time was 1.29237 milliseconds in repetition 474
tcp_ping received 24576 bytes back
Round trip time was 1.30252 milliseconds in repetition 475
tcp_ping received 24576 bytes back
Round trip time was 1.63647 milliseconds in repetition 476
tcp_ping received 24576 bytes back
Round trip time was 0.898333 milliseconds in repetition 477
tcp_ping received 24576 bytes back
Round trip time was 1.28793 milliseconds in repetition 478
tcp_ping received 24576 bytes back
Round trip time was 1.21525 milliseconds in repetition 479
tcp_ping received 24576 bytes back
Round trip time was 1.19743 milliseconds in repetition 480
tcp_ping received 24576 bytes back
Round trip time was 0.886352 milliseconds in repetition 481
tcp_ping received 24576 bytes back
Round trip time was 1.23884 milliseconds in repetition 482
tcp_ping received 24576 bytes back
Round trip time was 0.888085 milliseconds in repetition 483
tcp_ping received 24576 bytes back
Round trip time was 1.32238 milliseconds in repetition 484
tcp_ping received 24576 bytes back
Round trip time was 1.54117 milliseconds in repetition 485
tcp_ping received 24576 bytes back
Round trip time was 1.28185 milliseconds in repetition 486
tcp_ping received 24576 bytes back
Round trip time was 1.64639 milliseconds in repetition 487
tcp_ping received 24576 bytes back
Round trip time was 1.29245 milliseconds in repetition 488
tcp_ping received 24576 bytes back
Round trip time was 4.09406 milliseconds in repetition 489
tcp_ping received 24576 bytes back
Round trip time was 4.08529 milliseconds in repetition 490
tcp_ping received 24576 bytes back
Round trip time was 3.93899 milliseconds in repetition 491
tcp_ping received 24576 bytes back
Round trip time was 3.96788 milliseconds in repetition 492
tcp_ping received 24576 bytes back
Round trip time was 3.36736 milliseconds in repetition 493
tcp_ping received 24576 bytes back
Round trip time was 1.81714 milliseconds in repetition 494
tcp_ping received 24576 bytes back
Round trip time was 1.26952 milliseconds in repetition 495
tcp_ping received 24576 bytes back
Round trip time was 1.28316 milliseconds in repetition 496
tcp_ping received 24576 bytes back
Round trip time was 1.32539 milliseconds in repetition 497
tcp_ping received 24576 bytes back
Round trip time was 1.28435 milliseconds in repetition 498
tcp_ping received 24576 bytes back
Round trip time was 1.14171 milliseconds in repetition 499
tcp_ping received 24576 bytes back
Round trip time was 1.3101 milliseconds in repetition 500
tcp_ping received 24576 bytes back
Round trip time was 1.23653 milliseconds in repetition 501

 ... clock resolution was 1e-06
TCP Ping:  Statistics over 501 repetitions of 24576 byte messages

RTT : percentile 10: 1.14171, median: 1.28635, percentile 90: 1.64639, average: 1.45976, variance: 1.72961

RTT histogram:
0.840434 423
2.18685 59
3.53328 13
4.8797 5
6.22612 0
7.57254 0
8.91896 0
10.2654 0
11.6118 0
12.9582 0
14.3046 0
15.6511 0
16.9975 0
18.3439 0
19.6903 0
21.0367 0
22.3832 0
23.7296 0
25.076 0
26.4224 0
27.7689 1

   median Throughput : 38210.6 KB/s   overall Throughput : 33671.2 KB/s

