TCP Ping trying to connect to server 130.251.61.30 (130.251.61.30) on port 1491
 ... connected to Pong server: asking for 501 repetitions of 1536 bytes TCP messages
 ... Pong server agreed :-)
tcp_ping received 1536 bytes back
Round trip time was 16.5352 milliseconds in repetition 1
tcp_ping received 1536 bytes back
Round trip time was 3.0493 milliseconds in repetition 2
tcp_ping received 1536 bytes back
Round trip time was 5.13001 milliseconds in repetition 3
tcp_ping received 1536 bytes back
Round trip time was 2.28752 milliseconds in repetition 4
tcp_ping received 1536 bytes back
Round trip time was 1.90623 milliseconds in repetition 5
tcp_ping received 1536 bytes back
Round trip time was 2.12307 milliseconds in repetition 6
tcp_ping received 1536 bytes back
Round trip time was 2.101 milliseconds in repetition 7
tcp_ping received 1536 bytes back
Round trip time was 2.9946 milliseconds in repetition 8
tcp_ping received 1536 bytes back
Round trip time was 1.69285 milliseconds in repetition 9
tcp_ping received 1536 bytes back
Round trip time was 2.01425 milliseconds in repetition 10
tcp_ping received 1536 bytes back
Round trip time was 2.4587 milliseconds in repetition 11
tcp_ping received 1536 bytes back
Round trip time was 2.0477 milliseconds in repetition 12
tcp_ping received 1536 bytes back
Round trip time was 5.35153 milliseconds in repetition 13
tcp_ping received 1536 bytes back
Round trip time was 2.39489 milliseconds in repetition 14
tcp_ping received 1536 bytes back
Round trip time was 3.86386 milliseconds in repetition 15
tcp_ping received 1536 bytes back
Round trip time was 3.9393 milliseconds in repetition 16
tcp_ping received 1536 bytes back
Round trip time was 2.94097 milliseconds in repetition 17
tcp_ping received 1536 bytes back
Round trip time was 2.17756 milliseconds in repetition 18
tcp_ping received 1536 bytes back
Round trip time was 2.90079 milliseconds in repetition 19
tcp_ping received 1536 bytes back
Round trip time was 0.593303 milliseconds in repetition 20
tcp_ping received 1536 bytes back
Round trip time was 0.578031 milliseconds in repetition 21
tcp_ping received 1536 bytes back
Round trip time was 0.780611 milliseconds in repetition 22
tcp_ping received 1536 bytes back
Round trip time was 0.917243 milliseconds in repetition 23
tcp_ping received 1536 bytes back
Round trip time was 1.18922 milliseconds in repetition 24
tcp_ping received 1536 bytes back
Round trip time was 1.56812 milliseconds in repetition 25
tcp_ping received 1536 bytes back
Round trip time was 0.872699 milliseconds in repetition 26
tcp_ping received 1536 bytes back
Round trip time was 1.19952 milliseconds in repetition 27
tcp_ping received 1536 bytes back
Round trip time was 1.26958 milliseconds in repetition 28
tcp_ping received 1536 bytes back
Round trip time was 1.34157 milliseconds in repetition 29
tcp_ping received 1536 bytes back
Round trip time was 0.610856 milliseconds in repetition 30
tcp_ping received 1536 bytes back
Round trip time was 0.76391 milliseconds in repetition 31
tcp_ping received 1536 bytes back
Round trip time was 0.918846 milliseconds in repetition 32
tcp_ping received 1536 bytes back
Round trip time was 1.77118 milliseconds in repetition 33
tcp_ping received 1536 bytes back
Round trip time was 2.06512 milliseconds in repetition 34
tcp_ping received 1536 bytes back
Round trip time was 2.31284 milliseconds in repetition 35
tcp_ping received 1536 bytes back
Round trip time was 0.643127 milliseconds in repetition 36
tcp_ping received 1536 bytes back
Round trip time was 0.663263 milliseconds in repetition 37
tcp_ping received 1536 bytes back
Round trip time was 0.738415 milliseconds in repetition 38
tcp_ping received 1536 bytes back
Round trip time was 1.00275 milliseconds in repetition 39
tcp_ping received 1536 bytes back
Round trip time was 1.83816 milliseconds in repetition 40
tcp_ping received 1536 bytes back
Round trip time was 0.649154 milliseconds in repetition 41
tcp_ping received 1536 bytes back
Round trip time was 0.446326 milliseconds in repetition 42
tcp_ping received 1536 bytes back
Round trip time was 0.703159 milliseconds in repetition 43
tcp_ping received 1536 bytes back
Round trip time was 0.599696 milliseconds in repetition 44
tcp_ping received 1536 bytes back
Round trip time was 1.00094 milliseconds in repetition 45
tcp_ping received 1536 bytes back
Round trip time was 0.959782 milliseconds in repetition 46
tcp_ping received 1536 bytes back
Round trip time was 0.819064 milliseconds in repetition 47
tcp_ping received 1536 bytes back
Round trip time was 0.872572 milliseconds in repetition 48
tcp_ping received 1536 bytes back
Round trip time was 0.486439 milliseconds in repetition 49
tcp_ping received 1536 bytes back
Round trip time was 0.540437 milliseconds in repetition 50
tcp_ping received 1536 bytes back
Round trip time was 0.595719 milliseconds in repetition 51
tcp_ping received 1536 bytes back
Round trip time was 0.651352 milliseconds in repetition 52
tcp_ping received 1536 bytes back
Round trip time was 0.998607 milliseconds in repetition 53
tcp_ping received 1536 bytes back
Round trip time was 0.962054 milliseconds in repetition 54
tcp_ping received 1536 bytes back
Round trip time was 0.630879 milliseconds in repetition 55
tcp_ping received 1536 bytes back
Round trip time was 0.469394 milliseconds in repetition 56
tcp_ping received 1536 bytes back
Round trip time was 0.701476 milliseconds in repetition 57
tcp_ping received 1536 bytes back
Round trip time was 0.769766 milliseconds in repetition 58
tcp_ping received 1536 bytes back
Round trip time was 1.58634 milliseconds in repetition 59
tcp_ping received 1536 bytes back
Round trip time was 1.80657 milliseconds in repetition 60
tcp_ping received 1536 bytes back
Round trip time was 1.12769 milliseconds in repetition 61
tcp_ping received 1536 bytes back
Round trip time was 0.692972 milliseconds in repetition 62
tcp_ping received 1536 bytes back
Round trip time was 1.79161 milliseconds in repetition 63
tcp_ping received 1536 bytes back
Round trip time was 2.0524 milliseconds in repetition 64
tcp_ping received 1536 bytes back
Round trip time was 1.27653 milliseconds in repetition 65
tcp_ping received 1536 bytes back
Round trip time was 0.572596 milliseconds in repetition 66
tcp_ping received 1536 bytes back
Round trip time was 1.5765 milliseconds in repetition 67
tcp_ping received 1536 bytes back
Round trip time was 4.6424 milliseconds in repetition 68
tcp_ping received 1536 bytes back
Round trip time was 4.34614 milliseconds in repetition 69
tcp_ping received 1536 bytes back
Round trip time was 4.02126 milliseconds in repetition 70
tcp_ping received 1536 bytes back
Round trip time was 0.477419 milliseconds in repetition 71
tcp_ping received 1536 bytes back
Round trip time was 0.78578 milliseconds in repetition 72
tcp_ping received 1536 bytes back
Round trip time was 1.45389 milliseconds in repetition 73
tcp_ping received 1536 bytes back
Round trip time was 1.39474 milliseconds in repetition 74
tcp_ping received 1536 bytes back
Round trip time was 1.99563 milliseconds in repetition 75
tcp_ping received 1536 bytes back
Round trip time was 0.554547 milliseconds in repetition 76
tcp_ping received 1536 bytes back
Round trip time was 0.801193 milliseconds in repetition 77
tcp_ping received 1536 bytes back
Round trip time was 2.76009 milliseconds in repetition 78
tcp_ping received 1536 bytes back
Round trip time was 2.79854 milliseconds in repetition 79
tcp_ping received 1536 bytes back
Round trip time was 0.869602 milliseconds in repetition 80
tcp_ping received 1536 bytes back
Round trip time was 0.989037 milliseconds in repetition 81
tcp_ping received 1536 bytes back
Round trip time was 0.85079 milliseconds in repetition 82
tcp_ping received 1536 bytes back
Round trip time was 1.31891 milliseconds in repetition 83
tcp_ping received 1536 bytes back
Round trip time was 2.39772 milliseconds in repetition 84
tcp_ping received 1536 bytes back
Round trip time was 0.734456 milliseconds in repetition 85
tcp_ping received 1536 bytes back
Round trip time was 0.572178 milliseconds in repetition 86
tcp_ping received 1536 bytes back
Round trip time was 0.763971 milliseconds in repetition 87
tcp_ping received 1536 bytes back
Round trip time was 1.75779 milliseconds in repetition 88
tcp_ping received 1536 bytes back
Round trip time was 1.93655 milliseconds in repetition 89
tcp_ping received 1536 bytes back
Round trip time was 0.426435 milliseconds in repetition 90
tcp_ping received 1536 bytes back
Round trip time was 0.455994 milliseconds in repetition 91
tcp_ping received 1536 bytes back
Round trip time was 0.868292 milliseconds in repetition 92
tcp_ping received 1536 bytes back
Round trip time was 1.61686 milliseconds in repetition 93
tcp_ping received 1536 bytes back
Round trip time was 2.06284 milliseconds in repetition 94
tcp_ping received 1536 bytes back
Round trip time was 0.834702 milliseconds in repetition 95
tcp_ping received 1536 bytes back
Round trip time was 0.922992 milliseconds in repetition 96
tcp_ping received 1536 bytes back
Round trip time was 1.07609 milliseconds in repetition 97
tcp_ping received 1536 bytes back
Round trip time was 1.01483 milliseconds in repetition 98
tcp_ping received 1536 bytes back
Round trip time was 1.11118 milliseconds in repetition 99
tcp_ping received 1536 bytes back
Round trip time was 1.12132 milliseconds in repetition 100
tcp_ping received 1536 bytes back
Round trip time was 0.537282 milliseconds in repetition 101
tcp_ping received 1536 bytes back
Round trip time was 0.561265 milliseconds in repetition 102
tcp_ping received 1536 bytes back
Round trip time was 0.58427 milliseconds in repetition 103
tcp_ping received 1536 bytes back
Round trip time was 0.861945 milliseconds in repetition 104
tcp_ping received 1536 bytes back
Round trip time was 1.54248 milliseconds in repetition 105
tcp_ping received 1536 bytes back
Round trip time was 1.83775 milliseconds in repetition 106
tcp_ping received 1536 bytes back
Round trip time was 0.751995 milliseconds in repetition 107
tcp_ping received 1536 bytes back
Round trip time was 0.604747 milliseconds in repetition 108
tcp_ping received 1536 bytes back
Round trip time was 0.781209 milliseconds in repetition 109
tcp_ping received 1536 bytes back
Round trip time was 0.956481 milliseconds in repetition 110
tcp_ping received 1536 bytes back
Round trip time was 1.71002 milliseconds in repetition 111
tcp_ping received 1536 bytes back
Round trip time was 0.659282 milliseconds in repetition 112
tcp_ping received 1536 bytes back
Round trip time was 0.530607 milliseconds in repetition 113
tcp_ping received 1536 bytes back
Round trip time was 0.553788 milliseconds in repetition 114
tcp_ping received 1536 bytes back
Round trip time was 0.972277 milliseconds in repetition 115
tcp_ping received 1536 bytes back
Round trip time was 1.61635 milliseconds in repetition 116
tcp_ping received 1536 bytes back
Round trip time was 2.14537 milliseconds in repetition 117
tcp_ping received 1536 bytes back
Round trip time was 0.81914 milliseconds in repetition 118
tcp_ping received 1536 bytes back
Round trip time was 0.881624 milliseconds in repetition 119
tcp_ping received 1536 bytes back
Round trip time was 1.30986 milliseconds in repetition 120
tcp_ping received 1536 bytes back
Round trip time was 1.6713 milliseconds in repetition 121
tcp_ping received 1536 bytes back
Round trip time was 0.711384 milliseconds in repetition 122
tcp_ping received 1536 bytes back
Round trip time was 0.495754 milliseconds in repetition 123
tcp_ping received 1536 bytes back
Round trip time was 0.964418 milliseconds in repetition 124
tcp_ping received 1536 bytes back
Round trip time was 1.64379 milliseconds in repetition 125
tcp_ping received 1536 bytes back
Round trip time was 1.98511 milliseconds in repetition 126
tcp_ping received 1536 bytes back
Round trip time was 1.22148 milliseconds in repetition 127
tcp_ping received 1536 bytes back
Round trip time was 0.764093 milliseconds in repetition 128
tcp_ping received 1536 bytes back
Round trip time was 1.04284 milliseconds in repetition 129
tcp_ping received 1536 bytes back
Round trip time was 1.07716 milliseconds in repetition 130
tcp_ping received 1536 bytes back
Round trip time was 1.16714 milliseconds in repetition 131
tcp_ping received 1536 bytes back
Round trip time was 0.860643 milliseconds in repetition 132
tcp_ping received 1536 bytes back
Round trip time was 0.538033 milliseconds in repetition 133
tcp_ping received 1536 bytes back
Round trip time was 0.777315 milliseconds in repetition 134
tcp_ping received 1536 bytes back
Round trip time was 2.04771 milliseconds in repetition 135
tcp_ping received 1536 bytes back
Round trip time was 2.34449 milliseconds in repetition 136
tcp_ping received 1536 bytes back
Round trip time was 0.705016 milliseconds in repetition 137
tcp_ping received 1536 bytes back
Round trip time was 0.557241 milliseconds in repetition 138
tcp_ping received 1536 bytes back
Round trip time was 0.573738 milliseconds in repetition 139
tcp_ping received 1536 bytes back
Round trip time was 0.638207 milliseconds in repetition 140
tcp_ping received 1536 bytes back
Round trip time was 1.3539 milliseconds in repetition 141
tcp_ping received 1536 bytes back
Round trip time was 1.85364 milliseconds in repetition 142
tcp_ping received 1536 bytes back
Round trip time was 0.514364 milliseconds in repetition 143
tcp_ping received 1536 bytes back
Round trip time was 0.629517 milliseconds in repetition 144
tcp_ping received 1536 bytes back
Round trip time was 1.49186 milliseconds in repetition 145
tcp_ping received 1536 bytes back
Round trip time was 1.6847 milliseconds in repetition 146
tcp_ping received 1536 bytes back
Round trip time was 1.85745 milliseconds in repetition 147
tcp_ping received 1536 bytes back
Round trip time was 1.69411 milliseconds in repetition 148
tcp_ping received 1536 bytes back
Round trip time was 0.556373 milliseconds in repetition 149
tcp_ping received 1536 bytes back
Round trip time was 0.631918 milliseconds in repetition 150
tcp_ping received 1536 bytes back
Round trip time was 0.84033 milliseconds in repetition 151
tcp_ping received 1536 bytes back
Round trip time was 1.37046 milliseconds in repetition 152
tcp_ping received 1536 bytes back
Round trip time was 1.27946 milliseconds in repetition 153
tcp_ping received 1536 bytes back
Round trip time was 0.766059 milliseconds in repetition 154
tcp_ping received 1536 bytes back
Round trip time was 1.04753 milliseconds in repetition 155
tcp_ping received 1536 bytes back
Round trip time was 1.75384 milliseconds in repetition 156
tcp_ping received 1536 bytes back
Round trip time was 1.73681 milliseconds in repetition 157
tcp_ping received 1536 bytes back
Round trip time was 0.620112 milliseconds in repetition 158
tcp_ping received 1536 bytes back
Round trip time was 0.536086 milliseconds in repetition 159
tcp_ping received 1536 bytes back
Round trip time was 0.985427 milliseconds in repetition 160
tcp_ping received 1536 bytes back
Round trip time was 1.06292 milliseconds in repetition 161
tcp_ping received 1536 bytes back
Round trip time was 1.53803 milliseconds in repetition 162
tcp_ping received 1536 bytes back
Round trip time was 1.08214 milliseconds in repetition 163
tcp_ping received 1536 bytes back
Round trip time was 0.648659 milliseconds in repetition 164
tcp_ping received 1536 bytes back
Round trip time was 0.949212 milliseconds in repetition 165
tcp_ping received 1536 bytes back
Round trip time was 1.27197 milliseconds in repetition 166
tcp_ping received 1536 bytes back
Round trip time was 2.54057 milliseconds in repetition 167
tcp_ping received 1536 bytes back
Round trip time was 0.803448 milliseconds in repetition 168
tcp_ping received 1536 bytes back
Round trip time was 0.541826 milliseconds in repetition 169
tcp_ping received 1536 bytes back
Round trip time was 0.523391 milliseconds in repetition 170
tcp_ping received 1536 bytes back
Round trip time was 0.69544 milliseconds in repetition 171
tcp_ping received 1536 bytes back
Round trip time was 0.878677 milliseconds in repetition 172
tcp_ping received 1536 bytes back
Round trip time was 0.975635 milliseconds in repetition 173
tcp_ping received 1536 bytes back
Round trip time was 0.93971 milliseconds in repetition 174
tcp_ping received 1536 bytes back
Round trip time was 0.60636 milliseconds in repetition 175
tcp_ping received 1536 bytes back
Round trip time was 0.713988 milliseconds in repetition 176
tcp_ping received 1536 bytes back
Round trip time was 0.667026 milliseconds in repetition 177
tcp_ping received 1536 bytes back
Round trip time was 0.966533 milliseconds in repetition 178
tcp_ping received 1536 bytes back
Round trip time was 0.991782 milliseconds in repetition 179
tcp_ping received 1536 bytes back
Round trip time was 1.31221 milliseconds in repetition 180
tcp_ping received 1536 bytes back
Round trip time was 0.549188 milliseconds in repetition 181
tcp_ping received 1536 bytes back
Round trip time was 1.03382 milliseconds in repetition 182
tcp_ping received 1536 bytes back
Round trip time was 0.709158 milliseconds in repetition 183
tcp_ping received 1536 bytes back
Round trip time was 0.791575 milliseconds in repetition 184
tcp_ping received 1536 bytes back
Round trip time was 0.912163 milliseconds in repetition 185
tcp_ping received 1536 bytes back
Round trip time was 1.53633 milliseconds in repetition 186
tcp_ping received 1536 bytes back
Round trip time was 1.12156 milliseconds in repetition 187
tcp_ping received 1536 bytes back
Round trip time was 0.435378 milliseconds in repetition 188
tcp_ping received 1536 bytes back
Round trip time was 0.498088 milliseconds in repetition 189
tcp_ping received 1536 bytes back
Round trip time was 0.545218 milliseconds in repetition 190
tcp_ping received 1536 bytes back
Round trip time was 0.769222 milliseconds in repetition 191
tcp_ping received 1536 bytes back
Round trip time was 1.04322 milliseconds in repetition 192
tcp_ping received 1536 bytes back
Round trip time was 2.0802 milliseconds in repetition 193
tcp_ping received 1536 bytes back
Round trip time was 0.755332 milliseconds in repetition 194
tcp_ping received 1536 bytes back
Round trip time was 1.3502 milliseconds in repetition 195
tcp_ping received 1536 bytes back
Round trip time was 3.13142 milliseconds in repetition 196
tcp_ping received 1536 bytes back
Round trip time was 1.76688 milliseconds in repetition 197
tcp_ping received 1536 bytes back
Round trip time was 2.56727 milliseconds in repetition 198
tcp_ping received 1536 bytes back
Round trip time was 2.69926 milliseconds in repetition 199
tcp_ping received 1536 bytes back
Round trip time was 1.39864 milliseconds in repetition 200
tcp_ping received 1536 bytes back
Round trip time was 0.943928 milliseconds in repetition 201
tcp_ping received 1536 bytes back
Round trip time was 1.18459 milliseconds in repetition 202
tcp_ping received 1536 bytes back
Round trip time was 1.29141 milliseconds in repetition 203
tcp_ping received 1536 bytes back
Round trip time was 1.69991 milliseconds in repetition 204
tcp_ping received 1536 bytes back
Round trip time was 0.730049 milliseconds in repetition 205
tcp_ping received 1536 bytes back
Round trip time was 1.31659 milliseconds in repetition 206
tcp_ping received 1536 bytes back
Round trip time was 2.90647 milliseconds in repetition 207
tcp_ping received 1536 bytes back
Round trip time was 1.58266 milliseconds in repetition 208
tcp_ping received 1536 bytes back
Round trip time was 1.28608 milliseconds in repetition 209
tcp_ping received 1536 bytes back
Round trip time was 0.646307 milliseconds in repetition 210
tcp_ping received 1536 bytes back
Round trip time was 0.66164 milliseconds in repetition 211
tcp_ping received 1536 bytes back
Round trip time was 0.784164 milliseconds in repetition 212
tcp_ping received 1536 bytes back
Round trip time was 0.968295 milliseconds in repetition 213
tcp_ping received 1536 bytes back
Round trip time was 1.23772 milliseconds in repetition 214
tcp_ping received 1536 bytes back
Round trip time was 1.20353 milliseconds in repetition 215
tcp_ping received 1536 bytes back
Round trip time was 0.491361 milliseconds in repetition 216
tcp_ping received 1536 bytes back
Round trip time was 1.27716 milliseconds in repetition 217
tcp_ping received 1536 bytes back
Round trip time was 1.46919 milliseconds in repetition 218
tcp_ping received 1536 bytes back
Round trip time was 1.76197 milliseconds in repetition 219
tcp_ping received 1536 bytes back
Round trip time was 0.937475 milliseconds in repetition 220
tcp_ping received 1536 bytes back
Round trip time was 0.766845 milliseconds in repetition 221
tcp_ping received 1536 bytes back
Round trip time was 0.771844 milliseconds in repetition 222
tcp_ping received 1536 bytes back
Round trip time was 0.902615 milliseconds in repetition 223
tcp_ping received 1536 bytes back
Round trip time was 1.24388 milliseconds in repetition 224
tcp_ping received 1536 bytes back
Round trip time was 1.4707 milliseconds in repetition 225
tcp_ping received 1536 bytes back
Round trip time was 0.768155 milliseconds in repetition 226
tcp_ping received 1536 bytes back
Round trip time was 0.863349 milliseconds in repetition 227
tcp_ping received 1536 bytes back
Round trip time was 1.61743 milliseconds in repetition 228
tcp_ping received 1536 bytes back
Round trip time was 1.63847 milliseconds in repetition 229
tcp_ping received 1536 bytes back
Round trip time was 1.51424 milliseconds in repetition 230
tcp_ping received 1536 bytes back
Round trip time was 0.660546 milliseconds in repetition 231
tcp_ping received 1536 bytes back
Round trip time was 0.699895 milliseconds in repetition 232
tcp_ping received 1536 bytes back
Round trip time was 0.910661 milliseconds in repetition 233
tcp_ping received 1536 bytes back
Round trip time was 0.930626 milliseconds in repetition 234
tcp_ping received 1536 bytes back
Round trip time was 0.965137 milliseconds in repetition 235
tcp_ping received 1536 bytes back
Round trip time was 1.05654 milliseconds in repetition 236
tcp_ping received 1536 bytes back
Round trip time was 0.69184 milliseconds in repetition 237
tcp_ping received 1536 bytes back
Round trip time was 1.05205 milliseconds in repetition 238
tcp_ping received 1536 bytes back
Round trip time was 1.65505 milliseconds in repetition 239
tcp_ping received 1536 bytes back
Round trip time was 2.54006 milliseconds in repetition 240
tcp_ping received 1536 bytes back
Round trip time was 1.52168 milliseconds in repetition 241
tcp_ping received 1536 bytes back
Round trip time was 1.75491 milliseconds in repetition 242
tcp_ping received 1536 bytes back
Round trip time was 1.90956 milliseconds in repetition 243
tcp_ping received 1536 bytes back
Round trip time was 1.47973 milliseconds in repetition 244
tcp_ping received 1536 bytes back
Round trip time was 0.958369 milliseconds in repetition 245
tcp_ping received 1536 bytes back
Round trip time was 1.27285 milliseconds in repetition 246
tcp_ping received 1536 bytes back
Round trip time was 1.61742 milliseconds in repetition 247
tcp_ping received 1536 bytes back
Round trip time was 1.23967 milliseconds in repetition 248
tcp_ping received 1536 bytes back
Round trip time was 0.530599 milliseconds in repetition 249
tcp_ping received 1536 bytes back
Round trip time was 0.608315 milliseconds in repetition 250
tcp_ping received 1536 bytes back
Round trip time was 0.777598 milliseconds in repetition 251
tcp_ping received 1536 bytes back
Round trip time was 0.798545 milliseconds in repetition 252
tcp_ping received 1536 bytes back
Round trip time was 0.810239 milliseconds in repetition 253
tcp_ping received 1536 bytes back
Round trip time was 1.06672 milliseconds in repetition 254
tcp_ping received 1536 bytes back
Round trip time was 0.461016 milliseconds in repetition 255
tcp_ping received 1536 bytes back
Round trip time was 0.411918 milliseconds in repetition 256
tcp_ping received 1536 bytes back
Round trip time was 0.549624 milliseconds in repetition 257
tcp_ping received 1536 bytes back
Round trip time was 0.816896 milliseconds in repetition 258
tcp_ping received 1536 bytes back
Round trip time was 1.08926 milliseconds in repetition 259
tcp_ping received 1536 bytes back
Round trip time was 1.3009 milliseconds in repetition 260
tcp_ping received 1536 bytes back
Round trip time was 1.47153 milliseconds in repetition 261
tcp_ping received 1536 bytes back
Round trip time was 0.477721 milliseconds in repetition 262
tcp_ping received 1536 bytes back
Round trip time was 0.480397 milliseconds in repetition 263
tcp_ping received 1536 bytes back
Round trip time was 0.542761 milliseconds in repetition 264
tcp_ping received 1536 bytes back
Round trip time was 0.678753 milliseconds in repetition 265
tcp_ping received 1536 bytes back
Round trip time was 0.764521 milliseconds in repetition 266
tcp_ping received 1536 bytes back
Round trip time was 0.796292 milliseconds in repetition 267
tcp_ping received 1536 bytes back
Round trip time was 0.728889 milliseconds in repetition 268
tcp_ping received 1536 bytes back
Round trip time was 1.34333 milliseconds in repetition 269
tcp_ping received 1536 bytes back
Round trip time was 1.11424 milliseconds in repetition 270
tcp_ping received 1536 bytes back
Round trip time was 1.52731 milliseconds in repetition 271
tcp_ping received 1536 bytes back
Round trip time was 1.89601 milliseconds in repetition 272
tcp_ping received 1536 bytes back
Round trip time was 1.74981 milliseconds in repetition 273
tcp_ping received 1536 bytes back
Round trip time was 1.14119 milliseconds in repetition 274
tcp_ping received 1536 bytes back
Round trip time was 1.6972 milliseconds in repetition 275
tcp_ping received 1536 bytes back
Round trip time was 1.66996 milliseconds in repetition 276
tcp_ping received 1536 bytes back
Round trip time was 0.358994 milliseconds in repetition 277
tcp_ping received 1536 bytes back
Round trip time was 0.545645 milliseconds in repetition 278
tcp_ping received 1536 bytes back
Round trip time was 0.772179 milliseconds in repetition 279
tcp_ping received 1536 bytes back
Round trip time was 1.17755 milliseconds in repetition 280
tcp_ping received 1536 bytes back
Round trip time was 1.81532 milliseconds in repetition 281
tcp_ping received 1536 bytes back
Round trip time was 1.92531 milliseconds in repetition 282
tcp_ping received 1536 bytes back
Round trip time was 1.71245 milliseconds in repetition 283
tcp_ping received 1536 bytes back
Round trip time was 2.10218 milliseconds in repetition 284
tcp_ping received 1536 bytes back
Round trip time was 1.24828 milliseconds in repetition 285
tcp_ping received 1536 bytes back
Round trip time was 0.50372 milliseconds in repetition 286
tcp_ping received 1536 bytes back
Round trip time was 0.565908 milliseconds in repetition 287
tcp_ping received 1536 bytes back
Round trip time was 0.796882 milliseconds in repetition 288
tcp_ping received 1536 bytes back
Round trip time was 0.797664 milliseconds in repetition 289
tcp_ping received 1536 bytes back
Round trip time was 0.967726 milliseconds in repetition 290
tcp_ping received 1536 bytes back
Round trip time was 1.06664 milliseconds in repetition 291
tcp_ping received 1536 bytes back
Round trip time was 0.791124 milliseconds in repetition 292
tcp_ping received 1536 bytes back
Round trip time was 0.663501 milliseconds in repetition 293
tcp_ping received 1536 bytes back
Round trip time was 0.560258 milliseconds in repetition 294
tcp_ping received 1536 bytes back
Round trip time was 0.816578 milliseconds in repetition 295
tcp_ping received 1536 bytes back
Round trip time was 0.889124 milliseconds in repetition 296
tcp_ping received 1536 bytes back
Round trip time was 0.958043 milliseconds in repetition 297
tcp_ping received 1536 bytes back
Round trip time was 0.987714 milliseconds in repetition 298
tcp_ping received 1536 bytes back
Round trip time was 0.35723 milliseconds in repetition 299
tcp_ping received 1536 bytes back
Round trip time was 0.414578 milliseconds in repetition 300
tcp_ping received 1536 bytes back
Round trip time was 0.516094 milliseconds in repetition 301
tcp_ping received 1536 bytes back
Round trip time was 0.617707 milliseconds in repetition 302
tcp_ping received 1536 bytes back
Round trip time was 0.774899 milliseconds in repetition 303
tcp_ping received 1536 bytes back
Round trip time was 1.09048 milliseconds in repetition 304
tcp_ping received 1536 bytes back
Round trip time was 1.2243 milliseconds in repetition 305
tcp_ping received 1536 bytes back
Round trip time was 1.05162 milliseconds in repetition 306
tcp_ping received 1536 bytes back
Round trip time was 0.735999 milliseconds in repetition 307
tcp_ping received 1536 bytes back
Round trip time was 0.744902 milliseconds in repetition 308
tcp_ping received 1536 bytes back
Round trip time was 1.42068 milliseconds in repetition 309
tcp_ping received 1536 bytes back
Round trip time was 1.49034 milliseconds in repetition 310
tcp_ping received 1536 bytes back
Round trip time was 0.465368 milliseconds in repetition 311
tcp_ping received 1536 bytes back
Round trip time was 0.621331 milliseconds in repetition 312
tcp_ping received 1536 bytes back
Round trip time was 0.846891 milliseconds in repetition 313
tcp_ping received 1536 bytes back
Round trip time was 1.75179 milliseconds in repetition 314
tcp_ping received 1536 bytes back
Round trip time was 3.05668 milliseconds in repetition 315
tcp_ping received 1536 bytes back
Round trip time was 1.18985 milliseconds in repetition 316
tcp_ping received 1536 bytes back
Round trip time was 1.24284 milliseconds in repetition 317
tcp_ping received 1536 bytes back
Round trip time was 2.14713 milliseconds in repetition 318
tcp_ping received 1536 bytes back
Round trip time was 2.36557 milliseconds in repetition 319
tcp_ping received 1536 bytes back
Round trip time was 0.357591 milliseconds in repetition 320
tcp_ping received 1536 bytes back
Round trip time was 0.798288 milliseconds in repetition 321
tcp_ping received 1536 bytes back
Round trip time was 2.44642 milliseconds in repetition 322
tcp_ping received 1536 bytes back
Round trip time was 3.24882 milliseconds in repetition 323
tcp_ping received 1536 bytes back
Round trip time was 2.4553 milliseconds in repetition 324
tcp_ping received 1536 bytes back
Round trip time was 2.71465 milliseconds in repetition 325
tcp_ping received 1536 bytes back
Round trip time was 0.888947 milliseconds in repetition 326
tcp_ping received 1536 bytes back
Round trip time was 0.573254 milliseconds in repetition 327
tcp_ping received 1536 bytes back
Round trip time was 0.53548 milliseconds in repetition 328
tcp_ping received 1536 bytes back
Round trip time was 0.705663 milliseconds in repetition 329
tcp_ping received 1536 bytes back
Round trip time was 1.15416 milliseconds in repetition 330
tcp_ping received 1536 bytes back
Round trip time was 1.2134 milliseconds in repetition 331
tcp_ping received 1536 bytes back
Round trip time was 1.08469 milliseconds in repetition 332
tcp_ping received 1536 bytes back
Round trip time was 0.594209 milliseconds in repetition 333
tcp_ping received 1536 bytes back
Round trip time was 0.525221 milliseconds in repetition 334
tcp_ping received 1536 bytes back
Round trip time was 0.866357 milliseconds in repetition 335
tcp_ping received 1536 bytes back
Round trip time was 0.93348 milliseconds in repetition 336
tcp_ping received 1536 bytes back
Round trip time was 1.04495 milliseconds in repetition 337
tcp_ping received 1536 bytes back
Round trip time was 1.18306 milliseconds in repetition 338
tcp_ping received 1536 bytes back
Round trip time was 0.357352 milliseconds in repetition 339
tcp_ping received 1536 bytes back
Round trip time was 0.752113 milliseconds in repetition 340
tcp_ping received 1536 bytes back
Round trip time was 0.638313 milliseconds in repetition 341
tcp_ping received 1536 bytes back
Round trip time was 0.840103 milliseconds in repetition 342
tcp_ping received 1536 bytes back
Round trip time was 1.0803 milliseconds in repetition 343
tcp_ping received 1536 bytes back
Round trip time was 0.577534 milliseconds in repetition 344
tcp_ping received 1536 bytes back
Round trip time was 0.50088 milliseconds in repetition 345
tcp_ping received 1536 bytes back
Round trip time was 0.427599 milliseconds in repetition 346
tcp_ping received 1536 bytes back
Round trip time was 0.820488 milliseconds in repetition 347
tcp_ping received 1536 bytes back
Round trip time was 0.973464 milliseconds in repetition 348
tcp_ping received 1536 bytes back
Round trip time was 0.992301 milliseconds in repetition 349
tcp_ping received 1536 bytes back
Round trip time was 1.04385 milliseconds in repetition 350
tcp_ping received 1536 bytes back
Round trip time was 1.13247 milliseconds in repetition 351
tcp_ping received 1536 bytes back
Round trip time was 0.887301 milliseconds in repetition 352
tcp_ping received 1536 bytes back
Round trip time was 0.355511 milliseconds in repetition 353
tcp_ping received 1536 bytes back
Round trip time was 0.465023 milliseconds in repetition 354
tcp_ping received 1536 bytes back
Round trip time was 0.543386 milliseconds in repetition 355
tcp_ping received 1536 bytes back
Round trip time was 0.661001 milliseconds in repetition 356
tcp_ping received 1536 bytes back
Round trip time was 0.628501 milliseconds in repetition 357
tcp_ping received 1536 bytes back
Round trip time was 0.744348 milliseconds in repetition 358
tcp_ping received 1536 bytes back
Round trip time was 0.697919 milliseconds in repetition 359
tcp_ping received 1536 bytes back
Round trip time was 0.845857 milliseconds in repetition 360
tcp_ping received 1536 bytes back
Round trip time was 0.461495 milliseconds in repetition 361
tcp_ping received 1536 bytes back
Round trip time was 0.557109 milliseconds in repetition 362
tcp_ping received 1536 bytes back
Round trip time was 1.08087 milliseconds in repetition 363
tcp_ping received 1536 bytes back
Round trip time was 1.98548 milliseconds in repetition 364
tcp_ping received 1536 bytes back
Round trip time was 1.74485 milliseconds in repetition 365
tcp_ping received 1536 bytes back
Round trip time was 0.35654 milliseconds in repetition 366
tcp_ping received 1536 bytes back
Round trip time was 0.523097 milliseconds in repetition 367
tcp_ping received 1536 bytes back
Round trip time was 1.67376 milliseconds in repetition 368
tcp_ping received 1536 bytes back
Round trip time was 2.19833 milliseconds in repetition 369
tcp_ping received 1536 bytes back
Round trip time was 2.14289 milliseconds in repetition 370
tcp_ping received 1536 bytes back
Round trip time was 1.4318 milliseconds in repetition 371
tcp_ping received 1536 bytes back
Round trip time was 1.92887 milliseconds in repetition 372
tcp_ping received 1536 bytes back
Round trip time was 1.92655 milliseconds in repetition 373
tcp_ping received 1536 bytes back
Round trip time was 0.368935 milliseconds in repetition 374
tcp_ping received 1536 bytes back
Round trip time was 0.581466 milliseconds in repetition 375
tcp_ping received 1536 bytes back
Round trip time was 0.710553 milliseconds in repetition 376
tcp_ping received 1536 bytes back
Round trip time was 0.789827 milliseconds in repetition 377
tcp_ping received 1536 bytes back
Round trip time was 1.25865 milliseconds in repetition 378
tcp_ping received 1536 bytes back
Round trip time was 1.33815 milliseconds in repetition 379
tcp_ping received 1536 bytes back
Round trip time was 0.814521 milliseconds in repetition 380
tcp_ping received 1536 bytes back
Round trip time was 1.21308 milliseconds in repetition 381
tcp_ping received 1536 bytes back
Round trip time was 1.48878 milliseconds in repetition 382
tcp_ping received 1536 bytes back
Round trip time was 1.50654 milliseconds in repetition 383
tcp_ping received 1536 bytes back
Round trip time was 1.07148 milliseconds in repetition 384
tcp_ping received 1536 bytes back
Round trip time was 0.962814 milliseconds in repetition 385
tcp_ping received 1536 bytes back
Round trip time was 1.26435 milliseconds in repetition 386
tcp_ping received 1536 bytes back
Round trip time was 1.68853 milliseconds in repetition 387
tcp_ping received 1536 bytes back
Round trip time was 1.58104 milliseconds in repetition 388
tcp_ping received 1536 bytes back
Round trip time was 2.5812 milliseconds in repetition 389
tcp_ping received 1536 bytes back
Round trip time was 1.25149 milliseconds in repetition 390
tcp_ping received 1536 bytes back
Round trip time was 1.69239 milliseconds in repetition 391
tcp_ping received 1536 bytes back
Round trip time was 2.59717 milliseconds in repetition 392
tcp_ping received 1536 bytes back
Round trip time was 0.533663 milliseconds in repetition 393
tcp_ping received 1536 bytes back
Round trip time was 0.487276 milliseconds in repetition 394
tcp_ping received 1536 bytes back
Round trip time was 0.527146 milliseconds in repetition 395
tcp_ping received 1536 bytes back
Round trip time was 0.750487 milliseconds in repetition 396
tcp_ping received 1536 bytes back
Round trip time was 1.85687 milliseconds in repetition 397
tcp_ping received 1536 bytes back
Round trip time was 3.17572 milliseconds in repetition 398
tcp_ping received 1536 bytes back
Round trip time was 2.97498 milliseconds in repetition 399
tcp_ping received 1536 bytes back
Round trip time was 2.3856 milliseconds in repetition 400
tcp_ping received 1536 bytes back
Round trip time was 0.905314 milliseconds in repetition 401
tcp_ping received 1536 bytes back
Round trip time was 1.31007 milliseconds in repetition 402
tcp_ping received 1536 bytes back
Round trip time was 1.64703 milliseconds in repetition 403
tcp_ping received 1536 bytes back
Round trip time was 1.62864 milliseconds in repetition 404
tcp_ping received 1536 bytes back
Round trip time was 0.762893 milliseconds in repetition 405
tcp_ping received 1536 bytes back
Round trip time was 0.695434 milliseconds in repetition 406
tcp_ping received 1536 bytes back
Round trip time was 1.61775 milliseconds in repetition 407
tcp_ping received 1536 bytes back
Round trip time was 3.45324 milliseconds in repetition 408
tcp_ping received 1536 bytes back
Round trip time was 1.29049 milliseconds in repetition 409
tcp_ping received 1536 bytes back
Round trip time was 0.606168 milliseconds in repetition 410
tcp_ping received 1536 bytes back
Round trip time was 0.865264 milliseconds in repetition 411
tcp_ping received 1536 bytes back
Round trip time was 0.908601 milliseconds in repetition 412
tcp_ping received 1536 bytes back
Round trip time was 1.0603 milliseconds in repetition 413
tcp_ping received 1536 bytes back
Round trip time was 2.10767 milliseconds in repetition 414
tcp_ping received 1536 bytes back
Round trip time was 2.37497 milliseconds in repetition 415
tcp_ping received 1536 bytes back
Round trip time was 2.62144 milliseconds in repetition 416
tcp_ping received 1536 bytes back
Round trip time was 0.964747 milliseconds in repetition 417
tcp_ping received 1536 bytes back
Round trip time was 0.44261 milliseconds in repetition 418
tcp_ping received 1536 bytes back
Round trip time was 0.700212 milliseconds in repetition 419
tcp_ping received 1536 bytes back
Round trip time was 1.48666 milliseconds in repetition 420
tcp_ping received 1536 bytes back
Round trip time was 2.34583 milliseconds in repetition 421
tcp_ping received 1536 bytes back
Round trip time was 2.50422 milliseconds in repetition 422
tcp_ping received 1536 bytes back
Round trip time was 2.14198 milliseconds in repetition 423
tcp_ping received 1536 bytes back
Round trip time was 2.4309 milliseconds in repetition 424
tcp_ping received 1536 bytes back
Round trip time was 1.71714 milliseconds in repetition 425
tcp_ping received 1536 bytes back
Round trip time was 1.65191 milliseconds in repetition 426
tcp_ping received 1536 bytes back
Round trip time was 2.40107 milliseconds in repetition 427
tcp_ping received 1536 bytes back
Round trip time was 0.549925 milliseconds in repetition 428
tcp_ping received 1536 bytes back
Round trip time was 1.81167 milliseconds in repetition 429
tcp_ping received 1536 bytes back
Round trip time was 2.27418 milliseconds in repetition 430
tcp_ping received 1536 bytes back
Round trip time was 2.66705 milliseconds in repetition 431
tcp_ping received 1536 bytes back
Round trip time was 0.519549 milliseconds in repetition 432
tcp_ping received 1536 bytes back
Round trip time was 1.41958 milliseconds in repetition 433
tcp_ping received 1536 bytes back
Round trip time was 1.70981 milliseconds in repetition 434
tcp_ping received 1536 bytes back
Round trip time was 3.37492 milliseconds in repetition 435
tcp_ping received 1536 bytes back
Round trip time was 1.37115 milliseconds in repetition 436
tcp_ping received 1536 bytes back
Round trip time was 1.27712 milliseconds in repetition 437
tcp_ping received 1536 bytes back
Round trip time was 1.47335 milliseconds in repetition 438
tcp_ping received 1536 bytes back
Round trip time was 2.33745 milliseconds in repetition 439
tcp_ping received 1536 bytes back
Round trip time was 3.80004 milliseconds in repetition 440
tcp_ping received 1536 bytes back
Round trip time was 2.36607 milliseconds in repetition 441
tcp_ping received 1536 bytes back
Round trip time was 1.15303 milliseconds in repetition 442
tcp_ping received 1536 bytes back
Round trip time was 1.36847 milliseconds in repetition 443
tcp_ping received 1536 bytes back
Round trip time was 1.87468 milliseconds in repetition 444
tcp_ping received 1536 bytes back
Round trip time was 0.613321 milliseconds in repetition 445
tcp_ping received 1536 bytes back
Round trip time was 0.392003 milliseconds in repetition 446
tcp_ping received 1536 bytes back
Round trip time was 0.440609 milliseconds in repetition 447
tcp_ping received 1536 bytes back
Round trip time was 0.595798 milliseconds in repetition 448
tcp_ping received 1536 bytes back
Round trip time was 0.79262 milliseconds in repetition 449
tcp_ping received 1536 bytes back
Round trip time was 1.00886 milliseconds in repetition 450
tcp_ping received 1536 bytes back
Round trip time was 1.03853 milliseconds in repetition 451
tcp_ping received 1536 bytes back
Round trip time was 0.89695 milliseconds in repetition 452
tcp_ping received 1536 bytes back
Round trip time was 1.55018 milliseconds in repetition 453
tcp_ping received 1536 bytes back
Round trip time was 0.89539 milliseconds in repetition 454
tcp_ping received 1536 bytes back
Round trip time was 0.517299 milliseconds in repetition 455
tcp_ping received 1536 bytes back
Round trip time was 0.594215 milliseconds in repetition 456
tcp_ping received 1536 bytes back
Round trip time was 1.61417 milliseconds in repetition 457
tcp_ping received 1536 bytes back
Round trip time was 2.39726 milliseconds in repetition 458
tcp_ping received 1536 bytes back
Round trip time was 0.574998 milliseconds in repetition 459
tcp_ping received 1536 bytes back
Round trip time was 0.723532 milliseconds in repetition 460
tcp_ping received 1536 bytes back
Round trip time was 0.749579 milliseconds in repetition 461
tcp_ping received 1536 bytes back
Round trip time was 1.04213 milliseconds in repetition 462
tcp_ping received 1536 bytes back
Round trip time was 1.60378 milliseconds in repetition 463
tcp_ping received 1536 bytes back
Round trip time was 0.910083 milliseconds in repetition 464
tcp_ping received 1536 bytes back
Round trip time was 0.532789 milliseconds in repetition 465
tcp_ping received 1536 bytes back
Round trip time was 0.531262 milliseconds in repetition 466
tcp_ping received 1536 bytes back
Round trip time was 0.571782 milliseconds in repetition 467
tcp_ping received 1536 bytes back
Round trip time was 1.69085 milliseconds in repetition 468
tcp_ping received 1536 bytes back
Round trip time was 2.22411 milliseconds in repetition 469
tcp_ping received 1536 bytes back
Round trip time was 0.583729 milliseconds in repetition 470
tcp_ping received 1536 bytes back
Round trip time was 0.77888 milliseconds in repetition 471
tcp_ping received 1536 bytes back
Round trip time was 1.06131 milliseconds in repetition 472
tcp_ping received 1536 bytes back
Round trip time was 1.39195 milliseconds in repetition 473
tcp_ping received 1536 bytes back
Round trip time was 1.73575 milliseconds in repetition 474
tcp_ping received 1536 bytes back
Round trip time was 0.578552 milliseconds in repetition 475
tcp_ping received 1536 bytes back
Round trip time was 0.747756 milliseconds in repetition 476
tcp_ping received 1536 bytes back
Round trip time was 0.99488 milliseconds in repetition 477
tcp_ping received 1536 bytes back
Round trip time was 1.03869 milliseconds in repetition 478
tcp_ping received 1536 bytes back
Round trip time was 1.53259 milliseconds in repetition 479
tcp_ping received 1536 bytes back
Round trip time was 1.06166 milliseconds in repetition 480
tcp_ping received 1536 bytes back
Round trip time was 0.925739 milliseconds in repetition 481
tcp_ping received 1536 bytes back
Round trip time was 0.804221 milliseconds in repetition 482
tcp_ping received 1536 bytes back
Round trip time was 0.855879 milliseconds in repetition 483
tcp_ping received 1536 bytes back
Round trip time was 1.45197 milliseconds in repetition 484
tcp_ping received 1536 bytes back
Round trip time was 1.29678 milliseconds in repetition 485
tcp_ping received 1536 bytes back
Round trip time was 0.596944 milliseconds in repetition 486
tcp_ping received 1536 bytes back
Round trip time was 0.690917 milliseconds in repetition 487
tcp_ping received 1536 bytes back
Round trip time was 0.963856 milliseconds in repetition 488
tcp_ping received 1536 bytes back
Round trip time was 1.13547 milliseconds in repetition 489
tcp_ping received 1536 bytes back
Round trip time was 1.55027 milliseconds in repetition 490
tcp_ping received 1536 bytes back
Round trip time was 0.641476 milliseconds in repetition 491
tcp_ping received 1536 bytes back
Round trip time was 0.610504 milliseconds in repetition 492
tcp_ping received 1536 bytes back
Round trip time was 0.750256 milliseconds in repetition 493
tcp_ping received 1536 bytes back
Round trip time was 0.658684 milliseconds in repetition 494
tcp_ping received 1536 bytes back
Round trip time was 0.797949 milliseconds in repetition 495
tcp_ping received 1536 bytes back
Round trip time was 0.835222 milliseconds in repetition 496
tcp_ping received 1536 bytes back
Round trip time was 1.73975 milliseconds in repetition 497
tcp_ping received 1536 bytes back
Round trip time was 0.672447 milliseconds in repetition 498
tcp_ping received 1536 bytes back
Round trip time was 0.881195 milliseconds in repetition 499
tcp_ping received 1536 bytes back
Round trip time was 1.02088 milliseconds in repetition 500
tcp_ping received 1536 bytes back
Round trip time was 1.12326 milliseconds in repetition 501

 ... clock resolution was 1e-06
TCP Ping:  Statistics over 501 repetitions of 1536 byte messages

RTT : percentile 10: 0.541826, median: 0.99488, percentile 90: 2.27418, average: 1.26606, variance: 1.03658

RTT histogram:
0.35551 148
1.16449 220
1.97348 91
2.78246 30
3.59145 6
4.40043 3
5.20941 2
6.0184 0
6.82738 0
7.63637 0
8.44535 0
9.25434 0
10.0633 0
10.8723 0
11.6813 0
12.4903 0
13.2993 0
14.1082 0
14.9172 0
15.7262 0
16.5352 1

   median Throughput : 3087.81 KB/s   overall Throughput : 2426.43 KB/s

