TCP Ping trying to connect to server 130.251.61.30 (130.251.61.30) on port 1491
 ... connected to Pong server: asking for 501 repetitions of 524288 bytes TCP messages
 ... Pong server agreed :-)
tcp_ping received 524288 bytes back
Round trip time was 41.2095 milliseconds in repetition 1
tcp_ping received 524288 bytes back
Round trip time was 12.0042 milliseconds in repetition 2
tcp_ping received 524288 bytes back
Round trip time was 19.5063 milliseconds in repetition 3
tcp_ping received 524288 bytes back
Round trip time was 14.6808 milliseconds in repetition 4
tcp_ping received 524288 bytes back
Round trip time was 14.1478 milliseconds in repetition 5
tcp_ping received 524288 bytes back
Round trip time was 13.7871 milliseconds in repetition 6
tcp_ping received 524288 bytes back
Round trip time was 13.6187 milliseconds in repetition 7
tcp_ping received 524288 bytes back
Round trip time was 11.9407 milliseconds in repetition 8
tcp_ping received 524288 bytes back
Round trip time was 11.4757 milliseconds in repetition 9
tcp_ping received 524288 bytes back
Round trip time was 11.375 milliseconds in repetition 10
tcp_ping received 524288 bytes back
Round trip time was 10.7598 milliseconds in repetition 11
tcp_ping received 524288 bytes back
Round trip time was 11.1884 milliseconds in repetition 12
tcp_ping received 524288 bytes back
Round trip time was 10.6826 milliseconds in repetition 13
tcp_ping received 524288 bytes back
Round trip time was 10.8988 milliseconds in repetition 14
tcp_ping received 524288 bytes back
Round trip time was 10.5603 milliseconds in repetition 15
tcp_ping received 524288 bytes back
Round trip time was 10.7758 milliseconds in repetition 16
tcp_ping received 524288 bytes back
Round trip time was 11.2411 milliseconds in repetition 17
tcp_ping received 524288 bytes back
Round trip time was 10.8361 milliseconds in repetition 18
tcp_ping received 524288 bytes back
Round trip time was 11.6681 milliseconds in repetition 19
tcp_ping received 524288 bytes back
Round trip time was 11.2446 milliseconds in repetition 20
tcp_ping received 524288 bytes back
Round trip time was 10.8306 milliseconds in repetition 21
tcp_ping received 524288 bytes back
Round trip time was 11.686 milliseconds in repetition 22
tcp_ping received 524288 bytes back
Round trip time was 10.7716 milliseconds in repetition 23
tcp_ping received 524288 bytes back
Round trip time was 11.2572 milliseconds in repetition 24
tcp_ping received 524288 bytes back
Round trip time was 10.8469 milliseconds in repetition 25
tcp_ping received 524288 bytes back
Round trip time was 13.1891 milliseconds in repetition 26
tcp_ping received 524288 bytes back
Round trip time was 10.7235 milliseconds in repetition 27
tcp_ping received 524288 bytes back
Round trip time was 11.5642 milliseconds in repetition 28
tcp_ping received 524288 bytes back
Round trip time was 10.9054 milliseconds in repetition 29
tcp_ping received 524288 bytes back
Round trip time was 12.0121 milliseconds in repetition 30
tcp_ping received 524288 bytes back
Round trip time was 11.0351 milliseconds in repetition 31
tcp_ping received 524288 bytes back
Round trip time was 11.0422 milliseconds in repetition 32
tcp_ping received 524288 bytes back
Round trip time was 16.7252 milliseconds in repetition 33
tcp_ping received 524288 bytes back
Round trip time was 11.405 milliseconds in repetition 34
tcp_ping received 524288 bytes back
Round trip time was 10.8887 milliseconds in repetition 35
tcp_ping received 524288 bytes back
Round trip time was 11.3431 milliseconds in repetition 36
tcp_ping received 524288 bytes back
Round trip time was 13.3995 milliseconds in repetition 37
tcp_ping received 524288 bytes back
Round trip time was 10.8592 milliseconds in repetition 38
tcp_ping received 524288 bytes back
Round trip time was 12.2723 milliseconds in repetition 39
tcp_ping received 524288 bytes back
Round trip time was 13.7956 milliseconds in repetition 40
tcp_ping received 524288 bytes back
Round trip time was 15.413 milliseconds in repetition 41
tcp_ping received 524288 bytes back
Round trip time was 11.6189 milliseconds in repetition 42
tcp_ping received 524288 bytes back
Round trip time was 10.74 milliseconds in repetition 43
tcp_ping received 524288 bytes back
Round trip time was 10.5388 milliseconds in repetition 44
tcp_ping received 524288 bytes back
Round trip time was 10.9304 milliseconds in repetition 45
tcp_ping received 524288 bytes back
Round trip time was 10.5823 milliseconds in repetition 46
tcp_ping received 524288 bytes back
Round trip time was 10.9591 milliseconds in repetition 47
tcp_ping received 524288 bytes back
Round trip time was 13.2987 milliseconds in repetition 48
tcp_ping received 524288 bytes back
Round trip time was 10.5952 milliseconds in repetition 49
tcp_ping received 524288 bytes back
Round trip time was 12.66 milliseconds in repetition 50
tcp_ping received 524288 bytes back
Round trip time was 11.8565 milliseconds in repetition 51
tcp_ping received 524288 bytes back
Round trip time was 10.9858 milliseconds in repetition 52
tcp_ping received 524288 bytes back
Round trip time was 11.6007 milliseconds in repetition 53
tcp_ping received 524288 bytes back
Round trip time was 11.2705 milliseconds in repetition 54
tcp_ping received 524288 bytes back
Round trip time was 13.8156 milliseconds in repetition 55
tcp_ping received 524288 bytes back
Round trip time was 10.7363 milliseconds in repetition 56
tcp_ping received 524288 bytes back
Round trip time was 11.1059 milliseconds in repetition 57
tcp_ping received 524288 bytes back
Round trip time was 10.4682 milliseconds in repetition 58
tcp_ping received 524288 bytes back
Round trip time was 11.037 milliseconds in repetition 59
tcp_ping received 524288 bytes back
Round trip time was 11.0704 milliseconds in repetition 60
tcp_ping received 524288 bytes back
Round trip time was 10.7251 milliseconds in repetition 61
tcp_ping received 524288 bytes back
Round trip time was 11.7001 milliseconds in repetition 62
tcp_ping received 524288 bytes back
Round trip time was 14.4055 milliseconds in repetition 63
tcp_ping received 524288 bytes back
Round trip time was 11.1955 milliseconds in repetition 64
tcp_ping received 524288 bytes back
Round trip time was 11.7648 milliseconds in repetition 65
tcp_ping received 524288 bytes back
Round trip time was 10.349 milliseconds in repetition 66
tcp_ping received 524288 bytes back
Round trip time was 10.7183 milliseconds in repetition 67
tcp_ping received 524288 bytes back
Round trip time was 10.5902 milliseconds in repetition 68
tcp_ping received 524288 bytes back
Round trip time was 10.942 milliseconds in repetition 69
tcp_ping received 524288 bytes back
Round trip time was 10.722 milliseconds in repetition 70
tcp_ping received 524288 bytes back
Round trip time was 11.1014 milliseconds in repetition 71
tcp_ping received 524288 bytes back
Round trip time was 13.6626 milliseconds in repetition 72
tcp_ping received 524288 bytes back
Round trip time was 10.3491 milliseconds in repetition 73
tcp_ping received 524288 bytes back
Round trip time was 12.1134 milliseconds in repetition 74
tcp_ping received 524288 bytes back
Round trip time was 10.7257 milliseconds in repetition 75
tcp_ping received 524288 bytes back
Round trip time was 17.8127 milliseconds in repetition 76
tcp_ping received 524288 bytes back
Round trip time was 14.1946 milliseconds in repetition 77
tcp_ping received 524288 bytes back
Round trip time was 11.7254 milliseconds in repetition 78
tcp_ping received 524288 bytes back
Round trip time was 12.8122 milliseconds in repetition 79
tcp_ping received 524288 bytes back
Round trip time was 11.6654 milliseconds in repetition 80
tcp_ping received 524288 bytes back
Round trip time was 12.1188 milliseconds in repetition 81
tcp_ping received 524288 bytes back
Round trip time was 11.7076 milliseconds in repetition 82
tcp_ping received 524288 bytes back
Round trip time was 10.8585 milliseconds in repetition 83
tcp_ping received 524288 bytes back
Round trip time was 11.0223 milliseconds in repetition 84
tcp_ping received 524288 bytes back
Round trip time was 10.7644 milliseconds in repetition 85
tcp_ping received 524288 bytes back
Round trip time was 10.7136 milliseconds in repetition 86
tcp_ping received 524288 bytes back
Round trip time was 11.2369 milliseconds in repetition 87
tcp_ping received 524288 bytes back
Round trip time was 12.865 milliseconds in repetition 88
tcp_ping received 524288 bytes back
Round trip time was 10.659 milliseconds in repetition 89
tcp_ping received 524288 bytes back
Round trip time was 11.526 milliseconds in repetition 90
tcp_ping received 524288 bytes back
Round trip time was 10.8419 milliseconds in repetition 91
tcp_ping received 524288 bytes back
Round trip time was 11.6186 milliseconds in repetition 92
tcp_ping received 524288 bytes back
Round trip time was 11.1048 milliseconds in repetition 93
tcp_ping received 524288 bytes back
Round trip time was 12.8071 milliseconds in repetition 94
tcp_ping received 524288 bytes back
Round trip time was 13.5288 milliseconds in repetition 95
tcp_ping received 524288 bytes back
Round trip time was 11.1539 milliseconds in repetition 96
tcp_ping received 524288 bytes back
Round trip time was 11.1513 milliseconds in repetition 97
tcp_ping received 524288 bytes back
Round trip time was 11.4631 milliseconds in repetition 98
tcp_ping received 524288 bytes back
Round trip time was 14.0091 milliseconds in repetition 99
tcp_ping received 524288 bytes back
Round trip time was 11.2374 milliseconds in repetition 100
tcp_ping received 524288 bytes back
Round trip time was 11.9681 milliseconds in repetition 101
tcp_ping received 524288 bytes back
Round trip time was 11.3853 milliseconds in repetition 102
tcp_ping received 524288 bytes back
Round trip time was 11.7749 milliseconds in repetition 103
tcp_ping received 524288 bytes back
Round trip time was 11.5883 milliseconds in repetition 104
tcp_ping received 524288 bytes back
Round trip time was 10.9374 milliseconds in repetition 105
tcp_ping received 524288 bytes back
Round trip time was 11.2321 milliseconds in repetition 106
tcp_ping received 524288 bytes back
Round trip time was 11.7482 milliseconds in repetition 107
tcp_ping received 524288 bytes back
Round trip time was 11.9851 milliseconds in repetition 108
tcp_ping received 524288 bytes back
Round trip time was 10.9822 milliseconds in repetition 109
tcp_ping received 524288 bytes back
Round trip time was 11.1013 milliseconds in repetition 110
tcp_ping received 524288 bytes back
Round trip time was 11.5948 milliseconds in repetition 111
tcp_ping received 524288 bytes back
Round trip time was 11.5115 milliseconds in repetition 112
tcp_ping received 524288 bytes back
Round trip time was 11.3448 milliseconds in repetition 113
tcp_ping received 524288 bytes back
Round trip time was 14.4577 milliseconds in repetition 114
tcp_ping received 524288 bytes back
Round trip time was 12.8684 milliseconds in repetition 115
tcp_ping received 524288 bytes back
Round trip time was 12.289 milliseconds in repetition 116
tcp_ping received 524288 bytes back
Round trip time was 11.7477 milliseconds in repetition 117
tcp_ping received 524288 bytes back
Round trip time was 12.964 milliseconds in repetition 118
tcp_ping received 524288 bytes back
Round trip time was 11.5301 milliseconds in repetition 119
tcp_ping received 524288 bytes back
Round trip time was 11.5065 milliseconds in repetition 120
tcp_ping received 524288 bytes back
Round trip time was 11.0894 milliseconds in repetition 121
tcp_ping received 524288 bytes back
Round trip time was 10.8681 milliseconds in repetition 122
tcp_ping received 524288 bytes back
Round trip time was 13.2286 milliseconds in repetition 123
tcp_ping received 524288 bytes back
Round trip time was 11.5382 milliseconds in repetition 124
tcp_ping received 524288 bytes back
Round trip time was 11.9894 milliseconds in repetition 125
tcp_ping received 524288 bytes back
Round trip time was 11.5421 milliseconds in repetition 126
tcp_ping received 524288 bytes back
Round trip time was 11.0835 milliseconds in repetition 127
tcp_ping received 524288 bytes back
Round trip time was 10.8375 milliseconds in repetition 128
tcp_ping received 524288 bytes back
Round trip time was 10.7392 milliseconds in repetition 129
tcp_ping received 524288 bytes back
Round trip time was 10.7783 milliseconds in repetition 130
tcp_ping received 524288 bytes back
Round trip time was 12.7588 milliseconds in repetition 131
tcp_ping received 524288 bytes back
Round trip time was 10.7796 milliseconds in repetition 132
tcp_ping received 524288 bytes back
Round trip time was 12.5197 milliseconds in repetition 133
tcp_ping received 524288 bytes back
Round trip time was 10.7363 milliseconds in repetition 134
tcp_ping received 524288 bytes back
Round trip time was 10.9897 milliseconds in repetition 135
tcp_ping received 524288 bytes back
Round trip time was 11.3507 milliseconds in repetition 136
tcp_ping received 524288 bytes back
Round trip time was 10.8958 milliseconds in repetition 137
tcp_ping received 524288 bytes back
Round trip time was 11.2809 milliseconds in repetition 138
tcp_ping received 524288 bytes back
Round trip time was 13.4221 milliseconds in repetition 139
tcp_ping received 524288 bytes back
Round trip time was 11.4155 milliseconds in repetition 140
tcp_ping received 524288 bytes back
Round trip time was 11.238 milliseconds in repetition 141
tcp_ping received 524288 bytes back
Round trip time was 11.7462 milliseconds in repetition 142
tcp_ping received 524288 bytes back
Round trip time was 13.5082 milliseconds in repetition 143
tcp_ping received 524288 bytes back
Round trip time was 11.4677 milliseconds in repetition 144
tcp_ping received 524288 bytes back
Round trip time was 12.2682 milliseconds in repetition 145
tcp_ping received 524288 bytes back
Round trip time was 11.8649 milliseconds in repetition 146
tcp_ping received 524288 bytes back
Round trip time was 10.9144 milliseconds in repetition 147
tcp_ping received 524288 bytes back
Round trip time was 10.7678 milliseconds in repetition 148
tcp_ping received 524288 bytes back
Round trip time was 11.0447 milliseconds in repetition 149
tcp_ping received 524288 bytes back
Round trip time was 11.2262 milliseconds in repetition 150
tcp_ping received 524288 bytes back
Round trip time was 11.5568 milliseconds in repetition 151
tcp_ping received 524288 bytes back
Round trip time was 13.7328 milliseconds in repetition 152
tcp_ping received 524288 bytes back
Round trip time was 11.1799 milliseconds in repetition 153
tcp_ping received 524288 bytes back
Round trip time was 10.8558 milliseconds in repetition 154
tcp_ping received 524288 bytes back
Round trip time was 10.7829 milliseconds in repetition 155
tcp_ping received 524288 bytes back
Round trip time was 11.0066 milliseconds in repetition 156
tcp_ping received 524288 bytes back
Round trip time was 10.8961 milliseconds in repetition 157
tcp_ping received 524288 bytes back
Round trip time was 10.8652 milliseconds in repetition 158
tcp_ping received 524288 bytes back
Round trip time was 11.1015 milliseconds in repetition 159
tcp_ping received 524288 bytes back
Round trip time was 13.7146 milliseconds in repetition 160
tcp_ping received 524288 bytes back
Round trip time was 10.8082 milliseconds in repetition 161
tcp_ping received 524288 bytes back
Round trip time was 11.6641 milliseconds in repetition 162
tcp_ping received 524288 bytes back
Round trip time was 11.1033 milliseconds in repetition 163
tcp_ping received 524288 bytes back
Round trip time was 11.491 milliseconds in repetition 164
tcp_ping received 524288 bytes back
Round trip time was 11.5283 milliseconds in repetition 165
tcp_ping received 524288 bytes back
Round trip time was 13.7125 milliseconds in repetition 166
tcp_ping received 524288 bytes back
Round trip time was 11.0263 milliseconds in repetition 167
tcp_ping received 524288 bytes back
Round trip time was 11.3583 milliseconds in repetition 168
tcp_ping received 524288 bytes back
Round trip time was 11.1449 milliseconds in repetition 169
tcp_ping received 524288 bytes back
Round trip time was 12.8896 milliseconds in repetition 170
tcp_ping received 524288 bytes back
Round trip time was 11.1916 milliseconds in repetition 171
tcp_ping received 524288 bytes back
Round trip time was 16.4152 milliseconds in repetition 172
tcp_ping received 524288 bytes back
Round trip time was 15.0486 milliseconds in repetition 173
tcp_ping received 524288 bytes back
Round trip time was 14.2455 milliseconds in repetition 174
tcp_ping received 524288 bytes back
Round trip time was 10.8282 milliseconds in repetition 175
tcp_ping received 524288 bytes back
Round trip time was 10.7793 milliseconds in repetition 176
tcp_ping received 524288 bytes back
Round trip time was 11.0891 milliseconds in repetition 177
tcp_ping received 524288 bytes back
Round trip time was 11.3067 milliseconds in repetition 178
tcp_ping received 524288 bytes back
Round trip time was 11.0546 milliseconds in repetition 179
tcp_ping received 524288 bytes back
Round trip time was 14.4548 milliseconds in repetition 180
tcp_ping received 524288 bytes back
Round trip time was 11.0351 milliseconds in repetition 181
tcp_ping received 524288 bytes back
Round trip time was 12.1312 milliseconds in repetition 182
tcp_ping received 524288 bytes back
Round trip time was 10.8154 milliseconds in repetition 183
tcp_ping received 524288 bytes back
Round trip time was 12.344 milliseconds in repetition 184
tcp_ping received 524288 bytes back
Round trip time was 12.2739 milliseconds in repetition 185
tcp_ping received 524288 bytes back
Round trip time was 15.6969 milliseconds in repetition 186
tcp_ping received 524288 bytes back
Round trip time was 11.727 milliseconds in repetition 187
tcp_ping received 524288 bytes back
Round trip time was 11.1881 milliseconds in repetition 188
tcp_ping received 524288 bytes back
Round trip time was 11.5824 milliseconds in repetition 189
tcp_ping received 524288 bytes back
Round trip time was 14.0936 milliseconds in repetition 190
tcp_ping received 524288 bytes back
Round trip time was 11.3116 milliseconds in repetition 191
tcp_ping received 524288 bytes back
Round trip time was 11.3767 milliseconds in repetition 192
tcp_ping received 524288 bytes back
Round trip time was 11.0033 milliseconds in repetition 193
tcp_ping received 524288 bytes back
Round trip time was 11.6228 milliseconds in repetition 194
tcp_ping received 524288 bytes back
Round trip time was 11.2404 milliseconds in repetition 195
tcp_ping received 524288 bytes back
Round trip time was 10.8167 milliseconds in repetition 196
tcp_ping received 524288 bytes back
Round trip time was 13.5684 milliseconds in repetition 197
tcp_ping received 524288 bytes back
Round trip time was 10.8231 milliseconds in repetition 198
tcp_ping received 524288 bytes back
Round trip time was 11.3962 milliseconds in repetition 199
tcp_ping received 524288 bytes back
Round trip time was 10.9352 milliseconds in repetition 200
tcp_ping received 524288 bytes back
Round trip time was 11.0666 milliseconds in repetition 201
tcp_ping received 524288 bytes back
Round trip time was 11.0978 milliseconds in repetition 202
tcp_ping received 524288 bytes back
Round trip time was 10.7404 milliseconds in repetition 203
tcp_ping received 524288 bytes back
Round trip time was 13.8784 milliseconds in repetition 204
tcp_ping received 524288 bytes back
Round trip time was 11.2135 milliseconds in repetition 205
tcp_ping received 524288 bytes back
Round trip time was 12.0462 milliseconds in repetition 206
tcp_ping received 524288 bytes back
Round trip time was 10.9584 milliseconds in repetition 207
tcp_ping received 524288 bytes back
Round trip time was 11.064 milliseconds in repetition 208
tcp_ping received 524288 bytes back
Round trip time was 11.0024 milliseconds in repetition 209
tcp_ping received 524288 bytes back
Round trip time was 11.4264 milliseconds in repetition 210
tcp_ping received 524288 bytes back
Round trip time was 10.8803 milliseconds in repetition 211
tcp_ping received 524288 bytes back
Round trip time was 14.3682 milliseconds in repetition 212
tcp_ping received 524288 bytes back
Round trip time was 11.2587 milliseconds in repetition 213
tcp_ping received 524288 bytes back
Round trip time was 11.0887 milliseconds in repetition 214
tcp_ping received 524288 bytes back
Round trip time was 11.8886 milliseconds in repetition 215
tcp_ping received 524288 bytes back
Round trip time was 10.8344 milliseconds in repetition 216
tcp_ping received 524288 bytes back
Round trip time was 10.9285 milliseconds in repetition 217
tcp_ping received 524288 bytes back
Round trip time was 16.0244 milliseconds in repetition 218
tcp_ping received 524288 bytes back
Round trip time was 19.5115 milliseconds in repetition 219
tcp_ping received 524288 bytes back
Round trip time was 14.8487 milliseconds in repetition 220
tcp_ping received 524288 bytes back
Round trip time was 16.7128 milliseconds in repetition 221
tcp_ping received 524288 bytes back
Round trip time was 10.9625 milliseconds in repetition 222
tcp_ping received 524288 bytes back
Round trip time was 11.1454 milliseconds in repetition 223
tcp_ping received 524288 bytes back
Round trip time was 11.2666 milliseconds in repetition 224
tcp_ping received 524288 bytes back
Round trip time was 12.0377 milliseconds in repetition 225
tcp_ping received 524288 bytes back
Round trip time was 10.9281 milliseconds in repetition 226
tcp_ping received 524288 bytes back
Round trip time was 12.8833 milliseconds in repetition 227
tcp_ping received 524288 bytes back
Round trip time was 11.1009 milliseconds in repetition 228
tcp_ping received 524288 bytes back
Round trip time was 11.228 milliseconds in repetition 229
tcp_ping received 524288 bytes back
Round trip time was 11.3922 milliseconds in repetition 230
tcp_ping received 524288 bytes back
Round trip time was 11.1716 milliseconds in repetition 231
tcp_ping received 524288 bytes back
Round trip time was 11.103 milliseconds in repetition 232
tcp_ping received 524288 bytes back
Round trip time was 11.2246 milliseconds in repetition 233
tcp_ping received 524288 bytes back
Round trip time was 11.4503 milliseconds in repetition 234
tcp_ping received 524288 bytes back
Round trip time was 10.8117 milliseconds in repetition 235
tcp_ping received 524288 bytes back
Round trip time was 12.7043 milliseconds in repetition 236
tcp_ping received 524288 bytes back
Round trip time was 11.8655 milliseconds in repetition 237
tcp_ping received 524288 bytes back
Round trip time was 11.3299 milliseconds in repetition 238
tcp_ping received 524288 bytes back
Round trip time was 10.7347 milliseconds in repetition 239
tcp_ping received 524288 bytes back
Round trip time was 11.0708 milliseconds in repetition 240
tcp_ping received 524288 bytes back
Round trip time was 11.0237 milliseconds in repetition 241
tcp_ping received 524288 bytes back
Round trip time was 13.0284 milliseconds in repetition 242
tcp_ping received 524288 bytes back
Round trip time was 10.8239 milliseconds in repetition 243
tcp_ping received 524288 bytes back
Round trip time was 11.9938 milliseconds in repetition 244
tcp_ping received 524288 bytes back
Round trip time was 12.9472 milliseconds in repetition 245
tcp_ping received 524288 bytes back
Round trip time was 11.0727 milliseconds in repetition 246
tcp_ping received 524288 bytes back
Round trip time was 13.0593 milliseconds in repetition 247
tcp_ping received 524288 bytes back
Round trip time was 11.6503 milliseconds in repetition 248
tcp_ping received 524288 bytes back
Round trip time was 11.3343 milliseconds in repetition 249
tcp_ping received 524288 bytes back
Round trip time was 11.5784 milliseconds in repetition 250
tcp_ping received 524288 bytes back
Round trip time was 11.3263 milliseconds in repetition 251
tcp_ping received 524288 bytes back
Round trip time was 11.0448 milliseconds in repetition 252
tcp_ping received 524288 bytes back
Round trip time was 11.3931 milliseconds in repetition 253
tcp_ping received 524288 bytes back
Round trip time was 11.0219 milliseconds in repetition 254
tcp_ping received 524288 bytes back
Round trip time was 12.9963 milliseconds in repetition 255
tcp_ping received 524288 bytes back
Round trip time was 11.121 milliseconds in repetition 256
tcp_ping received 524288 bytes back
Round trip time was 11.5545 milliseconds in repetition 257
tcp_ping received 524288 bytes back
Round trip time was 10.9254 milliseconds in repetition 258
tcp_ping received 524288 bytes back
Round trip time was 11.3882 milliseconds in repetition 259
tcp_ping received 524288 bytes back
Round trip time was 14.7393 milliseconds in repetition 260
tcp_ping received 524288 bytes back
Round trip time was 10.8396 milliseconds in repetition 261
tcp_ping received 524288 bytes back
Round trip time was 10.6969 milliseconds in repetition 262
tcp_ping received 524288 bytes back
Round trip time was 10.959 milliseconds in repetition 263
tcp_ping received 524288 bytes back
Round trip time was 10.9705 milliseconds in repetition 264
tcp_ping received 524288 bytes back
Round trip time was 11.0489 milliseconds in repetition 265
tcp_ping received 524288 bytes back
Round trip time was 11.0764 milliseconds in repetition 266
tcp_ping received 524288 bytes back
Round trip time was 15.0994 milliseconds in repetition 267
tcp_ping received 524288 bytes back
Round trip time was 13.9787 milliseconds in repetition 268
tcp_ping received 524288 bytes back
Round trip time was 12.5309 milliseconds in repetition 269
tcp_ping received 524288 bytes back
Round trip time was 12.431 milliseconds in repetition 270
tcp_ping received 524288 bytes back
Round trip time was 11.5939 milliseconds in repetition 271
tcp_ping received 524288 bytes back
Round trip time was 11.2131 milliseconds in repetition 272
tcp_ping received 524288 bytes back
Round trip time was 10.6697 milliseconds in repetition 273
tcp_ping received 524288 bytes back
Round trip time was 11.0367 milliseconds in repetition 274
tcp_ping received 524288 bytes back
Round trip time was 11.4267 milliseconds in repetition 275
tcp_ping received 524288 bytes back
Round trip time was 11.0467 milliseconds in repetition 276
tcp_ping received 524288 bytes back
Round trip time was 11.0412 milliseconds in repetition 277
tcp_ping received 524288 bytes back
Round trip time was 13.0253 milliseconds in repetition 278
tcp_ping received 524288 bytes back
Round trip time was 11.1261 milliseconds in repetition 279
tcp_ping received 524288 bytes back
Round trip time was 11.8011 milliseconds in repetition 280
tcp_ping received 524288 bytes back
Round trip time was 11.0216 milliseconds in repetition 281
tcp_ping received 524288 bytes back
Round trip time was 11.3253 milliseconds in repetition 282
tcp_ping received 524288 bytes back
Round trip time was 11.396 milliseconds in repetition 283
tcp_ping received 524288 bytes back
Round trip time was 13.9085 milliseconds in repetition 284
tcp_ping received 524288 bytes back
Round trip time was 10.9165 milliseconds in repetition 285
tcp_ping received 524288 bytes back
Round trip time was 12.0642 milliseconds in repetition 286
tcp_ping received 524288 bytes back
Round trip time was 9.97581 milliseconds in repetition 287
tcp_ping received 524288 bytes back
Round trip time was 11.0101 milliseconds in repetition 288
tcp_ping received 524288 bytes back
Round trip time was 10.7232 milliseconds in repetition 289
tcp_ping received 524288 bytes back
Round trip time was 11.3818 milliseconds in repetition 290
tcp_ping received 524288 bytes back
Round trip time was 10.8088 milliseconds in repetition 291
tcp_ping received 524288 bytes back
Round trip time was 11.3369 milliseconds in repetition 292
tcp_ping received 524288 bytes back
Round trip time was 12.9797 milliseconds in repetition 293
tcp_ping received 524288 bytes back
Round trip time was 11.061 milliseconds in repetition 294
tcp_ping received 524288 bytes back
Round trip time was 11.8735 milliseconds in repetition 295
tcp_ping received 524288 bytes back
Round trip time was 11.611 milliseconds in repetition 296
tcp_ping received 524288 bytes back
Round trip time was 11.0902 milliseconds in repetition 297
tcp_ping received 524288 bytes back
Round trip time was 11.3288 milliseconds in repetition 298
tcp_ping received 524288 bytes back
Round trip time was 11.3682 milliseconds in repetition 299
tcp_ping received 524288 bytes back
Round trip time was 13.1747 milliseconds in repetition 300
tcp_ping received 524288 bytes back
Round trip time was 11.2725 milliseconds in repetition 301
tcp_ping received 524288 bytes back
Round trip time was 10.9256 milliseconds in repetition 302
tcp_ping received 524288 bytes back
Round trip time was 10.2905 milliseconds in repetition 303
tcp_ping received 524288 bytes back
Round trip time was 11.1586 milliseconds in repetition 304
tcp_ping received 524288 bytes back
Round trip time was 11.908 milliseconds in repetition 305
tcp_ping received 524288 bytes back
Round trip time was 11.1124 milliseconds in repetition 306
tcp_ping received 524288 bytes back
Round trip time was 11.1046 milliseconds in repetition 307
tcp_ping received 524288 bytes back
Round trip time was 14.4128 milliseconds in repetition 308
tcp_ping received 524288 bytes back
Round trip time was 12.0332 milliseconds in repetition 309
tcp_ping received 524288 bytes back
Round trip time was 11.2703 milliseconds in repetition 310
tcp_ping received 524288 bytes back
Round trip time was 222.82 milliseconds in repetition 311
tcp_ping received 524288 bytes back
Round trip time was 11.7871 milliseconds in repetition 312
tcp_ping received 524288 bytes back
Round trip time was 11.2975 milliseconds in repetition 313
tcp_ping received 524288 bytes back
Round trip time was 12.2223 milliseconds in repetition 314
tcp_ping received 524288 bytes back
Round trip time was 11.4746 milliseconds in repetition 315
tcp_ping received 524288 bytes back
Round trip time was 11.4721 milliseconds in repetition 316
tcp_ping received 524288 bytes back
Round trip time was 11.5625 milliseconds in repetition 317
tcp_ping received 524288 bytes back
Round trip time was 11.3696 milliseconds in repetition 318
tcp_ping received 524288 bytes back
Round trip time was 13 milliseconds in repetition 319
tcp_ping received 524288 bytes back
Round trip time was 15.7278 milliseconds in repetition 320
tcp_ping received 524288 bytes back
Round trip time was 11.6013 milliseconds in repetition 321
tcp_ping received 524288 bytes back
Round trip time was 11.5 milliseconds in repetition 322
tcp_ping received 524288 bytes back
Round trip time was 11.0381 milliseconds in repetition 323
tcp_ping received 524288 bytes back
Round trip time was 11.9464 milliseconds in repetition 324
tcp_ping received 524288 bytes back
Round trip time was 11.2564 milliseconds in repetition 325
tcp_ping received 524288 bytes back
Round trip time was 12.81 milliseconds in repetition 326
tcp_ping received 524288 bytes back
Round trip time was 11.4635 milliseconds in repetition 327
tcp_ping received 524288 bytes back
Round trip time was 11.2591 milliseconds in repetition 328
tcp_ping received 524288 bytes back
Round trip time was 11.2193 milliseconds in repetition 329
tcp_ping received 524288 bytes back
Round trip time was 11.3828 milliseconds in repetition 330
tcp_ping received 524288 bytes back
Round trip time was 14.9488 milliseconds in repetition 331
tcp_ping received 524288 bytes back
Round trip time was 11.8501 milliseconds in repetition 332
tcp_ping received 524288 bytes back
Round trip time was 11.1601 milliseconds in repetition 333
tcp_ping received 524288 bytes back
Round trip time was 12.2016 milliseconds in repetition 334
tcp_ping received 524288 bytes back
Round trip time was 17.4079 milliseconds in repetition 335
tcp_ping received 524288 bytes back
Round trip time was 12.1565 milliseconds in repetition 336
tcp_ping received 524288 bytes back
Round trip time was 12.5591 milliseconds in repetition 337
tcp_ping received 524288 bytes back
Round trip time was 16.3737 milliseconds in repetition 338
tcp_ping received 524288 bytes back
Round trip time was 12.9594 milliseconds in repetition 339
tcp_ping received 524288 bytes back
Round trip time was 12.0847 milliseconds in repetition 340
tcp_ping received 524288 bytes back
Round trip time was 12.9372 milliseconds in repetition 341
tcp_ping received 524288 bytes back
Round trip time was 12.4349 milliseconds in repetition 342
tcp_ping received 524288 bytes back
Round trip time was 12.5139 milliseconds in repetition 343
tcp_ping received 524288 bytes back
Round trip time was 14.2946 milliseconds in repetition 344
tcp_ping received 524288 bytes back
Round trip time was 11.5964 milliseconds in repetition 345
tcp_ping received 524288 bytes back
Round trip time was 11.4709 milliseconds in repetition 346
tcp_ping received 524288 bytes back
Round trip time was 11.2277 milliseconds in repetition 347
tcp_ping received 524288 bytes back
Round trip time was 11.4892 milliseconds in repetition 348
tcp_ping received 524288 bytes back
Round trip time was 11.7179 milliseconds in repetition 349
tcp_ping received 524288 bytes back
Round trip time was 13.9571 milliseconds in repetition 350
tcp_ping received 524288 bytes back
Round trip time was 11.794 milliseconds in repetition 351
tcp_ping received 524288 bytes back
Round trip time was 11.49 milliseconds in repetition 352
tcp_ping received 524288 bytes back
Round trip time was 11.6379 milliseconds in repetition 353
tcp_ping received 524288 bytes back
Round trip time was 11.8353 milliseconds in repetition 354
tcp_ping received 524288 bytes back
Round trip time was 11.563 milliseconds in repetition 355
tcp_ping received 524288 bytes back
Round trip time was 12.6872 milliseconds in repetition 356
tcp_ping received 524288 bytes back
Round trip time was 12.2572 milliseconds in repetition 357
tcp_ping received 524288 bytes back
Round trip time was 11.5168 milliseconds in repetition 358
tcp_ping received 524288 bytes back
Round trip time was 12.0885 milliseconds in repetition 359
tcp_ping received 524288 bytes back
Round trip time was 12.8442 milliseconds in repetition 360
tcp_ping received 524288 bytes back
Round trip time was 13.7121 milliseconds in repetition 361
tcp_ping received 524288 bytes back
Round trip time was 12.0226 milliseconds in repetition 362
tcp_ping received 524288 bytes back
Round trip time was 11.6317 milliseconds in repetition 363
tcp_ping received 524288 bytes back
Round trip time was 11.6099 milliseconds in repetition 364
tcp_ping received 524288 bytes back
Round trip time was 13.4019 milliseconds in repetition 365
tcp_ping received 524288 bytes back
Round trip time was 11.4393 milliseconds in repetition 366
tcp_ping received 524288 bytes back
Round trip time was 11.7161 milliseconds in repetition 367
tcp_ping received 524288 bytes back
Round trip time was 12.1572 milliseconds in repetition 368
tcp_ping received 524288 bytes back
Round trip time was 11.3559 milliseconds in repetition 369
tcp_ping received 524288 bytes back
Round trip time was 13.983 milliseconds in repetition 370
tcp_ping received 524288 bytes back
Round trip time was 11.4089 milliseconds in repetition 371
tcp_ping received 524288 bytes back
Round trip time was 12.2947 milliseconds in repetition 372
tcp_ping received 524288 bytes back
Round trip time was 12.079 milliseconds in repetition 373
tcp_ping received 524288 bytes back
Round trip time was 11.8925 milliseconds in repetition 374
tcp_ping received 524288 bytes back
Round trip time was 14.7403 milliseconds in repetition 375
tcp_ping received 524288 bytes back
Round trip time was 11.9421 milliseconds in repetition 376
tcp_ping received 524288 bytes back
Round trip time was 14.2383 milliseconds in repetition 377
tcp_ping received 524288 bytes back
Round trip time was 14.4511 milliseconds in repetition 378
tcp_ping received 524288 bytes back
Round trip time was 13.5864 milliseconds in repetition 379
tcp_ping received 524288 bytes back
Round trip time was 11.6789 milliseconds in repetition 380
tcp_ping received 524288 bytes back
Round trip time was 12.0587 milliseconds in repetition 381
tcp_ping received 524288 bytes back
Round trip time was 12.6815 milliseconds in repetition 382
tcp_ping received 524288 bytes back
Round trip time was 12.1401 milliseconds in repetition 383
tcp_ping received 524288 bytes back
Round trip time was 12.266 milliseconds in repetition 384
tcp_ping received 524288 bytes back
Round trip time was 13.7624 milliseconds in repetition 385
tcp_ping received 524288 bytes back
Round trip time was 11.7924 milliseconds in repetition 386
tcp_ping received 524288 bytes back
Round trip time was 13.7557 milliseconds in repetition 387
tcp_ping received 524288 bytes back
Round trip time was 12.7016 milliseconds in repetition 388
tcp_ping received 524288 bytes back
Round trip time was 12.172 milliseconds in repetition 389
tcp_ping received 524288 bytes back
Round trip time was 13.763 milliseconds in repetition 390
tcp_ping received 524288 bytes back
Round trip time was 11.7 milliseconds in repetition 391
tcp_ping received 524288 bytes back
Round trip time was 11.57 milliseconds in repetition 392
tcp_ping received 524288 bytes back
Round trip time was 12.2768 milliseconds in repetition 393
tcp_ping received 524288 bytes back
Round trip time was 14.7539 milliseconds in repetition 394
tcp_ping received 524288 bytes back
Round trip time was 11.5425 milliseconds in repetition 395
tcp_ping received 524288 bytes back
Round trip time was 11.6306 milliseconds in repetition 396
tcp_ping received 524288 bytes back
Round trip time was 12.0675 milliseconds in repetition 397
tcp_ping received 524288 bytes back
Round trip time was 12.1344 milliseconds in repetition 398
tcp_ping received 524288 bytes back
Round trip time was 13.9855 milliseconds in repetition 399
tcp_ping received 524288 bytes back
Round trip time was 12.5086 milliseconds in repetition 400
tcp_ping received 524288 bytes back
Round trip time was 12.0595 milliseconds in repetition 401
tcp_ping received 524288 bytes back
Round trip time was 12.6674 milliseconds in repetition 402
tcp_ping received 524288 bytes back
Round trip time was 14.3789 milliseconds in repetition 403
tcp_ping received 524288 bytes back
Round trip time was 11.938 milliseconds in repetition 404
tcp_ping received 524288 bytes back
Round trip time was 11.4312 milliseconds in repetition 405
tcp_ping received 524288 bytes back
Round trip time was 12.0718 milliseconds in repetition 406
tcp_ping received 524288 bytes back
Round trip time was 11.8721 milliseconds in repetition 407
tcp_ping received 524288 bytes back
Round trip time was 14.3374 milliseconds in repetition 408
tcp_ping received 524288 bytes back
Round trip time was 11.4732 milliseconds in repetition 409
tcp_ping received 524288 bytes back
Round trip time was 13.4278 milliseconds in repetition 410
tcp_ping received 524288 bytes back
Round trip time was 15.4821 milliseconds in repetition 411
tcp_ping received 524288 bytes back
Round trip time was 12.0362 milliseconds in repetition 412
tcp_ping received 524288 bytes back
Round trip time was 14.2425 milliseconds in repetition 413
tcp_ping received 524288 bytes back
Round trip time was 11.8562 milliseconds in repetition 414
tcp_ping received 524288 bytes back
Round trip time was 12.063 milliseconds in repetition 415
tcp_ping received 524288 bytes back
Round trip time was 11.6126 milliseconds in repetition 416
tcp_ping received 524288 bytes back
Round trip time was 12.6689 milliseconds in repetition 417
tcp_ping received 524288 bytes back
Round trip time was 15.6077 milliseconds in repetition 418
tcp_ping received 524288 bytes back
Round trip time was 12.1166 milliseconds in repetition 419
tcp_ping received 524288 bytes back
Round trip time was 12.8491 milliseconds in repetition 420
tcp_ping received 524288 bytes back
Round trip time was 11.5816 milliseconds in repetition 421
tcp_ping received 524288 bytes back
Round trip time was 11.4429 milliseconds in repetition 422
tcp_ping received 524288 bytes back
Round trip time was 13.6448 milliseconds in repetition 423
tcp_ping received 524288 bytes back
Round trip time was 11.8176 milliseconds in repetition 424
tcp_ping received 524288 bytes back
Round trip time was 11.2589 milliseconds in repetition 425
tcp_ping received 524288 bytes back
Round trip time was 14.7526 milliseconds in repetition 426
tcp_ping received 524288 bytes back
Round trip time was 11.5757 milliseconds in repetition 427
tcp_ping received 524288 bytes back
Round trip time was 11.6228 milliseconds in repetition 428
tcp_ping received 524288 bytes back
Round trip time was 11.9622 milliseconds in repetition 429
tcp_ping received 524288 bytes back
Round trip time was 11.9747 milliseconds in repetition 430
tcp_ping received 524288 bytes back
Round trip time was 12.0664 milliseconds in repetition 431
tcp_ping received 524288 bytes back
Round trip time was 12.5197 milliseconds in repetition 432
tcp_ping received 524288 bytes back
Round trip time was 12.4608 milliseconds in repetition 433
tcp_ping received 524288 bytes back
Round trip time was 11.9301 milliseconds in repetition 434
tcp_ping received 524288 bytes back
Round trip time was 11.5558 milliseconds in repetition 435
tcp_ping received 524288 bytes back
Round trip time was 11.5294 milliseconds in repetition 436
tcp_ping received 524288 bytes back
Round trip time was 11.9409 milliseconds in repetition 437
tcp_ping received 524288 bytes back
Round trip time was 11.7293 milliseconds in repetition 438
tcp_ping received 524288 bytes back
Round trip time was 11.8973 milliseconds in repetition 439
tcp_ping received 524288 bytes back
Round trip time was 11.8667 milliseconds in repetition 440
tcp_ping received 524288 bytes back
Round trip time was 12.2642 milliseconds in repetition 441
tcp_ping received 524288 bytes back
Round trip time was 11.3115 milliseconds in repetition 442
tcp_ping received 524288 bytes back
Round trip time was 11.9674 milliseconds in repetition 443
tcp_ping received 524288 bytes back
Round trip time was 18.9293 milliseconds in repetition 444
tcp_ping received 524288 bytes back
Round trip time was 12.617 milliseconds in repetition 445
tcp_ping received 524288 bytes back
Round trip time was 12.6794 milliseconds in repetition 446
tcp_ping received 524288 bytes back
Round trip time was 12.4083 milliseconds in repetition 447
tcp_ping received 524288 bytes back
Round trip time was 15.2091 milliseconds in repetition 448
tcp_ping received 524288 bytes back
Round trip time was 11.877 milliseconds in repetition 449
tcp_ping received 524288 bytes back
Round trip time was 14.4854 milliseconds in repetition 450
tcp_ping received 524288 bytes back
Round trip time was 16.4912 milliseconds in repetition 451
tcp_ping received 524288 bytes back
Round trip time was 11.7302 milliseconds in repetition 452
tcp_ping received 524288 bytes back
Round trip time was 11.7163 milliseconds in repetition 453
tcp_ping received 524288 bytes back
Round trip time was 14.2946 milliseconds in repetition 454
tcp_ping received 524288 bytes back
Round trip time was 11.8789 milliseconds in repetition 455
tcp_ping received 524288 bytes back
Round trip time was 14.7464 milliseconds in repetition 456
tcp_ping received 524288 bytes back
Round trip time was 11.8749 milliseconds in repetition 457
tcp_ping received 524288 bytes back
Round trip time was 13.6682 milliseconds in repetition 458
tcp_ping received 524288 bytes back
Round trip time was 12.2996 milliseconds in repetition 459
tcp_ping received 524288 bytes back
Round trip time was 11.7891 milliseconds in repetition 460
tcp_ping received 524288 bytes back
Round trip time was 12.1058 milliseconds in repetition 461
tcp_ping received 524288 bytes back
Round trip time was 14.5786 milliseconds in repetition 462
tcp_ping received 524288 bytes back
Round trip time was 11.6157 milliseconds in repetition 463
tcp_ping received 524288 bytes back
Round trip time was 11.8272 milliseconds in repetition 464
tcp_ping received 524288 bytes back
Round trip time was 11.2357 milliseconds in repetition 465
tcp_ping received 524288 bytes back
Round trip time was 13.0743 milliseconds in repetition 466
tcp_ping received 524288 bytes back
Round trip time was 11.0077 milliseconds in repetition 467
tcp_ping received 524288 bytes back
Round trip time was 11.3405 milliseconds in repetition 468
tcp_ping received 524288 bytes back
Round trip time was 11.2001 milliseconds in repetition 469
tcp_ping received 524288 bytes back
Round trip time was 11.7932 milliseconds in repetition 470
tcp_ping received 524288 bytes back
Round trip time was 11.9972 milliseconds in repetition 471
tcp_ping received 524288 bytes back
Round trip time was 11.9133 milliseconds in repetition 472
tcp_ping received 524288 bytes back
Round trip time was 14.887 milliseconds in repetition 473
tcp_ping received 524288 bytes back
Round trip time was 12.3408 milliseconds in repetition 474
tcp_ping received 524288 bytes back
Round trip time was 11.957 milliseconds in repetition 475
tcp_ping received 524288 bytes back
Round trip time was 12.0047 milliseconds in repetition 476
tcp_ping received 524288 bytes back
Round trip time was 13.3798 milliseconds in repetition 477
tcp_ping received 524288 bytes back
Round trip time was 12.0875 milliseconds in repetition 478
tcp_ping received 524288 bytes back
Round trip time was 10.8213 milliseconds in repetition 479
tcp_ping received 524288 bytes back
Round trip time was 11.9337 milliseconds in repetition 480
tcp_ping received 524288 bytes back
Round trip time was 11.9812 milliseconds in repetition 481
tcp_ping received 524288 bytes back
Round trip time was 13.1145 milliseconds in repetition 482
tcp_ping received 524288 bytes back
Round trip time was 12.9981 milliseconds in repetition 483
tcp_ping received 524288 bytes back
Round trip time was 11.4531 milliseconds in repetition 484
tcp_ping received 524288 bytes back
Round trip time was 13.9579 milliseconds in repetition 485
tcp_ping received 524288 bytes back
Round trip time was 14.6808 milliseconds in repetition 486
tcp_ping received 524288 bytes back
Round trip time was 11.9006 milliseconds in repetition 487
tcp_ping received 524288 bytes back
Round trip time was 12.4318 milliseconds in repetition 488
tcp_ping received 524288 bytes back
Round trip time was 12.501 milliseconds in repetition 489
tcp_ping received 524288 bytes back
Round trip time was 11.9441 milliseconds in repetition 490
tcp_ping received 524288 bytes back
Round trip time was 13.5106 milliseconds in repetition 491
tcp_ping received 524288 bytes back
Round trip time was 11.9563 milliseconds in repetition 492
tcp_ping received 524288 bytes back
Round trip time was 11.7862 milliseconds in repetition 493
tcp_ping received 524288 bytes back
Round trip time was 13.8863 milliseconds in repetition 494
tcp_ping received 524288 bytes back
Round trip time was 11.9071 milliseconds in repetition 495
tcp_ping received 524288 bytes back
Round trip time was 11.9417 milliseconds in repetition 496
tcp_ping received 524288 bytes back
Round trip time was 12.0391 milliseconds in repetition 497
tcp_ping received 524288 bytes back
Round trip time was 15.6584 milliseconds in repetition 498
tcp_ping received 524288 bytes back
Round trip time was 11.9874 milliseconds in repetition 499
tcp_ping received 524288 bytes back
Round trip time was 12.7527 milliseconds in repetition 500
tcp_ping received 524288 bytes back
Round trip time was 12.6648 milliseconds in repetition 501

 ... clock resolution was 1e-06
TCP Ping:  Statistics over 501 repetitions of 524288 byte messages

RTT : percentile 10: 10.8419, median: 11.6228, percentile 90: 14.0091, average: 12.5462, variance: 92.2453

RTT histogram:
9.97581 482
20.618 17
31.2602 0
41.9024 1
52.5447 0
63.1869 0
73.8291 0
84.4713 0
95.1135 0
105.756 0
116.398 0
127.04 0
137.682 0
148.325 0
158.967 0
169.609 0
180.251 0
190.893 0
201.536 0
212.178 0
222.82 1

   median Throughput : 90217.2 KB/s   overall Throughput : 83577.3 KB/s

