TCP Ping trying to connect to server 130.251.61.30 (130.251.61.30) on port 1491
 ... connected to Pong server: asking for 501 repetitions of 131072 bytes TCP messages
 ... Pong server agreed :-)
tcp_ping received 131072 bytes back
Round trip time was 31.5604 milliseconds in repetition 1
tcp_ping received 131072 bytes back
Round trip time was 4.65342 milliseconds in repetition 2
tcp_ping received 131072 bytes back
Round trip time was 4.70311 milliseconds in repetition 3
tcp_ping received 131072 bytes back
Round trip time was 3.83366 milliseconds in repetition 4
tcp_ping received 131072 bytes back
Round trip time was 3.92595 milliseconds in repetition 5
tcp_ping received 131072 bytes back
Round trip time was 3.52154 milliseconds in repetition 6
tcp_ping received 131072 bytes back
Round trip time was 3.12533 milliseconds in repetition 7
tcp_ping received 131072 bytes back
Round trip time was 3.2396 milliseconds in repetition 8
tcp_ping received 131072 bytes back
Round trip time was 3.5119 milliseconds in repetition 9
tcp_ping received 131072 bytes back
Round trip time was 3.53413 milliseconds in repetition 10
tcp_ping received 131072 bytes back
Round trip time was 4.02226 milliseconds in repetition 11
tcp_ping received 131072 bytes back
Round trip time was 3.12276 milliseconds in repetition 12
tcp_ping received 131072 bytes back
Round trip time was 3.3324 milliseconds in repetition 13
tcp_ping received 131072 bytes back
Round trip time was 3.92038 milliseconds in repetition 14
tcp_ping received 131072 bytes back
Round trip time was 3.31221 milliseconds in repetition 15
tcp_ping received 131072 bytes back
Round trip time was 3.30931 milliseconds in repetition 16
tcp_ping received 131072 bytes back
Round trip time was 3.18598 milliseconds in repetition 17
tcp_ping received 131072 bytes back
Round trip time was 3.72662 milliseconds in repetition 18
tcp_ping received 131072 bytes back
Round trip time was 3.34279 milliseconds in repetition 19
tcp_ping received 131072 bytes back
Round trip time was 5.51641 milliseconds in repetition 20
tcp_ping received 131072 bytes back
Round trip time was 5.12268 milliseconds in repetition 21
tcp_ping received 131072 bytes back
Round trip time was 3.89109 milliseconds in repetition 22
tcp_ping received 131072 bytes back
Round trip time was 3.69672 milliseconds in repetition 23
tcp_ping received 131072 bytes back
Round trip time was 3.62103 milliseconds in repetition 24
tcp_ping received 131072 bytes back
Round trip time was 3.23991 milliseconds in repetition 25
tcp_ping received 131072 bytes back
Round trip time was 3.3491 milliseconds in repetition 26
tcp_ping received 131072 bytes back
Round trip time was 3.64679 milliseconds in repetition 27
tcp_ping received 131072 bytes back
Round trip time was 4.10957 milliseconds in repetition 28
tcp_ping received 131072 bytes back
Round trip time was 3.97655 milliseconds in repetition 29
tcp_ping received 131072 bytes back
Round trip time was 3.55756 milliseconds in repetition 30
tcp_ping received 131072 bytes back
Round trip time was 3.67462 milliseconds in repetition 31
tcp_ping received 131072 bytes back
Round trip time was 3.51135 milliseconds in repetition 32
tcp_ping received 131072 bytes back
Round trip time was 3.55764 milliseconds in repetition 33
tcp_ping received 131072 bytes back
Round trip time was 3.2537 milliseconds in repetition 34
tcp_ping received 131072 bytes back
Round trip time was 3.11338 milliseconds in repetition 35
tcp_ping received 131072 bytes back
Round trip time was 4.35086 milliseconds in repetition 36
tcp_ping received 131072 bytes back
Round trip time was 3.6885 milliseconds in repetition 37
tcp_ping received 131072 bytes back
Round trip time was 3.47577 milliseconds in repetition 38
tcp_ping received 131072 bytes back
Round trip time was 3.50737 milliseconds in repetition 39
tcp_ping received 131072 bytes back
Round trip time was 3.33258 milliseconds in repetition 40
tcp_ping received 131072 bytes back
Round trip time was 3.59973 milliseconds in repetition 41
tcp_ping received 131072 bytes back
Round trip time was 3.4183 milliseconds in repetition 42
tcp_ping received 131072 bytes back
Round trip time was 3.86493 milliseconds in repetition 43
tcp_ping received 131072 bytes back
Round trip time was 3.71212 milliseconds in repetition 44
tcp_ping received 131072 bytes back
Round trip time was 3.208 milliseconds in repetition 45
tcp_ping received 131072 bytes back
Round trip time was 3.54551 milliseconds in repetition 46
tcp_ping received 131072 bytes back
Round trip time was 4.06127 milliseconds in repetition 47
tcp_ping received 131072 bytes back
Round trip time was 3.37766 milliseconds in repetition 48
tcp_ping received 131072 bytes back
Round trip time was 3.95516 milliseconds in repetition 49
tcp_ping received 131072 bytes back
Round trip time was 4.07204 milliseconds in repetition 50
tcp_ping received 131072 bytes back
Round trip time was 4.00475 milliseconds in repetition 51
tcp_ping received 131072 bytes back
Round trip time was 3.81622 milliseconds in repetition 52
tcp_ping received 131072 bytes back
Round trip time was 3.0172 milliseconds in repetition 53
tcp_ping received 131072 bytes back
Round trip time was 3.49424 milliseconds in repetition 54
tcp_ping received 131072 bytes back
Round trip time was 6.06165 milliseconds in repetition 55
tcp_ping received 131072 bytes back
Round trip time was 5.15674 milliseconds in repetition 56
tcp_ping received 131072 bytes back
Round trip time was 3.10803 milliseconds in repetition 57
tcp_ping received 131072 bytes back
Round trip time was 3.38438 milliseconds in repetition 58
tcp_ping received 131072 bytes back
Round trip time was 3.3796 milliseconds in repetition 59
tcp_ping received 131072 bytes back
Round trip time was 3.29163 milliseconds in repetition 60
tcp_ping received 131072 bytes back
Round trip time was 3.18095 milliseconds in repetition 61
tcp_ping received 131072 bytes back
Round trip time was 3.59277 milliseconds in repetition 62
tcp_ping received 131072 bytes back
Round trip time was 4.40904 milliseconds in repetition 63
tcp_ping received 131072 bytes back
Round trip time was 3.51287 milliseconds in repetition 64
tcp_ping received 131072 bytes back
Round trip time was 4.02487 milliseconds in repetition 65
tcp_ping received 131072 bytes back
Round trip time was 3.10154 milliseconds in repetition 66
tcp_ping received 131072 bytes back
Round trip time was 3.99148 milliseconds in repetition 67
tcp_ping received 131072 bytes back
Round trip time was 3.53058 milliseconds in repetition 68
tcp_ping received 131072 bytes back
Round trip time was 3.62197 milliseconds in repetition 69
tcp_ping received 131072 bytes back
Round trip time was 4.33483 milliseconds in repetition 70
tcp_ping received 131072 bytes back
Round trip time was 3.58191 milliseconds in repetition 71
tcp_ping received 131072 bytes back
Round trip time was 3.30009 milliseconds in repetition 72
tcp_ping received 131072 bytes back
Round trip time was 3.28269 milliseconds in repetition 73
tcp_ping received 131072 bytes back
Round trip time was 3.31759 milliseconds in repetition 74
tcp_ping received 131072 bytes back
Round trip time was 3.32969 milliseconds in repetition 75
tcp_ping received 131072 bytes back
Round trip time was 4.30799 milliseconds in repetition 76
tcp_ping received 131072 bytes back
Round trip time was 3.26456 milliseconds in repetition 77
tcp_ping received 131072 bytes back
Round trip time was 5.49146 milliseconds in repetition 78
tcp_ping received 131072 bytes back
Round trip time was 3.09603 milliseconds in repetition 79
tcp_ping received 131072 bytes back
Round trip time was 3.64375 milliseconds in repetition 80
tcp_ping received 131072 bytes back
Round trip time was 3.27381 milliseconds in repetition 81
tcp_ping received 131072 bytes back
Round trip time was 3.25355 milliseconds in repetition 82
tcp_ping received 131072 bytes back
Round trip time was 3.613 milliseconds in repetition 83
tcp_ping received 131072 bytes back
Round trip time was 4.19685 milliseconds in repetition 84
tcp_ping received 131072 bytes back
Round trip time was 4.37876 milliseconds in repetition 85
tcp_ping received 131072 bytes back
Round trip time was 4.40646 milliseconds in repetition 86
tcp_ping received 131072 bytes back
Round trip time was 4.00445 milliseconds in repetition 87
tcp_ping received 131072 bytes back
Round trip time was 3.41937 milliseconds in repetition 88
tcp_ping received 131072 bytes back
Round trip time was 3.65646 milliseconds in repetition 89
tcp_ping received 131072 bytes back
Round trip time was 3.57459 milliseconds in repetition 90
tcp_ping received 131072 bytes back
Round trip time was 3.70878 milliseconds in repetition 91
tcp_ping received 131072 bytes back
Round trip time was 3.05962 milliseconds in repetition 92
tcp_ping received 131072 bytes back
Round trip time was 3.48882 milliseconds in repetition 93
tcp_ping received 131072 bytes back
Round trip time was 3.15783 milliseconds in repetition 94
tcp_ping received 131072 bytes back
Round trip time was 3.44788 milliseconds in repetition 95
tcp_ping received 131072 bytes back
Round trip time was 3.95397 milliseconds in repetition 96
tcp_ping received 131072 bytes back
Round trip time was 3.52709 milliseconds in repetition 97
tcp_ping received 131072 bytes back
Round trip time was 3.53974 milliseconds in repetition 98
tcp_ping received 131072 bytes back
Round trip time was 3.82099 milliseconds in repetition 99
tcp_ping received 131072 bytes back
Round trip time was 3.43184 milliseconds in repetition 100
tcp_ping received 131072 bytes back
Round trip time was 3.7355 milliseconds in repetition 101
tcp_ping received 131072 bytes back
Round trip time was 3.72619 milliseconds in repetition 102
tcp_ping received 131072 bytes back
Round trip time was 3.34679 milliseconds in repetition 103
tcp_ping received 131072 bytes back
Round trip time was 3.51036 milliseconds in repetition 104
tcp_ping received 131072 bytes back
Round trip time was 4.03629 milliseconds in repetition 105
tcp_ping received 131072 bytes back
Round trip time was 4.01797 milliseconds in repetition 106
tcp_ping received 131072 bytes back
Round trip time was 3.63056 milliseconds in repetition 107
tcp_ping received 131072 bytes back
Round trip time was 3.4424 milliseconds in repetition 108
tcp_ping received 131072 bytes back
Round trip time was 3.2843 milliseconds in repetition 109
tcp_ping received 131072 bytes back
Round trip time was 3.67841 milliseconds in repetition 110
tcp_ping received 131072 bytes back
Round trip time was 4.11622 milliseconds in repetition 111
tcp_ping received 131072 bytes back
Round trip time was 4.25224 milliseconds in repetition 112
tcp_ping received 131072 bytes back
Round trip time was 3.45818 milliseconds in repetition 113
tcp_ping received 131072 bytes back
Round trip time was 3.22153 milliseconds in repetition 114
tcp_ping received 131072 bytes back
Round trip time was 3.4531 milliseconds in repetition 115
tcp_ping received 131072 bytes back
Round trip time was 3.32696 milliseconds in repetition 116
tcp_ping received 131072 bytes back
Round trip time was 3.28362 milliseconds in repetition 117
tcp_ping received 131072 bytes back
Round trip time was 3.28617 milliseconds in repetition 118
tcp_ping received 131072 bytes back
Round trip time was 3.38647 milliseconds in repetition 119
tcp_ping received 131072 bytes back
Round trip time was 4.95096 milliseconds in repetition 120
tcp_ping received 131072 bytes back
Round trip time was 3.29704 milliseconds in repetition 121
tcp_ping received 131072 bytes back
Round trip time was 3.04131 milliseconds in repetition 122
tcp_ping received 131072 bytes back
Round trip time was 3.35956 milliseconds in repetition 123
tcp_ping received 131072 bytes back
Round trip time was 3.73905 milliseconds in repetition 124
tcp_ping received 131072 bytes back
Round trip time was 3.17297 milliseconds in repetition 125
tcp_ping received 131072 bytes back
Round trip time was 3.34812 milliseconds in repetition 126
tcp_ping received 131072 bytes back
Round trip time was 3.45198 milliseconds in repetition 127
tcp_ping received 131072 bytes back
Round trip time was 3.56467 milliseconds in repetition 128
tcp_ping received 131072 bytes back
Round trip time was 3.13713 milliseconds in repetition 129
tcp_ping received 131072 bytes back
Round trip time was 4.29246 milliseconds in repetition 130
tcp_ping received 131072 bytes back
Round trip time was 3.84388 milliseconds in repetition 131
tcp_ping received 131072 bytes back
Round trip time was 3.50025 milliseconds in repetition 132
tcp_ping received 131072 bytes back
Round trip time was 3.23586 milliseconds in repetition 133
tcp_ping received 131072 bytes back
Round trip time was 3.23376 milliseconds in repetition 134
tcp_ping received 131072 bytes back
Round trip time was 3.12139 milliseconds in repetition 135
tcp_ping received 131072 bytes back
Round trip time was 3.87295 milliseconds in repetition 136
tcp_ping received 131072 bytes back
Round trip time was 4.25663 milliseconds in repetition 137
tcp_ping received 131072 bytes back
Round trip time was 3.97105 milliseconds in repetition 138
tcp_ping received 131072 bytes back
Round trip time was 3.65931 milliseconds in repetition 139
tcp_ping received 131072 bytes back
Round trip time was 3.44877 milliseconds in repetition 140
tcp_ping received 131072 bytes back
Round trip time was 3.937 milliseconds in repetition 141
tcp_ping received 131072 bytes back
Round trip time was 4.19974 milliseconds in repetition 142
tcp_ping received 131072 bytes back
Round trip time was 3.65353 milliseconds in repetition 143
tcp_ping received 131072 bytes back
Round trip time was 3.77876 milliseconds in repetition 144
tcp_ping received 131072 bytes back
Round trip time was 3.57373 milliseconds in repetition 145
tcp_ping received 131072 bytes back
Round trip time was 4.6781 milliseconds in repetition 146
tcp_ping received 131072 bytes back
Round trip time was 3.52115 milliseconds in repetition 147
tcp_ping received 131072 bytes back
Round trip time was 3.33922 milliseconds in repetition 148
tcp_ping received 131072 bytes back
Round trip time was 3.23642 milliseconds in repetition 149
tcp_ping received 131072 bytes back
Round trip time was 4.11707 milliseconds in repetition 150
tcp_ping received 131072 bytes back
Round trip time was 9.12946 milliseconds in repetition 151
tcp_ping received 131072 bytes back
Round trip time was 3.40599 milliseconds in repetition 152
tcp_ping received 131072 bytes back
Round trip time was 7.46139 milliseconds in repetition 153
tcp_ping received 131072 bytes back
Round trip time was 5.42446 milliseconds in repetition 154
tcp_ping received 131072 bytes back
Round trip time was 8.5452 milliseconds in repetition 155
tcp_ping received 131072 bytes back
Round trip time was 7.08088 milliseconds in repetition 156
tcp_ping received 131072 bytes back
Round trip time was 4.51203 milliseconds in repetition 157
tcp_ping received 131072 bytes back
Round trip time was 5.62083 milliseconds in repetition 158
tcp_ping received 131072 bytes back
Round trip time was 4.70901 milliseconds in repetition 159
tcp_ping received 131072 bytes back
Round trip time was 5.83753 milliseconds in repetition 160
tcp_ping received 131072 bytes back
Round trip time was 10.1101 milliseconds in repetition 161
tcp_ping received 131072 bytes back
Round trip time was 6.10861 milliseconds in repetition 162
tcp_ping received 131072 bytes back
Round trip time was 5.32628 milliseconds in repetition 163
tcp_ping received 131072 bytes back
Round trip time was 6.36481 milliseconds in repetition 164
tcp_ping received 131072 bytes back
Round trip time was 5.49211 milliseconds in repetition 165
tcp_ping received 131072 bytes back
Round trip time was 4.41803 milliseconds in repetition 166
tcp_ping received 131072 bytes back
Round trip time was 4.73841 milliseconds in repetition 167
tcp_ping received 131072 bytes back
Round trip time was 3.43656 milliseconds in repetition 168
tcp_ping received 131072 bytes back
Round trip time was 3.43098 milliseconds in repetition 169
tcp_ping received 131072 bytes back
Round trip time was 6.49105 milliseconds in repetition 170
tcp_ping received 131072 bytes back
Round trip time was 3.7684 milliseconds in repetition 171
tcp_ping received 131072 bytes back
Round trip time was 5.23364 milliseconds in repetition 172
tcp_ping received 131072 bytes back
Round trip time was 6.65567 milliseconds in repetition 173
tcp_ping received 131072 bytes back
Round trip time was 6.218 milliseconds in repetition 174
tcp_ping received 131072 bytes back
Round trip time was 5.58929 milliseconds in repetition 175
tcp_ping received 131072 bytes back
Round trip time was 4.5457 milliseconds in repetition 176
tcp_ping received 131072 bytes back
Round trip time was 4.54499 milliseconds in repetition 177
tcp_ping received 131072 bytes back
Round trip time was 4.16662 milliseconds in repetition 178
tcp_ping received 131072 bytes back
Round trip time was 3.73754 milliseconds in repetition 179
tcp_ping received 131072 bytes back
Round trip time was 4.05011 milliseconds in repetition 180
tcp_ping received 131072 bytes back
Round trip time was 3.48491 milliseconds in repetition 181
tcp_ping received 131072 bytes back
Round trip time was 4.19496 milliseconds in repetition 182
tcp_ping received 131072 bytes back
Round trip time was 3.21259 milliseconds in repetition 183
tcp_ping received 131072 bytes back
Round trip time was 3.58607 milliseconds in repetition 184
tcp_ping received 131072 bytes back
Round trip time was 3.26658 milliseconds in repetition 185
tcp_ping received 131072 bytes back
Round trip time was 4.18784 milliseconds in repetition 186
tcp_ping received 131072 bytes back
Round trip time was 3.71381 milliseconds in repetition 187
tcp_ping received 131072 bytes back
Round trip time was 3.71241 milliseconds in repetition 188
tcp_ping received 131072 bytes back
Round trip time was 3.99616 milliseconds in repetition 189
tcp_ping received 131072 bytes back
Round trip time was 4.02708 milliseconds in repetition 190
tcp_ping received 131072 bytes back
Round trip time was 4.12057 milliseconds in repetition 191
tcp_ping received 131072 bytes back
Round trip time was 3.75548 milliseconds in repetition 192
tcp_ping received 131072 bytes back
Round trip time was 3.54386 milliseconds in repetition 193
tcp_ping received 131072 bytes back
Round trip time was 4.40181 milliseconds in repetition 194
tcp_ping received 131072 bytes back
Round trip time was 4.05184 milliseconds in repetition 195
tcp_ping received 131072 bytes back
Round trip time was 4.22316 milliseconds in repetition 196
tcp_ping received 131072 bytes back
Round trip time was 3.5649 milliseconds in repetition 197
tcp_ping received 131072 bytes back
Round trip time was 3.55706 milliseconds in repetition 198
tcp_ping received 131072 bytes back
Round trip time was 3.48881 milliseconds in repetition 199
tcp_ping received 131072 bytes back
Round trip time was 3.61587 milliseconds in repetition 200
tcp_ping received 131072 bytes back
Round trip time was 3.50725 milliseconds in repetition 201
tcp_ping received 131072 bytes back
Round trip time was 3.69828 milliseconds in repetition 202
tcp_ping received 131072 bytes back
Round trip time was 3.81328 milliseconds in repetition 203
tcp_ping received 131072 bytes back
Round trip time was 3.97447 milliseconds in repetition 204
tcp_ping received 131072 bytes back
Round trip time was 4.00967 milliseconds in repetition 205
tcp_ping received 131072 bytes back
Round trip time was 4.24933 milliseconds in repetition 206
tcp_ping received 131072 bytes back
Round trip time was 4.14427 milliseconds in repetition 207
tcp_ping received 131072 bytes back
Round trip time was 3.94556 milliseconds in repetition 208
tcp_ping received 131072 bytes back
Round trip time was 4.25655 milliseconds in repetition 209
tcp_ping received 131072 bytes back
Round trip time was 3.81846 milliseconds in repetition 210
tcp_ping received 131072 bytes back
Round trip time was 3.78296 milliseconds in repetition 211
tcp_ping received 131072 bytes back
Round trip time was 3.96548 milliseconds in repetition 212
tcp_ping received 131072 bytes back
Round trip time was 3.89506 milliseconds in repetition 213
tcp_ping received 131072 bytes back
Round trip time was 3.62333 milliseconds in repetition 214
tcp_ping received 131072 bytes back
Round trip time was 3.71926 milliseconds in repetition 215
tcp_ping received 131072 bytes back
Round trip time was 4.29012 milliseconds in repetition 216
tcp_ping received 131072 bytes back
Round trip time was 3.91989 milliseconds in repetition 217
tcp_ping received 131072 bytes back
Round trip time was 3.59295 milliseconds in repetition 218
tcp_ping received 131072 bytes back
Round trip time was 3.43051 milliseconds in repetition 219
tcp_ping received 131072 bytes back
Round trip time was 3.46468 milliseconds in repetition 220
tcp_ping received 131072 bytes back
Round trip time was 3.90658 milliseconds in repetition 221
tcp_ping received 131072 bytes back
Round trip time was 3.83643 milliseconds in repetition 222
tcp_ping received 131072 bytes back
Round trip time was 4.37107 milliseconds in repetition 223
tcp_ping received 131072 bytes back
Round trip time was 4.24488 milliseconds in repetition 224
tcp_ping received 131072 bytes back
Round trip time was 4.10382 milliseconds in repetition 225
tcp_ping received 131072 bytes back
Round trip time was 3.77495 milliseconds in repetition 226
tcp_ping received 131072 bytes back
Round trip time was 3.62389 milliseconds in repetition 227
tcp_ping received 131072 bytes back
Round trip time was 3.57034 milliseconds in repetition 228
tcp_ping received 131072 bytes back
Round trip time was 4.5158 milliseconds in repetition 229
tcp_ping received 131072 bytes back
Round trip time was 4.25835 milliseconds in repetition 230
tcp_ping received 131072 bytes back
Round trip time was 3.74629 milliseconds in repetition 231
tcp_ping received 131072 bytes back
Round trip time was 3.73087 milliseconds in repetition 232
tcp_ping received 131072 bytes back
Round trip time was 4.23633 milliseconds in repetition 233
tcp_ping received 131072 bytes back
Round trip time was 4.30252 milliseconds in repetition 234
tcp_ping received 131072 bytes back
Round trip time was 4.16337 milliseconds in repetition 235
tcp_ping received 131072 bytes back
Round trip time was 3.62651 milliseconds in repetition 236
tcp_ping received 131072 bytes back
Round trip time was 3.92056 milliseconds in repetition 237
tcp_ping received 131072 bytes back
Round trip time was 3.72556 milliseconds in repetition 238
tcp_ping received 131072 bytes back
Round trip time was 3.57763 milliseconds in repetition 239
tcp_ping received 131072 bytes back
Round trip time was 3.80075 milliseconds in repetition 240
tcp_ping received 131072 bytes back
Round trip time was 5.43589 milliseconds in repetition 241
tcp_ping received 131072 bytes back
Round trip time was 5.18599 milliseconds in repetition 242
tcp_ping received 131072 bytes back
Round trip time was 4.45839 milliseconds in repetition 243
tcp_ping received 131072 bytes back
Round trip time was 3.84812 milliseconds in repetition 244
tcp_ping received 131072 bytes back
Round trip time was 4.34359 milliseconds in repetition 245
tcp_ping received 131072 bytes back
Round trip time was 3.9882 milliseconds in repetition 246
tcp_ping received 131072 bytes back
Round trip time was 3.58799 milliseconds in repetition 247
tcp_ping received 131072 bytes back
Round trip time was 3.49302 milliseconds in repetition 248
tcp_ping received 131072 bytes back
Round trip time was 3.94559 milliseconds in repetition 249
tcp_ping received 131072 bytes back
Round trip time was 4.16016 milliseconds in repetition 250
tcp_ping received 131072 bytes back
Round trip time was 3.51645 milliseconds in repetition 251
tcp_ping received 131072 bytes back
Round trip time was 3.49714 milliseconds in repetition 252
tcp_ping received 131072 bytes back
Round trip time was 3.91839 milliseconds in repetition 253
tcp_ping received 131072 bytes back
Round trip time was 4.08521 milliseconds in repetition 254
tcp_ping received 131072 bytes back
Round trip time was 3.96001 milliseconds in repetition 255
tcp_ping received 131072 bytes back
Round trip time was 3.88904 milliseconds in repetition 256
tcp_ping received 131072 bytes back
Round trip time was 3.72856 milliseconds in repetition 257
tcp_ping received 131072 bytes back
Round trip time was 3.67442 milliseconds in repetition 258
tcp_ping received 131072 bytes back
Round trip time was 3.62503 milliseconds in repetition 259
tcp_ping received 131072 bytes back
Round trip time was 3.66048 milliseconds in repetition 260
tcp_ping received 131072 bytes back
Round trip time was 5.23349 milliseconds in repetition 261
tcp_ping received 131072 bytes back
Round trip time was 4.50602 milliseconds in repetition 262
tcp_ping received 131072 bytes back
Round trip time was 4.30673 milliseconds in repetition 263
tcp_ping received 131072 bytes back
Round trip time was 3.66792 milliseconds in repetition 264
tcp_ping received 131072 bytes back
Round trip time was 4.05419 milliseconds in repetition 265
tcp_ping received 131072 bytes back
Round trip time was 4.03321 milliseconds in repetition 266
tcp_ping received 131072 bytes back
Round trip time was 3.80903 milliseconds in repetition 267
tcp_ping received 131072 bytes back
Round trip time was 3.85456 milliseconds in repetition 268
tcp_ping received 131072 bytes back
Round trip time was 3.38232 milliseconds in repetition 269
tcp_ping received 131072 bytes back
Round trip time was 3.30213 milliseconds in repetition 270
tcp_ping received 131072 bytes back
Round trip time was 3.27717 milliseconds in repetition 271
tcp_ping received 131072 bytes back
Round trip time was 3.32722 milliseconds in repetition 272
tcp_ping received 131072 bytes back
Round trip time was 7.74164 milliseconds in repetition 273
tcp_ping received 131072 bytes back
Round trip time was 5.80878 milliseconds in repetition 274
tcp_ping received 131072 bytes back
Round trip time was 4.12162 milliseconds in repetition 275
tcp_ping received 131072 bytes back
Round trip time was 4.07554 milliseconds in repetition 276
tcp_ping received 131072 bytes back
Round trip time was 4.50855 milliseconds in repetition 277
tcp_ping received 131072 bytes back
Round trip time was 5.16208 milliseconds in repetition 278
tcp_ping received 131072 bytes back
Round trip time was 3.75384 milliseconds in repetition 279
tcp_ping received 131072 bytes back
Round trip time was 4.37214 milliseconds in repetition 280
tcp_ping received 131072 bytes back
Round trip time was 4.65105 milliseconds in repetition 281
tcp_ping received 131072 bytes back
Round trip time was 3.90962 milliseconds in repetition 282
tcp_ping received 131072 bytes back
Round trip time was 4.67949 milliseconds in repetition 283
tcp_ping received 131072 bytes back
Round trip time was 3.87853 milliseconds in repetition 284
tcp_ping received 131072 bytes back
Round trip time was 3.3416 milliseconds in repetition 285
tcp_ping received 131072 bytes back
Round trip time was 3.73355 milliseconds in repetition 286
tcp_ping received 131072 bytes back
Round trip time was 3.66288 milliseconds in repetition 287
tcp_ping received 131072 bytes back
Round trip time was 3.72328 milliseconds in repetition 288
tcp_ping received 131072 bytes back
Round trip time was 3.57674 milliseconds in repetition 289
tcp_ping received 131072 bytes back
Round trip time was 3.49121 milliseconds in repetition 290
tcp_ping received 131072 bytes back
Round trip time was 4.19797 milliseconds in repetition 291
tcp_ping received 131072 bytes back
Round trip time was 3.4437 milliseconds in repetition 292
tcp_ping received 131072 bytes back
Round trip time was 4.06862 milliseconds in repetition 293
tcp_ping received 131072 bytes back
Round trip time was 4.10882 milliseconds in repetition 294
tcp_ping received 131072 bytes back
Round trip time was 4.20396 milliseconds in repetition 295
tcp_ping received 131072 bytes back
Round trip time was 3.99867 milliseconds in repetition 296
tcp_ping received 131072 bytes back
Round trip time was 3.78166 milliseconds in repetition 297
tcp_ping received 131072 bytes back
Round trip time was 4.25337 milliseconds in repetition 298
tcp_ping received 131072 bytes back
Round trip time was 3.77901 milliseconds in repetition 299
tcp_ping received 131072 bytes back
Round trip time was 4.32982 milliseconds in repetition 300
tcp_ping received 131072 bytes back
Round trip time was 3.71976 milliseconds in repetition 301
tcp_ping received 131072 bytes back
Round trip time was 3.98723 milliseconds in repetition 302
tcp_ping received 131072 bytes back
Round trip time was 4.61235 milliseconds in repetition 303
tcp_ping received 131072 bytes back
Round trip time was 4.46433 milliseconds in repetition 304
tcp_ping received 131072 bytes back
Round trip time was 4.77325 milliseconds in repetition 305
tcp_ping received 131072 bytes back
Round trip time was 4.33913 milliseconds in repetition 306
tcp_ping received 131072 bytes back
Round trip time was 4.41739 milliseconds in repetition 307
tcp_ping received 131072 bytes back
Round trip time was 3.45116 milliseconds in repetition 308
tcp_ping received 131072 bytes back
Round trip time was 4.01284 milliseconds in repetition 309
tcp_ping received 131072 bytes back
Round trip time was 3.58639 milliseconds in repetition 310
tcp_ping received 131072 bytes back
Round trip time was 3.69277 milliseconds in repetition 311
tcp_ping received 131072 bytes back
Round trip time was 3.90132 milliseconds in repetition 312
tcp_ping received 131072 bytes back
Round trip time was 3.3853 milliseconds in repetition 313
tcp_ping received 131072 bytes back
Round trip time was 3.18186 milliseconds in repetition 314
tcp_ping received 131072 bytes back
Round trip time was 3.40137 milliseconds in repetition 315
tcp_ping received 131072 bytes back
Round trip time was 4.38089 milliseconds in repetition 316
tcp_ping received 131072 bytes back
Round trip time was 4.44435 milliseconds in repetition 317
tcp_ping received 131072 bytes back
Round trip time was 3.66687 milliseconds in repetition 318
tcp_ping received 131072 bytes back
Round trip time was 4.35754 milliseconds in repetition 319
tcp_ping received 131072 bytes back
Round trip time was 3.95208 milliseconds in repetition 320
tcp_ping received 131072 bytes back
Round trip time was 3.84123 milliseconds in repetition 321
tcp_ping received 131072 bytes back
Round trip time was 4.09389 milliseconds in repetition 322
tcp_ping received 131072 bytes back
Round trip time was 3.79197 milliseconds in repetition 323
tcp_ping received 131072 bytes back
Round trip time was 3.47449 milliseconds in repetition 324
tcp_ping received 131072 bytes back
Round trip time was 3.73221 milliseconds in repetition 325
tcp_ping received 131072 bytes back
Round trip time was 3.66994 milliseconds in repetition 326
tcp_ping received 131072 bytes back
Round trip time was 4.43061 milliseconds in repetition 327
tcp_ping received 131072 bytes back
Round trip time was 3.4311 milliseconds in repetition 328
tcp_ping received 131072 bytes back
Round trip time was 4.7764 milliseconds in repetition 329
tcp_ping received 131072 bytes back
Round trip time was 3.82903 milliseconds in repetition 330
tcp_ping received 131072 bytes back
Round trip time was 4.28922 milliseconds in repetition 331
tcp_ping received 131072 bytes back
Round trip time was 3.65766 milliseconds in repetition 332
tcp_ping received 131072 bytes back
Round trip time was 3.36515 milliseconds in repetition 333
tcp_ping received 131072 bytes back
Round trip time was 3.21263 milliseconds in repetition 334
tcp_ping received 131072 bytes back
Round trip time was 3.55894 milliseconds in repetition 335
tcp_ping received 131072 bytes back
Round trip time was 3.69578 milliseconds in repetition 336
tcp_ping received 131072 bytes back
Round trip time was 4.07387 milliseconds in repetition 337
tcp_ping received 131072 bytes back
Round trip time was 4.15589 milliseconds in repetition 338
tcp_ping received 131072 bytes back
Round trip time was 4.18772 milliseconds in repetition 339
tcp_ping received 131072 bytes back
Round trip time was 3.56328 milliseconds in repetition 340
tcp_ping received 131072 bytes back
Round trip time was 3.20649 milliseconds in repetition 341
tcp_ping received 131072 bytes back
Round trip time was 3.44688 milliseconds in repetition 342
tcp_ping received 131072 bytes back
Round trip time was 3.55073 milliseconds in repetition 343
tcp_ping received 131072 bytes back
Round trip time was 3.73121 milliseconds in repetition 344
tcp_ping received 131072 bytes back
Round trip time was 3.69267 milliseconds in repetition 345
tcp_ping received 131072 bytes back
Round trip time was 3.50691 milliseconds in repetition 346
tcp_ping received 131072 bytes back
Round trip time was 3.93106 milliseconds in repetition 347
tcp_ping received 131072 bytes back
Round trip time was 4.08118 milliseconds in repetition 348
tcp_ping received 131072 bytes back
Round trip time was 3.78027 milliseconds in repetition 349
tcp_ping received 131072 bytes back
Round trip time was 3.65678 milliseconds in repetition 350
tcp_ping received 131072 bytes back
Round trip time was 3.59769 milliseconds in repetition 351
tcp_ping received 131072 bytes back
Round trip time was 3.3658 milliseconds in repetition 352
tcp_ping received 131072 bytes back
Round trip time was 3.57512 milliseconds in repetition 353
tcp_ping received 131072 bytes back
Round trip time was 3.62078 milliseconds in repetition 354
tcp_ping received 131072 bytes back
Round trip time was 3.53251 milliseconds in repetition 355
tcp_ping received 131072 bytes back
Round trip time was 3.83308 milliseconds in repetition 356
tcp_ping received 131072 bytes back
Round trip time was 3.4521 milliseconds in repetition 357
tcp_ping received 131072 bytes back
Round trip time was 3.91264 milliseconds in repetition 358
tcp_ping received 131072 bytes back
Round trip time was 3.77187 milliseconds in repetition 359
tcp_ping received 131072 bytes back
Round trip time was 3.97243 milliseconds in repetition 360
tcp_ping received 131072 bytes back
Round trip time was 4.16111 milliseconds in repetition 361
tcp_ping received 131072 bytes back
Round trip time was 3.79329 milliseconds in repetition 362
tcp_ping received 131072 bytes back
Round trip time was 3.98933 milliseconds in repetition 363
tcp_ping received 131072 bytes back
Round trip time was 6.3665 milliseconds in repetition 364
tcp_ping received 131072 bytes back
Round trip time was 4.06604 milliseconds in repetition 365
tcp_ping received 131072 bytes back
Round trip time was 3.74083 milliseconds in repetition 366
tcp_ping received 131072 bytes back
Round trip time was 4.16995 milliseconds in repetition 367
tcp_ping received 131072 bytes back
Round trip time was 3.92659 milliseconds in repetition 368
tcp_ping received 131072 bytes back
Round trip time was 3.47377 milliseconds in repetition 369
tcp_ping received 131072 bytes back
Round trip time was 3.30058 milliseconds in repetition 370
tcp_ping received 131072 bytes back
Round trip time was 3.57875 milliseconds in repetition 371
tcp_ping received 131072 bytes back
Round trip time was 3.48458 milliseconds in repetition 372
tcp_ping received 131072 bytes back
Round trip time was 3.71349 milliseconds in repetition 373
tcp_ping received 131072 bytes back
Round trip time was 3.91234 milliseconds in repetition 374
tcp_ping received 131072 bytes back
Round trip time was 4.27169 milliseconds in repetition 375
tcp_ping received 131072 bytes back
Round trip time was 4.28223 milliseconds in repetition 376
tcp_ping received 131072 bytes back
Round trip time was 3.65231 milliseconds in repetition 377
tcp_ping received 131072 bytes back
Round trip time was 3.89533 milliseconds in repetition 378
tcp_ping received 131072 bytes back
Round trip time was 3.51882 milliseconds in repetition 379
tcp_ping received 131072 bytes back
Round trip time was 4.20246 milliseconds in repetition 380
tcp_ping received 131072 bytes back
Round trip time was 3.63376 milliseconds in repetition 381
tcp_ping received 131072 bytes back
Round trip time was 4.87343 milliseconds in repetition 382
tcp_ping received 131072 bytes back
Round trip time was 3.99235 milliseconds in repetition 383
tcp_ping received 131072 bytes back
Round trip time was 3.58362 milliseconds in repetition 384
tcp_ping received 131072 bytes back
Round trip time was 9.04978 milliseconds in repetition 385
tcp_ping received 131072 bytes back
Round trip time was 8.32594 milliseconds in repetition 386
tcp_ping received 131072 bytes back
Round trip time was 4.98937 milliseconds in repetition 387
tcp_ping received 131072 bytes back
Round trip time was 5.03917 milliseconds in repetition 388
tcp_ping received 131072 bytes back
Round trip time was 4.0273 milliseconds in repetition 389
tcp_ping received 131072 bytes back
Round trip time was 4.38874 milliseconds in repetition 390
tcp_ping received 131072 bytes back
Round trip time was 4.1395 milliseconds in repetition 391
tcp_ping received 131072 bytes back
Round trip time was 3.63369 milliseconds in repetition 392
tcp_ping received 131072 bytes back
Round trip time was 3.62453 milliseconds in repetition 393
tcp_ping received 131072 bytes back
Round trip time was 3.53748 milliseconds in repetition 394
tcp_ping received 131072 bytes back
Round trip time was 3.78515 milliseconds in repetition 395
tcp_ping received 131072 bytes back
Round trip time was 3.81295 milliseconds in repetition 396
tcp_ping received 131072 bytes back
Round trip time was 3.65 milliseconds in repetition 397
tcp_ping received 131072 bytes back
Round trip time was 4.0067 milliseconds in repetition 398
tcp_ping received 131072 bytes back
Round trip time was 3.53373 milliseconds in repetition 399
tcp_ping received 131072 bytes back
Round trip time was 4.12832 milliseconds in repetition 400
tcp_ping received 131072 bytes back
Round trip time was 4.39003 milliseconds in repetition 401
tcp_ping received 131072 bytes back
Round trip time was 4.96638 milliseconds in repetition 402
tcp_ping received 131072 bytes back
Round trip time was 4.26762 milliseconds in repetition 403
tcp_ping received 131072 bytes back
Round trip time was 3.84513 milliseconds in repetition 404
tcp_ping received 131072 bytes back
Round trip time was 4.19148 milliseconds in repetition 405
tcp_ping received 131072 bytes back
Round trip time was 4.4653 milliseconds in repetition 406
tcp_ping received 131072 bytes back
Round trip time was 4.10483 milliseconds in repetition 407
tcp_ping received 131072 bytes back
Round trip time was 3.64794 milliseconds in repetition 408
tcp_ping received 131072 bytes back
Round trip time was 5.26794 milliseconds in repetition 409
tcp_ping received 131072 bytes back
Round trip time was 4.50323 milliseconds in repetition 410
tcp_ping received 131072 bytes back
Round trip time was 4.22209 milliseconds in repetition 411
tcp_ping received 131072 bytes back
Round trip time was 3.56935 milliseconds in repetition 412
tcp_ping received 131072 bytes back
Round trip time was 3.58367 milliseconds in repetition 413
tcp_ping received 131072 bytes back
Round trip time was 3.50165 milliseconds in repetition 414
tcp_ping received 131072 bytes back
Round trip time was 3.42938 milliseconds in repetition 415
tcp_ping received 131072 bytes back
Round trip time was 4.03037 milliseconds in repetition 416
tcp_ping received 131072 bytes back
Round trip time was 3.10013 milliseconds in repetition 417
tcp_ping received 131072 bytes back
Round trip time was 3.61296 milliseconds in repetition 418
tcp_ping received 131072 bytes back
Round trip time was 3.40134 milliseconds in repetition 419
tcp_ping received 131072 bytes back
Round trip time was 8.06533 milliseconds in repetition 420
tcp_ping received 131072 bytes back
Round trip time was 4.08849 milliseconds in repetition 421
tcp_ping received 131072 bytes back
Round trip time was 5.09002 milliseconds in repetition 422
tcp_ping received 131072 bytes back
Round trip time was 7.31039 milliseconds in repetition 423
tcp_ping received 131072 bytes back
Round trip time was 9.16529 milliseconds in repetition 424
tcp_ping received 131072 bytes back
Round trip time was 12.4978 milliseconds in repetition 425
tcp_ping received 131072 bytes back
Round trip time was 9.25164 milliseconds in repetition 426
tcp_ping received 131072 bytes back
Round trip time was 9.72822 milliseconds in repetition 427
tcp_ping received 131072 bytes back
Round trip time was 7.72579 milliseconds in repetition 428
tcp_ping received 131072 bytes back
Round trip time was 7.7677 milliseconds in repetition 429
tcp_ping received 131072 bytes back
Round trip time was 6.85429 milliseconds in repetition 430
tcp_ping received 131072 bytes back
Round trip time was 8.36077 milliseconds in repetition 431
tcp_ping received 131072 bytes back
Round trip time was 9.95405 milliseconds in repetition 432
tcp_ping received 131072 bytes back
Round trip time was 9.34895 milliseconds in repetition 433
tcp_ping received 131072 bytes back
Round trip time was 6.43248 milliseconds in repetition 434
tcp_ping received 131072 bytes back
Round trip time was 5.2116 milliseconds in repetition 435
tcp_ping received 131072 bytes back
Round trip time was 5.84899 milliseconds in repetition 436
tcp_ping received 131072 bytes back
Round trip time was 4.39204 milliseconds in repetition 437
tcp_ping received 131072 bytes back
Round trip time was 8.7505 milliseconds in repetition 438
tcp_ping received 131072 bytes back
Round trip time was 8.2011 milliseconds in repetition 439
tcp_ping received 131072 bytes back
Round trip time was 5.33598 milliseconds in repetition 440
tcp_ping received 131072 bytes back
Round trip time was 5.08048 milliseconds in repetition 441
tcp_ping received 131072 bytes back
Round trip time was 4.93595 milliseconds in repetition 442
tcp_ping received 131072 bytes back
Round trip time was 11.1741 milliseconds in repetition 443
tcp_ping received 131072 bytes back
Round trip time was 6.54686 milliseconds in repetition 444
tcp_ping received 131072 bytes back
Round trip time was 4.2999 milliseconds in repetition 445
tcp_ping received 131072 bytes back
Round trip time was 4.45702 milliseconds in repetition 446
tcp_ping received 131072 bytes back
Round trip time was 7.12183 milliseconds in repetition 447
tcp_ping received 131072 bytes back
Round trip time was 3.79941 milliseconds in repetition 448
tcp_ping received 131072 bytes back
Round trip time was 5.28595 milliseconds in repetition 449
tcp_ping received 131072 bytes back
Round trip time was 4.45429 milliseconds in repetition 450
tcp_ping received 131072 bytes back
Round trip time was 4.14523 milliseconds in repetition 451
tcp_ping received 131072 bytes back
Round trip time was 4.08648 milliseconds in repetition 452
tcp_ping received 131072 bytes back
Round trip time was 3.43793 milliseconds in repetition 453
tcp_ping received 131072 bytes back
Round trip time was 3.75051 milliseconds in repetition 454
tcp_ping received 131072 bytes back
Round trip time was 4.00779 milliseconds in repetition 455
tcp_ping received 131072 bytes back
Round trip time was 4.01229 milliseconds in repetition 456
tcp_ping received 131072 bytes back
Round trip time was 4.46844 milliseconds in repetition 457
tcp_ping received 131072 bytes back
Round trip time was 4.79891 milliseconds in repetition 458
tcp_ping received 131072 bytes back
Round trip time was 3.65585 milliseconds in repetition 459
tcp_ping received 131072 bytes back
Round trip time was 4.1191 milliseconds in repetition 460
tcp_ping received 131072 bytes back
Round trip time was 4.15548 milliseconds in repetition 461
tcp_ping received 131072 bytes back
Round trip time was 4.36329 milliseconds in repetition 462
tcp_ping received 131072 bytes back
Round trip time was 3.86712 milliseconds in repetition 463
tcp_ping received 131072 bytes back
Round trip time was 3.97243 milliseconds in repetition 464
tcp_ping received 131072 bytes back
Round trip time was 4.462 milliseconds in repetition 465
tcp_ping received 131072 bytes back
Round trip time was 4.41545 milliseconds in repetition 466
tcp_ping received 131072 bytes back
Round trip time was 4.39287 milliseconds in repetition 467
tcp_ping received 131072 bytes back
Round trip time was 4.26486 milliseconds in repetition 468
tcp_ping received 131072 bytes back
Round trip time was 4.04334 milliseconds in repetition 469
tcp_ping received 131072 bytes back
Round trip time was 3.87524 milliseconds in repetition 470
tcp_ping received 131072 bytes back
Round trip time was 3.84336 milliseconds in repetition 471
tcp_ping received 131072 bytes back
Round trip time was 3.93943 milliseconds in repetition 472
tcp_ping received 131072 bytes back
Round trip time was 4.04007 milliseconds in repetition 473
tcp_ping received 131072 bytes back
Round trip time was 4.20754 milliseconds in repetition 474
tcp_ping received 131072 bytes back
Round trip time was 4.39975 milliseconds in repetition 475
tcp_ping received 131072 bytes back
Round trip time was 4.07732 milliseconds in repetition 476
tcp_ping received 131072 bytes back
Round trip time was 4.08338 milliseconds in repetition 477
tcp_ping received 131072 bytes back
Round trip time was 4.289 milliseconds in repetition 478
tcp_ping received 131072 bytes back
Round trip time was 4.82565 milliseconds in repetition 479
tcp_ping received 131072 bytes back
Round trip time was 4.15781 milliseconds in repetition 480
tcp_ping received 131072 bytes back
Round trip time was 3.81633 milliseconds in repetition 481
tcp_ping received 131072 bytes back
Round trip time was 3.5103 milliseconds in repetition 482
tcp_ping received 131072 bytes back
Round trip time was 4.01003 milliseconds in repetition 483
tcp_ping received 131072 bytes back
Round trip time was 4.44812 milliseconds in repetition 484
tcp_ping received 131072 bytes back
Round trip time was 3.76321 milliseconds in repetition 485
tcp_ping received 131072 bytes back
Round trip time was 3.73315 milliseconds in repetition 486
tcp_ping received 131072 bytes back
Round trip time was 3.68135 milliseconds in repetition 487
tcp_ping received 131072 bytes back
Round trip time was 4.01574 milliseconds in repetition 488
tcp_ping received 131072 bytes back
Round trip time was 3.82907 milliseconds in repetition 489
tcp_ping received 131072 bytes back
Round trip time was 4.24824 milliseconds in repetition 490
tcp_ping received 131072 bytes back
Round trip time was 4.07873 milliseconds in repetition 491
tcp_ping received 131072 bytes back
Round trip time was 3.52674 milliseconds in repetition 492
tcp_ping received 131072 bytes back
Round trip time was 3.67868 milliseconds in repetition 493
tcp_ping received 131072 bytes back
Round trip time was 3.55181 milliseconds in repetition 494
tcp_ping received 131072 bytes back
Round trip time was 3.9426 milliseconds in repetition 495
tcp_ping received 131072 bytes back
Round trip time was 3.84753 milliseconds in repetition 496
tcp_ping received 131072 bytes back
Round trip time was 3.66877 milliseconds in repetition 497
tcp_ping received 131072 bytes back
Round trip time was 3.964 milliseconds in repetition 498
tcp_ping received 131072 bytes back
Round trip time was 4.08652 milliseconds in repetition 499
tcp_ping received 131072 bytes back
Round trip time was 4.28135 milliseconds in repetition 500
tcp_ping received 131072 bytes back
Round trip time was 4.21795 milliseconds in repetition 501

 ... clock resolution was 1e-06
TCP Ping:  Statistics over 501 repetitions of 131072 byte messages

RTT : percentile 10: 3.33922, median: 3.86493, percentile 90: 5.2116, average: 4.23354, variance: 2.9732

RTT histogram:
3.0172 204
4.44436 244
5.87152 27
7.29868 9
8.72584 11
10.153 3
11.5802 1
13.0073 1
14.4345 0
15.8616 0
17.2888 0
18.716 0
20.1431 0
21.5703 0
22.9974 0
24.4246 0
25.8518 0
27.2789 0
28.7061 0
30.1332 0
31.5604 1

   median Throughput : 67826.3 KB/s   overall Throughput : 61920.8 KB/s

