TCP Ping trying to connect to server 130.251.61.30 (130.251.61.30) on port 1491
 ... connected to Pong server: asking for 501 repetitions of 8192 bytes TCP messages
 ... Pong server agreed :-)
tcp_ping received 8192 bytes back
Round trip time was 24.0204 milliseconds in repetition 1
tcp_ping received 8192 bytes back
Round trip time was 4.69707 milliseconds in repetition 2
tcp_ping received 8192 bytes back
Round trip time was 3.20866 milliseconds in repetition 3
tcp_ping received 8192 bytes back
Round trip time was 4.34427 milliseconds in repetition 4
tcp_ping received 8192 bytes back
Round trip time was 4.4664 milliseconds in repetition 5
tcp_ping received 8192 bytes back
Round trip time was 2.26937 milliseconds in repetition 6
tcp_ping received 8192 bytes back
Round trip time was 0.747523 milliseconds in repetition 7
tcp_ping received 8192 bytes back
Round trip time was 0.976534 milliseconds in repetition 8
tcp_ping received 8192 bytes back
Round trip time was 2.21022 milliseconds in repetition 9
tcp_ping received 8192 bytes back
Round trip time was 2.06337 milliseconds in repetition 10
tcp_ping received 8192 bytes back
Round trip time was 1.13539 milliseconds in repetition 11
tcp_ping received 8192 bytes back
Round trip time was 1.41767 milliseconds in repetition 12
tcp_ping received 8192 bytes back
Round trip time was 1.78073 milliseconds in repetition 13
tcp_ping received 8192 bytes back
Round trip time was 1.10586 milliseconds in repetition 14
tcp_ping received 8192 bytes back
Round trip time was 0.834222 milliseconds in repetition 15
tcp_ping received 8192 bytes back
Round trip time was 0.938074 milliseconds in repetition 16
tcp_ping received 8192 bytes back
Round trip time was 1.1976 milliseconds in repetition 17
tcp_ping received 8192 bytes back
Round trip time was 1.52173 milliseconds in repetition 18
tcp_ping received 8192 bytes back
Round trip time was 1.26083 milliseconds in repetition 19
tcp_ping received 8192 bytes back
Round trip time was 1.1347 milliseconds in repetition 20
tcp_ping received 8192 bytes back
Round trip time was 1.21104 milliseconds in repetition 21
tcp_ping received 8192 bytes back
Round trip time was 1.58127 milliseconds in repetition 22
tcp_ping received 8192 bytes back
Round trip time was 1.18735 milliseconds in repetition 23
tcp_ping received 8192 bytes back
Round trip time was 0.734936 milliseconds in repetition 24
tcp_ping received 8192 bytes back
Round trip time was 1.08891 milliseconds in repetition 25
tcp_ping received 8192 bytes back
Round trip time was 1.33404 milliseconds in repetition 26
tcp_ping received 8192 bytes back
Round trip time was 1.55065 milliseconds in repetition 27
tcp_ping received 8192 bytes back
Round trip time was 1.22324 milliseconds in repetition 28
tcp_ping received 8192 bytes back
Round trip time was 1.02401 milliseconds in repetition 29
tcp_ping received 8192 bytes back
Round trip time was 1.21505 milliseconds in repetition 30
tcp_ping received 8192 bytes back
Round trip time was 1.44665 milliseconds in repetition 31
tcp_ping received 8192 bytes back
Round trip time was 1.12508 milliseconds in repetition 32
tcp_ping received 8192 bytes back
Round trip time was 0.6243 milliseconds in repetition 33
tcp_ping received 8192 bytes back
Round trip time was 1.35749 milliseconds in repetition 34
tcp_ping received 8192 bytes back
Round trip time was 2.08824 milliseconds in repetition 35
tcp_ping received 8192 bytes back
Round trip time was 2.20336 milliseconds in repetition 36
tcp_ping received 8192 bytes back
Round trip time was 0.893216 milliseconds in repetition 37
tcp_ping received 8192 bytes back
Round trip time was 1.15505 milliseconds in repetition 38
tcp_ping received 8192 bytes back
Round trip time was 1.30301 milliseconds in repetition 39
tcp_ping received 8192 bytes back
Round trip time was 2.50814 milliseconds in repetition 40
tcp_ping received 8192 bytes back
Round trip time was 1.9848 milliseconds in repetition 41
tcp_ping received 8192 bytes back
Round trip time was 3.18785 milliseconds in repetition 42
tcp_ping received 8192 bytes back
Round trip time was 1.22829 milliseconds in repetition 43
tcp_ping received 8192 bytes back
Round trip time was 1.57709 milliseconds in repetition 44
tcp_ping received 8192 bytes back
Round trip time was 1.73726 milliseconds in repetition 45
tcp_ping received 8192 bytes back
Round trip time was 1.52625 milliseconds in repetition 46
tcp_ping received 8192 bytes back
Round trip time was 0.70563 milliseconds in repetition 47
tcp_ping received 8192 bytes back
Round trip time was 1.01213 milliseconds in repetition 48
tcp_ping received 8192 bytes back
Round trip time was 1.20092 milliseconds in repetition 49
tcp_ping received 8192 bytes back
Round trip time was 1.4332 milliseconds in repetition 50
tcp_ping received 8192 bytes back
Round trip time was 1.30901 milliseconds in repetition 51
tcp_ping received 8192 bytes back
Round trip time was 0.812322 milliseconds in repetition 52
tcp_ping received 8192 bytes back
Round trip time was 1.29581 milliseconds in repetition 53
tcp_ping received 8192 bytes back
Round trip time was 1.65072 milliseconds in repetition 54
tcp_ping received 8192 bytes back
Round trip time was 1.5543 milliseconds in repetition 55
tcp_ping received 8192 bytes back
Round trip time was 0.622721 milliseconds in repetition 56
tcp_ping received 8192 bytes back
Round trip time was 0.969354 milliseconds in repetition 57
tcp_ping received 8192 bytes back
Round trip time was 2.36871 milliseconds in repetition 58
tcp_ping received 8192 bytes back
Round trip time was 2.49524 milliseconds in repetition 59
tcp_ping received 8192 bytes back
Round trip time was 0.834756 milliseconds in repetition 60
tcp_ping received 8192 bytes back
Round trip time was 1.08516 milliseconds in repetition 61
tcp_ping received 8192 bytes back
Round trip time was 1.52189 milliseconds in repetition 62
tcp_ping received 8192 bytes back
Round trip time was 1.83793 milliseconds in repetition 63
tcp_ping received 8192 bytes back
Round trip time was 1.03862 milliseconds in repetition 64
tcp_ping received 8192 bytes back
Round trip time was 1.16732 milliseconds in repetition 65
tcp_ping received 8192 bytes back
Round trip time was 1.8559 milliseconds in repetition 66
tcp_ping received 8192 bytes back
Round trip time was 2.10283 milliseconds in repetition 67
tcp_ping received 8192 bytes back
Round trip time was 0.825456 milliseconds in repetition 68
tcp_ping received 8192 bytes back
Round trip time was 1.15768 milliseconds in repetition 69
tcp_ping received 8192 bytes back
Round trip time was 1.32724 milliseconds in repetition 70
tcp_ping received 8192 bytes back
Round trip time was 1.71198 milliseconds in repetition 71
tcp_ping received 8192 bytes back
Round trip time was 4.98754 milliseconds in repetition 72
tcp_ping received 8192 bytes back
Round trip time was 5.09183 milliseconds in repetition 73
tcp_ping received 8192 bytes back
Round trip time was 3.22224 milliseconds in repetition 74
tcp_ping received 8192 bytes back
Round trip time was 2.3115 milliseconds in repetition 75
tcp_ping received 8192 bytes back
Round trip time was 1.3265 milliseconds in repetition 76
tcp_ping received 8192 bytes back
Round trip time was 1.40653 milliseconds in repetition 77
tcp_ping received 8192 bytes back
Round trip time was 1.83175 milliseconds in repetition 78
tcp_ping received 8192 bytes back
Round trip time was 1.01497 milliseconds in repetition 79
tcp_ping received 8192 bytes back
Round trip time was 0.861249 milliseconds in repetition 80
tcp_ping received 8192 bytes back
Round trip time was 1.18264 milliseconds in repetition 81
tcp_ping received 8192 bytes back
Round trip time was 1.43473 milliseconds in repetition 82
tcp_ping received 8192 bytes back
Round trip time was 1.27446 milliseconds in repetition 83
tcp_ping received 8192 bytes back
Round trip time was 0.733587 milliseconds in repetition 84
tcp_ping received 8192 bytes back
Round trip time was 0.819105 milliseconds in repetition 85
tcp_ping received 8192 bytes back
Round trip time was 1.04821 milliseconds in repetition 86
tcp_ping received 8192 bytes back
Round trip time was 1.33171 milliseconds in repetition 87
tcp_ping received 8192 bytes back
Round trip time was 1.54387 milliseconds in repetition 88
tcp_ping received 8192 bytes back
Round trip time was 0.854857 milliseconds in repetition 89
tcp_ping received 8192 bytes back
Round trip time was 1.05797 milliseconds in repetition 90
tcp_ping received 8192 bytes back
Round trip time was 1.48295 milliseconds in repetition 91
tcp_ping received 8192 bytes back
Round trip time was 1.74665 milliseconds in repetition 92
tcp_ping received 8192 bytes back
Round trip time was 0.700569 milliseconds in repetition 93
tcp_ping received 8192 bytes back
Round trip time was 0.831958 milliseconds in repetition 94
tcp_ping received 8192 bytes back
Round trip time was 1.41307 milliseconds in repetition 95
tcp_ping received 8192 bytes back
Round trip time was 1.43528 milliseconds in repetition 96
tcp_ping received 8192 bytes back
Round trip time was 1.49183 milliseconds in repetition 97
tcp_ping received 8192 bytes back
Round trip time was 1.30017 milliseconds in repetition 98
tcp_ping received 8192 bytes back
Round trip time was 1.08474 milliseconds in repetition 99
tcp_ping received 8192 bytes back
Round trip time was 1.31846 milliseconds in repetition 100
tcp_ping received 8192 bytes back
Round trip time was 1.53817 milliseconds in repetition 101
tcp_ping received 8192 bytes back
Round trip time was 1.44527 milliseconds in repetition 102
tcp_ping received 8192 bytes back
Round trip time was 1.11598 milliseconds in repetition 103
tcp_ping received 8192 bytes back
Round trip time was 1.30332 milliseconds in repetition 104
tcp_ping received 8192 bytes back
Round trip time was 1.47734 milliseconds in repetition 105
tcp_ping received 8192 bytes back
Round trip time was 1.69837 milliseconds in repetition 106
tcp_ping received 8192 bytes back
Round trip time was 0.776711 milliseconds in repetition 107
tcp_ping received 8192 bytes back
Round trip time was 1.08564 milliseconds in repetition 108
tcp_ping received 8192 bytes back
Round trip time was 1.4777 milliseconds in repetition 109
tcp_ping received 8192 bytes back
Round trip time was 1.5946 milliseconds in repetition 110
tcp_ping received 8192 bytes back
Round trip time was 0.693045 milliseconds in repetition 111
tcp_ping received 8192 bytes back
Round trip time was 0.840557 milliseconds in repetition 112
tcp_ping received 8192 bytes back
Round trip time was 1.03891 milliseconds in repetition 113
tcp_ping received 8192 bytes back
Round trip time was 1.28106 milliseconds in repetition 114
tcp_ping received 8192 bytes back
Round trip time was 1.55632 milliseconds in repetition 115
tcp_ping received 8192 bytes back
Round trip time was 1.46149 milliseconds in repetition 116
tcp_ping received 8192 bytes back
Round trip time was 2.19884 milliseconds in repetition 117
tcp_ping received 8192 bytes back
Round trip time was 2.55904 milliseconds in repetition 118
tcp_ping received 8192 bytes back
Round trip time was 0.61777 milliseconds in repetition 119
tcp_ping received 8192 bytes back
Round trip time was 0.942686 milliseconds in repetition 120
tcp_ping received 8192 bytes back
Round trip time was 0.897521 milliseconds in repetition 121
tcp_ping received 8192 bytes back
Round trip time was 1.21922 milliseconds in repetition 122
tcp_ping received 8192 bytes back
Round trip time was 1.37601 milliseconds in repetition 123
tcp_ping received 8192 bytes back
Round trip time was 1.35785 milliseconds in repetition 124
tcp_ping received 8192 bytes back
Round trip time was 0.951904 milliseconds in repetition 125
tcp_ping received 8192 bytes back
Round trip time was 1.23957 milliseconds in repetition 126
tcp_ping received 8192 bytes back
Round trip time was 1.5179 milliseconds in repetition 127
tcp_ping received 8192 bytes back
Round trip time was 1.36292 milliseconds in repetition 128
tcp_ping received 8192 bytes back
Round trip time was 0.620651 milliseconds in repetition 129
tcp_ping received 8192 bytes back
Round trip time was 1.00668 milliseconds in repetition 130
tcp_ping received 8192 bytes back
Round trip time was 1.23796 milliseconds in repetition 131
tcp_ping received 8192 bytes back
Round trip time was 1.44979 milliseconds in repetition 132
tcp_ping received 8192 bytes back
Round trip time was 1.33359 milliseconds in repetition 133
tcp_ping received 8192 bytes back
Round trip time was 0.94912 milliseconds in repetition 134
tcp_ping received 8192 bytes back
Round trip time was 1.36355 milliseconds in repetition 135
tcp_ping received 8192 bytes back
Round trip time was 1.52108 milliseconds in repetition 136
tcp_ping received 8192 bytes back
Round trip time was 1.38587 milliseconds in repetition 137
tcp_ping received 8192 bytes back
Round trip time was 0.849674 milliseconds in repetition 138
tcp_ping received 8192 bytes back
Round trip time was 1.27237 milliseconds in repetition 139
tcp_ping received 8192 bytes back
Round trip time was 1.45392 milliseconds in repetition 140
tcp_ping received 8192 bytes back
Round trip time was 1.73786 milliseconds in repetition 141
tcp_ping received 8192 bytes back
Round trip time was 0.906247 milliseconds in repetition 142
tcp_ping received 8192 bytes back
Round trip time was 1.09858 milliseconds in repetition 143
tcp_ping received 8192 bytes back
Round trip time was 1.30451 milliseconds in repetition 144
tcp_ping received 8192 bytes back
Round trip time was 1.68772 milliseconds in repetition 145
tcp_ping received 8192 bytes back
Round trip time was 0.605956 milliseconds in repetition 146
tcp_ping received 8192 bytes back
Round trip time was 0.62845 milliseconds in repetition 147
tcp_ping received 8192 bytes back
Round trip time was 0.874338 milliseconds in repetition 148
tcp_ping received 8192 bytes back
Round trip time was 1.1452 milliseconds in repetition 149
tcp_ping received 8192 bytes back
Round trip time was 1.36271 milliseconds in repetition 150
tcp_ping received 8192 bytes back
Round trip time was 1.61697 milliseconds in repetition 151
tcp_ping received 8192 bytes back
Round trip time was 0.930231 milliseconds in repetition 152
tcp_ping received 8192 bytes back
Round trip time was 1.27031 milliseconds in repetition 153
tcp_ping received 8192 bytes back
Round trip time was 1.51724 milliseconds in repetition 154
tcp_ping received 8192 bytes back
Round trip time was 1.42186 milliseconds in repetition 155
tcp_ping received 8192 bytes back
Round trip time was 0.659587 milliseconds in repetition 156
tcp_ping received 8192 bytes back
Round trip time was 0.984624 milliseconds in repetition 157
tcp_ping received 8192 bytes back
Round trip time was 1.21684 milliseconds in repetition 158
tcp_ping received 8192 bytes back
Round trip time was 1.59158 milliseconds in repetition 159
tcp_ping received 8192 bytes back
Round trip time was 1.40127 milliseconds in repetition 160
tcp_ping received 8192 bytes back
Round trip time was 0.797615 milliseconds in repetition 161
tcp_ping received 8192 bytes back
Round trip time was 1.10737 milliseconds in repetition 162
tcp_ping received 8192 bytes back
Round trip time was 1.35745 milliseconds in repetition 163
tcp_ping received 8192 bytes back
Round trip time was 1.67191 milliseconds in repetition 164
tcp_ping received 8192 bytes back
Round trip time was 1.31278 milliseconds in repetition 165
tcp_ping received 8192 bytes back
Round trip time was 1.60305 milliseconds in repetition 166
tcp_ping received 8192 bytes back
Round trip time was 1.96204 milliseconds in repetition 167
tcp_ping received 8192 bytes back
Round trip time was 1.69288 milliseconds in repetition 168
tcp_ping received 8192 bytes back
Round trip time was 1.39329 milliseconds in repetition 169
tcp_ping received 8192 bytes back
Round trip time was 1.59367 milliseconds in repetition 170
tcp_ping received 8192 bytes back
Round trip time was 1.73193 milliseconds in repetition 171
tcp_ping received 8192 bytes back
Round trip time was 0.604989 milliseconds in repetition 172
tcp_ping received 8192 bytes back
Round trip time was 0.886479 milliseconds in repetition 173
tcp_ping received 8192 bytes back
Round trip time was 1.16631 milliseconds in repetition 174
tcp_ping received 8192 bytes back
Round trip time was 1.604 milliseconds in repetition 175
tcp_ping received 8192 bytes back
Round trip time was 1.44894 milliseconds in repetition 176
tcp_ping received 8192 bytes back
Round trip time was 1.27922 milliseconds in repetition 177
tcp_ping received 8192 bytes back
Round trip time was 1.64162 milliseconds in repetition 178
tcp_ping received 8192 bytes back
Round trip time was 1.95246 milliseconds in repetition 179
tcp_ping received 8192 bytes back
Round trip time was 0.794479 milliseconds in repetition 180
tcp_ping received 8192 bytes back
Round trip time was 0.753619 milliseconds in repetition 181
tcp_ping received 8192 bytes back
Round trip time was 1.39161 milliseconds in repetition 182
tcp_ping received 8192 bytes back
Round trip time was 1.27489 milliseconds in repetition 183
tcp_ping received 8192 bytes back
Round trip time was 1.45069 milliseconds in repetition 184
tcp_ping received 8192 bytes back
Round trip time was 0.869376 milliseconds in repetition 185
tcp_ping received 8192 bytes back
Round trip time was 1.06824 milliseconds in repetition 186
tcp_ping received 8192 bytes back
Round trip time was 1.48061 milliseconds in repetition 187
tcp_ping received 8192 bytes back
Round trip time was 1.84631 milliseconds in repetition 188
tcp_ping received 8192 bytes back
Round trip time was 0.701448 milliseconds in repetition 189
tcp_ping received 8192 bytes back
Round trip time was 0.844395 milliseconds in repetition 190
tcp_ping received 8192 bytes back
Round trip time was 1.08088 milliseconds in repetition 191
tcp_ping received 8192 bytes back
Round trip time was 1.48739 milliseconds in repetition 192
tcp_ping received 8192 bytes back
Round trip time was 1.75587 milliseconds in repetition 193
tcp_ping received 8192 bytes back
Round trip time was 1.49488 milliseconds in repetition 194
tcp_ping received 8192 bytes back
Round trip time was 0.932486 milliseconds in repetition 195
tcp_ping received 8192 bytes back
Round trip time was 1.22822 milliseconds in repetition 196
tcp_ping received 8192 bytes back
Round trip time was 1.57989 milliseconds in repetition 197
tcp_ping received 8192 bytes back
Round trip time was 1.24086 milliseconds in repetition 198
tcp_ping received 8192 bytes back
Round trip time was 1.05577 milliseconds in repetition 199
tcp_ping received 8192 bytes back
Round trip time was 1.29412 milliseconds in repetition 200
tcp_ping received 8192 bytes back
Round trip time was 1.58927 milliseconds in repetition 201
tcp_ping received 8192 bytes back
Round trip time was 1.32523 milliseconds in repetition 202
tcp_ping received 8192 bytes back
Round trip time was 0.892401 milliseconds in repetition 203
tcp_ping received 8192 bytes back
Round trip time was 0.876405 milliseconds in repetition 204
tcp_ping received 8192 bytes back
Round trip time was 1.21247 milliseconds in repetition 205
tcp_ping received 8192 bytes back
Round trip time was 1.5835 milliseconds in repetition 206
tcp_ping received 8192 bytes back
Round trip time was 1.30876 milliseconds in repetition 207
tcp_ping received 8192 bytes back
Round trip time was 1.37906 milliseconds in repetition 208
tcp_ping received 8192 bytes back
Round trip time was 2.52879 milliseconds in repetition 209
tcp_ping received 8192 bytes back
Round trip time was 2.02052 milliseconds in repetition 210
tcp_ping received 8192 bytes back
Round trip time was 1.1944 milliseconds in repetition 211
tcp_ping received 8192 bytes back
Round trip time was 1.69079 milliseconds in repetition 212
tcp_ping received 8192 bytes back
Round trip time was 2.02677 milliseconds in repetition 213
tcp_ping received 8192 bytes back
Round trip time was 0.90658 milliseconds in repetition 214
tcp_ping received 8192 bytes back
Round trip time was 0.968878 milliseconds in repetition 215
tcp_ping received 8192 bytes back
Round trip time was 1.05415 milliseconds in repetition 216
tcp_ping received 8192 bytes back
Round trip time was 1.51331 milliseconds in repetition 217
tcp_ping received 8192 bytes back
Round trip time was 1.74838 milliseconds in repetition 218
tcp_ping received 8192 bytes back
Round trip time was 0.882453 milliseconds in repetition 219
tcp_ping received 8192 bytes back
Round trip time was 1.27616 milliseconds in repetition 220
tcp_ping received 8192 bytes back
Round trip time was 1.47503 milliseconds in repetition 221
tcp_ping received 8192 bytes back
Round trip time was 2.07144 milliseconds in repetition 222
tcp_ping received 8192 bytes back
Round trip time was 1.83896 milliseconds in repetition 223
tcp_ping received 8192 bytes back
Round trip time was 2.5483 milliseconds in repetition 224
tcp_ping received 8192 bytes back
Round trip time was 1.6415 milliseconds in repetition 225
tcp_ping received 8192 bytes back
Round trip time was 0.949276 milliseconds in repetition 226
tcp_ping received 8192 bytes back
Round trip time was 1.26637 milliseconds in repetition 227
tcp_ping received 8192 bytes back
Round trip time was 1.63325 milliseconds in repetition 228
tcp_ping received 8192 bytes back
Round trip time was 1.19284 milliseconds in repetition 229
tcp_ping received 8192 bytes back
Round trip time was 0.969126 milliseconds in repetition 230
tcp_ping received 8192 bytes back
Round trip time was 1.40032 milliseconds in repetition 231
tcp_ping received 8192 bytes back
Round trip time was 1.96478 milliseconds in repetition 232
tcp_ping received 8192 bytes back
Round trip time was 2.6489 milliseconds in repetition 233
tcp_ping received 8192 bytes back
Round trip time was 0.816369 milliseconds in repetition 234
tcp_ping received 8192 bytes back
Round trip time was 1.22027 milliseconds in repetition 235
tcp_ping received 8192 bytes back
Round trip time was 1.43737 milliseconds in repetition 236
tcp_ping received 8192 bytes back
Round trip time was 1.54902 milliseconds in repetition 237
tcp_ping received 8192 bytes back
Round trip time was 0.718658 milliseconds in repetition 238
tcp_ping received 8192 bytes back
Round trip time was 0.918781 milliseconds in repetition 239
tcp_ping received 8192 bytes back
Round trip time was 1.14134 milliseconds in repetition 240
tcp_ping received 8192 bytes back
Round trip time was 1.36083 milliseconds in repetition 241
tcp_ping received 8192 bytes back
Round trip time was 1.33356 milliseconds in repetition 242
tcp_ping received 8192 bytes back
Round trip time was 0.788245 milliseconds in repetition 243
tcp_ping received 8192 bytes back
Round trip time was 1.02067 milliseconds in repetition 244
tcp_ping received 8192 bytes back
Round trip time was 1.40908 milliseconds in repetition 245
tcp_ping received 8192 bytes back
Round trip time was 2.00906 milliseconds in repetition 246
tcp_ping received 8192 bytes back
Round trip time was 0.899378 milliseconds in repetition 247
tcp_ping received 8192 bytes back
Round trip time was 0.718994 milliseconds in repetition 248
tcp_ping received 8192 bytes back
Round trip time was 1.26117 milliseconds in repetition 249
tcp_ping received 8192 bytes back
Round trip time was 1.39324 milliseconds in repetition 250
tcp_ping received 8192 bytes back
Round trip time was 1.70056 milliseconds in repetition 251
tcp_ping received 8192 bytes back
Round trip time was 1.13466 milliseconds in repetition 252
tcp_ping received 8192 bytes back
Round trip time was 0.991964 milliseconds in repetition 253
tcp_ping received 8192 bytes back
Round trip time was 1.38913 milliseconds in repetition 254
tcp_ping received 8192 bytes back
Round trip time was 1.73094 milliseconds in repetition 255
tcp_ping received 8192 bytes back
Round trip time was 0.994151 milliseconds in repetition 256
tcp_ping received 8192 bytes back
Round trip time was 0.843372 milliseconds in repetition 257
tcp_ping received 8192 bytes back
Round trip time was 1.04313 milliseconds in repetition 258
tcp_ping received 8192 bytes back
Round trip time was 1.25941 milliseconds in repetition 259
tcp_ping received 8192 bytes back
Round trip time was 1.49429 milliseconds in repetition 260
tcp_ping received 8192 bytes back
Round trip time was 1.46941 milliseconds in repetition 261
tcp_ping received 8192 bytes back
Round trip time was 1.09298 milliseconds in repetition 262
tcp_ping received 8192 bytes back
Round trip time was 1.29379 milliseconds in repetition 263
tcp_ping received 8192 bytes back
Round trip time was 1.62477 milliseconds in repetition 264
tcp_ping received 8192 bytes back
Round trip time was 0.851095 milliseconds in repetition 265
tcp_ping received 8192 bytes back
Round trip time was 0.707998 milliseconds in repetition 266
tcp_ping received 8192 bytes back
Round trip time was 1.03628 milliseconds in repetition 267
tcp_ping received 8192 bytes back
Round trip time was 1.29536 milliseconds in repetition 268
tcp_ping received 8192 bytes back
Round trip time was 1.70897 milliseconds in repetition 269
tcp_ping received 8192 bytes back
Round trip time was 1.1904 milliseconds in repetition 270
tcp_ping received 8192 bytes back
Round trip time was 1.07785 milliseconds in repetition 271
tcp_ping received 8192 bytes back
Round trip time was 1.44104 milliseconds in repetition 272
tcp_ping received 8192 bytes back
Round trip time was 1.83641 milliseconds in repetition 273
tcp_ping received 8192 bytes back
Round trip time was 0.805529 milliseconds in repetition 274
tcp_ping received 8192 bytes back
Round trip time was 0.865093 milliseconds in repetition 275
tcp_ping received 8192 bytes back
Round trip time was 1.34791 milliseconds in repetition 276
tcp_ping received 8192 bytes back
Round trip time was 1.64342 milliseconds in repetition 277
tcp_ping received 8192 bytes back
Round trip time was 1.77404 milliseconds in repetition 278
tcp_ping received 8192 bytes back
Round trip time was 0.816484 milliseconds in repetition 279
tcp_ping received 8192 bytes back
Round trip time was 1.12909 milliseconds in repetition 280
tcp_ping received 8192 bytes back
Round trip time was 1.43314 milliseconds in repetition 281
tcp_ping received 8192 bytes back
Round trip time was 1.64209 milliseconds in repetition 282
tcp_ping received 8192 bytes back
Round trip time was 0.640228 milliseconds in repetition 283
tcp_ping received 8192 bytes back
Round trip time was 0.841941 milliseconds in repetition 284
tcp_ping received 8192 bytes back
Round trip time was 0.922324 milliseconds in repetition 285
tcp_ping received 8192 bytes back
Round trip time was 1.13969 milliseconds in repetition 286
tcp_ping received 8192 bytes back
Round trip time was 1.40813 milliseconds in repetition 287
tcp_ping received 8192 bytes back
Round trip time was 1.42595 milliseconds in repetition 288
tcp_ping received 8192 bytes back
Round trip time was 0.924206 milliseconds in repetition 289
tcp_ping received 8192 bytes back
Round trip time was 1.31119 milliseconds in repetition 290
tcp_ping received 8192 bytes back
Round trip time was 1.89461 milliseconds in repetition 291
tcp_ping received 8192 bytes back
Round trip time was 1.0878 milliseconds in repetition 292
tcp_ping received 8192 bytes back
Round trip time was 0.698698 milliseconds in repetition 293
tcp_ping received 8192 bytes back
Round trip time was 0.88176 milliseconds in repetition 294
tcp_ping received 8192 bytes back
Round trip time was 1.03529 milliseconds in repetition 295
tcp_ping received 8192 bytes back
Round trip time was 1.33457 milliseconds in repetition 296
tcp_ping received 8192 bytes back
Round trip time was 1.60277 milliseconds in repetition 297
tcp_ping received 8192 bytes back
Round trip time was 0.857018 milliseconds in repetition 298
tcp_ping received 8192 bytes back
Round trip time was 1.0877 milliseconds in repetition 299
tcp_ping received 8192 bytes back
Round trip time was 1.38447 milliseconds in repetition 300
tcp_ping received 8192 bytes back
Round trip time was 1.78859 milliseconds in repetition 301
tcp_ping received 8192 bytes back
Round trip time was 0.625293 milliseconds in repetition 302
tcp_ping received 8192 bytes back
Round trip time was 0.682221 milliseconds in repetition 303
tcp_ping received 8192 bytes back
Round trip time was 0.923616 milliseconds in repetition 304
tcp_ping received 8192 bytes back
Round trip time was 1.17248 milliseconds in repetition 305
tcp_ping received 8192 bytes back
Round trip time was 1.45535 milliseconds in repetition 306
tcp_ping received 8192 bytes back
Round trip time was 1.3146 milliseconds in repetition 307
tcp_ping received 8192 bytes back
Round trip time was 0.749042 milliseconds in repetition 308
tcp_ping received 8192 bytes back
Round trip time was 1.14932 milliseconds in repetition 309
tcp_ping received 8192 bytes back
Round trip time was 1.44269 milliseconds in repetition 310
tcp_ping received 8192 bytes back
Round trip time was 1.77624 milliseconds in repetition 311
tcp_ping received 8192 bytes back
Round trip time was 0.863972 milliseconds in repetition 312
tcp_ping received 8192 bytes back
Round trip time was 0.949933 milliseconds in repetition 313
tcp_ping received 8192 bytes back
Round trip time was 1.31635 milliseconds in repetition 314
tcp_ping received 8192 bytes back
Round trip time was 1.57019 milliseconds in repetition 315
tcp_ping received 8192 bytes back
Round trip time was 1.43806 milliseconds in repetition 316
tcp_ping received 8192 bytes back
Round trip time was 0.935714 milliseconds in repetition 317
tcp_ping received 8192 bytes back
Round trip time was 1.22999 milliseconds in repetition 318
tcp_ping received 8192 bytes back
Round trip time was 1.49918 milliseconds in repetition 319
tcp_ping received 8192 bytes back
Round trip time was 1.23818 milliseconds in repetition 320
tcp_ping received 8192 bytes back
Round trip time was 0.688705 milliseconds in repetition 321
tcp_ping received 8192 bytes back
Round trip time was 0.962912 milliseconds in repetition 322
tcp_ping received 8192 bytes back
Round trip time was 1.193 milliseconds in repetition 323
tcp_ping received 8192 bytes back
Round trip time was 1.43037 milliseconds in repetition 324
tcp_ping received 8192 bytes back
Round trip time was 1.48329 milliseconds in repetition 325
tcp_ping received 8192 bytes back
Round trip time was 0.715399 milliseconds in repetition 326
tcp_ping received 8192 bytes back
Round trip time was 1.76221 milliseconds in repetition 327
tcp_ping received 8192 bytes back
Round trip time was 0.999255 milliseconds in repetition 328
tcp_ping received 8192 bytes back
Round trip time was 1.43074 milliseconds in repetition 329
tcp_ping received 8192 bytes back
Round trip time was 1.50873 milliseconds in repetition 330
tcp_ping received 8192 bytes back
Round trip time was 1.4784 milliseconds in repetition 331
tcp_ping received 8192 bytes back
Round trip time was 1.26735 milliseconds in repetition 332
tcp_ping received 8192 bytes back
Round trip time was 1.39066 milliseconds in repetition 333
tcp_ping received 8192 bytes back
Round trip time was 1.7449 milliseconds in repetition 334
tcp_ping received 8192 bytes back
Round trip time was 0.663426 milliseconds in repetition 335
tcp_ping received 8192 bytes back
Round trip time was 0.905017 milliseconds in repetition 336
tcp_ping received 8192 bytes back
Round trip time was 1.46036 milliseconds in repetition 337
tcp_ping received 8192 bytes back
Round trip time was 1.70728 milliseconds in repetition 338
tcp_ping received 8192 bytes back
Round trip time was 1.30795 milliseconds in repetition 339
tcp_ping received 8192 bytes back
Round trip time was 0.886454 milliseconds in repetition 340
tcp_ping received 8192 bytes back
Round trip time was 1.01573 milliseconds in repetition 341
tcp_ping received 8192 bytes back
Round trip time was 1.57962 milliseconds in repetition 342
tcp_ping received 8192 bytes back
Round trip time was 1.8125 milliseconds in repetition 343
tcp_ping received 8192 bytes back
Round trip time was 1.16754 milliseconds in repetition 344
tcp_ping received 8192 bytes back
Round trip time was 0.939946 milliseconds in repetition 345
tcp_ping received 8192 bytes back
Round trip time was 1.37373 milliseconds in repetition 346
tcp_ping received 8192 bytes back
Round trip time was 1.42515 milliseconds in repetition 347
tcp_ping received 8192 bytes back
Round trip time was 1.23612 milliseconds in repetition 348
tcp_ping received 8192 bytes back
Round trip time was 0.893698 milliseconds in repetition 349
tcp_ping received 8192 bytes back
Round trip time was 1.00891 milliseconds in repetition 350
tcp_ping received 8192 bytes back
Round trip time was 1.20811 milliseconds in repetition 351
tcp_ping received 8192 bytes back
Round trip time was 1.58419 milliseconds in repetition 352
tcp_ping received 8192 bytes back
Round trip time was 1.19182 milliseconds in repetition 353
tcp_ping received 8192 bytes back
Round trip time was 0.994274 milliseconds in repetition 354
tcp_ping received 8192 bytes back
Round trip time was 1.26774 milliseconds in repetition 355
tcp_ping received 8192 bytes back
Round trip time was 1.59632 milliseconds in repetition 356
tcp_ping received 8192 bytes back
Round trip time was 1.16855 milliseconds in repetition 357
tcp_ping received 8192 bytes back
Round trip time was 0.942601 milliseconds in repetition 358
tcp_ping received 8192 bytes back
Round trip time was 1.52806 milliseconds in repetition 359
tcp_ping received 8192 bytes back
Round trip time was 1.94803 milliseconds in repetition 360
tcp_ping received 8192 bytes back
Round trip time was 1.37344 milliseconds in repetition 361
tcp_ping received 8192 bytes back
Round trip time was 0.909736 milliseconds in repetition 362
tcp_ping received 8192 bytes back
Round trip time was 1.41426 milliseconds in repetition 363
tcp_ping received 8192 bytes back
Round trip time was 1.5015 milliseconds in repetition 364
tcp_ping received 8192 bytes back
Round trip time was 1.40917 milliseconds in repetition 365
tcp_ping received 8192 bytes back
Round trip time was 0.610808 milliseconds in repetition 366
tcp_ping received 8192 bytes back
Round trip time was 0.901252 milliseconds in repetition 367
tcp_ping received 8192 bytes back
Round trip time was 1.02892 milliseconds in repetition 368
tcp_ping received 8192 bytes back
Round trip time was 1.36091 milliseconds in repetition 369
tcp_ping received 8192 bytes back
Round trip time was 1.76579 milliseconds in repetition 370
tcp_ping received 8192 bytes back
Round trip time was 0.881572 milliseconds in repetition 371
tcp_ping received 8192 bytes back
Round trip time was 1.02296 milliseconds in repetition 372
tcp_ping received 8192 bytes back
Round trip time was 1.42581 milliseconds in repetition 373
tcp_ping received 8192 bytes back
Round trip time was 1.81509 milliseconds in repetition 374
tcp_ping received 8192 bytes back
Round trip time was 0.703426 milliseconds in repetition 375
tcp_ping received 8192 bytes back
Round trip time was 0.824107 milliseconds in repetition 376
tcp_ping received 8192 bytes back
Round trip time was 1.08287 milliseconds in repetition 377
tcp_ping received 8192 bytes back
Round trip time was 1.46342 milliseconds in repetition 378
tcp_ping received 8192 bytes back
Round trip time was 1.62234 milliseconds in repetition 379
tcp_ping received 8192 bytes back
Round trip time was 0.878477 milliseconds in repetition 380
tcp_ping received 8192 bytes back
Round trip time was 1.09846 milliseconds in repetition 381
tcp_ping received 8192 bytes back
Round trip time was 1.4647 milliseconds in repetition 382
tcp_ping received 8192 bytes back
Round trip time was 1.69493 milliseconds in repetition 383
tcp_ping received 8192 bytes back
Round trip time was 0.714493 milliseconds in repetition 384
tcp_ping received 8192 bytes back
Round trip time was 0.685244 milliseconds in repetition 385
tcp_ping received 8192 bytes back
Round trip time was 1.00304 milliseconds in repetition 386
tcp_ping received 8192 bytes back
Round trip time was 2.1903 milliseconds in repetition 387
tcp_ping received 8192 bytes back
Round trip time was 2.12352 milliseconds in repetition 388
tcp_ping received 8192 bytes back
Round trip time was 0.999148 milliseconds in repetition 389
tcp_ping received 8192 bytes back
Round trip time was 1.33861 milliseconds in repetition 390
tcp_ping received 8192 bytes back
Round trip time was 1.61263 milliseconds in repetition 391
tcp_ping received 8192 bytes back
Round trip time was 1.24928 milliseconds in repetition 392
tcp_ping received 8192 bytes back
Round trip time was 0.637166 milliseconds in repetition 393
tcp_ping received 8192 bytes back
Round trip time was 0.842478 milliseconds in repetition 394
tcp_ping received 8192 bytes back
Round trip time was 1.1923 milliseconds in repetition 395
tcp_ping received 8192 bytes back
Round trip time was 3.19964 milliseconds in repetition 396
tcp_ping received 8192 bytes back
Round trip time was 3.51402 milliseconds in repetition 397
tcp_ping received 8192 bytes back
Round trip time was 4.28965 milliseconds in repetition 398
tcp_ping received 8192 bytes back
Round trip time was 1.37189 milliseconds in repetition 399
tcp_ping received 8192 bytes back
Round trip time was 1.68399 milliseconds in repetition 400
tcp_ping received 8192 bytes back
Round trip time was 1.78043 milliseconds in repetition 401
tcp_ping received 8192 bytes back
Round trip time was 1.5225 milliseconds in repetition 402
tcp_ping received 8192 bytes back
Round trip time was 1.6741 milliseconds in repetition 403
tcp_ping received 8192 bytes back
Round trip time was 0.963025 milliseconds in repetition 404
tcp_ping received 8192 bytes back
Round trip time was 1.45843 milliseconds in repetition 405
tcp_ping received 8192 bytes back
Round trip time was 1.85398 milliseconds in repetition 406
tcp_ping received 8192 bytes back
Round trip time was 0.775749 milliseconds in repetition 407
tcp_ping received 8192 bytes back
Round trip time was 0.739269 milliseconds in repetition 408
tcp_ping received 8192 bytes back
Round trip time was 1.11784 milliseconds in repetition 409
tcp_ping received 8192 bytes back
Round trip time was 1.39853 milliseconds in repetition 410
tcp_ping received 8192 bytes back
Round trip time was 1.57326 milliseconds in repetition 411
tcp_ping received 8192 bytes back
Round trip time was 1.40745 milliseconds in repetition 412
tcp_ping received 8192 bytes back
Round trip time was 1.25159 milliseconds in repetition 413
tcp_ping received 8192 bytes back
Round trip time was 1.88209 milliseconds in repetition 414
tcp_ping received 8192 bytes back
Round trip time was 1.89891 milliseconds in repetition 415
tcp_ping received 8192 bytes back
Round trip time was 0.652266 milliseconds in repetition 416
tcp_ping received 8192 bytes back
Round trip time was 0.835957 milliseconds in repetition 417
tcp_ping received 8192 bytes back
Round trip time was 1.12624 milliseconds in repetition 418
tcp_ping received 8192 bytes back
Round trip time was 1.33428 milliseconds in repetition 419
tcp_ping received 8192 bytes back
Round trip time was 1.57047 milliseconds in repetition 420
tcp_ping received 8192 bytes back
Round trip time was 0.914523 milliseconds in repetition 421
tcp_ping received 8192 bytes back
Round trip time was 1.4116 milliseconds in repetition 422
tcp_ping received 8192 bytes back
Round trip time was 1.83194 milliseconds in repetition 423
tcp_ping received 8192 bytes back
Round trip time was 1.48736 milliseconds in repetition 424
tcp_ping received 8192 bytes back
Round trip time was 0.739047 milliseconds in repetition 425
tcp_ping received 8192 bytes back
Round trip time was 0.940736 milliseconds in repetition 426
tcp_ping received 8192 bytes back
Round trip time was 1.21328 milliseconds in repetition 427
tcp_ping received 8192 bytes back
Round trip time was 1.51045 milliseconds in repetition 428
tcp_ping received 8192 bytes back
Round trip time was 1.66517 milliseconds in repetition 429
tcp_ping received 8192 bytes back
Round trip time was 1.32895 milliseconds in repetition 430
tcp_ping received 8192 bytes back
Round trip time was 1.70043 milliseconds in repetition 431
tcp_ping received 8192 bytes back
Round trip time was 1.66341 milliseconds in repetition 432
tcp_ping received 8192 bytes back
Round trip time was 0.707809 milliseconds in repetition 433
tcp_ping received 8192 bytes back
Round trip time was 0.829441 milliseconds in repetition 434
tcp_ping received 8192 bytes back
Round trip time was 1.26753 milliseconds in repetition 435
tcp_ping received 8192 bytes back
Round trip time was 1.36402 milliseconds in repetition 436
tcp_ping received 8192 bytes back
Round trip time was 1.53621 milliseconds in repetition 437
tcp_ping received 8192 bytes back
Round trip time was 0.838075 milliseconds in repetition 438
tcp_ping received 8192 bytes back
Round trip time was 1.31675 milliseconds in repetition 439
tcp_ping received 8192 bytes back
Round trip time was 1.57977 milliseconds in repetition 440
tcp_ping received 8192 bytes back
Round trip time was 1.30104 milliseconds in repetition 441
tcp_ping received 8192 bytes back
Round trip time was 1.33817 milliseconds in repetition 442
tcp_ping received 8192 bytes back
Round trip time was 1.56392 milliseconds in repetition 443
tcp_ping received 8192 bytes back
Round trip time was 1.81018 milliseconds in repetition 444
tcp_ping received 8192 bytes back
Round trip time was 3.66908 milliseconds in repetition 445
tcp_ping received 8192 bytes back
Round trip time was 1.30699 milliseconds in repetition 446
tcp_ping received 8192 bytes back
Round trip time was 1.54007 milliseconds in repetition 447
tcp_ping received 8192 bytes back
Round trip time was 1.65683 milliseconds in repetition 448
tcp_ping received 8192 bytes back
Round trip time was 0.832989 milliseconds in repetition 449
tcp_ping received 8192 bytes back
Round trip time was 1.27372 milliseconds in repetition 450
tcp_ping received 8192 bytes back
Round trip time was 1.90734 milliseconds in repetition 451
tcp_ping received 8192 bytes back
Round trip time was 1.96753 milliseconds in repetition 452
tcp_ping received 8192 bytes back
Round trip time was 0.978175 milliseconds in repetition 453
tcp_ping received 8192 bytes back
Round trip time was 1.10551 milliseconds in repetition 454
tcp_ping received 8192 bytes back
Round trip time was 1.4472 milliseconds in repetition 455
tcp_ping received 8192 bytes back
Round trip time was 1.74547 milliseconds in repetition 456
tcp_ping received 8192 bytes back
Round trip time was 0.828979 milliseconds in repetition 457
tcp_ping received 8192 bytes back
Round trip time was 0.872545 milliseconds in repetition 458
tcp_ping received 8192 bytes back
Round trip time was 1.14712 milliseconds in repetition 459
tcp_ping received 8192 bytes back
Round trip time was 1.50516 milliseconds in repetition 460
tcp_ping received 8192 bytes back
Round trip time was 1.51234 milliseconds in repetition 461
tcp_ping received 8192 bytes back
Round trip time was 0.776003 milliseconds in repetition 462
tcp_ping received 8192 bytes back
Round trip time was 0.940262 milliseconds in repetition 463
tcp_ping received 8192 bytes back
Round trip time was 1.33567 milliseconds in repetition 464
tcp_ping received 8192 bytes back
Round trip time was 1.48128 milliseconds in repetition 465
tcp_ping received 8192 bytes back
Round trip time was 1.26712 milliseconds in repetition 466
tcp_ping received 8192 bytes back
Round trip time was 0.794035 milliseconds in repetition 467
tcp_ping received 8192 bytes back
Round trip time was 0.866876 milliseconds in repetition 468
tcp_ping received 8192 bytes back
Round trip time was 1.086 milliseconds in repetition 469
tcp_ping received 8192 bytes back
Round trip time was 1.33786 milliseconds in repetition 470
tcp_ping received 8192 bytes back
Round trip time was 1.37024 milliseconds in repetition 471
tcp_ping received 8192 bytes back
Round trip time was 0.847055 milliseconds in repetition 472
tcp_ping received 8192 bytes back
Round trip time was 1.18978 milliseconds in repetition 473
tcp_ping received 8192 bytes back
Round trip time was 1.49374 milliseconds in repetition 474
tcp_ping received 8192 bytes back
Round trip time was 1.68304 milliseconds in repetition 475
tcp_ping received 8192 bytes back
Round trip time was 0.699578 milliseconds in repetition 476
tcp_ping received 8192 bytes back
Round trip time was 1.1048 milliseconds in repetition 477
tcp_ping received 8192 bytes back
Round trip time was 1.27566 milliseconds in repetition 478
tcp_ping received 8192 bytes back
Round trip time was 1.60469 milliseconds in repetition 479
tcp_ping received 8192 bytes back
Round trip time was 1.3012 milliseconds in repetition 480
tcp_ping received 8192 bytes back
Round trip time was 1.1796 milliseconds in repetition 481
tcp_ping received 8192 bytes back
Round trip time was 1.43255 milliseconds in repetition 482
tcp_ping received 8192 bytes back
Round trip time was 1.8024 milliseconds in repetition 483
tcp_ping received 8192 bytes back
Round trip time was 0.68156 milliseconds in repetition 484
tcp_ping received 8192 bytes back
Round trip time was 0.613324 milliseconds in repetition 485
tcp_ping received 8192 bytes back
Round trip time was 1.50193 milliseconds in repetition 486
tcp_ping received 8192 bytes back
Round trip time was 1.78723 milliseconds in repetition 487
tcp_ping received 8192 bytes back
Round trip time was 2.01428 milliseconds in repetition 488
tcp_ping received 8192 bytes back
Round trip time was 0.768444 milliseconds in repetition 489
tcp_ping received 8192 bytes back
Round trip time was 1.05646 milliseconds in repetition 490
tcp_ping received 8192 bytes back
Round trip time was 1.35475 milliseconds in repetition 491
tcp_ping received 8192 bytes back
Round trip time was 1.64068 milliseconds in repetition 492
tcp_ping received 8192 bytes back
Round trip time was 0.586585 milliseconds in repetition 493
tcp_ping received 8192 bytes back
Round trip time was 0.77874 milliseconds in repetition 494
tcp_ping received 8192 bytes back
Round trip time was 1.08915 milliseconds in repetition 495
tcp_ping received 8192 bytes back
Round trip time was 1.84553 milliseconds in repetition 496
tcp_ping received 8192 bytes back
Round trip time was 2.26197 milliseconds in repetition 497
tcp_ping received 8192 bytes back
Round trip time was 1.46666 milliseconds in repetition 498
tcp_ping received 8192 bytes back
Round trip time was 2.09299 milliseconds in repetition 499
tcp_ping received 8192 bytes back
Round trip time was 2.59181 milliseconds in repetition 500
tcp_ping received 8192 bytes back
Round trip time was 2.38996 milliseconds in repetition 501

 ... clock resolution was 1e-06
TCP Ping:  Statistics over 501 repetitions of 8192 byte messages

RTT : percentile 10: 0.812322, median: 1.31119, percentile 90: 1.85398, average: 1.41099, variance: 1.3635

RTT histogram:
0.586585 187
1.75827 292
2.92997 14
4.10166 4
5.27335 3
6.44504 0
7.61673 0
8.78842 0
9.96011 0
11.1318 0
12.3035 0
13.4752 0
14.6469 0
15.8186 0
16.9902 0
18.1619 0
19.3336 0
20.5053 0
21.677 0
22.8487 0
24.0204 1

   median Throughput : 12495.5 KB/s   overall Throughput : 11611.7 KB/s

