TCP Ping trying to connect to server 130.251.61.30 (130.251.61.30) on port 1491
 ... connected to Pong server: asking for 501 repetitions of 49152 bytes TCP messages
 ... Pong server agreed :-)
tcp_ping received 49152 bytes back
Round trip time was 27.6503 milliseconds in repetition 1
tcp_ping received 49152 bytes back
Round trip time was 1.8662 milliseconds in repetition 2
tcp_ping received 49152 bytes back
Round trip time was 2.20205 milliseconds in repetition 3
tcp_ping received 49152 bytes back
Round trip time was 2.35919 milliseconds in repetition 4
tcp_ping received 49152 bytes back
Round trip time was 2.21917 milliseconds in repetition 5
tcp_ping received 49152 bytes back
Round trip time was 2.42357 milliseconds in repetition 6
tcp_ping received 49152 bytes back
Round trip time was 2.11341 milliseconds in repetition 7
tcp_ping received 49152 bytes back
Round trip time was 2.10459 milliseconds in repetition 8
tcp_ping received 49152 bytes back
Round trip time was 1.59508 milliseconds in repetition 9
tcp_ping received 49152 bytes back
Round trip time was 1.84447 milliseconds in repetition 10
tcp_ping received 49152 bytes back
Round trip time was 1.89326 milliseconds in repetition 11
tcp_ping received 49152 bytes back
Round trip time was 2.18568 milliseconds in repetition 12
tcp_ping received 49152 bytes back
Round trip time was 1.85344 milliseconds in repetition 13
tcp_ping received 49152 bytes back
Round trip time was 1.77592 milliseconds in repetition 14
tcp_ping received 49152 bytes back
Round trip time was 1.92679 milliseconds in repetition 15
tcp_ping received 49152 bytes back
Round trip time was 1.81642 milliseconds in repetition 16
tcp_ping received 49152 bytes back
Round trip time was 1.96268 milliseconds in repetition 17
tcp_ping received 49152 bytes back
Round trip time was 2.16404 milliseconds in repetition 18
tcp_ping received 49152 bytes back
Round trip time was 1.80394 milliseconds in repetition 19
tcp_ping received 49152 bytes back
Round trip time was 1.54617 milliseconds in repetition 20
tcp_ping received 49152 bytes back
Round trip time was 1.7244 milliseconds in repetition 21
tcp_ping received 49152 bytes back
Round trip time was 1.88053 milliseconds in repetition 22
tcp_ping received 49152 bytes back
Round trip time was 1.73004 milliseconds in repetition 23
tcp_ping received 49152 bytes back
Round trip time was 1.81574 milliseconds in repetition 24
tcp_ping received 49152 bytes back
Round trip time was 1.85615 milliseconds in repetition 25
tcp_ping received 49152 bytes back
Round trip time was 1.37638 milliseconds in repetition 26
tcp_ping received 49152 bytes back
Round trip time was 1.46296 milliseconds in repetition 27
tcp_ping received 49152 bytes back
Round trip time was 2.19021 milliseconds in repetition 28
tcp_ping received 49152 bytes back
Round trip time was 1.43104 milliseconds in repetition 29
tcp_ping received 49152 bytes back
Round trip time was 1.7522 milliseconds in repetition 30
tcp_ping received 49152 bytes back
Round trip time was 1.4655 milliseconds in repetition 31
tcp_ping received 49152 bytes back
Round trip time was 2.00988 milliseconds in repetition 32
tcp_ping received 49152 bytes back
Round trip time was 1.48361 milliseconds in repetition 33
tcp_ping received 49152 bytes back
Round trip time was 2.18226 milliseconds in repetition 34
tcp_ping received 49152 bytes back
Round trip time was 1.82117 milliseconds in repetition 35
tcp_ping received 49152 bytes back
Round trip time was 2.08853 milliseconds in repetition 36
tcp_ping received 49152 bytes back
Round trip time was 1.81792 milliseconds in repetition 37
tcp_ping received 49152 bytes back
Round trip time was 1.84871 milliseconds in repetition 38
tcp_ping received 49152 bytes back
Round trip time was 1.80715 milliseconds in repetition 39
tcp_ping received 49152 bytes back
Round trip time was 1.97541 milliseconds in repetition 40
tcp_ping received 49152 bytes back
Round trip time was 2.62478 milliseconds in repetition 41
tcp_ping received 49152 bytes back
Round trip time was 1.49518 milliseconds in repetition 42
tcp_ping received 49152 bytes back
Round trip time was 1.74439 milliseconds in repetition 43
tcp_ping received 49152 bytes back
Round trip time was 1.86275 milliseconds in repetition 44
tcp_ping received 49152 bytes back
Round trip time was 1.52297 milliseconds in repetition 45
tcp_ping received 49152 bytes back
Round trip time was 1.7573 milliseconds in repetition 46
tcp_ping received 49152 bytes back
Round trip time was 1.55299 milliseconds in repetition 47
tcp_ping received 49152 bytes back
Round trip time was 1.37455 milliseconds in repetition 48
tcp_ping received 49152 bytes back
Round trip time was 1.51961 milliseconds in repetition 49
tcp_ping received 49152 bytes back
Round trip time was 1.41451 milliseconds in repetition 50
tcp_ping received 49152 bytes back
Round trip time was 1.44087 milliseconds in repetition 51
tcp_ping received 49152 bytes back
Round trip time was 2.18341 milliseconds in repetition 52
tcp_ping received 49152 bytes back
Round trip time was 2.22466 milliseconds in repetition 53
tcp_ping received 49152 bytes back
Round trip time was 2.95087 milliseconds in repetition 54
tcp_ping received 49152 bytes back
Round trip time was 4.00659 milliseconds in repetition 55
tcp_ping received 49152 bytes back
Round trip time was 4.02069 milliseconds in repetition 56
tcp_ping received 49152 bytes back
Round trip time was 1.45178 milliseconds in repetition 57
tcp_ping received 49152 bytes back
Round trip time was 1.76217 milliseconds in repetition 58
tcp_ping received 49152 bytes back
Round trip time was 1.87586 milliseconds in repetition 59
tcp_ping received 49152 bytes back
Round trip time was 3.11385 milliseconds in repetition 60
tcp_ping received 49152 bytes back
Round trip time was 1.92053 milliseconds in repetition 61
tcp_ping received 49152 bytes back
Round trip time was 1.84047 milliseconds in repetition 62
tcp_ping received 49152 bytes back
Round trip time was 1.53409 milliseconds in repetition 63
tcp_ping received 49152 bytes back
Round trip time was 1.7387 milliseconds in repetition 64
tcp_ping received 49152 bytes back
Round trip time was 1.92553 milliseconds in repetition 65
tcp_ping received 49152 bytes back
Round trip time was 2.15636 milliseconds in repetition 66
tcp_ping received 49152 bytes back
Round trip time was 2.62388 milliseconds in repetition 67
tcp_ping received 49152 bytes back
Round trip time was 1.80212 milliseconds in repetition 68
tcp_ping received 49152 bytes back
Round trip time was 1.69355 milliseconds in repetition 69
tcp_ping received 49152 bytes back
Round trip time was 1.43358 milliseconds in repetition 70
tcp_ping received 49152 bytes back
Round trip time was 1.79698 milliseconds in repetition 71
tcp_ping received 49152 bytes back
Round trip time was 1.67668 milliseconds in repetition 72
tcp_ping received 49152 bytes back
Round trip time was 1.5127 milliseconds in repetition 73
tcp_ping received 49152 bytes back
Round trip time was 1.86715 milliseconds in repetition 74
tcp_ping received 49152 bytes back
Round trip time was 1.77312 milliseconds in repetition 75
tcp_ping received 49152 bytes back
Round trip time was 1.82257 milliseconds in repetition 76
tcp_ping received 49152 bytes back
Round trip time was 2.42037 milliseconds in repetition 77
tcp_ping received 49152 bytes back
Round trip time was 1.81042 milliseconds in repetition 78
tcp_ping received 49152 bytes back
Round trip time was 2.06571 milliseconds in repetition 79
tcp_ping received 49152 bytes back
Round trip time was 1.48189 milliseconds in repetition 80
tcp_ping received 49152 bytes back
Round trip time was 1.93514 milliseconds in repetition 81
tcp_ping received 49152 bytes back
Round trip time was 1.81337 milliseconds in repetition 82
tcp_ping received 49152 bytes back
Round trip time was 2.15885 milliseconds in repetition 83
tcp_ping received 49152 bytes back
Round trip time was 1.7608 milliseconds in repetition 84
tcp_ping received 49152 bytes back
Round trip time was 2.31748 milliseconds in repetition 85
tcp_ping received 49152 bytes back
Round trip time was 2.19865 milliseconds in repetition 86
tcp_ping received 49152 bytes back
Round trip time was 1.85762 milliseconds in repetition 87
tcp_ping received 49152 bytes back
Round trip time was 1.67223 milliseconds in repetition 88
tcp_ping received 49152 bytes back
Round trip time was 1.75076 milliseconds in repetition 89
tcp_ping received 49152 bytes back
Round trip time was 2.00751 milliseconds in repetition 90
tcp_ping received 49152 bytes back
Round trip time was 1.57048 milliseconds in repetition 91
tcp_ping received 49152 bytes back
Round trip time was 1.68661 milliseconds in repetition 92
tcp_ping received 49152 bytes back
Round trip time was 2.15117 milliseconds in repetition 93
tcp_ping received 49152 bytes back
Round trip time was 1.81796 milliseconds in repetition 94
tcp_ping received 49152 bytes back
Round trip time was 1.58288 milliseconds in repetition 95
tcp_ping received 49152 bytes back
Round trip time was 1.81016 milliseconds in repetition 96
tcp_ping received 49152 bytes back
Round trip time was 1.82836 milliseconds in repetition 97
tcp_ping received 49152 bytes back
Round trip time was 1.86631 milliseconds in repetition 98
tcp_ping received 49152 bytes back
Round trip time was 1.77499 milliseconds in repetition 99
tcp_ping received 49152 bytes back
Round trip time was 1.87752 milliseconds in repetition 100
tcp_ping received 49152 bytes back
Round trip time was 1.52207 milliseconds in repetition 101
tcp_ping received 49152 bytes back
Round trip time was 1.85659 milliseconds in repetition 102
tcp_ping received 49152 bytes back
Round trip time was 2.00121 milliseconds in repetition 103
tcp_ping received 49152 bytes back
Round trip time was 1.95067 milliseconds in repetition 104
tcp_ping received 49152 bytes back
Round trip time was 2.09804 milliseconds in repetition 105
tcp_ping received 49152 bytes back
Round trip time was 1.80859 milliseconds in repetition 106
tcp_ping received 49152 bytes back
Round trip time was 1.85502 milliseconds in repetition 107
tcp_ping received 49152 bytes back
Round trip time was 1.99385 milliseconds in repetition 108
tcp_ping received 49152 bytes back
Round trip time was 2.35979 milliseconds in repetition 109
tcp_ping received 49152 bytes back
Round trip time was 1.75202 milliseconds in repetition 110
tcp_ping received 49152 bytes back
Round trip time was 1.70944 milliseconds in repetition 111
tcp_ping received 49152 bytes back
Round trip time was 2.26167 milliseconds in repetition 112
tcp_ping received 49152 bytes back
Round trip time was 2.70131 milliseconds in repetition 113
tcp_ping received 49152 bytes back
Round trip time was 2.75555 milliseconds in repetition 114
tcp_ping received 49152 bytes back
Round trip time was 2.11315 milliseconds in repetition 115
tcp_ping received 49152 bytes back
Round trip time was 2.0372 milliseconds in repetition 116
tcp_ping received 49152 bytes back
Round trip time was 2.18991 milliseconds in repetition 117
tcp_ping received 49152 bytes back
Round trip time was 2.10725 milliseconds in repetition 118
tcp_ping received 49152 bytes back
Round trip time was 1.7708 milliseconds in repetition 119
tcp_ping received 49152 bytes back
Round trip time was 1.81186 milliseconds in repetition 120
tcp_ping received 49152 bytes back
Round trip time was 1.89298 milliseconds in repetition 121
tcp_ping received 49152 bytes back
Round trip time was 1.98776 milliseconds in repetition 122
tcp_ping received 49152 bytes back
Round trip time was 1.52261 milliseconds in repetition 123
tcp_ping received 49152 bytes back
Round trip time was 1.79468 milliseconds in repetition 124
tcp_ping received 49152 bytes back
Round trip time was 1.74436 milliseconds in repetition 125
tcp_ping received 49152 bytes back
Round trip time was 1.94228 milliseconds in repetition 126
tcp_ping received 49152 bytes back
Round trip time was 1.58436 milliseconds in repetition 127
tcp_ping received 49152 bytes back
Round trip time was 1.64134 milliseconds in repetition 128
tcp_ping received 49152 bytes back
Round trip time was 1.73777 milliseconds in repetition 129
tcp_ping received 49152 bytes back
Round trip time was 1.8297 milliseconds in repetition 130
tcp_ping received 49152 bytes back
Round trip time was 1.80611 milliseconds in repetition 131
tcp_ping received 49152 bytes back
Round trip time was 1.91304 milliseconds in repetition 132
tcp_ping received 49152 bytes back
Round trip time was 2.38079 milliseconds in repetition 133
tcp_ping received 49152 bytes back
Round trip time was 2.75136 milliseconds in repetition 134
tcp_ping received 49152 bytes back
Round trip time was 1.62281 milliseconds in repetition 135
tcp_ping received 49152 bytes back
Round trip time was 1.87331 milliseconds in repetition 136
tcp_ping received 49152 bytes back
Round trip time was 1.83436 milliseconds in repetition 137
tcp_ping received 49152 bytes back
Round trip time was 1.83358 milliseconds in repetition 138
tcp_ping received 49152 bytes back
Round trip time was 1.76718 milliseconds in repetition 139
tcp_ping received 49152 bytes back
Round trip time was 1.47063 milliseconds in repetition 140
tcp_ping received 49152 bytes back
Round trip time was 1.85191 milliseconds in repetition 141
tcp_ping received 49152 bytes back
Round trip time was 1.84879 milliseconds in repetition 142
tcp_ping received 49152 bytes back
Round trip time was 1.99599 milliseconds in repetition 143
tcp_ping received 49152 bytes back
Round trip time was 1.88069 milliseconds in repetition 144
tcp_ping received 49152 bytes back
Round trip time was 1.57697 milliseconds in repetition 145
tcp_ping received 49152 bytes back
Round trip time was 1.90366 milliseconds in repetition 146
tcp_ping received 49152 bytes back
Round trip time was 1.83716 milliseconds in repetition 147
tcp_ping received 49152 bytes back
Round trip time was 1.86483 milliseconds in repetition 148
tcp_ping received 49152 bytes back
Round trip time was 1.90953 milliseconds in repetition 149
tcp_ping received 49152 bytes back
Round trip time was 1.75618 milliseconds in repetition 150
tcp_ping received 49152 bytes back
Round trip time was 2.10111 milliseconds in repetition 151
tcp_ping received 49152 bytes back
Round trip time was 1.86934 milliseconds in repetition 152
tcp_ping received 49152 bytes back
Round trip time was 1.80363 milliseconds in repetition 153
tcp_ping received 49152 bytes back
Round trip time was 1.76886 milliseconds in repetition 154
tcp_ping received 49152 bytes back
Round trip time was 1.52483 milliseconds in repetition 155
tcp_ping received 49152 bytes back
Round trip time was 1.53971 milliseconds in repetition 156
tcp_ping received 49152 bytes back
Round trip time was 1.75143 milliseconds in repetition 157
tcp_ping received 49152 bytes back
Round trip time was 1.56509 milliseconds in repetition 158
tcp_ping received 49152 bytes back
Round trip time was 1.74468 milliseconds in repetition 159
tcp_ping received 49152 bytes back
Round trip time was 1.97528 milliseconds in repetition 160
tcp_ping received 49152 bytes back
Round trip time was 1.7733 milliseconds in repetition 161
tcp_ping received 49152 bytes back
Round trip time was 1.39642 milliseconds in repetition 162
tcp_ping received 49152 bytes back
Round trip time was 2.10055 milliseconds in repetition 163
tcp_ping received 49152 bytes back
Round trip time was 2.1218 milliseconds in repetition 164
tcp_ping received 49152 bytes back
Round trip time was 3.33776 milliseconds in repetition 165
tcp_ping received 49152 bytes back
Round trip time was 2.20961 milliseconds in repetition 166
tcp_ping received 49152 bytes back
Round trip time was 2.10468 milliseconds in repetition 167
tcp_ping received 49152 bytes back
Round trip time was 1.88696 milliseconds in repetition 168
tcp_ping received 49152 bytes back
Round trip time was 1.7746 milliseconds in repetition 169
tcp_ping received 49152 bytes back
Round trip time was 1.68539 milliseconds in repetition 170
tcp_ping received 49152 bytes back
Round trip time was 2.19415 milliseconds in repetition 171
tcp_ping received 49152 bytes back
Round trip time was 1.74255 milliseconds in repetition 172
tcp_ping received 49152 bytes back
Round trip time was 2.90374 milliseconds in repetition 173
tcp_ping received 49152 bytes back
Round trip time was 1.53881 milliseconds in repetition 174
tcp_ping received 49152 bytes back
Round trip time was 1.74972 milliseconds in repetition 175
tcp_ping received 49152 bytes back
Round trip time was 1.84064 milliseconds in repetition 176
tcp_ping received 49152 bytes back
Round trip time was 2.90071 milliseconds in repetition 177
tcp_ping received 49152 bytes back
Round trip time was 4.0064 milliseconds in repetition 178
tcp_ping received 49152 bytes back
Round trip time was 1.69774 milliseconds in repetition 179
tcp_ping received 49152 bytes back
Round trip time was 1.83951 milliseconds in repetition 180
tcp_ping received 49152 bytes back
Round trip time was 1.84381 milliseconds in repetition 181
tcp_ping received 49152 bytes back
Round trip time was 1.48859 milliseconds in repetition 182
tcp_ping received 49152 bytes back
Round trip time was 2.11931 milliseconds in repetition 183
tcp_ping received 49152 bytes back
Round trip time was 1.75038 milliseconds in repetition 184
tcp_ping received 49152 bytes back
Round trip time was 1.8069 milliseconds in repetition 185
tcp_ping received 49152 bytes back
Round trip time was 1.79097 milliseconds in repetition 186
tcp_ping received 49152 bytes back
Round trip time was 1.52645 milliseconds in repetition 187
tcp_ping received 49152 bytes back
Round trip time was 1.77345 milliseconds in repetition 188
tcp_ping received 49152 bytes back
Round trip time was 1.54001 milliseconds in repetition 189
tcp_ping received 49152 bytes back
Round trip time was 1.70972 milliseconds in repetition 190
tcp_ping received 49152 bytes back
Round trip time was 1.7596 milliseconds in repetition 191
tcp_ping received 49152 bytes back
Round trip time was 1.79449 milliseconds in repetition 192
tcp_ping received 49152 bytes back
Round trip time was 1.99731 milliseconds in repetition 193
tcp_ping received 49152 bytes back
Round trip time was 1.49917 milliseconds in repetition 194
tcp_ping received 49152 bytes back
Round trip time was 1.52983 milliseconds in repetition 195
tcp_ping received 49152 bytes back
Round trip time was 1.80355 milliseconds in repetition 196
tcp_ping received 49152 bytes back
Round trip time was 1.96481 milliseconds in repetition 197
tcp_ping received 49152 bytes back
Round trip time was 1.66479 milliseconds in repetition 198
tcp_ping received 49152 bytes back
Round trip time was 1.86347 milliseconds in repetition 199
tcp_ping received 49152 bytes back
Round trip time was 2.12596 milliseconds in repetition 200
tcp_ping received 49152 bytes back
Round trip time was 1.90708 milliseconds in repetition 201
tcp_ping received 49152 bytes back
Round trip time was 1.81639 milliseconds in repetition 202
tcp_ping received 49152 bytes back
Round trip time was 2.12569 milliseconds in repetition 203
tcp_ping received 49152 bytes back
Round trip time was 2.47561 milliseconds in repetition 204
tcp_ping received 49152 bytes back
Round trip time was 1.68811 milliseconds in repetition 205
tcp_ping received 49152 bytes back
Round trip time was 1.50094 milliseconds in repetition 206
tcp_ping received 49152 bytes back
Round trip time was 1.85628 milliseconds in repetition 207
tcp_ping received 49152 bytes back
Round trip time was 1.50615 milliseconds in repetition 208
tcp_ping received 49152 bytes back
Round trip time was 1.76464 milliseconds in repetition 209
tcp_ping received 49152 bytes back
Round trip time was 2.21798 milliseconds in repetition 210
tcp_ping received 49152 bytes back
Round trip time was 1.80605 milliseconds in repetition 211
tcp_ping received 49152 bytes back
Round trip time was 2.1006 milliseconds in repetition 212
tcp_ping received 49152 bytes back
Round trip time was 1.88632 milliseconds in repetition 213
tcp_ping received 49152 bytes back
Round trip time was 1.7638 milliseconds in repetition 214
tcp_ping received 49152 bytes back
Round trip time was 1.90292 milliseconds in repetition 215
tcp_ping received 49152 bytes back
Round trip time was 1.84327 milliseconds in repetition 216
tcp_ping received 49152 bytes back
Round trip time was 1.76833 milliseconds in repetition 217
tcp_ping received 49152 bytes back
Round trip time was 2.07404 milliseconds in repetition 218
tcp_ping received 49152 bytes back
Round trip time was 1.7455 milliseconds in repetition 219
tcp_ping received 49152 bytes back
Round trip time was 1.83568 milliseconds in repetition 220
tcp_ping received 49152 bytes back
Round trip time was 2.23549 milliseconds in repetition 221
tcp_ping received 49152 bytes back
Round trip time was 1.86077 milliseconds in repetition 222
tcp_ping received 49152 bytes back
Round trip time was 1.94199 milliseconds in repetition 223
tcp_ping received 49152 bytes back
Round trip time was 1.96446 milliseconds in repetition 224
tcp_ping received 49152 bytes back
Round trip time was 1.53577 milliseconds in repetition 225
tcp_ping received 49152 bytes back
Round trip time was 1.49494 milliseconds in repetition 226
tcp_ping received 49152 bytes back
Round trip time was 1.84502 milliseconds in repetition 227
tcp_ping received 49152 bytes back
Round trip time was 1.85776 milliseconds in repetition 228
tcp_ping received 49152 bytes back
Round trip time was 1.86632 milliseconds in repetition 229
tcp_ping received 49152 bytes back
Round trip time was 1.79299 milliseconds in repetition 230
tcp_ping received 49152 bytes back
Round trip time was 2.03488 milliseconds in repetition 231
tcp_ping received 49152 bytes back
Round trip time was 1.51325 milliseconds in repetition 232
tcp_ping received 49152 bytes back
Round trip time was 1.67724 milliseconds in repetition 233
tcp_ping received 49152 bytes back
Round trip time was 1.4927 milliseconds in repetition 234
tcp_ping received 49152 bytes back
Round trip time was 1.39217 milliseconds in repetition 235
tcp_ping received 49152 bytes back
Round trip time was 1.7587 milliseconds in repetition 236
tcp_ping received 49152 bytes back
Round trip time was 1.83862 milliseconds in repetition 237
tcp_ping received 49152 bytes back
Round trip time was 1.46008 milliseconds in repetition 238
tcp_ping received 49152 bytes back
Round trip time was 2.07649 milliseconds in repetition 239
tcp_ping received 49152 bytes back
Round trip time was 3.52197 milliseconds in repetition 240
tcp_ping received 49152 bytes back
Round trip time was 1.78222 milliseconds in repetition 241
tcp_ping received 49152 bytes back
Round trip time was 1.87291 milliseconds in repetition 242
tcp_ping received 49152 bytes back
Round trip time was 1.82699 milliseconds in repetition 243
tcp_ping received 49152 bytes back
Round trip time was 2.10122 milliseconds in repetition 244
tcp_ping received 49152 bytes back
Round trip time was 2.15621 milliseconds in repetition 245
tcp_ping received 49152 bytes back
Round trip time was 2.03129 milliseconds in repetition 246
tcp_ping received 49152 bytes back
Round trip time was 2.70554 milliseconds in repetition 247
tcp_ping received 49152 bytes back
Round trip time was 2.3831 milliseconds in repetition 248
tcp_ping received 49152 bytes back
Round trip time was 2.14676 milliseconds in repetition 249
tcp_ping received 49152 bytes back
Round trip time was 1.86141 milliseconds in repetition 250
tcp_ping received 49152 bytes back
Round trip time was 2.2044 milliseconds in repetition 251
tcp_ping received 49152 bytes back
Round trip time was 1.75833 milliseconds in repetition 252
tcp_ping received 49152 bytes back
Round trip time was 1.87742 milliseconds in repetition 253
tcp_ping received 49152 bytes back
Round trip time was 1.78665 milliseconds in repetition 254
tcp_ping received 49152 bytes back
Round trip time was 1.70765 milliseconds in repetition 255
tcp_ping received 49152 bytes back
Round trip time was 1.77902 milliseconds in repetition 256
tcp_ping received 49152 bytes back
Round trip time was 1.79188 milliseconds in repetition 257
tcp_ping received 49152 bytes back
Round trip time was 2.13271 milliseconds in repetition 258
tcp_ping received 49152 bytes back
Round trip time was 1.74147 milliseconds in repetition 259
tcp_ping received 49152 bytes back
Round trip time was 1.76868 milliseconds in repetition 260
tcp_ping received 49152 bytes back
Round trip time was 1.76118 milliseconds in repetition 261
tcp_ping received 49152 bytes back
Round trip time was 1.79667 milliseconds in repetition 262
tcp_ping received 49152 bytes back
Round trip time was 1.53336 milliseconds in repetition 263
tcp_ping received 49152 bytes back
Round trip time was 2.08916 milliseconds in repetition 264
tcp_ping received 49152 bytes back
Round trip time was 1.66225 milliseconds in repetition 265
tcp_ping received 49152 bytes back
Round trip time was 1.80963 milliseconds in repetition 266
tcp_ping received 49152 bytes back
Round trip time was 1.65801 milliseconds in repetition 267
tcp_ping received 49152 bytes back
Round trip time was 2.52784 milliseconds in repetition 268
tcp_ping received 49152 bytes back
Round trip time was 2.12011 milliseconds in repetition 269
tcp_ping received 49152 bytes back
Round trip time was 1.98684 milliseconds in repetition 270
tcp_ping received 49152 bytes back
Round trip time was 1.93004 milliseconds in repetition 271
tcp_ping received 49152 bytes back
Round trip time was 1.96035 milliseconds in repetition 272
tcp_ping received 49152 bytes back
Round trip time was 2.02884 milliseconds in repetition 273
tcp_ping received 49152 bytes back
Round trip time was 1.85188 milliseconds in repetition 274
tcp_ping received 49152 bytes back
Round trip time was 1.98272 milliseconds in repetition 275
tcp_ping received 49152 bytes back
Round trip time was 1.96969 milliseconds in repetition 276
tcp_ping received 49152 bytes back
Round trip time was 1.89031 milliseconds in repetition 277
tcp_ping received 49152 bytes back
Round trip time was 1.89312 milliseconds in repetition 278
tcp_ping received 49152 bytes back
Round trip time was 2.04956 milliseconds in repetition 279
tcp_ping received 49152 bytes back
Round trip time was 1.86279 milliseconds in repetition 280
tcp_ping received 49152 bytes back
Round trip time was 2.13895 milliseconds in repetition 281
tcp_ping received 49152 bytes back
Round trip time was 1.89447 milliseconds in repetition 282
tcp_ping received 49152 bytes back
Round trip time was 1.92577 milliseconds in repetition 283
tcp_ping received 49152 bytes back
Round trip time was 1.80442 milliseconds in repetition 284
tcp_ping received 49152 bytes back
Round trip time was 1.562 milliseconds in repetition 285
tcp_ping received 49152 bytes back
Round trip time was 1.49316 milliseconds in repetition 286
tcp_ping received 49152 bytes back
Round trip time was 1.48037 milliseconds in repetition 287
tcp_ping received 49152 bytes back
Round trip time was 1.86598 milliseconds in repetition 288
tcp_ping received 49152 bytes back
Round trip time was 2.18267 milliseconds in repetition 289
tcp_ping received 49152 bytes back
Round trip time was 1.79957 milliseconds in repetition 290
tcp_ping received 49152 bytes back
Round trip time was 1.99858 milliseconds in repetition 291
tcp_ping received 49152 bytes back
Round trip time was 2.24611 milliseconds in repetition 292
tcp_ping received 49152 bytes back
Round trip time was 1.91211 milliseconds in repetition 293
tcp_ping received 49152 bytes back
Round trip time was 1.69812 milliseconds in repetition 294
tcp_ping received 49152 bytes back
Round trip time was 1.86408 milliseconds in repetition 295
tcp_ping received 49152 bytes back
Round trip time was 1.78859 milliseconds in repetition 296
tcp_ping received 49152 bytes back
Round trip time was 1.57222 milliseconds in repetition 297
tcp_ping received 49152 bytes back
Round trip time was 4.96534 milliseconds in repetition 298
tcp_ping received 49152 bytes back
Round trip time was 1.48025 milliseconds in repetition 299
tcp_ping received 49152 bytes back
Round trip time was 2.47536 milliseconds in repetition 300
tcp_ping received 49152 bytes back
Round trip time was 1.91852 milliseconds in repetition 301
tcp_ping received 49152 bytes back
Round trip time was 4.65756 milliseconds in repetition 302
tcp_ping received 49152 bytes back
Round trip time was 1.54862 milliseconds in repetition 303
tcp_ping received 49152 bytes back
Round trip time was 2.299 milliseconds in repetition 304
tcp_ping received 49152 bytes back
Round trip time was 10.7206 milliseconds in repetition 305
tcp_ping received 49152 bytes back
Round trip time was 2.15279 milliseconds in repetition 306
tcp_ping received 49152 bytes back
Round trip time was 2.22709 milliseconds in repetition 307
tcp_ping received 49152 bytes back
Round trip time was 2.12735 milliseconds in repetition 308
tcp_ping received 49152 bytes back
Round trip time was 2.31416 milliseconds in repetition 309
tcp_ping received 49152 bytes back
Round trip time was 1.85789 milliseconds in repetition 310
tcp_ping received 49152 bytes back
Round trip time was 1.78944 milliseconds in repetition 311
tcp_ping received 49152 bytes back
Round trip time was 1.97998 milliseconds in repetition 312
tcp_ping received 49152 bytes back
Round trip time was 1.73841 milliseconds in repetition 313
tcp_ping received 49152 bytes back
Round trip time was 1.81552 milliseconds in repetition 314
tcp_ping received 49152 bytes back
Round trip time was 1.7849 milliseconds in repetition 315
tcp_ping received 49152 bytes back
Round trip time was 1.84725 milliseconds in repetition 316
tcp_ping received 49152 bytes back
Round trip time was 1.88255 milliseconds in repetition 317
tcp_ping received 49152 bytes back
Round trip time was 1.83726 milliseconds in repetition 318
tcp_ping received 49152 bytes back
Round trip time was 1.86197 milliseconds in repetition 319
tcp_ping received 49152 bytes back
Round trip time was 1.93142 milliseconds in repetition 320
tcp_ping received 49152 bytes back
Round trip time was 1.85397 milliseconds in repetition 321
tcp_ping received 49152 bytes back
Round trip time was 1.78947 milliseconds in repetition 322
tcp_ping received 49152 bytes back
Round trip time was 1.84915 milliseconds in repetition 323
tcp_ping received 49152 bytes back
Round trip time was 1.76732 milliseconds in repetition 324
tcp_ping received 49152 bytes back
Round trip time was 1.82829 milliseconds in repetition 325
tcp_ping received 49152 bytes back
Round trip time was 2.19658 milliseconds in repetition 326
tcp_ping received 49152 bytes back
Round trip time was 1.84512 milliseconds in repetition 327
tcp_ping received 49152 bytes back
Round trip time was 2.04718 milliseconds in repetition 328
tcp_ping received 49152 bytes back
Round trip time was 1.80632 milliseconds in repetition 329
tcp_ping received 49152 bytes back
Round trip time was 1.9914 milliseconds in repetition 330
tcp_ping received 49152 bytes back
Round trip time was 1.85118 milliseconds in repetition 331
tcp_ping received 49152 bytes back
Round trip time was 2.00938 milliseconds in repetition 332
tcp_ping received 49152 bytes back
Round trip time was 1.93725 milliseconds in repetition 333
tcp_ping received 49152 bytes back
Round trip time was 1.91698 milliseconds in repetition 334
tcp_ping received 49152 bytes back
Round trip time was 1.84793 milliseconds in repetition 335
tcp_ping received 49152 bytes back
Round trip time was 1.43536 milliseconds in repetition 336
tcp_ping received 49152 bytes back
Round trip time was 1.85712 milliseconds in repetition 337
tcp_ping received 49152 bytes back
Round trip time was 1.51283 milliseconds in repetition 338
tcp_ping received 49152 bytes back
Round trip time was 1.85108 milliseconds in repetition 339
tcp_ping received 49152 bytes back
Round trip time was 1.85317 milliseconds in repetition 340
tcp_ping received 49152 bytes back
Round trip time was 1.77278 milliseconds in repetition 341
tcp_ping received 49152 bytes back
Round trip time was 1.66761 milliseconds in repetition 342
tcp_ping received 49152 bytes back
Round trip time was 1.39333 milliseconds in repetition 343
tcp_ping received 49152 bytes back
Round trip time was 1.43612 milliseconds in repetition 344
tcp_ping received 49152 bytes back
Round trip time was 1.80735 milliseconds in repetition 345
tcp_ping received 49152 bytes back
Round trip time was 1.4724 milliseconds in repetition 346
tcp_ping received 49152 bytes back
Round trip time was 1.41966 milliseconds in repetition 347
tcp_ping received 49152 bytes back
Round trip time was 2.15366 milliseconds in repetition 348
tcp_ping received 49152 bytes back
Round trip time was 1.67433 milliseconds in repetition 349
tcp_ping received 49152 bytes back
Round trip time was 1.76124 milliseconds in repetition 350
tcp_ping received 49152 bytes back
Round trip time was 1.60433 milliseconds in repetition 351
tcp_ping received 49152 bytes back
Round trip time was 1.80696 milliseconds in repetition 352
tcp_ping received 49152 bytes back
Round trip time was 2.14032 milliseconds in repetition 353
tcp_ping received 49152 bytes back
Round trip time was 1.79609 milliseconds in repetition 354
tcp_ping received 49152 bytes back
Round trip time was 2.57552 milliseconds in repetition 355
tcp_ping received 49152 bytes back
Round trip time was 2.40074 milliseconds in repetition 356
tcp_ping received 49152 bytes back
Round trip time was 2.15837 milliseconds in repetition 357
tcp_ping received 49152 bytes back
Round trip time was 1.82144 milliseconds in repetition 358
tcp_ping received 49152 bytes back
Round trip time was 1.96075 milliseconds in repetition 359
tcp_ping received 49152 bytes back
Round trip time was 2.1639 milliseconds in repetition 360
tcp_ping received 49152 bytes back
Round trip time was 1.85659 milliseconds in repetition 361
tcp_ping received 49152 bytes back
Round trip time was 1.86494 milliseconds in repetition 362
tcp_ping received 49152 bytes back
Round trip time was 1.66399 milliseconds in repetition 363
tcp_ping received 49152 bytes back
Round trip time was 1.71606 milliseconds in repetition 364
tcp_ping received 49152 bytes back
Round trip time was 1.7333 milliseconds in repetition 365
tcp_ping received 49152 bytes back
Round trip time was 1.90878 milliseconds in repetition 366
tcp_ping received 49152 bytes back
Round trip time was 1.66874 milliseconds in repetition 367
tcp_ping received 49152 bytes back
Round trip time was 1.97232 milliseconds in repetition 368
tcp_ping received 49152 bytes back
Round trip time was 2.12284 milliseconds in repetition 369
tcp_ping received 49152 bytes back
Round trip time was 1.81945 milliseconds in repetition 370
tcp_ping received 49152 bytes back
Round trip time was 1.92062 milliseconds in repetition 371
tcp_ping received 49152 bytes back
Round trip time was 1.91566 milliseconds in repetition 372
tcp_ping received 49152 bytes back
Round trip time was 1.8639 milliseconds in repetition 373
tcp_ping received 49152 bytes back
Round trip time was 1.90169 milliseconds in repetition 374
tcp_ping received 49152 bytes back
Round trip time was 1.76227 milliseconds in repetition 375
tcp_ping received 49152 bytes back
Round trip time was 1.85561 milliseconds in repetition 376
tcp_ping received 49152 bytes back
Round trip time was 2.0247 milliseconds in repetition 377
tcp_ping received 49152 bytes back
Round trip time was 1.81859 milliseconds in repetition 378
tcp_ping received 49152 bytes back
Round trip time was 1.45683 milliseconds in repetition 379
tcp_ping received 49152 bytes back
Round trip time was 1.96217 milliseconds in repetition 380
tcp_ping received 49152 bytes back
Round trip time was 1.93428 milliseconds in repetition 381
tcp_ping received 49152 bytes back
Round trip time was 2.21909 milliseconds in repetition 382
tcp_ping received 49152 bytes back
Round trip time was 1.91494 milliseconds in repetition 383
tcp_ping received 49152 bytes back
Round trip time was 2.03294 milliseconds in repetition 384
tcp_ping received 49152 bytes back
Round trip time was 1.91241 milliseconds in repetition 385
tcp_ping received 49152 bytes back
Round trip time was 1.65156 milliseconds in repetition 386
tcp_ping received 49152 bytes back
Round trip time was 1.85683 milliseconds in repetition 387
tcp_ping received 49152 bytes back
Round trip time was 1.86262 milliseconds in repetition 388
tcp_ping received 49152 bytes back
Round trip time was 1.67189 milliseconds in repetition 389
tcp_ping received 49152 bytes back
Round trip time was 1.87805 milliseconds in repetition 390
tcp_ping received 49152 bytes back
Round trip time was 2.04236 milliseconds in repetition 391
tcp_ping received 49152 bytes back
Round trip time was 1.73422 milliseconds in repetition 392
tcp_ping received 49152 bytes back
Round trip time was 2.06996 milliseconds in repetition 393
tcp_ping received 49152 bytes back
Round trip time was 1.69054 milliseconds in repetition 394
tcp_ping received 49152 bytes back
Round trip time was 1.50653 milliseconds in repetition 395
tcp_ping received 49152 bytes back
Round trip time was 1.86539 milliseconds in repetition 396
tcp_ping received 49152 bytes back
Round trip time was 1.45499 milliseconds in repetition 397
tcp_ping received 49152 bytes back
Round trip time was 1.79799 milliseconds in repetition 398
tcp_ping received 49152 bytes back
Round trip time was 1.87789 milliseconds in repetition 399
tcp_ping received 49152 bytes back
Round trip time was 2.16316 milliseconds in repetition 400
tcp_ping received 49152 bytes back
Round trip time was 1.85666 milliseconds in repetition 401
tcp_ping received 49152 bytes back
Round trip time was 2.09311 milliseconds in repetition 402
tcp_ping received 49152 bytes back
Round trip time was 2.01382 milliseconds in repetition 403
tcp_ping received 49152 bytes back
Round trip time was 1.85521 milliseconds in repetition 404
tcp_ping received 49152 bytes back
Round trip time was 2.12275 milliseconds in repetition 405
tcp_ping received 49152 bytes back
Round trip time was 1.93226 milliseconds in repetition 406
tcp_ping received 49152 bytes back
Round trip time was 1.92226 milliseconds in repetition 407
tcp_ping received 49152 bytes back
Round trip time was 1.8701 milliseconds in repetition 408
tcp_ping received 49152 bytes back
Round trip time was 2.29798 milliseconds in repetition 409
tcp_ping received 49152 bytes back
Round trip time was 2.08709 milliseconds in repetition 410
tcp_ping received 49152 bytes back
Round trip time was 1.81862 milliseconds in repetition 411
tcp_ping received 49152 bytes back
Round trip time was 2.07135 milliseconds in repetition 412
tcp_ping received 49152 bytes back
Round trip time was 2.1417 milliseconds in repetition 413
tcp_ping received 49152 bytes back
Round trip time was 2.09843 milliseconds in repetition 414
tcp_ping received 49152 bytes back
Round trip time was 2.00526 milliseconds in repetition 415
tcp_ping received 49152 bytes back
Round trip time was 1.75946 milliseconds in repetition 416
tcp_ping received 49152 bytes back
Round trip time was 2.43208 milliseconds in repetition 417
tcp_ping received 49152 bytes back
Round trip time was 1.74232 milliseconds in repetition 418
tcp_ping received 49152 bytes back
Round trip time was 4.96278 milliseconds in repetition 419
tcp_ping received 49152 bytes back
Round trip time was 1.46542 milliseconds in repetition 420
tcp_ping received 49152 bytes back
Round trip time was 1.71158 milliseconds in repetition 421
tcp_ping received 49152 bytes back
Round trip time was 4.84625 milliseconds in repetition 422
tcp_ping received 49152 bytes back
Round trip time was 1.72452 milliseconds in repetition 423
tcp_ping received 49152 bytes back
Round trip time was 2.23958 milliseconds in repetition 424
tcp_ping received 49152 bytes back
Round trip time was 1.92913 milliseconds in repetition 425
tcp_ping received 49152 bytes back
Round trip time was 1.80757 milliseconds in repetition 426
tcp_ping received 49152 bytes back
Round trip time was 2.40085 milliseconds in repetition 427
tcp_ping received 49152 bytes back
Round trip time was 1.45926 milliseconds in repetition 428
tcp_ping received 49152 bytes back
Round trip time was 2.49109 milliseconds in repetition 429
tcp_ping received 49152 bytes back
Round trip time was 1.77383 milliseconds in repetition 430
tcp_ping received 49152 bytes back
Round trip time was 1.91257 milliseconds in repetition 431
tcp_ping received 49152 bytes back
Round trip time was 1.78092 milliseconds in repetition 432
tcp_ping received 49152 bytes back
Round trip time was 1.51178 milliseconds in repetition 433
tcp_ping received 49152 bytes back
Round trip time was 1.87597 milliseconds in repetition 434
tcp_ping received 49152 bytes back
Round trip time was 2.11289 milliseconds in repetition 435
tcp_ping received 49152 bytes back
Round trip time was 2.17597 milliseconds in repetition 436
tcp_ping received 49152 bytes back
Round trip time was 2.16994 milliseconds in repetition 437
tcp_ping received 49152 bytes back
Round trip time was 2.19235 milliseconds in repetition 438
tcp_ping received 49152 bytes back
Round trip time was 2.08792 milliseconds in repetition 439
tcp_ping received 49152 bytes back
Round trip time was 2.9023 milliseconds in repetition 440
tcp_ping received 49152 bytes back
Round trip time was 1.95978 milliseconds in repetition 441
tcp_ping received 49152 bytes back
Round trip time was 2.07897 milliseconds in repetition 442
tcp_ping received 49152 bytes back
Round trip time was 1.81988 milliseconds in repetition 443
tcp_ping received 49152 bytes back
Round trip time was 1.75512 milliseconds in repetition 444
tcp_ping received 49152 bytes back
Round trip time was 1.71777 milliseconds in repetition 445
tcp_ping received 49152 bytes back
Round trip time was 1.77938 milliseconds in repetition 446
tcp_ping received 49152 bytes back
Round trip time was 1.46267 milliseconds in repetition 447
tcp_ping received 49152 bytes back
Round trip time was 1.60401 milliseconds in repetition 448
tcp_ping received 49152 bytes back
Round trip time was 2.06404 milliseconds in repetition 449
tcp_ping received 49152 bytes back
Round trip time was 1.7562 milliseconds in repetition 450
tcp_ping received 49152 bytes back
Round trip time was 1.91285 milliseconds in repetition 451
tcp_ping received 49152 bytes back
Round trip time was 1.88955 milliseconds in repetition 452
tcp_ping received 49152 bytes back
Round trip time was 1.79096 milliseconds in repetition 453
tcp_ping received 49152 bytes back
Round trip time was 1.39682 milliseconds in repetition 454
tcp_ping received 49152 bytes back
Round trip time was 2.1764 milliseconds in repetition 455
tcp_ping received 49152 bytes back
Round trip time was 2.58803 milliseconds in repetition 456
tcp_ping received 49152 bytes back
Round trip time was 2.20765 milliseconds in repetition 457
tcp_ping received 49152 bytes back
Round trip time was 2.1606 milliseconds in repetition 458
tcp_ping received 49152 bytes back
Round trip time was 2.00494 milliseconds in repetition 459
tcp_ping received 49152 bytes back
Round trip time was 2.30647 milliseconds in repetition 460
tcp_ping received 49152 bytes back
Round trip time was 2.20178 milliseconds in repetition 461
tcp_ping received 49152 bytes back
Round trip time was 1.86047 milliseconds in repetition 462
tcp_ping received 49152 bytes back
Round trip time was 1.89313 milliseconds in repetition 463
tcp_ping received 49152 bytes back
Round trip time was 2.10586 milliseconds in repetition 464
tcp_ping received 49152 bytes back
Round trip time was 2.06248 milliseconds in repetition 465
tcp_ping received 49152 bytes back
Round trip time was 1.71553 milliseconds in repetition 466
tcp_ping received 49152 bytes back
Round trip time was 1.7893 milliseconds in repetition 467
tcp_ping received 49152 bytes back
Round trip time was 1.98311 milliseconds in repetition 468
tcp_ping received 49152 bytes back
Round trip time was 1.58019 milliseconds in repetition 469
tcp_ping received 49152 bytes back
Round trip time was 2.52915 milliseconds in repetition 470
tcp_ping received 49152 bytes back
Round trip time was 2.15678 milliseconds in repetition 471
tcp_ping received 49152 bytes back
Round trip time was 2.54621 milliseconds in repetition 472
tcp_ping received 49152 bytes back
Round trip time was 2.56644 milliseconds in repetition 473
tcp_ping received 49152 bytes back
Round trip time was 2.08542 milliseconds in repetition 474
tcp_ping received 49152 bytes back
Round trip time was 2.75766 milliseconds in repetition 475
tcp_ping received 49152 bytes back
Round trip time was 2.1661 milliseconds in repetition 476
tcp_ping received 49152 bytes back
Round trip time was 1.84895 milliseconds in repetition 477
tcp_ping received 49152 bytes back
Round trip time was 2.1948 milliseconds in repetition 478
tcp_ping received 49152 bytes back
Round trip time was 1.78289 milliseconds in repetition 479
tcp_ping received 49152 bytes back
Round trip time was 1.83787 milliseconds in repetition 480
tcp_ping received 49152 bytes back
Round trip time was 1.94975 milliseconds in repetition 481
tcp_ping received 49152 bytes back
Round trip time was 1.73332 milliseconds in repetition 482
tcp_ping received 49152 bytes back
Round trip time was 2.01128 milliseconds in repetition 483
tcp_ping received 49152 bytes back
Round trip time was 1.4638 milliseconds in repetition 484
tcp_ping received 49152 bytes back
Round trip time was 1.74908 milliseconds in repetition 485
tcp_ping received 49152 bytes back
Round trip time was 1.80076 milliseconds in repetition 486
tcp_ping received 49152 bytes back
Round trip time was 2.52435 milliseconds in repetition 487
tcp_ping received 49152 bytes back
Round trip time was 1.85519 milliseconds in repetition 488
tcp_ping received 49152 bytes back
Round trip time was 2.25635 milliseconds in repetition 489
tcp_ping received 49152 bytes back
Round trip time was 2.15691 milliseconds in repetition 490
tcp_ping received 49152 bytes back
Round trip time was 2.21367 milliseconds in repetition 491
tcp_ping received 49152 bytes back
Round trip time was 1.88057 milliseconds in repetition 492
tcp_ping received 49152 bytes back
Round trip time was 2.1159 milliseconds in repetition 493
tcp_ping received 49152 bytes back
Round trip time was 1.83831 milliseconds in repetition 494
tcp_ping received 49152 bytes back
Round trip time was 1.76003 milliseconds in repetition 495
tcp_ping received 49152 bytes back
Round trip time was 2.12314 milliseconds in repetition 496
tcp_ping received 49152 bytes back
Round trip time was 1.90833 milliseconds in repetition 497
tcp_ping received 49152 bytes back
Round trip time was 3.33424 milliseconds in repetition 498
tcp_ping received 49152 bytes back
Round trip time was 2.09228 milliseconds in repetition 499
tcp_ping received 49152 bytes back
Round trip time was 1.9612 milliseconds in repetition 500
tcp_ping received 49152 bytes back
Round trip time was 2.1382 milliseconds in repetition 501

 ... clock resolution was 1e-06
TCP Ping:  Statistics over 501 repetitions of 49152 byte messages

RTT : percentile 10: 1.53409, median: 1.85776, percentile 90: 2.24611, average: 2.01326, variance: 1.65493

RTT histogram:
1.37455 359
2.68833 132
4.00212 5
5.31591 3
6.6297 0
7.94349 0
9.25727 0
10.5711 1
11.8849 0
13.1986 0
14.5124 0
15.8262 0
17.14 0
18.4538 0
19.7676 0
21.0814 0
22.3952 0
23.7089 0
25.0227 0
26.3365 0
27.6503 1

   median Throughput : 52915.3 KB/s   overall Throughput : 48828.4 KB/s

