TCP Ping trying to connect to server 130.251.61.30 (130.251.61.30) on port 1491
 ... connected to Pong server: asking for 501 repetitions of 393216 bytes TCP messages
 ... Pong server agreed :-)
tcp_ping received 393216 bytes back
Round trip time was 43.4724 milliseconds in repetition 1
tcp_ping received 393216 bytes back
Round trip time was 11.6051 milliseconds in repetition 2
tcp_ping received 393216 bytes back
Round trip time was 9.57551 milliseconds in repetition 3
tcp_ping received 393216 bytes back
Round trip time was 10.4602 milliseconds in repetition 4
tcp_ping received 393216 bytes back
Round trip time was 9.34343 milliseconds in repetition 5
tcp_ping received 393216 bytes back
Round trip time was 9.81411 milliseconds in repetition 6
tcp_ping received 393216 bytes back
Round trip time was 8.37222 milliseconds in repetition 7
tcp_ping received 393216 bytes back
Round trip time was 9.70554 milliseconds in repetition 8
tcp_ping received 393216 bytes back
Round trip time was 8.05361 milliseconds in repetition 9
tcp_ping received 393216 bytes back
Round trip time was 9.45206 milliseconds in repetition 10
tcp_ping received 393216 bytes back
Round trip time was 10.0221 milliseconds in repetition 11
tcp_ping received 393216 bytes back
Round trip time was 9.06443 milliseconds in repetition 12
tcp_ping received 393216 bytes back
Round trip time was 8.76842 milliseconds in repetition 13
tcp_ping received 393216 bytes back
Round trip time was 9.19428 milliseconds in repetition 14
tcp_ping received 393216 bytes back
Round trip time was 9.3923 milliseconds in repetition 15
tcp_ping received 393216 bytes back
Round trip time was 11.2251 milliseconds in repetition 16
tcp_ping received 393216 bytes back
Round trip time was 10.2428 milliseconds in repetition 17
tcp_ping received 393216 bytes back
Round trip time was 8.73765 milliseconds in repetition 18
tcp_ping received 393216 bytes back
Round trip time was 9.17153 milliseconds in repetition 19
tcp_ping received 393216 bytes back
Round trip time was 8.61807 milliseconds in repetition 20
tcp_ping received 393216 bytes back
Round trip time was 9.84755 milliseconds in repetition 21
tcp_ping received 393216 bytes back
Round trip time was 8.66815 milliseconds in repetition 22
tcp_ping received 393216 bytes back
Round trip time was 9.09977 milliseconds in repetition 23
tcp_ping received 393216 bytes back
Round trip time was 7.92759 milliseconds in repetition 24
tcp_ping received 393216 bytes back
Round trip time was 8.015 milliseconds in repetition 25
tcp_ping received 393216 bytes back
Round trip time was 8.45985 milliseconds in repetition 26
tcp_ping received 393216 bytes back
Round trip time was 9.72843 milliseconds in repetition 27
tcp_ping received 393216 bytes back
Round trip time was 8.57676 milliseconds in repetition 28
tcp_ping received 393216 bytes back
Round trip time was 7.80429 milliseconds in repetition 29
tcp_ping received 393216 bytes back
Round trip time was 7.95226 milliseconds in repetition 30
tcp_ping received 393216 bytes back
Round trip time was 7.898 milliseconds in repetition 31
tcp_ping received 393216 bytes back
Round trip time was 8.15099 milliseconds in repetition 32
tcp_ping received 393216 bytes back
Round trip time was 12.0381 milliseconds in repetition 33
tcp_ping received 393216 bytes back
Round trip time was 12.2535 milliseconds in repetition 34
tcp_ping received 393216 bytes back
Round trip time was 7.97458 milliseconds in repetition 35
tcp_ping received 393216 bytes back
Round trip time was 9.25636 milliseconds in repetition 36
tcp_ping received 393216 bytes back
Round trip time was 10.2998 milliseconds in repetition 37
tcp_ping received 393216 bytes back
Round trip time was 8.42882 milliseconds in repetition 38
tcp_ping received 393216 bytes back
Round trip time was 10.1447 milliseconds in repetition 39
tcp_ping received 393216 bytes back
Round trip time was 9.26003 milliseconds in repetition 40
tcp_ping received 393216 bytes back
Round trip time was 9.23189 milliseconds in repetition 41
tcp_ping received 393216 bytes back
Round trip time was 8.9343 milliseconds in repetition 42
tcp_ping received 393216 bytes back
Round trip time was 7.72216 milliseconds in repetition 43
tcp_ping received 393216 bytes back
Round trip time was 8.01107 milliseconds in repetition 44
tcp_ping received 393216 bytes back
Round trip time was 8.16101 milliseconds in repetition 45
tcp_ping received 393216 bytes back
Round trip time was 10.2264 milliseconds in repetition 46
tcp_ping received 393216 bytes back
Round trip time was 8.84492 milliseconds in repetition 47
tcp_ping received 393216 bytes back
Round trip time was 9.31207 milliseconds in repetition 48
tcp_ping received 393216 bytes back
Round trip time was 9.15459 milliseconds in repetition 49
tcp_ping received 393216 bytes back
Round trip time was 8.97315 milliseconds in repetition 50
tcp_ping received 393216 bytes back
Round trip time was 9.2219 milliseconds in repetition 51
tcp_ping received 393216 bytes back
Round trip time was 7.83042 milliseconds in repetition 52
tcp_ping received 393216 bytes back
Round trip time was 7.87407 milliseconds in repetition 53
tcp_ping received 393216 bytes back
Round trip time was 9.44423 milliseconds in repetition 54
tcp_ping received 393216 bytes back
Round trip time was 8.63987 milliseconds in repetition 55
tcp_ping received 393216 bytes back
Round trip time was 9.03122 milliseconds in repetition 56
tcp_ping received 393216 bytes back
Round trip time was 8.75606 milliseconds in repetition 57
tcp_ping received 393216 bytes back
Round trip time was 8.67337 milliseconds in repetition 58
tcp_ping received 393216 bytes back
Round trip time was 8.91514 milliseconds in repetition 59
tcp_ping received 393216 bytes back
Round trip time was 9.21765 milliseconds in repetition 60
tcp_ping received 393216 bytes back
Round trip time was 9.31299 milliseconds in repetition 61
tcp_ping received 393216 bytes back
Round trip time was 7.79767 milliseconds in repetition 62
tcp_ping received 393216 bytes back
Round trip time was 10.7226 milliseconds in repetition 63
tcp_ping received 393216 bytes back
Round trip time was 7.79725 milliseconds in repetition 64
tcp_ping received 393216 bytes back
Round trip time was 9.64888 milliseconds in repetition 65
tcp_ping received 393216 bytes back
Round trip time was 7.99825 milliseconds in repetition 66
tcp_ping received 393216 bytes back
Round trip time was 7.76204 milliseconds in repetition 67
tcp_ping received 393216 bytes back
Round trip time was 7.7951 milliseconds in repetition 68
tcp_ping received 393216 bytes back
Round trip time was 9.68324 milliseconds in repetition 69
tcp_ping received 393216 bytes back
Round trip time was 9.18393 milliseconds in repetition 70
tcp_ping received 393216 bytes back
Round trip time was 9.33986 milliseconds in repetition 71
tcp_ping received 393216 bytes back
Round trip time was 8.90739 milliseconds in repetition 72
tcp_ping received 393216 bytes back
Round trip time was 7.92147 milliseconds in repetition 73
tcp_ping received 393216 bytes back
Round trip time was 8.36548 milliseconds in repetition 74
tcp_ping received 393216 bytes back
Round trip time was 7.8966 milliseconds in repetition 75
tcp_ping received 393216 bytes back
Round trip time was 10.4845 milliseconds in repetition 76
tcp_ping received 393216 bytes back
Round trip time was 8.8686 milliseconds in repetition 77
tcp_ping received 393216 bytes back
Round trip time was 8.57964 milliseconds in repetition 78
tcp_ping received 393216 bytes back
Round trip time was 8.25028 milliseconds in repetition 79
tcp_ping received 393216 bytes back
Round trip time was 7.76527 milliseconds in repetition 80
tcp_ping received 393216 bytes back
Round trip time was 10.5384 milliseconds in repetition 81
tcp_ping received 393216 bytes back
Round trip time was 9.36091 milliseconds in repetition 82
tcp_ping received 393216 bytes back
Round trip time was 10.8259 milliseconds in repetition 83
tcp_ping received 393216 bytes back
Round trip time was 13.5067 milliseconds in repetition 84
tcp_ping received 393216 bytes back
Round trip time was 7.76 milliseconds in repetition 85
tcp_ping received 393216 bytes back
Round trip time was 9.13168 milliseconds in repetition 86
tcp_ping received 393216 bytes back
Round trip time was 13.0081 milliseconds in repetition 87
tcp_ping received 393216 bytes back
Round trip time was 8.19022 milliseconds in repetition 88
tcp_ping received 393216 bytes back
Round trip time was 9.3495 milliseconds in repetition 89
tcp_ping received 393216 bytes back
Round trip time was 8.86713 milliseconds in repetition 90
tcp_ping received 393216 bytes back
Round trip time was 10.6863 milliseconds in repetition 91
tcp_ping received 393216 bytes back
Round trip time was 11.0123 milliseconds in repetition 92
tcp_ping received 393216 bytes back
Round trip time was 9.81478 milliseconds in repetition 93
tcp_ping received 393216 bytes back
Round trip time was 8.61131 milliseconds in repetition 94
tcp_ping received 393216 bytes back
Round trip time was 11.1749 milliseconds in repetition 95
tcp_ping received 393216 bytes back
Round trip time was 9.2581 milliseconds in repetition 96
tcp_ping received 393216 bytes back
Round trip time was 11.1585 milliseconds in repetition 97
tcp_ping received 393216 bytes back
Round trip time was 10.603 milliseconds in repetition 98
tcp_ping received 393216 bytes back
Round trip time was 9.26638 milliseconds in repetition 99
tcp_ping received 393216 bytes back
Round trip time was 12.5342 milliseconds in repetition 100
tcp_ping received 393216 bytes back
Round trip time was 9.55866 milliseconds in repetition 101
tcp_ping received 393216 bytes back
Round trip time was 9.18557 milliseconds in repetition 102
tcp_ping received 393216 bytes back
Round trip time was 7.81424 milliseconds in repetition 103
tcp_ping received 393216 bytes back
Round trip time was 8.80401 milliseconds in repetition 104
tcp_ping received 393216 bytes back
Round trip time was 10.6603 milliseconds in repetition 105
tcp_ping received 393216 bytes back
Round trip time was 9.43633 milliseconds in repetition 106
tcp_ping received 393216 bytes back
Round trip time was 8.47938 milliseconds in repetition 107
tcp_ping received 393216 bytes back
Round trip time was 10.4065 milliseconds in repetition 108
tcp_ping received 393216 bytes back
Round trip time was 8.77205 milliseconds in repetition 109
tcp_ping received 393216 bytes back
Round trip time was 9.47344 milliseconds in repetition 110
tcp_ping received 393216 bytes back
Round trip time was 8.38367 milliseconds in repetition 111
tcp_ping received 393216 bytes back
Round trip time was 8.10856 milliseconds in repetition 112
tcp_ping received 393216 bytes back
Round trip time was 10.1651 milliseconds in repetition 113
tcp_ping received 393216 bytes back
Round trip time was 8.13691 milliseconds in repetition 114
tcp_ping received 393216 bytes back
Round trip time was 10.8671 milliseconds in repetition 115
tcp_ping received 393216 bytes back
Round trip time was 8.3911 milliseconds in repetition 116
tcp_ping received 393216 bytes back
Round trip time was 8.24569 milliseconds in repetition 117
tcp_ping received 393216 bytes back
Round trip time was 10.0132 milliseconds in repetition 118
tcp_ping received 393216 bytes back
Round trip time was 8.31729 milliseconds in repetition 119
tcp_ping received 393216 bytes back
Round trip time was 8.32115 milliseconds in repetition 120
tcp_ping received 393216 bytes back
Round trip time was 8.73308 milliseconds in repetition 121
tcp_ping received 393216 bytes back
Round trip time was 9.03505 milliseconds in repetition 122
tcp_ping received 393216 bytes back
Round trip time was 8.7725 milliseconds in repetition 123
tcp_ping received 393216 bytes back
Round trip time was 8.32338 milliseconds in repetition 124
tcp_ping received 393216 bytes back
Round trip time was 8.33212 milliseconds in repetition 125
tcp_ping received 393216 bytes back
Round trip time was 8.30005 milliseconds in repetition 126
tcp_ping received 393216 bytes back
Round trip time was 7.92282 milliseconds in repetition 127
tcp_ping received 393216 bytes back
Round trip time was 8.24148 milliseconds in repetition 128
tcp_ping received 393216 bytes back
Round trip time was 7.89226 milliseconds in repetition 129
tcp_ping received 393216 bytes back
Round trip time was 8.00757 milliseconds in repetition 130
tcp_ping received 393216 bytes back
Round trip time was 7.58166 milliseconds in repetition 131
tcp_ping received 393216 bytes back
Round trip time was 7.91585 milliseconds in repetition 132
tcp_ping received 393216 bytes back
Round trip time was 7.74196 milliseconds in repetition 133
tcp_ping received 393216 bytes back
Round trip time was 10.8402 milliseconds in repetition 134
tcp_ping received 393216 bytes back
Round trip time was 8.57269 milliseconds in repetition 135
tcp_ping received 393216 bytes back
Round trip time was 8.39226 milliseconds in repetition 136
tcp_ping received 393216 bytes back
Round trip time was 8.17876 milliseconds in repetition 137
tcp_ping received 393216 bytes back
Round trip time was 8.36238 milliseconds in repetition 138
tcp_ping received 393216 bytes back
Round trip time was 8.22032 milliseconds in repetition 139
tcp_ping received 393216 bytes back
Round trip time was 8.57878 milliseconds in repetition 140
tcp_ping received 393216 bytes back
Round trip time was 8.96251 milliseconds in repetition 141
tcp_ping received 393216 bytes back
Round trip time was 10.3568 milliseconds in repetition 142
tcp_ping received 393216 bytes back
Round trip time was 8.5425 milliseconds in repetition 143
tcp_ping received 393216 bytes back
Round trip time was 9.94453 milliseconds in repetition 144
tcp_ping received 393216 bytes back
Round trip time was 8.20818 milliseconds in repetition 145
tcp_ping received 393216 bytes back
Round trip time was 7.62625 milliseconds in repetition 146
tcp_ping received 393216 bytes back
Round trip time was 8.04445 milliseconds in repetition 147
tcp_ping received 393216 bytes back
Round trip time was 9.65761 milliseconds in repetition 148
tcp_ping received 393216 bytes back
Round trip time was 9.16646 milliseconds in repetition 149
tcp_ping received 393216 bytes back
Round trip time was 10.0561 milliseconds in repetition 150
tcp_ping received 393216 bytes back
Round trip time was 8.93032 milliseconds in repetition 151
tcp_ping received 393216 bytes back
Round trip time was 9.64961 milliseconds in repetition 152
tcp_ping received 393216 bytes back
Round trip time was 10.1447 milliseconds in repetition 153
tcp_ping received 393216 bytes back
Round trip time was 9.31345 milliseconds in repetition 154
tcp_ping received 393216 bytes back
Round trip time was 8.34795 milliseconds in repetition 155
tcp_ping received 393216 bytes back
Round trip time was 8.355 milliseconds in repetition 156
tcp_ping received 393216 bytes back
Round trip time was 8.38043 milliseconds in repetition 157
tcp_ping received 393216 bytes back
Round trip time was 9.70888 milliseconds in repetition 158
tcp_ping received 393216 bytes back
Round trip time was 9.86278 milliseconds in repetition 159
tcp_ping received 393216 bytes back
Round trip time was 10.0606 milliseconds in repetition 160
tcp_ping received 393216 bytes back
Round trip time was 9.81932 milliseconds in repetition 161
tcp_ping received 393216 bytes back
Round trip time was 9.74593 milliseconds in repetition 162
tcp_ping received 393216 bytes back
Round trip time was 9.63328 milliseconds in repetition 163
tcp_ping received 393216 bytes back
Round trip time was 9.67224 milliseconds in repetition 164
tcp_ping received 393216 bytes back
Round trip time was 9.35014 milliseconds in repetition 165
tcp_ping received 393216 bytes back
Round trip time was 9.67241 milliseconds in repetition 166
tcp_ping received 393216 bytes back
Round trip time was 9.35742 milliseconds in repetition 167
tcp_ping received 393216 bytes back
Round trip time was 8.30605 milliseconds in repetition 168
tcp_ping received 393216 bytes back
Round trip time was 8.62948 milliseconds in repetition 169
tcp_ping received 393216 bytes back
Round trip time was 9.11866 milliseconds in repetition 170
tcp_ping received 393216 bytes back
Round trip time was 8.74438 milliseconds in repetition 171
tcp_ping received 393216 bytes back
Round trip time was 7.70941 milliseconds in repetition 172
tcp_ping received 393216 bytes back
Round trip time was 11.1802 milliseconds in repetition 173
tcp_ping received 393216 bytes back
Round trip time was 8.29708 milliseconds in repetition 174
tcp_ping received 393216 bytes back
Round trip time was 9.82348 milliseconds in repetition 175
tcp_ping received 393216 bytes back
Round trip time was 8.94009 milliseconds in repetition 176
tcp_ping received 393216 bytes back
Round trip time was 9.92875 milliseconds in repetition 177
tcp_ping received 393216 bytes back
Round trip time was 11.3347 milliseconds in repetition 178
tcp_ping received 393216 bytes back
Round trip time was 8.60615 milliseconds in repetition 179
tcp_ping received 393216 bytes back
Round trip time was 8.83911 milliseconds in repetition 180
tcp_ping received 393216 bytes back
Round trip time was 10.0177 milliseconds in repetition 181
tcp_ping received 393216 bytes back
Round trip time was 9.32131 milliseconds in repetition 182
tcp_ping received 393216 bytes back
Round trip time was 7.88469 milliseconds in repetition 183
tcp_ping received 393216 bytes back
Round trip time was 8.18126 milliseconds in repetition 184
tcp_ping received 393216 bytes back
Round trip time was 9.84009 milliseconds in repetition 185
tcp_ping received 393216 bytes back
Round trip time was 7.92318 milliseconds in repetition 186
tcp_ping received 393216 bytes back
Round trip time was 9.8642 milliseconds in repetition 187
tcp_ping received 393216 bytes back
Round trip time was 8.7987 milliseconds in repetition 188
tcp_ping received 393216 bytes back
Round trip time was 8.37012 milliseconds in repetition 189
tcp_ping received 393216 bytes back
Round trip time was 7.74681 milliseconds in repetition 190
tcp_ping received 393216 bytes back
Round trip time was 7.86757 milliseconds in repetition 191
tcp_ping received 393216 bytes back
Round trip time was 9.11102 milliseconds in repetition 192
tcp_ping received 393216 bytes back
Round trip time was 9.15163 milliseconds in repetition 193
tcp_ping received 393216 bytes back
Round trip time was 9.2663 milliseconds in repetition 194
tcp_ping received 393216 bytes back
Round trip time was 9.18919 milliseconds in repetition 195
tcp_ping received 393216 bytes back
Round trip time was 8.26042 milliseconds in repetition 196
tcp_ping received 393216 bytes back
Round trip time was 9.16518 milliseconds in repetition 197
tcp_ping received 393216 bytes back
Round trip time was 9.55993 milliseconds in repetition 198
tcp_ping received 393216 bytes back
Round trip time was 8.09948 milliseconds in repetition 199
tcp_ping received 393216 bytes back
Round trip time was 8.69628 milliseconds in repetition 200
tcp_ping received 393216 bytes back
Round trip time was 10.4138 milliseconds in repetition 201
tcp_ping received 393216 bytes back
Round trip time was 9.28725 milliseconds in repetition 202
tcp_ping received 393216 bytes back
Round trip time was 9.28401 milliseconds in repetition 203
tcp_ping received 393216 bytes back
Round trip time was 9.5675 milliseconds in repetition 204
tcp_ping received 393216 bytes back
Round trip time was 9.46757 milliseconds in repetition 205
tcp_ping received 393216 bytes back
Round trip time was 8.74523 milliseconds in repetition 206
tcp_ping received 393216 bytes back
Round trip time was 11.1531 milliseconds in repetition 207
tcp_ping received 393216 bytes back
Round trip time was 12.1727 milliseconds in repetition 208
tcp_ping received 393216 bytes back
Round trip time was 8.7208 milliseconds in repetition 209
tcp_ping received 393216 bytes back
Round trip time was 8.47742 milliseconds in repetition 210
tcp_ping received 393216 bytes back
Round trip time was 8.53923 milliseconds in repetition 211
tcp_ping received 393216 bytes back
Round trip time was 7.86726 milliseconds in repetition 212
tcp_ping received 393216 bytes back
Round trip time was 9.03175 milliseconds in repetition 213
tcp_ping received 393216 bytes back
Round trip time was 9.98657 milliseconds in repetition 214
tcp_ping received 393216 bytes back
Round trip time was 8.88037 milliseconds in repetition 215
tcp_ping received 393216 bytes back
Round trip time was 9.46605 milliseconds in repetition 216
tcp_ping received 393216 bytes back
Round trip time was 8.11685 milliseconds in repetition 217
tcp_ping received 393216 bytes back
Round trip time was 9.12703 milliseconds in repetition 218
tcp_ping received 393216 bytes back
Round trip time was 7.6937 milliseconds in repetition 219
tcp_ping received 393216 bytes back
Round trip time was 8.57643 milliseconds in repetition 220
tcp_ping received 393216 bytes back
Round trip time was 8.82697 milliseconds in repetition 221
tcp_ping received 393216 bytes back
Round trip time was 10.1109 milliseconds in repetition 222
tcp_ping received 393216 bytes back
Round trip time was 9.18178 milliseconds in repetition 223
tcp_ping received 393216 bytes back
Round trip time was 9.95824 milliseconds in repetition 224
tcp_ping received 393216 bytes back
Round trip time was 9.01055 milliseconds in repetition 225
tcp_ping received 393216 bytes back
Round trip time was 9.04228 milliseconds in repetition 226
tcp_ping received 393216 bytes back
Round trip time was 8.59748 milliseconds in repetition 227
tcp_ping received 393216 bytes back
Round trip time was 8.30599 milliseconds in repetition 228
tcp_ping received 393216 bytes back
Round trip time was 8.6879 milliseconds in repetition 229
tcp_ping received 393216 bytes back
Round trip time was 9.89583 milliseconds in repetition 230
tcp_ping received 393216 bytes back
Round trip time was 10.4451 milliseconds in repetition 231
tcp_ping received 393216 bytes back
Round trip time was 8.54719 milliseconds in repetition 232
tcp_ping received 393216 bytes back
Round trip time was 10.3218 milliseconds in repetition 233
tcp_ping received 393216 bytes back
Round trip time was 9.30701 milliseconds in repetition 234
tcp_ping received 393216 bytes back
Round trip time was 9.56807 milliseconds in repetition 235
tcp_ping received 393216 bytes back
Round trip time was 10.3323 milliseconds in repetition 236
tcp_ping received 393216 bytes back
Round trip time was 9.78363 milliseconds in repetition 237
tcp_ping received 393216 bytes back
Round trip time was 9.4194 milliseconds in repetition 238
tcp_ping received 393216 bytes back
Round trip time was 9.84266 milliseconds in repetition 239
tcp_ping received 393216 bytes back
Round trip time was 8.51277 milliseconds in repetition 240
tcp_ping received 393216 bytes back
Round trip time was 8.67891 milliseconds in repetition 241
tcp_ping received 393216 bytes back
Round trip time was 9.32421 milliseconds in repetition 242
tcp_ping received 393216 bytes back
Round trip time was 9.00689 milliseconds in repetition 243
tcp_ping received 393216 bytes back
Round trip time was 8.11355 milliseconds in repetition 244
tcp_ping received 393216 bytes back
Round trip time was 10.1369 milliseconds in repetition 245
tcp_ping received 393216 bytes back
Round trip time was 9.7564 milliseconds in repetition 246
tcp_ping received 393216 bytes back
Round trip time was 10.3854 milliseconds in repetition 247
tcp_ping received 393216 bytes back
Round trip time was 8.88731 milliseconds in repetition 248
tcp_ping received 393216 bytes back
Round trip time was 10.0937 milliseconds in repetition 249
tcp_ping received 393216 bytes back
Round trip time was 9.21824 milliseconds in repetition 250
tcp_ping received 393216 bytes back
Round trip time was 9.96752 milliseconds in repetition 251
tcp_ping received 393216 bytes back
Round trip time was 9.04413 milliseconds in repetition 252
tcp_ping received 393216 bytes back
Round trip time was 8.22782 milliseconds in repetition 253
tcp_ping received 393216 bytes back
Round trip time was 8.43195 milliseconds in repetition 254
tcp_ping received 393216 bytes back
Round trip time was 8.24193 milliseconds in repetition 255
tcp_ping received 393216 bytes back
Round trip time was 9.15672 milliseconds in repetition 256
tcp_ping received 393216 bytes back
Round trip time was 10.7804 milliseconds in repetition 257
tcp_ping received 393216 bytes back
Round trip time was 8.50134 milliseconds in repetition 258
tcp_ping received 393216 bytes back
Round trip time was 11.2169 milliseconds in repetition 259
tcp_ping received 393216 bytes back
Round trip time was 11.3837 milliseconds in repetition 260
tcp_ping received 393216 bytes back
Round trip time was 11.2774 milliseconds in repetition 261
tcp_ping received 393216 bytes back
Round trip time was 9.22029 milliseconds in repetition 262
tcp_ping received 393216 bytes back
Round trip time was 9.65515 milliseconds in repetition 263
tcp_ping received 393216 bytes back
Round trip time was 16.8461 milliseconds in repetition 264
tcp_ping received 393216 bytes back
Round trip time was 12.5919 milliseconds in repetition 265
tcp_ping received 393216 bytes back
Round trip time was 9.29396 milliseconds in repetition 266
tcp_ping received 393216 bytes back
Round trip time was 10.698 milliseconds in repetition 267
tcp_ping received 393216 bytes back
Round trip time was 9.89908 milliseconds in repetition 268
tcp_ping received 393216 bytes back
Round trip time was 10.3804 milliseconds in repetition 269
tcp_ping received 393216 bytes back
Round trip time was 10.2564 milliseconds in repetition 270
tcp_ping received 393216 bytes back
Round trip time was 10.0768 milliseconds in repetition 271
tcp_ping received 393216 bytes back
Round trip time was 11.2038 milliseconds in repetition 272
tcp_ping received 393216 bytes back
Round trip time was 9.94299 milliseconds in repetition 273
tcp_ping received 393216 bytes back
Round trip time was 9.102 milliseconds in repetition 274
tcp_ping received 393216 bytes back
Round trip time was 10.4294 milliseconds in repetition 275
tcp_ping received 393216 bytes back
Round trip time was 9.60927 milliseconds in repetition 276
tcp_ping received 393216 bytes back
Round trip time was 9.82441 milliseconds in repetition 277
tcp_ping received 393216 bytes back
Round trip time was 9.73307 milliseconds in repetition 278
tcp_ping received 393216 bytes back
Round trip time was 9.52166 milliseconds in repetition 279
tcp_ping received 393216 bytes back
Round trip time was 9.30384 milliseconds in repetition 280
tcp_ping received 393216 bytes back
Round trip time was 9.03987 milliseconds in repetition 281
tcp_ping received 393216 bytes back
Round trip time was 9.19561 milliseconds in repetition 282
tcp_ping received 393216 bytes back
Round trip time was 9.53943 milliseconds in repetition 283
tcp_ping received 393216 bytes back
Round trip time was 8.51612 milliseconds in repetition 284
tcp_ping received 393216 bytes back
Round trip time was 8.38374 milliseconds in repetition 285
tcp_ping received 393216 bytes back
Round trip time was 8.31185 milliseconds in repetition 286
tcp_ping received 393216 bytes back
Round trip time was 9.89062 milliseconds in repetition 287
tcp_ping received 393216 bytes back
Round trip time was 8.67011 milliseconds in repetition 288
tcp_ping received 393216 bytes back
Round trip time was 9.60985 milliseconds in repetition 289
tcp_ping received 393216 bytes back
Round trip time was 8.31756 milliseconds in repetition 290
tcp_ping received 393216 bytes back
Round trip time was 7.8252 milliseconds in repetition 291
tcp_ping received 393216 bytes back
Round trip time was 7.84605 milliseconds in repetition 292
tcp_ping received 393216 bytes back
Round trip time was 8.08687 milliseconds in repetition 293
tcp_ping received 393216 bytes back
Round trip time was 8.08408 milliseconds in repetition 294
tcp_ping received 393216 bytes back
Round trip time was 10.8898 milliseconds in repetition 295
tcp_ping received 393216 bytes back
Round trip time was 11.2127 milliseconds in repetition 296
tcp_ping received 393216 bytes back
Round trip time was 9.65797 milliseconds in repetition 297
tcp_ping received 393216 bytes back
Round trip time was 9.84268 milliseconds in repetition 298
tcp_ping received 393216 bytes back
Round trip time was 8.35 milliseconds in repetition 299
tcp_ping received 393216 bytes back
Round trip time was 8.31096 milliseconds in repetition 300
tcp_ping received 393216 bytes back
Round trip time was 8.71851 milliseconds in repetition 301
tcp_ping received 393216 bytes back
Round trip time was 8.09068 milliseconds in repetition 302
tcp_ping received 393216 bytes back
Round trip time was 8.67445 milliseconds in repetition 303
tcp_ping received 393216 bytes back
Round trip time was 10.5558 milliseconds in repetition 304
tcp_ping received 393216 bytes back
Round trip time was 9.99402 milliseconds in repetition 305
tcp_ping received 393216 bytes back
Round trip time was 8.14159 milliseconds in repetition 306
tcp_ping received 393216 bytes back
Round trip time was 9.70357 milliseconds in repetition 307
tcp_ping received 393216 bytes back
Round trip time was 8.65834 milliseconds in repetition 308
tcp_ping received 393216 bytes back
Round trip time was 9.15249 milliseconds in repetition 309
tcp_ping received 393216 bytes back
Round trip time was 8.03923 milliseconds in repetition 310
tcp_ping received 393216 bytes back
Round trip time was 8.15829 milliseconds in repetition 311
tcp_ping received 393216 bytes back
Round trip time was 9.39853 milliseconds in repetition 312
tcp_ping received 393216 bytes back
Round trip time was 7.82098 milliseconds in repetition 313
tcp_ping received 393216 bytes back
Round trip time was 10.4071 milliseconds in repetition 314
tcp_ping received 393216 bytes back
Round trip time was 9.00587 milliseconds in repetition 315
tcp_ping received 393216 bytes back
Round trip time was 9.41001 milliseconds in repetition 316
tcp_ping received 393216 bytes back
Round trip time was 9.936 milliseconds in repetition 317
tcp_ping received 393216 bytes back
Round trip time was 8.79328 milliseconds in repetition 318
tcp_ping received 393216 bytes back
Round trip time was 8.81579 milliseconds in repetition 319
tcp_ping received 393216 bytes back
Round trip time was 9.54872 milliseconds in repetition 320
tcp_ping received 393216 bytes back
Round trip time was 9.2987 milliseconds in repetition 321
tcp_ping received 393216 bytes back
Round trip time was 8.26107 milliseconds in repetition 322
tcp_ping received 393216 bytes back
Round trip time was 9.79089 milliseconds in repetition 323
tcp_ping received 393216 bytes back
Round trip time was 9.12578 milliseconds in repetition 324
tcp_ping received 393216 bytes back
Round trip time was 9.96946 milliseconds in repetition 325
tcp_ping received 393216 bytes back
Round trip time was 8.79939 milliseconds in repetition 326
tcp_ping received 393216 bytes back
Round trip time was 9.19135 milliseconds in repetition 327
tcp_ping received 393216 bytes back
Round trip time was 9.49573 milliseconds in repetition 328
tcp_ping received 393216 bytes back
Round trip time was 9.43418 milliseconds in repetition 329
tcp_ping received 393216 bytes back
Round trip time was 8.31787 milliseconds in repetition 330
tcp_ping received 393216 bytes back
Round trip time was 9.25185 milliseconds in repetition 331
tcp_ping received 393216 bytes back
Round trip time was 8.63945 milliseconds in repetition 332
tcp_ping received 393216 bytes back
Round trip time was 8.91801 milliseconds in repetition 333
tcp_ping received 393216 bytes back
Round trip time was 10.1459 milliseconds in repetition 334
tcp_ping received 393216 bytes back
Round trip time was 8.87062 milliseconds in repetition 335
tcp_ping received 393216 bytes back
Round trip time was 8.37816 milliseconds in repetition 336
tcp_ping received 393216 bytes back
Round trip time was 8.42287 milliseconds in repetition 337
tcp_ping received 393216 bytes back
Round trip time was 8.38595 milliseconds in repetition 338
tcp_ping received 393216 bytes back
Round trip time was 8.58125 milliseconds in repetition 339
tcp_ping received 393216 bytes back
Round trip time was 8.05386 milliseconds in repetition 340
tcp_ping received 393216 bytes back
Round trip time was 10.493 milliseconds in repetition 341
tcp_ping received 393216 bytes back
Round trip time was 9.13438 milliseconds in repetition 342
tcp_ping received 393216 bytes back
Round trip time was 9.65992 milliseconds in repetition 343
tcp_ping received 393216 bytes back
Round trip time was 9.76851 milliseconds in repetition 344
tcp_ping received 393216 bytes back
Round trip time was 9.08106 milliseconds in repetition 345
tcp_ping received 393216 bytes back
Round trip time was 8.59515 milliseconds in repetition 346
tcp_ping received 393216 bytes back
Round trip time was 9.72625 milliseconds in repetition 347
tcp_ping received 393216 bytes back
Round trip time was 7.87525 milliseconds in repetition 348
tcp_ping received 393216 bytes back
Round trip time was 7.94214 milliseconds in repetition 349
tcp_ping received 393216 bytes back
Round trip time was 9.02645 milliseconds in repetition 350
tcp_ping received 393216 bytes back
Round trip time was 8.4113 milliseconds in repetition 351
tcp_ping received 393216 bytes back
Round trip time was 8.17925 milliseconds in repetition 352
tcp_ping received 393216 bytes back
Round trip time was 10.4298 milliseconds in repetition 353
tcp_ping received 393216 bytes back
Round trip time was 12.1346 milliseconds in repetition 354
tcp_ping received 393216 bytes back
Round trip time was 8.09316 milliseconds in repetition 355
tcp_ping received 393216 bytes back
Round trip time was 9.84778 milliseconds in repetition 356
tcp_ping received 393216 bytes back
Round trip time was 8.60408 milliseconds in repetition 357
tcp_ping received 393216 bytes back
Round trip time was 8.0785 milliseconds in repetition 358
tcp_ping received 393216 bytes back
Round trip time was 8.11269 milliseconds in repetition 359
tcp_ping received 393216 bytes back
Round trip time was 8.30205 milliseconds in repetition 360
tcp_ping received 393216 bytes back
Round trip time was 8.05247 milliseconds in repetition 361
tcp_ping received 393216 bytes back
Round trip time was 10.4579 milliseconds in repetition 362
tcp_ping received 393216 bytes back
Round trip time was 9.22667 milliseconds in repetition 363
tcp_ping received 393216 bytes back
Round trip time was 8.85957 milliseconds in repetition 364
tcp_ping received 393216 bytes back
Round trip time was 8.25618 milliseconds in repetition 365
tcp_ping received 393216 bytes back
Round trip time was 7.97627 milliseconds in repetition 366
tcp_ping received 393216 bytes back
Round trip time was 8.15528 milliseconds in repetition 367
tcp_ping received 393216 bytes back
Round trip time was 9.93211 milliseconds in repetition 368
tcp_ping received 393216 bytes back
Round trip time was 8.25412 milliseconds in repetition 369
tcp_ping received 393216 bytes back
Round trip time was 9.66883 milliseconds in repetition 370
tcp_ping received 393216 bytes back
Round trip time was 10.2752 milliseconds in repetition 371
tcp_ping received 393216 bytes back
Round trip time was 11.4603 milliseconds in repetition 372
tcp_ping received 393216 bytes back
Round trip time was 10.3658 milliseconds in repetition 373
tcp_ping received 393216 bytes back
Round trip time was 10.378 milliseconds in repetition 374
tcp_ping received 393216 bytes back
Round trip time was 8.35394 milliseconds in repetition 375
tcp_ping received 393216 bytes back
Round trip time was 9.60468 milliseconds in repetition 376
tcp_ping received 393216 bytes back
Round trip time was 8.17653 milliseconds in repetition 377
tcp_ping received 393216 bytes back
Round trip time was 8.70016 milliseconds in repetition 378
tcp_ping received 393216 bytes back
Round trip time was 8.51533 milliseconds in repetition 379
tcp_ping received 393216 bytes back
Round trip time was 9.71094 milliseconds in repetition 380
tcp_ping received 393216 bytes back
Round trip time was 9.68751 milliseconds in repetition 381
tcp_ping received 393216 bytes back
Round trip time was 8.70138 milliseconds in repetition 382
tcp_ping received 393216 bytes back
Round trip time was 9.02115 milliseconds in repetition 383
tcp_ping received 393216 bytes back
Round trip time was 9.42661 milliseconds in repetition 384
tcp_ping received 393216 bytes back
Round trip time was 10.5524 milliseconds in repetition 385
tcp_ping received 393216 bytes back
Round trip time was 9.22616 milliseconds in repetition 386
tcp_ping received 393216 bytes back
Round trip time was 8.24148 milliseconds in repetition 387
tcp_ping received 393216 bytes back
Round trip time was 8.23148 milliseconds in repetition 388
tcp_ping received 393216 bytes back
Round trip time was 9.26424 milliseconds in repetition 389
tcp_ping received 393216 bytes back
Round trip time was 8.88419 milliseconds in repetition 390
tcp_ping received 393216 bytes back
Round trip time was 11.3188 milliseconds in repetition 391
tcp_ping received 393216 bytes back
Round trip time was 9.85883 milliseconds in repetition 392
tcp_ping received 393216 bytes back
Round trip time was 8.80118 milliseconds in repetition 393
tcp_ping received 393216 bytes back
Round trip time was 11.5769 milliseconds in repetition 394
tcp_ping received 393216 bytes back
Round trip time was 11.2242 milliseconds in repetition 395
tcp_ping received 393216 bytes back
Round trip time was 8.56966 milliseconds in repetition 396
tcp_ping received 393216 bytes back
Round trip time was 9.01861 milliseconds in repetition 397
tcp_ping received 393216 bytes back
Round trip time was 8.57518 milliseconds in repetition 398
tcp_ping received 393216 bytes back
Round trip time was 8.07149 milliseconds in repetition 399
tcp_ping received 393216 bytes back
Round trip time was 10.0774 milliseconds in repetition 400
tcp_ping received 393216 bytes back
Round trip time was 8.25434 milliseconds in repetition 401
tcp_ping received 393216 bytes back
Round trip time was 8.74852 milliseconds in repetition 402
tcp_ping received 393216 bytes back
Round trip time was 8.3069 milliseconds in repetition 403
tcp_ping received 393216 bytes back
Round trip time was 8.27113 milliseconds in repetition 404
tcp_ping received 393216 bytes back
Round trip time was 8.38001 milliseconds in repetition 405
tcp_ping received 393216 bytes back
Round trip time was 8.44868 milliseconds in repetition 406
tcp_ping received 393216 bytes back
Round trip time was 8.31647 milliseconds in repetition 407
tcp_ping received 393216 bytes back
Round trip time was 8.42056 milliseconds in repetition 408
tcp_ping received 393216 bytes back
Round trip time was 8.62949 milliseconds in repetition 409
tcp_ping received 393216 bytes back
Round trip time was 8.39932 milliseconds in repetition 410
tcp_ping received 393216 bytes back
Round trip time was 9.49347 milliseconds in repetition 411
tcp_ping received 393216 bytes back
Round trip time was 8.27676 milliseconds in repetition 412
tcp_ping received 393216 bytes back
Round trip time was 9.56131 milliseconds in repetition 413
tcp_ping received 393216 bytes back
Round trip time was 9.38275 milliseconds in repetition 414
tcp_ping received 393216 bytes back
Round trip time was 9.35521 milliseconds in repetition 415
tcp_ping received 393216 bytes back
Round trip time was 8.67239 milliseconds in repetition 416
tcp_ping received 393216 bytes back
Round trip time was 8.49687 milliseconds in repetition 417
tcp_ping received 393216 bytes back
Round trip time was 8.00642 milliseconds in repetition 418
tcp_ping received 393216 bytes back
Round trip time was 8.08281 milliseconds in repetition 419
tcp_ping received 393216 bytes back
Round trip time was 8.60115 milliseconds in repetition 420
tcp_ping received 393216 bytes back
Round trip time was 7.84431 milliseconds in repetition 421
tcp_ping received 393216 bytes back
Round trip time was 8.39548 milliseconds in repetition 422
tcp_ping received 393216 bytes back
Round trip time was 7.92957 milliseconds in repetition 423
tcp_ping received 393216 bytes back
Round trip time was 8.65582 milliseconds in repetition 424
tcp_ping received 393216 bytes back
Round trip time was 8.39687 milliseconds in repetition 425
tcp_ping received 393216 bytes back
Round trip time was 8.58013 milliseconds in repetition 426
tcp_ping received 393216 bytes back
Round trip time was 12.221 milliseconds in repetition 427
tcp_ping received 393216 bytes back
Round trip time was 8.72868 milliseconds in repetition 428
tcp_ping received 393216 bytes back
Round trip time was 9.8369 milliseconds in repetition 429
tcp_ping received 393216 bytes back
Round trip time was 10.2201 milliseconds in repetition 430
tcp_ping received 393216 bytes back
Round trip time was 11.6203 milliseconds in repetition 431
tcp_ping received 393216 bytes back
Round trip time was 16.4704 milliseconds in repetition 432
tcp_ping received 393216 bytes back
Round trip time was 10.3426 milliseconds in repetition 433
tcp_ping received 393216 bytes back
Round trip time was 11.0553 milliseconds in repetition 434
tcp_ping received 393216 bytes back
Round trip time was 8.61228 milliseconds in repetition 435
tcp_ping received 393216 bytes back
Round trip time was 11.8515 milliseconds in repetition 436
tcp_ping received 393216 bytes back
Round trip time was 15.0597 milliseconds in repetition 437
tcp_ping received 393216 bytes back
Round trip time was 9.96174 milliseconds in repetition 438
tcp_ping received 393216 bytes back
Round trip time was 19.2363 milliseconds in repetition 439
tcp_ping received 393216 bytes back
Round trip time was 9.20324 milliseconds in repetition 440
tcp_ping received 393216 bytes back
Round trip time was 11.4442 milliseconds in repetition 441
tcp_ping received 393216 bytes back
Round trip time was 14.4954 milliseconds in repetition 442
tcp_ping received 393216 bytes back
Round trip time was 10.9002 milliseconds in repetition 443
tcp_ping received 393216 bytes back
Round trip time was 10.4837 milliseconds in repetition 444
tcp_ping received 393216 bytes back
Round trip time was 14.2495 milliseconds in repetition 445
tcp_ping received 393216 bytes back
Round trip time was 9.1258 milliseconds in repetition 446
tcp_ping received 393216 bytes back
Round trip time was 12.2145 milliseconds in repetition 447
tcp_ping received 393216 bytes back
Round trip time was 13.1149 milliseconds in repetition 448
tcp_ping received 393216 bytes back
Round trip time was 11.5905 milliseconds in repetition 449
tcp_ping received 393216 bytes back
Round trip time was 7.94566 milliseconds in repetition 450
tcp_ping received 393216 bytes back
Round trip time was 8.37912 milliseconds in repetition 451
tcp_ping received 393216 bytes back
Round trip time was 8.74426 milliseconds in repetition 452
tcp_ping received 393216 bytes back
Round trip time was 8.64188 milliseconds in repetition 453
tcp_ping received 393216 bytes back
Round trip time was 11.2616 milliseconds in repetition 454
tcp_ping received 393216 bytes back
Round trip time was 8.18703 milliseconds in repetition 455
tcp_ping received 393216 bytes back
Round trip time was 8.00799 milliseconds in repetition 456
tcp_ping received 393216 bytes back
Round trip time was 8.57201 milliseconds in repetition 457
tcp_ping received 393216 bytes back
Round trip time was 8.03839 milliseconds in repetition 458
tcp_ping received 393216 bytes back
Round trip time was 8.5277 milliseconds in repetition 459
tcp_ping received 393216 bytes back
Round trip time was 8.54506 milliseconds in repetition 460
tcp_ping received 393216 bytes back
Round trip time was 8.79553 milliseconds in repetition 461
tcp_ping received 393216 bytes back
Round trip time was 8.61724 milliseconds in repetition 462
tcp_ping received 393216 bytes back
Round trip time was 9.03333 milliseconds in repetition 463
tcp_ping received 393216 bytes back
Round trip time was 8.16928 milliseconds in repetition 464
tcp_ping received 393216 bytes back
Round trip time was 8.56803 milliseconds in repetition 465
tcp_ping received 393216 bytes back
Round trip time was 8.70413 milliseconds in repetition 466
tcp_ping received 393216 bytes back
Round trip time was 8.28756 milliseconds in repetition 467
tcp_ping received 393216 bytes back
Round trip time was 8.23991 milliseconds in repetition 468
tcp_ping received 393216 bytes back
Round trip time was 8.08163 milliseconds in repetition 469
tcp_ping received 393216 bytes back
Round trip time was 8.54266 milliseconds in repetition 470
tcp_ping received 393216 bytes back
Round trip time was 8.38275 milliseconds in repetition 471
tcp_ping received 393216 bytes back
Round trip time was 7.89047 milliseconds in repetition 472
tcp_ping received 393216 bytes back
Round trip time was 8.83458 milliseconds in repetition 473
tcp_ping received 393216 bytes back
Round trip time was 8.60537 milliseconds in repetition 474
tcp_ping received 393216 bytes back
Round trip time was 8.5956 milliseconds in repetition 475
tcp_ping received 393216 bytes back
Round trip time was 8.23353 milliseconds in repetition 476
tcp_ping received 393216 bytes back
Round trip time was 8.56676 milliseconds in repetition 477
tcp_ping received 393216 bytes back
Round trip time was 9.24225 milliseconds in repetition 478
tcp_ping received 393216 bytes back
Round trip time was 7.90314 milliseconds in repetition 479
tcp_ping received 393216 bytes back
Round trip time was 8.73596 milliseconds in repetition 480
tcp_ping received 393216 bytes back
Round trip time was 8.1923 milliseconds in repetition 481
tcp_ping received 393216 bytes back
Round trip time was 8.05261 milliseconds in repetition 482
tcp_ping received 393216 bytes back
Round trip time was 8.26157 milliseconds in repetition 483
tcp_ping received 393216 bytes back
Round trip time was 8.16289 milliseconds in repetition 484
tcp_ping received 393216 bytes back
Round trip time was 8.26035 milliseconds in repetition 485
tcp_ping received 393216 bytes back
Round trip time was 8.29004 milliseconds in repetition 486
tcp_ping received 393216 bytes back
Round trip time was 8.80439 milliseconds in repetition 487
tcp_ping received 393216 bytes back
Round trip time was 8.23319 milliseconds in repetition 488
tcp_ping received 393216 bytes back
Round trip time was 9.23823 milliseconds in repetition 489
tcp_ping received 393216 bytes back
Round trip time was 8.36863 milliseconds in repetition 490
tcp_ping received 393216 bytes back
Round trip time was 8.34427 milliseconds in repetition 491
tcp_ping received 393216 bytes back
Round trip time was 8.67979 milliseconds in repetition 492
tcp_ping received 393216 bytes back
Round trip time was 8.092 milliseconds in repetition 493
tcp_ping received 393216 bytes back
Round trip time was 8.03821 milliseconds in repetition 494
tcp_ping received 393216 bytes back
Round trip time was 8.62471 milliseconds in repetition 495
tcp_ping received 393216 bytes back
Round trip time was 8.06424 milliseconds in repetition 496
tcp_ping received 393216 bytes back
Round trip time was 8.31753 milliseconds in repetition 497
tcp_ping received 393216 bytes back
Round trip time was 7.99776 milliseconds in repetition 498
tcp_ping received 393216 bytes back
Round trip time was 8.08164 milliseconds in repetition 499
tcp_ping received 393216 bytes back
Round trip time was 8.04059 milliseconds in repetition 500
tcp_ping received 393216 bytes back
Round trip time was 8.40379 milliseconds in repetition 501

 ... clock resolution was 1e-06
TCP Ping:  Statistics over 501 repetitions of 393216 byte messages

RTT : percentile 10: 8.03923, median: 8.93032, percentile 90: 10.6603, average: 9.28947, variance: 4.02935

RTT histogram:
7.58166 159
9.3762 266
11.1707 59
12.9653 10
14.7598 3
16.5543 2
18.3489 1
20.1434 0
21.9379 0
23.7325 0
25.527 0
27.3216 0
29.1161 0
30.9106 0
32.7052 0
34.4997 0
36.2942 0
38.0888 0
39.8833 0
41.6778 0
43.4724 1

   median Throughput : 88063.1 KB/s   overall Throughput : 84658.4 KB/s

