TCP Ping trying to connect to server 130.251.61.30 (130.251.61.30) on port 1491
 ... connected to Pong server: asking for 501 repetitions of 48 bytes TCP messages
 ... Pong server agreed :-)
tcp_ping received 48 bytes back
Round trip time was 2.90454 milliseconds in repetition 1
tcp_ping received 48 bytes back
Round trip time was 1.85978 milliseconds in repetition 2
tcp_ping received 48 bytes back
Round trip time was 1.70743 milliseconds in repetition 3
tcp_ping received 48 bytes back
Round trip time was 1.72069 milliseconds in repetition 4
tcp_ping received 48 bytes back
Round trip time was 1.98915 milliseconds in repetition 5
tcp_ping received 48 bytes back
Round trip time was 2.58749 milliseconds in repetition 6
tcp_ping received 48 bytes back
Round trip time was 4.29317 milliseconds in repetition 7
tcp_ping received 48 bytes back
Round trip time was 2.42788 milliseconds in repetition 8
tcp_ping received 48 bytes back
Round trip time was 1.19173 milliseconds in repetition 9
tcp_ping received 48 bytes back
Round trip time was 1.36105 milliseconds in repetition 10
tcp_ping received 48 bytes back
Round trip time was 1.42898 milliseconds in repetition 11
tcp_ping received 48 bytes back
Round trip time was 2.29228 milliseconds in repetition 12
tcp_ping received 48 bytes back
Round trip time was 1.24113 milliseconds in repetition 13
tcp_ping received 48 bytes back
Round trip time was 1.05048 milliseconds in repetition 14
tcp_ping received 48 bytes back
Round trip time was 1.15149 milliseconds in repetition 15
tcp_ping received 48 bytes back
Round trip time was 0.804331 milliseconds in repetition 16
tcp_ping received 48 bytes back
Round trip time was 1.19109 milliseconds in repetition 17
tcp_ping received 48 bytes back
Round trip time was 1.5529 milliseconds in repetition 18
tcp_ping received 48 bytes back
Round trip time was 2.98427 milliseconds in repetition 19
tcp_ping received 48 bytes back
Round trip time was 1.40881 milliseconds in repetition 20
tcp_ping received 48 bytes back
Round trip time was 1.2849 milliseconds in repetition 21
tcp_ping received 48 bytes back
Round trip time was 1.26378 milliseconds in repetition 22
tcp_ping received 48 bytes back
Round trip time was 1.9062 milliseconds in repetition 23
tcp_ping received 48 bytes back
Round trip time was 1.58354 milliseconds in repetition 24
tcp_ping received 48 bytes back
Round trip time was 1.69047 milliseconds in repetition 25
tcp_ping received 48 bytes back
Round trip time was 1.39822 milliseconds in repetition 26
tcp_ping received 48 bytes back
Round trip time was 1.30448 milliseconds in repetition 27
tcp_ping received 48 bytes back
Round trip time was 1.08088 milliseconds in repetition 28
tcp_ping received 48 bytes back
Round trip time was 0.99092 milliseconds in repetition 29
tcp_ping received 48 bytes back
Round trip time was 1.09564 milliseconds in repetition 30
tcp_ping received 48 bytes back
Round trip time was 1.21668 milliseconds in repetition 31
tcp_ping received 48 bytes back
Round trip time was 0.954498 milliseconds in repetition 32
tcp_ping received 48 bytes back
Round trip time was 0.861611 milliseconds in repetition 33
tcp_ping received 48 bytes back
Round trip time was 0.654202 milliseconds in repetition 34
tcp_ping received 48 bytes back
Round trip time was 0.572965 milliseconds in repetition 35
tcp_ping received 48 bytes back
Round trip time was 0.552342 milliseconds in repetition 36
tcp_ping received 48 bytes back
Round trip time was 0.737727 milliseconds in repetition 37
tcp_ping received 48 bytes back
Round trip time was 0.41331 milliseconds in repetition 38
tcp_ping received 48 bytes back
Round trip time was 0.494915 milliseconds in repetition 39
tcp_ping received 48 bytes back
Round trip time was 0.48394 milliseconds in repetition 40
tcp_ping received 48 bytes back
Round trip time was 0.360033 milliseconds in repetition 41
tcp_ping received 48 bytes back
Round trip time was 0.41121 milliseconds in repetition 42
tcp_ping received 48 bytes back
Round trip time was 0.480751 milliseconds in repetition 43
tcp_ping received 48 bytes back
Round trip time was 0.537901 milliseconds in repetition 44
tcp_ping received 48 bytes back
Round trip time was 0.487351 milliseconds in repetition 45
tcp_ping received 48 bytes back
Round trip time was 0.420174 milliseconds in repetition 46
tcp_ping received 48 bytes back
Round trip time was 0.501289 milliseconds in repetition 47
tcp_ping received 48 bytes back
Round trip time was 0.588665 milliseconds in repetition 48
tcp_ping received 48 bytes back
Round trip time was 0.648144 milliseconds in repetition 49
tcp_ping received 48 bytes back
Round trip time was 0.639512 milliseconds in repetition 50
tcp_ping received 48 bytes back
Round trip time was 0.67388 milliseconds in repetition 51
tcp_ping received 48 bytes back
Round trip time was 0.560858 milliseconds in repetition 52
tcp_ping received 48 bytes back
Round trip time was 0.38838 milliseconds in repetition 53
tcp_ping received 48 bytes back
Round trip time was 0.957572 milliseconds in repetition 54
tcp_ping received 48 bytes back
Round trip time was 3.50054 milliseconds in repetition 55
tcp_ping received 48 bytes back
Round trip time was 3.47942 milliseconds in repetition 56
tcp_ping received 48 bytes back
Round trip time was 2.11412 milliseconds in repetition 57
tcp_ping received 48 bytes back
Round trip time was 0.313345 milliseconds in repetition 58
tcp_ping received 48 bytes back
Round trip time was 0.362177 milliseconds in repetition 59
tcp_ping received 48 bytes back
Round trip time was 0.407031 milliseconds in repetition 60
tcp_ping received 48 bytes back
Round trip time was 0.740613 milliseconds in repetition 61
tcp_ping received 48 bytes back
Round trip time was 0.893165 milliseconds in repetition 62
tcp_ping received 48 bytes back
Round trip time was 0.93627 milliseconds in repetition 63
tcp_ping received 48 bytes back
Round trip time was 0.706386 milliseconds in repetition 64
tcp_ping received 48 bytes back
Round trip time was 0.528987 milliseconds in repetition 65
tcp_ping received 48 bytes back
Round trip time was 0.434902 milliseconds in repetition 66
tcp_ping received 48 bytes back
Round trip time was 0.420158 milliseconds in repetition 67
tcp_ping received 48 bytes back
Round trip time was 0.401421 milliseconds in repetition 68
tcp_ping received 48 bytes back
Round trip time was 0.796367 milliseconds in repetition 69
tcp_ping received 48 bytes back
Round trip time was 0.880868 milliseconds in repetition 70
tcp_ping received 48 bytes back
Round trip time was 0.447303 milliseconds in repetition 71
tcp_ping received 48 bytes back
Round trip time was 0.364882 milliseconds in repetition 72
tcp_ping received 48 bytes back
Round trip time was 0.428285 milliseconds in repetition 73
tcp_ping received 48 bytes back
Round trip time was 0.563987 milliseconds in repetition 74
tcp_ping received 48 bytes back
Round trip time was 0.550453 milliseconds in repetition 75
tcp_ping received 48 bytes back
Round trip time was 0.517805 milliseconds in repetition 76
tcp_ping received 48 bytes back
Round trip time was 0.506123 milliseconds in repetition 77
tcp_ping received 48 bytes back
Round trip time was 0.567663 milliseconds in repetition 78
tcp_ping received 48 bytes back
Round trip time was 0.661422 milliseconds in repetition 79
tcp_ping received 48 bytes back
Round trip time was 3.23605 milliseconds in repetition 80
tcp_ping received 48 bytes back
Round trip time was 0.409493 milliseconds in repetition 81
tcp_ping received 48 bytes back
Round trip time was 0.454921 milliseconds in repetition 82
tcp_ping received 48 bytes back
Round trip time was 0.47003 milliseconds in repetition 83
tcp_ping received 48 bytes back
Round trip time was 0.44497 milliseconds in repetition 84
tcp_ping received 48 bytes back
Round trip time was 0.464057 milliseconds in repetition 85
tcp_ping received 48 bytes back
Round trip time was 0.464954 milliseconds in repetition 86
tcp_ping received 48 bytes back
Round trip time was 0.459695 milliseconds in repetition 87
tcp_ping received 48 bytes back
Round trip time was 0.391564 milliseconds in repetition 88
tcp_ping received 48 bytes back
Round trip time was 0.295626 milliseconds in repetition 89
tcp_ping received 48 bytes back
Round trip time was 0.502252 milliseconds in repetition 90
tcp_ping received 48 bytes back
Round trip time was 0.461124 milliseconds in repetition 91
tcp_ping received 48 bytes back
Round trip time was 0.511424 milliseconds in repetition 92
tcp_ping received 48 bytes back
Round trip time was 0.650381 milliseconds in repetition 93
tcp_ping received 48 bytes back
Round trip time was 0.586982 milliseconds in repetition 94
tcp_ping received 48 bytes back
Round trip time was 0.700619 milliseconds in repetition 95
tcp_ping received 48 bytes back
Round trip time was 0.678229 milliseconds in repetition 96
tcp_ping received 48 bytes back
Round trip time was 0.416331 milliseconds in repetition 97
tcp_ping received 48 bytes back
Round trip time was 0.354652 milliseconds in repetition 98
tcp_ping received 48 bytes back
Round trip time was 0.395014 milliseconds in repetition 99
tcp_ping received 48 bytes back
Round trip time was 0.368945 milliseconds in repetition 100
tcp_ping received 48 bytes back
Round trip time was 0.380067 milliseconds in repetition 101
tcp_ping received 48 bytes back
Round trip time was 0.472889 milliseconds in repetition 102
tcp_ping received 48 bytes back
Round trip time was 0.391296 milliseconds in repetition 103
tcp_ping received 48 bytes back
Round trip time was 0.362558 milliseconds in repetition 104
tcp_ping received 48 bytes back
Round trip time was 0.292768 milliseconds in repetition 105
tcp_ping received 48 bytes back
Round trip time was 0.381802 milliseconds in repetition 106
tcp_ping received 48 bytes back
Round trip time was 0.569935 milliseconds in repetition 107
tcp_ping received 48 bytes back
Round trip time was 1.49317 milliseconds in repetition 108
tcp_ping received 48 bytes back
Round trip time was 3.11672 milliseconds in repetition 109
tcp_ping received 48 bytes back
Round trip time was 4.40917 milliseconds in repetition 110
tcp_ping received 48 bytes back
Round trip time was 1.76542 milliseconds in repetition 111
tcp_ping received 48 bytes back
Round trip time was 0.367318 milliseconds in repetition 112
tcp_ping received 48 bytes back
Round trip time was 0.420888 milliseconds in repetition 113
tcp_ping received 48 bytes back
Round trip time was 0.381506 milliseconds in repetition 114
tcp_ping received 48 bytes back
Round trip time was 0.569883 milliseconds in repetition 115
tcp_ping received 48 bytes back
Round trip time was 0.636371 milliseconds in repetition 116
tcp_ping received 48 bytes back
Round trip time was 0.648367 milliseconds in repetition 117
tcp_ping received 48 bytes back
Round trip time was 0.740172 milliseconds in repetition 118
tcp_ping received 48 bytes back
Round trip time was 0.478323 milliseconds in repetition 119
tcp_ping received 48 bytes back
Round trip time was 0.476807 milliseconds in repetition 120
tcp_ping received 48 bytes back
Round trip time was 0.424329 milliseconds in repetition 121
tcp_ping received 48 bytes back
Round trip time was 0.391525 milliseconds in repetition 122
tcp_ping received 48 bytes back
Round trip time was 0.544734 milliseconds in repetition 123
tcp_ping received 48 bytes back
Round trip time was 0.472191 milliseconds in repetition 124
tcp_ping received 48 bytes back
Round trip time was 0.496469 milliseconds in repetition 125
tcp_ping received 48 bytes back
Round trip time was 0.613994 milliseconds in repetition 126
tcp_ping received 48 bytes back
Round trip time was 0.283647 milliseconds in repetition 127
tcp_ping received 48 bytes back
Round trip time was 0.288119 milliseconds in repetition 128
tcp_ping received 48 bytes back
Round trip time was 0.428157 milliseconds in repetition 129
tcp_ping received 48 bytes back
Round trip time was 0.627802 milliseconds in repetition 130
tcp_ping received 48 bytes back
Round trip time was 0.705643 milliseconds in repetition 131
tcp_ping received 48 bytes back
Round trip time was 0.781828 milliseconds in repetition 132
tcp_ping received 48 bytes back
Round trip time was 0.730419 milliseconds in repetition 133
tcp_ping received 48 bytes back
Round trip time was 0.484625 milliseconds in repetition 134
tcp_ping received 48 bytes back
Round trip time was 2.52187 milliseconds in repetition 135
tcp_ping received 48 bytes back
Round trip time was 0.55558 milliseconds in repetition 136
tcp_ping received 48 bytes back
Round trip time was 0.639288 milliseconds in repetition 137
tcp_ping received 48 bytes back
Round trip time was 0.637328 milliseconds in repetition 138
tcp_ping received 48 bytes back
Round trip time was 0.626891 milliseconds in repetition 139
tcp_ping received 48 bytes back
Round trip time was 0.884402 milliseconds in repetition 140
tcp_ping received 48 bytes back
Round trip time was 0.663854 milliseconds in repetition 141
tcp_ping received 48 bytes back
Round trip time was 0.754129 milliseconds in repetition 142
tcp_ping received 48 bytes back
Round trip time was 0.751061 milliseconds in repetition 143
tcp_ping received 48 bytes back
Round trip time was 0.857661 milliseconds in repetition 144
tcp_ping received 48 bytes back
Round trip time was 0.765687 milliseconds in repetition 145
tcp_ping received 48 bytes back
Round trip time was 0.923769 milliseconds in repetition 146
tcp_ping received 48 bytes back
Round trip time was 1.65825 milliseconds in repetition 147
tcp_ping received 48 bytes back
Round trip time was 1.79021 milliseconds in repetition 148
tcp_ping received 48 bytes back
Round trip time was 0.331293 milliseconds in repetition 149
tcp_ping received 48 bytes back
Round trip time was 0.316811 milliseconds in repetition 150
tcp_ping received 48 bytes back
Round trip time was 0.356729 milliseconds in repetition 151
tcp_ping received 48 bytes back
Round trip time was 0.496814 milliseconds in repetition 152
tcp_ping received 48 bytes back
Round trip time was 0.790998 milliseconds in repetition 153
tcp_ping received 48 bytes back
Round trip time was 0.807287 milliseconds in repetition 154
tcp_ping received 48 bytes back
Round trip time was 0.906118 milliseconds in repetition 155
tcp_ping received 48 bytes back
Round trip time was 0.613092 milliseconds in repetition 156
tcp_ping received 48 bytes back
Round trip time was 0.827811 milliseconds in repetition 157
tcp_ping received 48 bytes back
Round trip time was 0.813841 milliseconds in repetition 158
tcp_ping received 48 bytes back
Round trip time was 0.81418 milliseconds in repetition 159
tcp_ping received 48 bytes back
Round trip time was 0.889017 milliseconds in repetition 160
tcp_ping received 48 bytes back
Round trip time was 0.460969 milliseconds in repetition 161
tcp_ping received 48 bytes back
Round trip time was 0.28448 milliseconds in repetition 162
tcp_ping received 48 bytes back
Round trip time was 0.355708 milliseconds in repetition 163
tcp_ping received 48 bytes back
Round trip time was 0.299284 milliseconds in repetition 164
tcp_ping received 48 bytes back
Round trip time was 0.3826 milliseconds in repetition 165
tcp_ping received 48 bytes back
Round trip time was 0.463604 milliseconds in repetition 166
tcp_ping received 48 bytes back
Round trip time was 0.449218 milliseconds in repetition 167
tcp_ping received 48 bytes back
Round trip time was 0.696809 milliseconds in repetition 168
tcp_ping received 48 bytes back
Round trip time was 0.800443 milliseconds in repetition 169
tcp_ping received 48 bytes back
Round trip time was 0.556073 milliseconds in repetition 170
tcp_ping received 48 bytes back
Round trip time was 0.504405 milliseconds in repetition 171
tcp_ping received 48 bytes back
Round trip time was 0.416996 milliseconds in repetition 172
tcp_ping received 48 bytes back
Round trip time was 0.455258 milliseconds in repetition 173
tcp_ping received 48 bytes back
Round trip time was 0.392572 milliseconds in repetition 174
tcp_ping received 48 bytes back
Round trip time was 0.398152 milliseconds in repetition 175
tcp_ping received 48 bytes back
Round trip time was 0.497559 milliseconds in repetition 176
tcp_ping received 48 bytes back
Round trip time was 0.596302 milliseconds in repetition 177
tcp_ping received 48 bytes back
Round trip time was 1.42982 milliseconds in repetition 178
tcp_ping received 48 bytes back
Round trip time was 0.958858 milliseconds in repetition 179
tcp_ping received 48 bytes back
Round trip time was 1.17678 milliseconds in repetition 180
tcp_ping received 48 bytes back
Round trip time was 0.889954 milliseconds in repetition 181
tcp_ping received 48 bytes back
Round trip time was 0.632542 milliseconds in repetition 182
tcp_ping received 48 bytes back
Round trip time was 0.734632 milliseconds in repetition 183
tcp_ping received 48 bytes back
Round trip time was 0.655794 milliseconds in repetition 184
tcp_ping received 48 bytes back
Round trip time was 0.671709 milliseconds in repetition 185
tcp_ping received 48 bytes back
Round trip time was 0.698019 milliseconds in repetition 186
tcp_ping received 48 bytes back
Round trip time was 1.0586 milliseconds in repetition 187
tcp_ping received 48 bytes back
Round trip time was 1.34991 milliseconds in repetition 188
tcp_ping received 48 bytes back
Round trip time was 2.18516 milliseconds in repetition 189
tcp_ping received 48 bytes back
Round trip time was 1.17862 milliseconds in repetition 190
tcp_ping received 48 bytes back
Round trip time was 0.751019 milliseconds in repetition 191
tcp_ping received 48 bytes back
Round trip time was 0.575483 milliseconds in repetition 192
tcp_ping received 48 bytes back
Round trip time was 0.643313 milliseconds in repetition 193
tcp_ping received 48 bytes back
Round trip time was 0.762195 milliseconds in repetition 194
tcp_ping received 48 bytes back
Round trip time was 1.10278 milliseconds in repetition 195
tcp_ping received 48 bytes back
Round trip time was 0.975629 milliseconds in repetition 196
tcp_ping received 48 bytes back
Round trip time was 0.565406 milliseconds in repetition 197
tcp_ping received 48 bytes back
Round trip time was 0.863531 milliseconds in repetition 198
tcp_ping received 48 bytes back
Round trip time was 0.830755 milliseconds in repetition 199
tcp_ping received 48 bytes back
Round trip time was 0.876958 milliseconds in repetition 200
tcp_ping received 48 bytes back
Round trip time was 1.18251 milliseconds in repetition 201
tcp_ping received 48 bytes back
Round trip time was 0.399439 milliseconds in repetition 202
tcp_ping received 48 bytes back
Round trip time was 2.44391 milliseconds in repetition 203
tcp_ping received 48 bytes back
Round trip time was 2.35497 milliseconds in repetition 204
tcp_ping received 48 bytes back
Round trip time was 0.418358 milliseconds in repetition 205
tcp_ping received 48 bytes back
Round trip time was 0.423728 milliseconds in repetition 206
tcp_ping received 48 bytes back
Round trip time was 0.43222 milliseconds in repetition 207
tcp_ping received 48 bytes back
Round trip time was 0.581887 milliseconds in repetition 208
tcp_ping received 48 bytes back
Round trip time was 0.538904 milliseconds in repetition 209
tcp_ping received 48 bytes back
Round trip time was 0.608191 milliseconds in repetition 210
tcp_ping received 48 bytes back
Round trip time was 0.563252 milliseconds in repetition 211
tcp_ping received 48 bytes back
Round trip time was 1.79148 milliseconds in repetition 212
tcp_ping received 48 bytes back
Round trip time was 0.420659 milliseconds in repetition 213
tcp_ping received 48 bytes back
Round trip time was 0.427298 milliseconds in repetition 214
tcp_ping received 48 bytes back
Round trip time was 0.70148 milliseconds in repetition 215
tcp_ping received 48 bytes back
Round trip time was 0.959264 milliseconds in repetition 216
tcp_ping received 48 bytes back
Round trip time was 1.03408 milliseconds in repetition 217
tcp_ping received 48 bytes back
Round trip time was 1.13135 milliseconds in repetition 218
tcp_ping received 48 bytes back
Round trip time was 0.407772 milliseconds in repetition 219
tcp_ping received 48 bytes back
Round trip time was 0.573355 milliseconds in repetition 220
tcp_ping received 48 bytes back
Round trip time was 1.37691 milliseconds in repetition 221
tcp_ping received 48 bytes back
Round trip time was 2.21197 milliseconds in repetition 222
tcp_ping received 48 bytes back
Round trip time was 2.38799 milliseconds in repetition 223
tcp_ping received 48 bytes back
Round trip time was 6.2333 milliseconds in repetition 224
tcp_ping received 48 bytes back
Round trip time was 5.2934 milliseconds in repetition 225
tcp_ping received 48 bytes back
Round trip time was 2.00154 milliseconds in repetition 226
tcp_ping received 48 bytes back
Round trip time was 1.15992 milliseconds in repetition 227
tcp_ping received 48 bytes back
Round trip time was 1.24778 milliseconds in repetition 228
tcp_ping received 48 bytes back
Round trip time was 0.847805 milliseconds in repetition 229
tcp_ping received 48 bytes back
Round trip time was 1.73472 milliseconds in repetition 230
tcp_ping received 48 bytes back
Round trip time was 4.95986 milliseconds in repetition 231
tcp_ping received 48 bytes back
Round trip time was 9.52947 milliseconds in repetition 232
tcp_ping received 48 bytes back
Round trip time was 3.16094 milliseconds in repetition 233
tcp_ping received 48 bytes back
Round trip time was 0.899304 milliseconds in repetition 234
tcp_ping received 48 bytes back
Round trip time was 0.981153 milliseconds in repetition 235
tcp_ping received 48 bytes back
Round trip time was 1.38515 milliseconds in repetition 236
tcp_ping received 48 bytes back
Round trip time was 3.58469 milliseconds in repetition 237
tcp_ping received 48 bytes back
Round trip time was 0.722204 milliseconds in repetition 238
tcp_ping received 48 bytes back
Round trip time was 0.867774 milliseconds in repetition 239
tcp_ping received 48 bytes back
Round trip time was 0.837148 milliseconds in repetition 240
tcp_ping received 48 bytes back
Round trip time was 0.970656 milliseconds in repetition 241
tcp_ping received 48 bytes back
Round trip time was 0.692967 milliseconds in repetition 242
tcp_ping received 48 bytes back
Round trip time was 1.33036 milliseconds in repetition 243
tcp_ping received 48 bytes back
Round trip time was 2.89551 milliseconds in repetition 244
tcp_ping received 48 bytes back
Round trip time was 1.02463 milliseconds in repetition 245
tcp_ping received 48 bytes back
Round trip time was 0.646042 milliseconds in repetition 246
tcp_ping received 48 bytes back
Round trip time was 0.596064 milliseconds in repetition 247
tcp_ping received 48 bytes back
Round trip time was 0.675207 milliseconds in repetition 248
tcp_ping received 48 bytes back
Round trip time was 0.789415 milliseconds in repetition 249
tcp_ping received 48 bytes back
Round trip time was 1.38949 milliseconds in repetition 250
tcp_ping received 48 bytes back
Round trip time was 1.50658 milliseconds in repetition 251
tcp_ping received 48 bytes back
Round trip time was 1.0397 milliseconds in repetition 252
tcp_ping received 48 bytes back
Round trip time was 1.44137 milliseconds in repetition 253
tcp_ping received 48 bytes back
Round trip time was 0.590884 milliseconds in repetition 254
tcp_ping received 48 bytes back
Round trip time was 0.565322 milliseconds in repetition 255
tcp_ping received 48 bytes back
Round trip time was 0.737496 milliseconds in repetition 256
tcp_ping received 48 bytes back
Round trip time was 0.871562 milliseconds in repetition 257
tcp_ping received 48 bytes back
Round trip time was 0.834531 milliseconds in repetition 258
tcp_ping received 48 bytes back
Round trip time was 0.424526 milliseconds in repetition 259
tcp_ping received 48 bytes back
Round trip time was 1.90397 milliseconds in repetition 260
tcp_ping received 48 bytes back
Round trip time was 2.33054 milliseconds in repetition 261
tcp_ping received 48 bytes back
Round trip time was 0.604646 milliseconds in repetition 262
tcp_ping received 48 bytes back
Round trip time was 0.696861 milliseconds in repetition 263
tcp_ping received 48 bytes back
Round trip time was 1.28775 milliseconds in repetition 264
tcp_ping received 48 bytes back
Round trip time was 1.11853 milliseconds in repetition 265
tcp_ping received 48 bytes back
Round trip time was 0.827709 milliseconds in repetition 266
tcp_ping received 48 bytes back
Round trip time was 0.342651 milliseconds in repetition 267
tcp_ping received 48 bytes back
Round trip time was 0.504757 milliseconds in repetition 268
tcp_ping received 48 bytes back
Round trip time was 0.470248 milliseconds in repetition 269
tcp_ping received 48 bytes back
Round trip time was 0.50828 milliseconds in repetition 270
tcp_ping received 48 bytes back
Round trip time was 0.494459 milliseconds in repetition 271
tcp_ping received 48 bytes back
Round trip time was 0.587545 milliseconds in repetition 272
tcp_ping received 48 bytes back
Round trip time was 0.624426 milliseconds in repetition 273
tcp_ping received 48 bytes back
Round trip time was 0.418542 milliseconds in repetition 274
tcp_ping received 48 bytes back
Round trip time was 0.779264 milliseconds in repetition 275
tcp_ping received 48 bytes back
Round trip time was 0.760775 milliseconds in repetition 276
tcp_ping received 48 bytes back
Round trip time was 1.06692 milliseconds in repetition 277
tcp_ping received 48 bytes back
Round trip time was 1.13674 milliseconds in repetition 278
tcp_ping received 48 bytes back
Round trip time was 0.28454 milliseconds in repetition 279
tcp_ping received 48 bytes back
Round trip time was 0.52946 milliseconds in repetition 280
tcp_ping received 48 bytes back
Round trip time was 0.548459 milliseconds in repetition 281
tcp_ping received 48 bytes back
Round trip time was 0.873021 milliseconds in repetition 282
tcp_ping received 48 bytes back
Round trip time was 1.54477 milliseconds in repetition 283
tcp_ping received 48 bytes back
Round trip time was 1.1606 milliseconds in repetition 284
tcp_ping received 48 bytes back
Round trip time was 0.888992 milliseconds in repetition 285
tcp_ping received 48 bytes back
Round trip time was 0.818456 milliseconds in repetition 286
tcp_ping received 48 bytes back
Round trip time was 0.74737 milliseconds in repetition 287
tcp_ping received 48 bytes back
Round trip time was 0.820512 milliseconds in repetition 288
tcp_ping received 48 bytes back
Round trip time was 0.316462 milliseconds in repetition 289
tcp_ping received 48 bytes back
Round trip time was 0.316875 milliseconds in repetition 290
tcp_ping received 48 bytes back
Round trip time was 0.539809 milliseconds in repetition 291
tcp_ping received 48 bytes back
Round trip time was 0.393268 milliseconds in repetition 292
tcp_ping received 48 bytes back
Round trip time was 0.408275 milliseconds in repetition 293
tcp_ping received 48 bytes back
Round trip time was 0.713181 milliseconds in repetition 294
tcp_ping received 48 bytes back
Round trip time was 0.505784 milliseconds in repetition 295
tcp_ping received 48 bytes back
Round trip time was 0.627782 milliseconds in repetition 296
tcp_ping received 48 bytes back
Round trip time was 0.583416 milliseconds in repetition 297
tcp_ping received 48 bytes back
Round trip time was 0.55064 milliseconds in repetition 298
tcp_ping received 48 bytes back
Round trip time was 0.497489 milliseconds in repetition 299
tcp_ping received 48 bytes back
Round trip time was 0.475849 milliseconds in repetition 300
tcp_ping received 48 bytes back
Round trip time was 0.506386 milliseconds in repetition 301
tcp_ping received 48 bytes back
Round trip time was 0.614801 milliseconds in repetition 302
tcp_ping received 48 bytes back
Round trip time was 0.612841 milliseconds in repetition 303
tcp_ping received 48 bytes back
Round trip time was 0.547251 milliseconds in repetition 304
tcp_ping received 48 bytes back
Round trip time was 0.433782 milliseconds in repetition 305
tcp_ping received 48 bytes back
Round trip time was 0.702936 milliseconds in repetition 306
tcp_ping received 48 bytes back
Round trip time was 0.900023 milliseconds in repetition 307
tcp_ping received 48 bytes back
Round trip time was 0.957379 milliseconds in repetition 308
tcp_ping received 48 bytes back
Round trip time was 0.998245 milliseconds in repetition 309
tcp_ping received 48 bytes back
Round trip time was 0.828284 milliseconds in repetition 310
tcp_ping received 48 bytes back
Round trip time was 0.568013 milliseconds in repetition 311
tcp_ping received 48 bytes back
Round trip time was 0.746775 milliseconds in repetition 312
tcp_ping received 48 bytes back
Round trip time was 0.729151 milliseconds in repetition 313
tcp_ping received 48 bytes back
Round trip time was 0.803424 milliseconds in repetition 314
tcp_ping received 48 bytes back
Round trip time was 0.409081 milliseconds in repetition 315
tcp_ping received 48 bytes back
Round trip time was 0.437048 milliseconds in repetition 316
tcp_ping received 48 bytes back
Round trip time was 0.411469 milliseconds in repetition 317
tcp_ping received 48 bytes back
Round trip time was 0.3861 milliseconds in repetition 318
tcp_ping received 48 bytes back
Round trip time was 0.425265 milliseconds in repetition 319
tcp_ping received 48 bytes back
Round trip time was 0.45449 milliseconds in repetition 320
tcp_ping received 48 bytes back
Round trip time was 0.672861 milliseconds in repetition 321
tcp_ping received 48 bytes back
Round trip time was 0.585659 milliseconds in repetition 322
tcp_ping received 48 bytes back
Round trip time was 0.480229 milliseconds in repetition 323
tcp_ping received 48 bytes back
Round trip time was 0.535211 milliseconds in repetition 324
tcp_ping received 48 bytes back
Round trip time was 0.462495 milliseconds in repetition 325
tcp_ping received 48 bytes back
Round trip time was 0.465115 milliseconds in repetition 326
tcp_ping received 48 bytes back
Round trip time was 0.458553 milliseconds in repetition 327
tcp_ping received 48 bytes back
Round trip time was 0.491919 milliseconds in repetition 328
tcp_ping received 48 bytes back
Round trip time was 0.500272 milliseconds in repetition 329
tcp_ping received 48 bytes back
Round trip time was 0.516147 milliseconds in repetition 330
tcp_ping received 48 bytes back
Round trip time was 0.450109 milliseconds in repetition 331
tcp_ping received 48 bytes back
Round trip time was 0.54765 milliseconds in repetition 332
tcp_ping received 48 bytes back
Round trip time was 0.60987 milliseconds in repetition 333
tcp_ping received 48 bytes back
Round trip time was 0.690044 milliseconds in repetition 334
tcp_ping received 48 bytes back
Round trip time was 0.656818 milliseconds in repetition 335
tcp_ping received 48 bytes back
Round trip time was 0.783318 milliseconds in repetition 336
tcp_ping received 48 bytes back
Round trip time was 2.62383 milliseconds in repetition 337
tcp_ping received 48 bytes back
Round trip time was 0.466965 milliseconds in repetition 338
tcp_ping received 48 bytes back
Round trip time was 0.436755 milliseconds in repetition 339
tcp_ping received 48 bytes back
Round trip time was 0.386409 milliseconds in repetition 340
tcp_ping received 48 bytes back
Round trip time was 0.390966 milliseconds in repetition 341
tcp_ping received 48 bytes back
Round trip time was 0.434106 milliseconds in repetition 342
tcp_ping received 48 bytes back
Round trip time was 0.475246 milliseconds in repetition 343
tcp_ping received 48 bytes back
Round trip time was 0.443156 milliseconds in repetition 344
tcp_ping received 48 bytes back
Round trip time was 0.453728 milliseconds in repetition 345
tcp_ping received 48 bytes back
Round trip time was 0.307795 milliseconds in repetition 346
tcp_ping received 48 bytes back
Round trip time was 0.36649 milliseconds in repetition 347
tcp_ping received 48 bytes back
Round trip time was 0.445361 milliseconds in repetition 348
tcp_ping received 48 bytes back
Round trip time was 0.665551 milliseconds in repetition 349
tcp_ping received 48 bytes back
Round trip time was 0.621275 milliseconds in repetition 350
tcp_ping received 48 bytes back
Round trip time was 0.69464 milliseconds in repetition 351
tcp_ping received 48 bytes back
Round trip time was 0.649126 milliseconds in repetition 352
tcp_ping received 48 bytes back
Round trip time was 0.335728 milliseconds in repetition 353
tcp_ping received 48 bytes back
Round trip time was 0.513876 milliseconds in repetition 354
tcp_ping received 48 bytes back
Round trip time was 0.415843 milliseconds in repetition 355
tcp_ping received 48 bytes back
Round trip time was 0.432359 milliseconds in repetition 356
tcp_ping received 48 bytes back
Round trip time was 0.404304 milliseconds in repetition 357
tcp_ping received 48 bytes back
Round trip time was 0.448683 milliseconds in repetition 358
tcp_ping received 48 bytes back
Round trip time was 0.514713 milliseconds in repetition 359
tcp_ping received 48 bytes back
Round trip time was 0.527436 milliseconds in repetition 360
tcp_ping received 48 bytes back
Round trip time was 0.513922 milliseconds in repetition 361
tcp_ping received 48 bytes back
Round trip time was 0.317636 milliseconds in repetition 362
tcp_ping received 48 bytes back
Round trip time was 0.558177 milliseconds in repetition 363
tcp_ping received 48 bytes back
Round trip time was 0.655438 milliseconds in repetition 364
tcp_ping received 48 bytes back
Round trip time was 0.851915 milliseconds in repetition 365
tcp_ping received 48 bytes back
Round trip time was 0.725094 milliseconds in repetition 366
tcp_ping received 48 bytes back
Round trip time was 0.912453 milliseconds in repetition 367
tcp_ping received 48 bytes back
Round trip time was 0.385171 milliseconds in repetition 368
tcp_ping received 48 bytes back
Round trip time was 0.449398 milliseconds in repetition 369
tcp_ping received 48 bytes back
Round trip time was 0.421496 milliseconds in repetition 370
tcp_ping received 48 bytes back
Round trip time was 0.43396 milliseconds in repetition 371
tcp_ping received 48 bytes back
Round trip time was 0.40612 milliseconds in repetition 372
tcp_ping received 48 bytes back
Round trip time was 0.411683 milliseconds in repetition 373
tcp_ping received 48 bytes back
Round trip time was 0.422296 milliseconds in repetition 374
tcp_ping received 48 bytes back
Round trip time was 0.418953 milliseconds in repetition 375
tcp_ping received 48 bytes back
Round trip time was 0.4767 milliseconds in repetition 376
tcp_ping received 48 bytes back
Round trip time was 0.322569 milliseconds in repetition 377
tcp_ping received 48 bytes back
Round trip time was 0.422612 milliseconds in repetition 378
tcp_ping received 48 bytes back
Round trip time was 0.393883 milliseconds in repetition 379
tcp_ping received 48 bytes back
Round trip time was 0.388468 milliseconds in repetition 380
tcp_ping received 48 bytes back
Round trip time was 0.396205 milliseconds in repetition 381
tcp_ping received 48 bytes back
Round trip time was 0.476858 milliseconds in repetition 382
tcp_ping received 48 bytes back
Round trip time was 0.478038 milliseconds in repetition 383
tcp_ping received 48 bytes back
Round trip time was 0.504741 milliseconds in repetition 384
tcp_ping received 48 bytes back
Round trip time was 0.5166 milliseconds in repetition 385
tcp_ping received 48 bytes back
Round trip time was 0.463867 milliseconds in repetition 386
tcp_ping received 48 bytes back
Round trip time was 0.393033 milliseconds in repetition 387
tcp_ping received 48 bytes back
Round trip time was 0.374258 milliseconds in repetition 388
tcp_ping received 48 bytes back
Round trip time was 0.388127 milliseconds in repetition 389
tcp_ping received 48 bytes back
Round trip time was 0.731276 milliseconds in repetition 390
tcp_ping received 48 bytes back
Round trip time was 1.0717 milliseconds in repetition 391
tcp_ping received 48 bytes back
Round trip time was 0.660649 milliseconds in repetition 392
tcp_ping received 48 bytes back
Round trip time was 0.324783 milliseconds in repetition 393
tcp_ping received 48 bytes back
Round trip time was 0.403204 milliseconds in repetition 394
tcp_ping received 48 bytes back
Round trip time was 0.512697 milliseconds in repetition 395
tcp_ping received 48 bytes back
Round trip time was 0.783449 milliseconds in repetition 396
tcp_ping received 48 bytes back
Round trip time was 1.08771 milliseconds in repetition 397
tcp_ping received 48 bytes back
Round trip time was 1.81121 milliseconds in repetition 398
tcp_ping received 48 bytes back
Round trip time was 0.868877 milliseconds in repetition 399
tcp_ping received 48 bytes back
Round trip time was 0.869969 milliseconds in repetition 400
tcp_ping received 48 bytes back
Round trip time was 1.09182 milliseconds in repetition 401
tcp_ping received 48 bytes back
Round trip time was 0.95364 milliseconds in repetition 402
tcp_ping received 48 bytes back
Round trip time was 0.342065 milliseconds in repetition 403
tcp_ping received 48 bytes back
Round trip time was 0.47325 milliseconds in repetition 404
tcp_ping received 48 bytes back
Round trip time was 0.615751 milliseconds in repetition 405
tcp_ping received 48 bytes back
Round trip time was 0.493695 milliseconds in repetition 406
tcp_ping received 48 bytes back
Round trip time was 0.583561 milliseconds in repetition 407
tcp_ping received 48 bytes back
Round trip time was 0.579646 milliseconds in repetition 408
tcp_ping received 48 bytes back
Round trip time was 0.720925 milliseconds in repetition 409
tcp_ping received 48 bytes back
Round trip time was 0.875604 milliseconds in repetition 410
tcp_ping received 48 bytes back
Round trip time was 2.0278 milliseconds in repetition 411
tcp_ping received 48 bytes back
Round trip time was 0.560114 milliseconds in repetition 412
tcp_ping received 48 bytes back
Round trip time was 0.496866 milliseconds in repetition 413
tcp_ping received 48 bytes back
Round trip time was 0.4785 milliseconds in repetition 414
tcp_ping received 48 bytes back
Round trip time was 0.436726 milliseconds in repetition 415
tcp_ping received 48 bytes back
Round trip time was 0.550217 milliseconds in repetition 416
tcp_ping received 48 bytes back
Round trip time was 0.524639 milliseconds in repetition 417
tcp_ping received 48 bytes back
Round trip time was 0.852921 milliseconds in repetition 418
tcp_ping received 48 bytes back
Round trip time was 0.895889 milliseconds in repetition 419
tcp_ping received 48 bytes back
Round trip time was 0.989362 milliseconds in repetition 420
tcp_ping received 48 bytes back
Round trip time was 0.882055 milliseconds in repetition 421
tcp_ping received 48 bytes back
Round trip time was 0.697135 milliseconds in repetition 422
tcp_ping received 48 bytes back
Round trip time was 1.25884 milliseconds in repetition 423
tcp_ping received 48 bytes back
Round trip time was 0.412178 milliseconds in repetition 424
tcp_ping received 48 bytes back
Round trip time was 0.409355 milliseconds in repetition 425
tcp_ping received 48 bytes back
Round trip time was 0.585671 milliseconds in repetition 426
tcp_ping received 48 bytes back
Round trip time was 1.69629 milliseconds in repetition 427
tcp_ping received 48 bytes back
Round trip time was 3.84796 milliseconds in repetition 428
tcp_ping received 48 bytes back
Round trip time was 3.88421 milliseconds in repetition 429
tcp_ping received 48 bytes back
Round trip time was 3.05843 milliseconds in repetition 430
tcp_ping received 48 bytes back
Round trip time was 2.68124 milliseconds in repetition 431
tcp_ping received 48 bytes back
Round trip time was 1.99631 milliseconds in repetition 432
tcp_ping received 48 bytes back
Round trip time was 2.62509 milliseconds in repetition 433
tcp_ping received 48 bytes back
Round trip time was 0.446074 milliseconds in repetition 434
tcp_ping received 48 bytes back
Round trip time was 0.490519 milliseconds in repetition 435
tcp_ping received 48 bytes back
Round trip time was 0.375827 milliseconds in repetition 436
tcp_ping received 48 bytes back
Round trip time was 0.416334 milliseconds in repetition 437
tcp_ping received 48 bytes back
Round trip time was 0.400026 milliseconds in repetition 438
tcp_ping received 48 bytes back
Round trip time was 0.479472 milliseconds in repetition 439
tcp_ping received 48 bytes back
Round trip time was 0.579256 milliseconds in repetition 440
tcp_ping received 48 bytes back
Round trip time was 0.787457 milliseconds in repetition 441
tcp_ping received 48 bytes back
Round trip time was 0.261669 milliseconds in repetition 442
tcp_ping received 48 bytes back
Round trip time was 0.578428 milliseconds in repetition 443
tcp_ping received 48 bytes back
Round trip time was 0.824974 milliseconds in repetition 444
tcp_ping received 48 bytes back
Round trip time was 0.719726 milliseconds in repetition 445
tcp_ping received 48 bytes back
Round trip time was 0.672703 milliseconds in repetition 446
tcp_ping received 48 bytes back
Round trip time was 0.807695 milliseconds in repetition 447
tcp_ping received 48 bytes back
Round trip time was 2.39902 milliseconds in repetition 448
tcp_ping received 48 bytes back
Round trip time was 0.393119 milliseconds in repetition 449
tcp_ping received 48 bytes back
Round trip time was 0.538468 milliseconds in repetition 450
tcp_ping received 48 bytes back
Round trip time was 0.52087 milliseconds in repetition 451
tcp_ping received 48 bytes back
Round trip time was 0.52061 milliseconds in repetition 452
tcp_ping received 48 bytes back
Round trip time was 0.546275 milliseconds in repetition 453
tcp_ping received 48 bytes back
Round trip time was 0.529567 milliseconds in repetition 454
tcp_ping received 48 bytes back
Round trip time was 0.349515 milliseconds in repetition 455
tcp_ping received 48 bytes back
Round trip time was 0.292319 milliseconds in repetition 456
tcp_ping received 48 bytes back
Round trip time was 0.574657 milliseconds in repetition 457
tcp_ping received 48 bytes back
Round trip time was 0.718435 milliseconds in repetition 458
tcp_ping received 48 bytes back
Round trip time was 0.823581 milliseconds in repetition 459
tcp_ping received 48 bytes back
Round trip time was 2.38917 milliseconds in repetition 460
tcp_ping received 48 bytes back
Round trip time was 1.0726 milliseconds in repetition 461
tcp_ping received 48 bytes back
Round trip time was 0.580807 milliseconds in repetition 462
tcp_ping received 48 bytes back
Round trip time was 0.543162 milliseconds in repetition 463
tcp_ping received 48 bytes back
Round trip time was 0.498086 milliseconds in repetition 464
tcp_ping received 48 bytes back
Round trip time was 0.540142 milliseconds in repetition 465
tcp_ping received 48 bytes back
Round trip time was 0.555823 milliseconds in repetition 466
tcp_ping received 48 bytes back
Round trip time was 0.909841 milliseconds in repetition 467
tcp_ping received 48 bytes back
Round trip time was 0.401424 milliseconds in repetition 468
tcp_ping received 48 bytes back
Round trip time was 0.400902 milliseconds in repetition 469
tcp_ping received 48 bytes back
Round trip time was 0.356442 milliseconds in repetition 470
tcp_ping received 48 bytes back
Round trip time was 0.384969 milliseconds in repetition 471
tcp_ping received 48 bytes back
Round trip time was 0.507079 milliseconds in repetition 472
tcp_ping received 48 bytes back
Round trip time was 0.579946 milliseconds in repetition 473
tcp_ping received 48 bytes back
Round trip time was 0.605369 milliseconds in repetition 474
tcp_ping received 48 bytes back
Round trip time was 0.641481 milliseconds in repetition 475
tcp_ping received 48 bytes back
Round trip time was 0.521131 milliseconds in repetition 476
tcp_ping received 48 bytes back
Round trip time was 0.420906 milliseconds in repetition 477
tcp_ping received 48 bytes back
Round trip time was 0.471553 milliseconds in repetition 478
tcp_ping received 48 bytes back
Round trip time was 0.466804 milliseconds in repetition 479
tcp_ping received 48 bytes back
Round trip time was 0.556682 milliseconds in repetition 480
tcp_ping received 48 bytes back
Round trip time was 0.571706 milliseconds in repetition 481
tcp_ping received 48 bytes back
Round trip time was 0.579798 milliseconds in repetition 482
tcp_ping received 48 bytes back
Round trip time was 0.391825 milliseconds in repetition 483
tcp_ping received 48 bytes back
Round trip time was 0.505009 milliseconds in repetition 484
tcp_ping received 48 bytes back
Round trip time was 0.710564 milliseconds in repetition 485
tcp_ping received 48 bytes back
Round trip time was 0.815588 milliseconds in repetition 486
tcp_ping received 48 bytes back
Round trip time was 0.741831 milliseconds in repetition 487
tcp_ping received 48 bytes back
Round trip time was 0.831474 milliseconds in repetition 488
tcp_ping received 48 bytes back
Round trip time was 1.55376 milliseconds in repetition 489
tcp_ping received 48 bytes back
Round trip time was 0.573498 milliseconds in repetition 490
tcp_ping received 48 bytes back
Round trip time was 2.62915 milliseconds in repetition 491
tcp_ping received 48 bytes back
Round trip time was 1.90424 milliseconds in repetition 492
tcp_ping received 48 bytes back
Round trip time was 1.37799 milliseconds in repetition 493
tcp_ping received 48 bytes back
Round trip time was 1.52327 milliseconds in repetition 494
tcp_ping received 48 bytes back
Round trip time was 1.89503 milliseconds in repetition 495
tcp_ping received 48 bytes back
Round trip time was 0.418569 milliseconds in repetition 496
tcp_ping received 48 bytes back
Round trip time was 0.470676 milliseconds in repetition 497
tcp_ping received 48 bytes back
Round trip time was 0.382772 milliseconds in repetition 498
tcp_ping received 48 bytes back
Round trip time was 0.433401 milliseconds in repetition 499
tcp_ping received 48 bytes back
Round trip time was 1.4442 milliseconds in repetition 500
tcp_ping received 48 bytes back
Round trip time was 1.99452 milliseconds in repetition 501

 ... clock resolution was 1e-06
TCP Ping:  Statistics over 501 repetitions of 48 byte messages

RTT : percentile 10: 0.391564, median: 0.596302, percentile 90: 1.72069, average: 0.883937, variance: 0.708324

RTT histogram:
0.261668 160
0.725058 224
1.18845 51
1.65184 22
2.11523 14
2.57862 12
3.04201 7
3.5054 3
3.96879 2
4.43218 2
4.89557 1
5.35896 1
5.82235 0
6.28574 1
6.74913 0
7.21252 0
7.67591 0
8.1393 0
8.60269 0
9.06608 0
9.52947 1

   median Throughput : 160.992 KB/s   overall Throughput : 108.605 KB/s

