TCP Ping trying to connect to server 130.251.61.30 (130.251.61.30) on port 1491
 ... connected to Pong server: asking for 501 repetitions of 32768 bytes TCP messages
 ... Pong server agreed :-)
tcp_ping received 32768 bytes back
Round trip time was 28.9489 milliseconds in repetition 1
tcp_ping received 32768 bytes back
Round trip time was 3.74334 milliseconds in repetition 2
tcp_ping received 32768 bytes back
Round trip time was 1.72348 milliseconds in repetition 3
tcp_ping received 32768 bytes back
Round trip time was 1.86675 milliseconds in repetition 4
tcp_ping received 32768 bytes back
Round trip time was 1.85833 milliseconds in repetition 5
tcp_ping received 32768 bytes back
Round trip time was 1.56416 milliseconds in repetition 6
tcp_ping received 32768 bytes back
Round trip time was 1.60958 milliseconds in repetition 7
tcp_ping received 32768 bytes back
Round trip time was 1.98514 milliseconds in repetition 8
tcp_ping received 32768 bytes back
Round trip time was 1.53871 milliseconds in repetition 9
tcp_ping received 32768 bytes back
Round trip time was 1.53072 milliseconds in repetition 10
tcp_ping received 32768 bytes back
Round trip time was 1.57661 milliseconds in repetition 11
tcp_ping received 32768 bytes back
Round trip time was 1.40146 milliseconds in repetition 12
tcp_ping received 32768 bytes back
Round trip time was 1.5785 milliseconds in repetition 13
tcp_ping received 32768 bytes back
Round trip time was 1.27542 milliseconds in repetition 14
tcp_ping received 32768 bytes back
Round trip time was 1.54592 milliseconds in repetition 15
tcp_ping received 32768 bytes back
Round trip time was 1.59343 milliseconds in repetition 16
tcp_ping received 32768 bytes back
Round trip time was 1.26051 milliseconds in repetition 17
tcp_ping received 32768 bytes back
Round trip time was 1.57514 milliseconds in repetition 18
tcp_ping received 32768 bytes back
Round trip time was 1.18301 milliseconds in repetition 19
tcp_ping received 32768 bytes back
Round trip time was 1.57303 milliseconds in repetition 20
tcp_ping received 32768 bytes back
Round trip time was 1.51617 milliseconds in repetition 21
tcp_ping received 32768 bytes back
Round trip time was 1.5624 milliseconds in repetition 22
tcp_ping received 32768 bytes back
Round trip time was 1.24637 milliseconds in repetition 23
tcp_ping received 32768 bytes back
Round trip time was 1.57714 milliseconds in repetition 24
tcp_ping received 32768 bytes back
Round trip time was 1.18197 milliseconds in repetition 25
tcp_ping received 32768 bytes back
Round trip time was 1.49806 milliseconds in repetition 26
tcp_ping received 32768 bytes back
Round trip time was 1.61773 milliseconds in repetition 27
tcp_ping received 32768 bytes back
Round trip time was 1.37474 milliseconds in repetition 28
tcp_ping received 32768 bytes back
Round trip time was 1.48554 milliseconds in repetition 29
tcp_ping received 32768 bytes back
Round trip time was 1.22149 milliseconds in repetition 30
tcp_ping received 32768 bytes back
Round trip time was 1.55999 milliseconds in repetition 31
tcp_ping received 32768 bytes back
Round trip time was 1.60203 milliseconds in repetition 32
tcp_ping received 32768 bytes back
Round trip time was 1.2394 milliseconds in repetition 33
tcp_ping received 32768 bytes back
Round trip time was 1.58397 milliseconds in repetition 34
tcp_ping received 32768 bytes back
Round trip time was 1.62002 milliseconds in repetition 35
tcp_ping received 32768 bytes back
Round trip time was 1.30905 milliseconds in repetition 36
tcp_ping received 32768 bytes back
Round trip time was 1.51682 milliseconds in repetition 37
tcp_ping received 32768 bytes back
Round trip time was 1.18861 milliseconds in repetition 38
tcp_ping received 32768 bytes back
Round trip time was 1.26052 milliseconds in repetition 39
tcp_ping received 32768 bytes back
Round trip time was 1.66914 milliseconds in repetition 40
tcp_ping received 32768 bytes back
Round trip time was 1.50814 milliseconds in repetition 41
tcp_ping received 32768 bytes back
Round trip time was 1.52061 milliseconds in repetition 42
tcp_ping received 32768 bytes back
Round trip time was 1.50003 milliseconds in repetition 43
tcp_ping received 32768 bytes back
Round trip time was 1.55151 milliseconds in repetition 44
tcp_ping received 32768 bytes back
Round trip time was 1.94293 milliseconds in repetition 45
tcp_ping received 32768 bytes back
Round trip time was 1.54555 milliseconds in repetition 46
tcp_ping received 32768 bytes back
Round trip time was 1.26941 milliseconds in repetition 47
tcp_ping received 32768 bytes back
Round trip time was 1.51655 milliseconds in repetition 48
tcp_ping received 32768 bytes back
Round trip time was 1.37208 milliseconds in repetition 49
tcp_ping received 32768 bytes back
Round trip time was 1.45555 milliseconds in repetition 50
tcp_ping received 32768 bytes back
Round trip time was 1.21081 milliseconds in repetition 51
tcp_ping received 32768 bytes back
Round trip time was 1.22081 milliseconds in repetition 52
tcp_ping received 32768 bytes back
Round trip time was 1.24485 milliseconds in repetition 53
tcp_ping received 32768 bytes back
Round trip time was 1.12321 milliseconds in repetition 54
tcp_ping received 32768 bytes back
Round trip time was 1.23042 milliseconds in repetition 55
tcp_ping received 32768 bytes back
Round trip time was 1.56372 milliseconds in repetition 56
tcp_ping received 32768 bytes back
Round trip time was 1.22546 milliseconds in repetition 57
tcp_ping received 32768 bytes back
Round trip time was 1.32498 milliseconds in repetition 58
tcp_ping received 32768 bytes back
Round trip time was 1.68485 milliseconds in repetition 59
tcp_ping received 32768 bytes back
Round trip time was 1.54678 milliseconds in repetition 60
tcp_ping received 32768 bytes back
Round trip time was 1.6871 milliseconds in repetition 61
tcp_ping received 32768 bytes back
Round trip time was 1.65247 milliseconds in repetition 62
tcp_ping received 32768 bytes back
Round trip time was 1.66062 milliseconds in repetition 63
tcp_ping received 32768 bytes back
Round trip time was 1.8808 milliseconds in repetition 64
tcp_ping received 32768 bytes back
Round trip time was 1.58156 milliseconds in repetition 65
tcp_ping received 32768 bytes back
Round trip time was 2.02605 milliseconds in repetition 66
tcp_ping received 32768 bytes back
Round trip time was 1.3972 milliseconds in repetition 67
tcp_ping received 32768 bytes back
Round trip time was 1.53156 milliseconds in repetition 68
tcp_ping received 32768 bytes back
Round trip time was 1.26784 milliseconds in repetition 69
tcp_ping received 32768 bytes back
Round trip time was 1.50412 milliseconds in repetition 70
tcp_ping received 32768 bytes back
Round trip time was 1.22272 milliseconds in repetition 71
tcp_ping received 32768 bytes back
Round trip time was 1.24353 milliseconds in repetition 72
tcp_ping received 32768 bytes back
Round trip time was 1.57662 milliseconds in repetition 73
tcp_ping received 32768 bytes back
Round trip time was 1.61246 milliseconds in repetition 74
tcp_ping received 32768 bytes back
Round trip time was 1.65184 milliseconds in repetition 75
tcp_ping received 32768 bytes back
Round trip time was 1.23157 milliseconds in repetition 76
tcp_ping received 32768 bytes back
Round trip time was 1.17209 milliseconds in repetition 77
tcp_ping received 32768 bytes back
Round trip time was 1.63815 milliseconds in repetition 78
tcp_ping received 32768 bytes back
Round trip time was 1.61876 milliseconds in repetition 79
tcp_ping received 32768 bytes back
Round trip time was 1.73652 milliseconds in repetition 80
tcp_ping received 32768 bytes back
Round trip time was 1.38481 milliseconds in repetition 81
tcp_ping received 32768 bytes back
Round trip time was 1.11461 milliseconds in repetition 82
tcp_ping received 32768 bytes back
Round trip time was 1.26642 milliseconds in repetition 83
tcp_ping received 32768 bytes back
Round trip time was 1.60201 milliseconds in repetition 84
tcp_ping received 32768 bytes back
Round trip time was 1.2557 milliseconds in repetition 85
tcp_ping received 32768 bytes back
Round trip time was 1.23406 milliseconds in repetition 86
tcp_ping received 32768 bytes back
Round trip time was 1.97681 milliseconds in repetition 87
tcp_ping received 32768 bytes back
Round trip time was 1.6641 milliseconds in repetition 88
tcp_ping received 32768 bytes back
Round trip time was 4.14221 milliseconds in repetition 89
tcp_ping received 32768 bytes back
Round trip time was 1.40436 milliseconds in repetition 90
tcp_ping received 32768 bytes back
Round trip time was 2.4305 milliseconds in repetition 91
tcp_ping received 32768 bytes back
Round trip time was 4.00669 milliseconds in repetition 92
tcp_ping received 32768 bytes back
Round trip time was 3.98444 milliseconds in repetition 93
tcp_ping received 32768 bytes back
Round trip time was 3.69319 milliseconds in repetition 94
tcp_ping received 32768 bytes back
Round trip time was 2.05965 milliseconds in repetition 95
tcp_ping received 32768 bytes back
Round trip time was 1.3649 milliseconds in repetition 96
tcp_ping received 32768 bytes back
Round trip time was 1.62643 milliseconds in repetition 97
tcp_ping received 32768 bytes back
Round trip time was 1.11695 milliseconds in repetition 98
tcp_ping received 32768 bytes back
Round trip time was 1.62548 milliseconds in repetition 99
tcp_ping received 32768 bytes back
Round trip time was 1.54955 milliseconds in repetition 100
tcp_ping received 32768 bytes back
Round trip time was 1.27156 milliseconds in repetition 101
tcp_ping received 32768 bytes back
Round trip time was 1.59889 milliseconds in repetition 102
tcp_ping received 32768 bytes back
Round trip time was 1.28363 milliseconds in repetition 103
tcp_ping received 32768 bytes back
Round trip time was 1.66202 milliseconds in repetition 104
tcp_ping received 32768 bytes back
Round trip time was 1.21874 milliseconds in repetition 105
tcp_ping received 32768 bytes back
Round trip time was 1.63915 milliseconds in repetition 106
tcp_ping received 32768 bytes back
Round trip time was 1.57626 milliseconds in repetition 107
tcp_ping received 32768 bytes back
Round trip time was 1.5496 milliseconds in repetition 108
tcp_ping received 32768 bytes back
Round trip time was 1.34358 milliseconds in repetition 109
tcp_ping received 32768 bytes back
Round trip time was 1.55397 milliseconds in repetition 110
tcp_ping received 32768 bytes back
Round trip time was 1.61922 milliseconds in repetition 111
tcp_ping received 32768 bytes back
Round trip time was 1.30501 milliseconds in repetition 112
tcp_ping received 32768 bytes back
Round trip time was 1.89804 milliseconds in repetition 113
tcp_ping received 32768 bytes back
Round trip time was 1.24302 milliseconds in repetition 114
tcp_ping received 32768 bytes back
Round trip time was 1.20186 milliseconds in repetition 115
tcp_ping received 32768 bytes back
Round trip time was 1.58877 milliseconds in repetition 116
tcp_ping received 32768 bytes back
Round trip time was 1.58825 milliseconds in repetition 117
tcp_ping received 32768 bytes back
Round trip time was 1.33345 milliseconds in repetition 118
tcp_ping received 32768 bytes back
Round trip time was 1.28761 milliseconds in repetition 119
tcp_ping received 32768 bytes back
Round trip time was 1.59976 milliseconds in repetition 120
tcp_ping received 32768 bytes back
Round trip time was 1.42039 milliseconds in repetition 121
tcp_ping received 32768 bytes back
Round trip time was 1.51031 milliseconds in repetition 122
tcp_ping received 32768 bytes back
Round trip time was 1.15209 milliseconds in repetition 123
tcp_ping received 32768 bytes back
Round trip time was 1.62673 milliseconds in repetition 124
tcp_ping received 32768 bytes back
Round trip time was 1.31432 milliseconds in repetition 125
tcp_ping received 32768 bytes back
Round trip time was 1.22128 milliseconds in repetition 126
tcp_ping received 32768 bytes back
Round trip time was 1.18854 milliseconds in repetition 127
tcp_ping received 32768 bytes back
Round trip time was 1.2004 milliseconds in repetition 128
tcp_ping received 32768 bytes back
Round trip time was 1.25969 milliseconds in repetition 129
tcp_ping received 32768 bytes back
Round trip time was 1.21089 milliseconds in repetition 130
tcp_ping received 32768 bytes back
Round trip time was 1.59285 milliseconds in repetition 131
tcp_ping received 32768 bytes back
Round trip time was 1.62204 milliseconds in repetition 132
tcp_ping received 32768 bytes back
Round trip time was 1.22071 milliseconds in repetition 133
tcp_ping received 32768 bytes back
Round trip time was 1.61601 milliseconds in repetition 134
tcp_ping received 32768 bytes back
Round trip time was 1.60611 milliseconds in repetition 135
tcp_ping received 32768 bytes back
Round trip time was 1.2934 milliseconds in repetition 136
tcp_ping received 32768 bytes back
Round trip time was 1.54825 milliseconds in repetition 137
tcp_ping received 32768 bytes back
Round trip time was 1.51878 milliseconds in repetition 138
tcp_ping received 32768 bytes back
Round trip time was 1.63704 milliseconds in repetition 139
tcp_ping received 32768 bytes back
Round trip time was 2.39682 milliseconds in repetition 140
tcp_ping received 32768 bytes back
Round trip time was 2.49422 milliseconds in repetition 141
tcp_ping received 32768 bytes back
Round trip time was 1.78812 milliseconds in repetition 142
tcp_ping received 32768 bytes back
Round trip time was 1.21358 milliseconds in repetition 143
tcp_ping received 32768 bytes back
Round trip time was 1.26393 milliseconds in repetition 144
tcp_ping received 32768 bytes back
Round trip time was 1.2981 milliseconds in repetition 145
tcp_ping received 32768 bytes back
Round trip time was 1.31712 milliseconds in repetition 146
tcp_ping received 32768 bytes back
Round trip time was 1.21224 milliseconds in repetition 147
tcp_ping received 32768 bytes back
Round trip time was 1.65301 milliseconds in repetition 148
tcp_ping received 32768 bytes back
Round trip time was 1.24478 milliseconds in repetition 149
tcp_ping received 32768 bytes back
Round trip time was 1.22403 milliseconds in repetition 150
tcp_ping received 32768 bytes back
Round trip time was 1.25272 milliseconds in repetition 151
tcp_ping received 32768 bytes back
Round trip time was 1.13886 milliseconds in repetition 152
tcp_ping received 32768 bytes back
Round trip time was 1.60518 milliseconds in repetition 153
tcp_ping received 32768 bytes back
Round trip time was 1.26362 milliseconds in repetition 154
tcp_ping received 32768 bytes back
Round trip time was 1.53239 milliseconds in repetition 155
tcp_ping received 32768 bytes back
Round trip time was 1.18741 milliseconds in repetition 156
tcp_ping received 32768 bytes back
Round trip time was 1.12492 milliseconds in repetition 157
tcp_ping received 32768 bytes back
Round trip time was 1.66231 milliseconds in repetition 158
tcp_ping received 32768 bytes back
Round trip time was 1.28451 milliseconds in repetition 159
tcp_ping received 32768 bytes back
Round trip time was 1.27233 milliseconds in repetition 160
tcp_ping received 32768 bytes back
Round trip time was 1.20621 milliseconds in repetition 161
tcp_ping received 32768 bytes back
Round trip time was 1.60088 milliseconds in repetition 162
tcp_ping received 32768 bytes back
Round trip time was 1.7455 milliseconds in repetition 163
tcp_ping received 32768 bytes back
Round trip time was 1.53283 milliseconds in repetition 164
tcp_ping received 32768 bytes back
Round trip time was 1.63144 milliseconds in repetition 165
tcp_ping received 32768 bytes back
Round trip time was 1.55772 milliseconds in repetition 166
tcp_ping received 32768 bytes back
Round trip time was 1.43461 milliseconds in repetition 167
tcp_ping received 32768 bytes back
Round trip time was 1.38986 milliseconds in repetition 168
tcp_ping received 32768 bytes back
Round trip time was 1.63256 milliseconds in repetition 169
tcp_ping received 32768 bytes back
Round trip time was 1.62418 milliseconds in repetition 170
tcp_ping received 32768 bytes back
Round trip time was 1.59923 milliseconds in repetition 171
tcp_ping received 32768 bytes back
Round trip time was 1.23818 milliseconds in repetition 172
tcp_ping received 32768 bytes back
Round trip time was 1.2416 milliseconds in repetition 173
tcp_ping received 32768 bytes back
Round trip time was 1.60336 milliseconds in repetition 174
tcp_ping received 32768 bytes back
Round trip time was 1.17352 milliseconds in repetition 175
tcp_ping received 32768 bytes back
Round trip time was 1.2242 milliseconds in repetition 176
tcp_ping received 32768 bytes back
Round trip time was 1.1805 milliseconds in repetition 177
tcp_ping received 32768 bytes back
Round trip time was 1.57725 milliseconds in repetition 178
tcp_ping received 32768 bytes back
Round trip time was 1.29582 milliseconds in repetition 179
tcp_ping received 32768 bytes back
Round trip time was 1.28667 milliseconds in repetition 180
tcp_ping received 32768 bytes back
Round trip time was 1.20705 milliseconds in repetition 181
tcp_ping received 32768 bytes back
Round trip time was 1.61344 milliseconds in repetition 182
tcp_ping received 32768 bytes back
Round trip time was 1.19595 milliseconds in repetition 183
tcp_ping received 32768 bytes back
Round trip time was 1.25677 milliseconds in repetition 184
tcp_ping received 32768 bytes back
Round trip time was 1.97354 milliseconds in repetition 185
tcp_ping received 32768 bytes back
Round trip time was 2.07007 milliseconds in repetition 186
tcp_ping received 32768 bytes back
Round trip time was 1.48236 milliseconds in repetition 187
tcp_ping received 32768 bytes back
Round trip time was 1.22814 milliseconds in repetition 188
tcp_ping received 32768 bytes back
Round trip time was 1.22873 milliseconds in repetition 189
tcp_ping received 32768 bytes back
Round trip time was 1.25171 milliseconds in repetition 190
tcp_ping received 32768 bytes back
Round trip time was 1.608 milliseconds in repetition 191
tcp_ping received 32768 bytes back
Round trip time was 1.63909 milliseconds in repetition 192
tcp_ping received 32768 bytes back
Round trip time was 1.29807 milliseconds in repetition 193
tcp_ping received 32768 bytes back
Round trip time was 1.58538 milliseconds in repetition 194
tcp_ping received 32768 bytes back
Round trip time was 1.54905 milliseconds in repetition 195
tcp_ping received 32768 bytes back
Round trip time was 1.36473 milliseconds in repetition 196
tcp_ping received 32768 bytes back
Round trip time was 1.56097 milliseconds in repetition 197
tcp_ping received 32768 bytes back
Round trip time was 1.27453 milliseconds in repetition 198
tcp_ping received 32768 bytes back
Round trip time was 1.21375 milliseconds in repetition 199
tcp_ping received 32768 bytes back
Round trip time was 1.54172 milliseconds in repetition 200
tcp_ping received 32768 bytes back
Round trip time was 1.62135 milliseconds in repetition 201
tcp_ping received 32768 bytes back
Round trip time was 1.35858 milliseconds in repetition 202
tcp_ping received 32768 bytes back
Round trip time was 1.62968 milliseconds in repetition 203
tcp_ping received 32768 bytes back
Round trip time was 3.86679 milliseconds in repetition 204
tcp_ping received 32768 bytes back
Round trip time was 1.27515 milliseconds in repetition 205
tcp_ping received 32768 bytes back
Round trip time was 1.29503 milliseconds in repetition 206
tcp_ping received 32768 bytes back
Round trip time was 1.63306 milliseconds in repetition 207
tcp_ping received 32768 bytes back
Round trip time was 1.52087 milliseconds in repetition 208
tcp_ping received 32768 bytes back
Round trip time was 1.21094 milliseconds in repetition 209
tcp_ping received 32768 bytes back
Round trip time was 1.20778 milliseconds in repetition 210
tcp_ping received 32768 bytes back
Round trip time was 1.20777 milliseconds in repetition 211
tcp_ping received 32768 bytes back
Round trip time was 1.4848 milliseconds in repetition 212
tcp_ping received 32768 bytes back
Round trip time was 1.26945 milliseconds in repetition 213
tcp_ping received 32768 bytes back
Round trip time was 1.27715 milliseconds in repetition 214
tcp_ping received 32768 bytes back
Round trip time was 1.63897 milliseconds in repetition 215
tcp_ping received 32768 bytes back
Round trip time was 1.5949 milliseconds in repetition 216
tcp_ping received 32768 bytes back
Round trip time was 5.33946 milliseconds in repetition 217
tcp_ping received 32768 bytes back
Round trip time was 2.06557 milliseconds in repetition 218
tcp_ping received 32768 bytes back
Round trip time was 5.39624 milliseconds in repetition 219
tcp_ping received 32768 bytes back
Round trip time was 3.71785 milliseconds in repetition 220
tcp_ping received 32768 bytes back
Round trip time was 1.69905 milliseconds in repetition 221
tcp_ping received 32768 bytes back
Round trip time was 1.2862 milliseconds in repetition 222
tcp_ping received 32768 bytes back
Round trip time was 1.21837 milliseconds in repetition 223
tcp_ping received 32768 bytes back
Round trip time was 1.23975 milliseconds in repetition 224
tcp_ping received 32768 bytes back
Round trip time was 1.1382 milliseconds in repetition 225
tcp_ping received 32768 bytes back
Round trip time was 1.269 milliseconds in repetition 226
tcp_ping received 32768 bytes back
Round trip time was 1.56664 milliseconds in repetition 227
tcp_ping received 32768 bytes back
Round trip time was 1.68902 milliseconds in repetition 228
tcp_ping received 32768 bytes back
Round trip time was 1.7704 milliseconds in repetition 229
tcp_ping received 32768 bytes back
Round trip time was 1.52381 milliseconds in repetition 230
tcp_ping received 32768 bytes back
Round trip time was 1.62376 milliseconds in repetition 231
tcp_ping received 32768 bytes back
Round trip time was 1.60991 milliseconds in repetition 232
tcp_ping received 32768 bytes back
Round trip time was 1.30323 milliseconds in repetition 233
tcp_ping received 32768 bytes back
Round trip time was 1.64204 milliseconds in repetition 234
tcp_ping received 32768 bytes back
Round trip time was 1.58137 milliseconds in repetition 235
tcp_ping received 32768 bytes back
Round trip time was 1.34475 milliseconds in repetition 236
tcp_ping received 32768 bytes back
Round trip time was 1.5978 milliseconds in repetition 237
tcp_ping received 32768 bytes back
Round trip time was 1.29374 milliseconds in repetition 238
tcp_ping received 32768 bytes back
Round trip time was 1.60579 milliseconds in repetition 239
tcp_ping received 32768 bytes back
Round trip time was 1.21226 milliseconds in repetition 240
tcp_ping received 32768 bytes back
Round trip time was 1.27365 milliseconds in repetition 241
tcp_ping received 32768 bytes back
Round trip time was 1.59102 milliseconds in repetition 242
tcp_ping received 32768 bytes back
Round trip time was 1.31373 milliseconds in repetition 243
tcp_ping received 32768 bytes back
Round trip time was 1.3799 milliseconds in repetition 244
tcp_ping received 32768 bytes back
Round trip time was 1.23048 milliseconds in repetition 245
tcp_ping received 32768 bytes back
Round trip time was 1.55461 milliseconds in repetition 246
tcp_ping received 32768 bytes back
Round trip time was 1.35967 milliseconds in repetition 247
tcp_ping received 32768 bytes back
Round trip time was 1.59518 milliseconds in repetition 248
tcp_ping received 32768 bytes back
Round trip time was 1.52455 milliseconds in repetition 249
tcp_ping received 32768 bytes back
Round trip time was 1.20341 milliseconds in repetition 250
tcp_ping received 32768 bytes back
Round trip time was 1.23536 milliseconds in repetition 251
tcp_ping received 32768 bytes back
Round trip time was 1.19966 milliseconds in repetition 252
tcp_ping received 32768 bytes back
Round trip time was 1.57273 milliseconds in repetition 253
tcp_ping received 32768 bytes back
Round trip time was 1.24989 milliseconds in repetition 254
tcp_ping received 32768 bytes back
Round trip time was 1.65773 milliseconds in repetition 255
tcp_ping received 32768 bytes back
Round trip time was 1.16257 milliseconds in repetition 256
tcp_ping received 32768 bytes back
Round trip time was 1.57562 milliseconds in repetition 257
tcp_ping received 32768 bytes back
Round trip time was 1.23978 milliseconds in repetition 258
tcp_ping received 32768 bytes back
Round trip time was 1.23695 milliseconds in repetition 259
tcp_ping received 32768 bytes back
Round trip time was 1.1868 milliseconds in repetition 260
tcp_ping received 32768 bytes back
Round trip time was 1.24725 milliseconds in repetition 261
tcp_ping received 32768 bytes back
Round trip time was 1.08183 milliseconds in repetition 262
tcp_ping received 32768 bytes back
Round trip time was 1.14267 milliseconds in repetition 263
tcp_ping received 32768 bytes back
Round trip time was 1.25106 milliseconds in repetition 264
tcp_ping received 32768 bytes back
Round trip time was 1.2717 milliseconds in repetition 265
tcp_ping received 32768 bytes back
Round trip time was 1.22626 milliseconds in repetition 266
tcp_ping received 32768 bytes back
Round trip time was 1.20433 milliseconds in repetition 267
tcp_ping received 32768 bytes back
Round trip time was 1.25598 milliseconds in repetition 268
tcp_ping received 32768 bytes back
Round trip time was 1.5634 milliseconds in repetition 269
tcp_ping received 32768 bytes back
Round trip time was 1.21628 milliseconds in repetition 270
tcp_ping received 32768 bytes back
Round trip time was 1.28831 milliseconds in repetition 271
tcp_ping received 32768 bytes back
Round trip time was 1.60567 milliseconds in repetition 272
tcp_ping received 32768 bytes back
Round trip time was 1.25428 milliseconds in repetition 273
tcp_ping received 32768 bytes back
Round trip time was 1.24318 milliseconds in repetition 274
tcp_ping received 32768 bytes back
Round trip time was 1.2102 milliseconds in repetition 275
tcp_ping received 32768 bytes back
Round trip time was 1.18531 milliseconds in repetition 276
tcp_ping received 32768 bytes back
Round trip time was 1.20568 milliseconds in repetition 277
tcp_ping received 32768 bytes back
Round trip time was 1.5666 milliseconds in repetition 278
tcp_ping received 32768 bytes back
Round trip time was 1.13295 milliseconds in repetition 279
tcp_ping received 32768 bytes back
Round trip time was 1.29828 milliseconds in repetition 280
tcp_ping received 32768 bytes back
Round trip time was 1.17804 milliseconds in repetition 281
tcp_ping received 32768 bytes back
Round trip time was 1.13374 milliseconds in repetition 282
tcp_ping received 32768 bytes back
Round trip time was 1.58941 milliseconds in repetition 283
tcp_ping received 32768 bytes back
Round trip time was 1.54676 milliseconds in repetition 284
tcp_ping received 32768 bytes back
Round trip time was 1.3842 milliseconds in repetition 285
tcp_ping received 32768 bytes back
Round trip time was 1.22349 milliseconds in repetition 286
tcp_ping received 32768 bytes back
Round trip time was 1.17193 milliseconds in repetition 287
tcp_ping received 32768 bytes back
Round trip time was 1.20873 milliseconds in repetition 288
tcp_ping received 32768 bytes back
Round trip time was 1.61929 milliseconds in repetition 289
tcp_ping received 32768 bytes back
Round trip time was 1.2874 milliseconds in repetition 290
tcp_ping received 32768 bytes back
Round trip time was 1.19052 milliseconds in repetition 291
tcp_ping received 32768 bytes back
Round trip time was 1.17964 milliseconds in repetition 292
tcp_ping received 32768 bytes back
Round trip time was 1.19463 milliseconds in repetition 293
tcp_ping received 32768 bytes back
Round trip time was 1.49447 milliseconds in repetition 294
tcp_ping received 32768 bytes back
Round trip time was 1.53581 milliseconds in repetition 295
tcp_ping received 32768 bytes back
Round trip time was 1.24644 milliseconds in repetition 296
tcp_ping received 32768 bytes back
Round trip time was 1.23282 milliseconds in repetition 297
tcp_ping received 32768 bytes back
Round trip time was 1.27199 milliseconds in repetition 298
tcp_ping received 32768 bytes back
Round trip time was 1.6537 milliseconds in repetition 299
tcp_ping received 32768 bytes back
Round trip time was 1.187 milliseconds in repetition 300
tcp_ping received 32768 bytes back
Round trip time was 1.57216 milliseconds in repetition 301
tcp_ping received 32768 bytes back
Round trip time was 1.32975 milliseconds in repetition 302
tcp_ping received 32768 bytes back
Round trip time was 1.25259 milliseconds in repetition 303
tcp_ping received 32768 bytes back
Round trip time was 1.59278 milliseconds in repetition 304
tcp_ping received 32768 bytes back
Round trip time was 1.22613 milliseconds in repetition 305
tcp_ping received 32768 bytes back
Round trip time was 1.46415 milliseconds in repetition 306
tcp_ping received 32768 bytes back
Round trip time was 1.63194 milliseconds in repetition 307
tcp_ping received 32768 bytes back
Round trip time was 1.6321 milliseconds in repetition 308
tcp_ping received 32768 bytes back
Round trip time was 1.64866 milliseconds in repetition 309
tcp_ping received 32768 bytes back
Round trip time was 1.54114 milliseconds in repetition 310
tcp_ping received 32768 bytes back
Round trip time was 1.61645 milliseconds in repetition 311
tcp_ping received 32768 bytes back
Round trip time was 1.21804 milliseconds in repetition 312
tcp_ping received 32768 bytes back
Round trip time was 1.56065 milliseconds in repetition 313
tcp_ping received 32768 bytes back
Round trip time was 1.54319 milliseconds in repetition 314
tcp_ping received 32768 bytes back
Round trip time was 1.33854 milliseconds in repetition 315
tcp_ping received 32768 bytes back
Round trip time was 1.49888 milliseconds in repetition 316
tcp_ping received 32768 bytes back
Round trip time was 2.16296 milliseconds in repetition 317
tcp_ping received 32768 bytes back
Round trip time was 1.58662 milliseconds in repetition 318
tcp_ping received 32768 bytes back
Round trip time was 1.5644 milliseconds in repetition 319
tcp_ping received 32768 bytes back
Round trip time was 1.94242 milliseconds in repetition 320
tcp_ping received 32768 bytes back
Round trip time was 1.69984 milliseconds in repetition 321
tcp_ping received 32768 bytes back
Round trip time was 1.55957 milliseconds in repetition 322
tcp_ping received 32768 bytes back
Round trip time was 1.6258 milliseconds in repetition 323
tcp_ping received 32768 bytes back
Round trip time was 1.3221 milliseconds in repetition 324
tcp_ping received 32768 bytes back
Round trip time was 1.32926 milliseconds in repetition 325
tcp_ping received 32768 bytes back
Round trip time was 1.15325 milliseconds in repetition 326
tcp_ping received 32768 bytes back
Round trip time was 1.50205 milliseconds in repetition 327
tcp_ping received 32768 bytes back
Round trip time was 1.26891 milliseconds in repetition 328
tcp_ping received 32768 bytes back
Round trip time was 1.54156 milliseconds in repetition 329
tcp_ping received 32768 bytes back
Round trip time was 1.23941 milliseconds in repetition 330
tcp_ping received 32768 bytes back
Round trip time was 2.1128 milliseconds in repetition 331
tcp_ping received 32768 bytes back
Round trip time was 1.45545 milliseconds in repetition 332
tcp_ping received 32768 bytes back
Round trip time was 2.83112 milliseconds in repetition 333
tcp_ping received 32768 bytes back
Round trip time was 3.96304 milliseconds in repetition 334
tcp_ping received 32768 bytes back
Round trip time was 1.69642 milliseconds in repetition 335
tcp_ping received 32768 bytes back
Round trip time was 2.36011 milliseconds in repetition 336
tcp_ping received 32768 bytes back
Round trip time was 3.87038 milliseconds in repetition 337
tcp_ping received 32768 bytes back
Round trip time was 1.22722 milliseconds in repetition 338
tcp_ping received 32768 bytes back
Round trip time was 2.46696 milliseconds in repetition 339
tcp_ping received 32768 bytes back
Round trip time was 1.62717 milliseconds in repetition 340
tcp_ping received 32768 bytes back
Round trip time was 1.31643 milliseconds in repetition 341
tcp_ping received 32768 bytes back
Round trip time was 1.17603 milliseconds in repetition 342
tcp_ping received 32768 bytes back
Round trip time was 1.61018 milliseconds in repetition 343
tcp_ping received 32768 bytes back
Round trip time was 1.63076 milliseconds in repetition 344
tcp_ping received 32768 bytes back
Round trip time was 1.38288 milliseconds in repetition 345
tcp_ping received 32768 bytes back
Round trip time was 1.52198 milliseconds in repetition 346
tcp_ping received 32768 bytes back
Round trip time was 1.67031 milliseconds in repetition 347
tcp_ping received 32768 bytes back
Round trip time was 1.52625 milliseconds in repetition 348
tcp_ping received 32768 bytes back
Round trip time was 1.34732 milliseconds in repetition 349
tcp_ping received 32768 bytes back
Round trip time was 1.52987 milliseconds in repetition 350
tcp_ping received 32768 bytes back
Round trip time was 1.60101 milliseconds in repetition 351
tcp_ping received 32768 bytes back
Round trip time was 1.27818 milliseconds in repetition 352
tcp_ping received 32768 bytes back
Round trip time was 1.56606 milliseconds in repetition 353
tcp_ping received 32768 bytes back
Round trip time was 1.23646 milliseconds in repetition 354
tcp_ping received 32768 bytes back
Round trip time was 1.58475 milliseconds in repetition 355
tcp_ping received 32768 bytes back
Round trip time was 1.54424 milliseconds in repetition 356
tcp_ping received 32768 bytes back
Round trip time was 1.27602 milliseconds in repetition 357
tcp_ping received 32768 bytes back
Round trip time was 1.67883 milliseconds in repetition 358
tcp_ping received 32768 bytes back
Round trip time was 1.17018 milliseconds in repetition 359
tcp_ping received 32768 bytes back
Round trip time was 1.25343 milliseconds in repetition 360
tcp_ping received 32768 bytes back
Round trip time was 1.21903 milliseconds in repetition 361
tcp_ping received 32768 bytes back
Round trip time was 1.54648 milliseconds in repetition 362
tcp_ping received 32768 bytes back
Round trip time was 1.15985 milliseconds in repetition 363
tcp_ping received 32768 bytes back
Round trip time was 1.64537 milliseconds in repetition 364
tcp_ping received 32768 bytes back
Round trip time was 1.26765 milliseconds in repetition 365
tcp_ping received 32768 bytes back
Round trip time was 1.55673 milliseconds in repetition 366
tcp_ping received 32768 bytes back
Round trip time was 1.6343 milliseconds in repetition 367
tcp_ping received 32768 bytes back
Round trip time was 1.65469 milliseconds in repetition 368
tcp_ping received 32768 bytes back
Round trip time was 1.55933 milliseconds in repetition 369
tcp_ping received 32768 bytes back
Round trip time was 1.36241 milliseconds in repetition 370
tcp_ping received 32768 bytes back
Round trip time was 1.26381 milliseconds in repetition 371
tcp_ping received 32768 bytes back
Round trip time was 1.57436 milliseconds in repetition 372
tcp_ping received 32768 bytes back
Round trip time was 1.13522 milliseconds in repetition 373
tcp_ping received 32768 bytes back
Round trip time was 1.25297 milliseconds in repetition 374
tcp_ping received 32768 bytes back
Round trip time was 1.51823 milliseconds in repetition 375
tcp_ping received 32768 bytes back
Round trip time was 1.19561 milliseconds in repetition 376
tcp_ping received 32768 bytes back
Round trip time was 1.22336 milliseconds in repetition 377
tcp_ping received 32768 bytes back
Round trip time was 1.25861 milliseconds in repetition 378
tcp_ping received 32768 bytes back
Round trip time was 1.1892 milliseconds in repetition 379
tcp_ping received 32768 bytes back
Round trip time was 1.55912 milliseconds in repetition 380
tcp_ping received 32768 bytes back
Round trip time was 1.22603 milliseconds in repetition 381
tcp_ping received 32768 bytes back
Round trip time was 1.72618 milliseconds in repetition 382
tcp_ping received 32768 bytes back
Round trip time was 1.53778 milliseconds in repetition 383
tcp_ping received 32768 bytes back
Round trip time was 1.63894 milliseconds in repetition 384
tcp_ping received 32768 bytes back
Round trip time was 1.60111 milliseconds in repetition 385
tcp_ping received 32768 bytes back
Round trip time was 1.52133 milliseconds in repetition 386
tcp_ping received 32768 bytes back
Round trip time was 1.37634 milliseconds in repetition 387
tcp_ping received 32768 bytes back
Round trip time was 1.73892 milliseconds in repetition 388
tcp_ping received 32768 bytes back
Round trip time was 1.31523 milliseconds in repetition 389
tcp_ping received 32768 bytes back
Round trip time was 1.2824 milliseconds in repetition 390
tcp_ping received 32768 bytes back
Round trip time was 1.27206 milliseconds in repetition 391
tcp_ping received 32768 bytes back
Round trip time was 1.31426 milliseconds in repetition 392
tcp_ping received 32768 bytes back
Round trip time was 1.52596 milliseconds in repetition 393
tcp_ping received 32768 bytes back
Round trip time was 1.54938 milliseconds in repetition 394
tcp_ping received 32768 bytes back
Round trip time was 1.32234 milliseconds in repetition 395
tcp_ping received 32768 bytes back
Round trip time was 1.58915 milliseconds in repetition 396
tcp_ping received 32768 bytes back
Round trip time was 1.53162 milliseconds in repetition 397
tcp_ping received 32768 bytes back
Round trip time was 1.55228 milliseconds in repetition 398
tcp_ping received 32768 bytes back
Round trip time was 1.34533 milliseconds in repetition 399
tcp_ping received 32768 bytes back
Round trip time was 1.58996 milliseconds in repetition 400
tcp_ping received 32768 bytes back
Round trip time was 1.24253 milliseconds in repetition 401
tcp_ping received 32768 bytes back
Round trip time was 1.17787 milliseconds in repetition 402
tcp_ping received 32768 bytes back
Round trip time was 1.39734 milliseconds in repetition 403
tcp_ping received 32768 bytes back
Round trip time was 1.50895 milliseconds in repetition 404
tcp_ping received 32768 bytes back
Round trip time was 1.11505 milliseconds in repetition 405
tcp_ping received 32768 bytes back
Round trip time was 1.2366 milliseconds in repetition 406
tcp_ping received 32768 bytes back
Round trip time was 1.18591 milliseconds in repetition 407
tcp_ping received 32768 bytes back
Round trip time was 1.1979 milliseconds in repetition 408
tcp_ping received 32768 bytes back
Round trip time was 1.19715 milliseconds in repetition 409
tcp_ping received 32768 bytes back
Round trip time was 1.19604 milliseconds in repetition 410
tcp_ping received 32768 bytes back
Round trip time was 1.27631 milliseconds in repetition 411
tcp_ping received 32768 bytes back
Round trip time was 1.89899 milliseconds in repetition 412
tcp_ping received 32768 bytes back
Round trip time was 1.17094 milliseconds in repetition 413
tcp_ping received 32768 bytes back
Round trip time was 1.22035 milliseconds in repetition 414
tcp_ping received 32768 bytes back
Round trip time was 1.43117 milliseconds in repetition 415
tcp_ping received 32768 bytes back
Round trip time was 1.55453 milliseconds in repetition 416
tcp_ping received 32768 bytes back
Round trip time was 1.65383 milliseconds in repetition 417
tcp_ping received 32768 bytes back
Round trip time was 1.80822 milliseconds in repetition 418
tcp_ping received 32768 bytes back
Round trip time was 1.19233 milliseconds in repetition 419
tcp_ping received 32768 bytes back
Round trip time was 1.21507 milliseconds in repetition 420
tcp_ping received 32768 bytes back
Round trip time was 1.22713 milliseconds in repetition 421
tcp_ping received 32768 bytes back
Round trip time was 1.62809 milliseconds in repetition 422
tcp_ping received 32768 bytes back
Round trip time was 2.33988 milliseconds in repetition 423
tcp_ping received 32768 bytes back
Round trip time was 2.11875 milliseconds in repetition 424
tcp_ping received 32768 bytes back
Round trip time was 1.59708 milliseconds in repetition 425
tcp_ping received 32768 bytes back
Round trip time was 1.2955 milliseconds in repetition 426
tcp_ping received 32768 bytes back
Round trip time was 1.59863 milliseconds in repetition 427
tcp_ping received 32768 bytes back
Round trip time was 1.23176 milliseconds in repetition 428
tcp_ping received 32768 bytes back
Round trip time was 1.66854 milliseconds in repetition 429
tcp_ping received 32768 bytes back
Round trip time was 1.19452 milliseconds in repetition 430
tcp_ping received 32768 bytes back
Round trip time was 1.20855 milliseconds in repetition 431
tcp_ping received 32768 bytes back
Round trip time was 1.23051 milliseconds in repetition 432
tcp_ping received 32768 bytes back
Round trip time was 1.21468 milliseconds in repetition 433
tcp_ping received 32768 bytes back
Round trip time was 1.28294 milliseconds in repetition 434
tcp_ping received 32768 bytes back
Round trip time was 1.15814 milliseconds in repetition 435
tcp_ping received 32768 bytes back
Round trip time was 1.61363 milliseconds in repetition 436
tcp_ping received 32768 bytes back
Round trip time was 1.62206 milliseconds in repetition 437
tcp_ping received 32768 bytes back
Round trip time was 1.26581 milliseconds in repetition 438
tcp_ping received 32768 bytes back
Round trip time was 1.2915 milliseconds in repetition 439
tcp_ping received 32768 bytes back
Round trip time was 1.59049 milliseconds in repetition 440
tcp_ping received 32768 bytes back
Round trip time was 1.26968 milliseconds in repetition 441
tcp_ping received 32768 bytes back
Round trip time was 1.52712 milliseconds in repetition 442
tcp_ping received 32768 bytes back
Round trip time was 1.67449 milliseconds in repetition 443
tcp_ping received 32768 bytes back
Round trip time was 1.60436 milliseconds in repetition 444
tcp_ping received 32768 bytes back
Round trip time was 1.27422 milliseconds in repetition 445
tcp_ping received 32768 bytes back
Round trip time was 1.18847 milliseconds in repetition 446
tcp_ping received 32768 bytes back
Round trip time was 1.54921 milliseconds in repetition 447
tcp_ping received 32768 bytes back
Round trip time was 1.25741 milliseconds in repetition 448
tcp_ping received 32768 bytes back
Round trip time was 1.24664 milliseconds in repetition 449
tcp_ping received 32768 bytes back
Round trip time was 1.1601 milliseconds in repetition 450
tcp_ping received 32768 bytes back
Round trip time was 1.65851 milliseconds in repetition 451
tcp_ping received 32768 bytes back
Round trip time was 1.25712 milliseconds in repetition 452
tcp_ping received 32768 bytes back
Round trip time was 1.45718 milliseconds in repetition 453
tcp_ping received 32768 bytes back
Round trip time was 1.70226 milliseconds in repetition 454
tcp_ping received 32768 bytes back
Round trip time was 1.14102 milliseconds in repetition 455
tcp_ping received 32768 bytes back
Round trip time was 1.71011 milliseconds in repetition 456
tcp_ping received 32768 bytes back
Round trip time was 1.26858 milliseconds in repetition 457
tcp_ping received 32768 bytes back
Round trip time was 1.17512 milliseconds in repetition 458
tcp_ping received 32768 bytes back
Round trip time was 2.61897 milliseconds in repetition 459
tcp_ping received 32768 bytes back
Round trip time was 4.24381 milliseconds in repetition 460
tcp_ping received 32768 bytes back
Round trip time was 1.66076 milliseconds in repetition 461
tcp_ping received 32768 bytes back
Round trip time was 1.15558 milliseconds in repetition 462
tcp_ping received 32768 bytes back
Round trip time was 2.56786 milliseconds in repetition 463
tcp_ping received 32768 bytes back
Round trip time was 2.06143 milliseconds in repetition 464
tcp_ping received 32768 bytes back
Round trip time was 1.74113 milliseconds in repetition 465
tcp_ping received 32768 bytes back
Round trip time was 1.25269 milliseconds in repetition 466
tcp_ping received 32768 bytes back
Round trip time was 1.18879 milliseconds in repetition 467
tcp_ping received 32768 bytes back
Round trip time was 1.68179 milliseconds in repetition 468
tcp_ping received 32768 bytes back
Round trip time was 1.54114 milliseconds in repetition 469
tcp_ping received 32768 bytes back
Round trip time was 1.63098 milliseconds in repetition 470
tcp_ping received 32768 bytes back
Round trip time was 1.58522 milliseconds in repetition 471
tcp_ping received 32768 bytes back
Round trip time was 1.68207 milliseconds in repetition 472
tcp_ping received 32768 bytes back
Round trip time was 1.52516 milliseconds in repetition 473
tcp_ping received 32768 bytes back
Round trip time was 1.58386 milliseconds in repetition 474
tcp_ping received 32768 bytes back
Round trip time was 1.6979 milliseconds in repetition 475
tcp_ping received 32768 bytes back
Round trip time was 1.31351 milliseconds in repetition 476
tcp_ping received 32768 bytes back
Round trip time was 1.22109 milliseconds in repetition 477
tcp_ping received 32768 bytes back
Round trip time was 1.54618 milliseconds in repetition 478
tcp_ping received 32768 bytes back
Round trip time was 1.20234 milliseconds in repetition 479
tcp_ping received 32768 bytes back
Round trip time was 1.21035 milliseconds in repetition 480
tcp_ping received 32768 bytes back
Round trip time was 1.64154 milliseconds in repetition 481
tcp_ping received 32768 bytes back
Round trip time was 1.32447 milliseconds in repetition 482
tcp_ping received 32768 bytes back
Round trip time was 1.59103 milliseconds in repetition 483
tcp_ping received 32768 bytes back
Round trip time was 1.59854 milliseconds in repetition 484
tcp_ping received 32768 bytes back
Round trip time was 1.26454 milliseconds in repetition 485
tcp_ping received 32768 bytes back
Round trip time was 1.26466 milliseconds in repetition 486
tcp_ping received 32768 bytes back
Round trip time was 1.57804 milliseconds in repetition 487
tcp_ping received 32768 bytes back
Round trip time was 1.4339 milliseconds in repetition 488
tcp_ping received 32768 bytes back
Round trip time was 1.22964 milliseconds in repetition 489
tcp_ping received 32768 bytes back
Round trip time was 1.58605 milliseconds in repetition 490
tcp_ping received 32768 bytes back
Round trip time was 1.61276 milliseconds in repetition 491
tcp_ping received 32768 bytes back
Round trip time was 1.17749 milliseconds in repetition 492
tcp_ping received 32768 bytes back
Round trip time was 1.19594 milliseconds in repetition 493
tcp_ping received 32768 bytes back
Round trip time was 1.60441 milliseconds in repetition 494
tcp_ping received 32768 bytes back
Round trip time was 1.23344 milliseconds in repetition 495
tcp_ping received 32768 bytes back
Round trip time was 1.48468 milliseconds in repetition 496
tcp_ping received 32768 bytes back
Round trip time was 1.64895 milliseconds in repetition 497
tcp_ping received 32768 bytes back
Round trip time was 1.32327 milliseconds in repetition 498
tcp_ping received 32768 bytes back
Round trip time was 1.22608 milliseconds in repetition 499
tcp_ping received 32768 bytes back
Round trip time was 1.18557 milliseconds in repetition 500
tcp_ping received 32768 bytes back
Round trip time was 1.22547 milliseconds in repetition 501

 ... clock resolution was 1e-06
TCP Ping:  Statistics over 501 repetitions of 32768 byte messages

RTT : percentile 10: 1.19594, median: 1.48554, percentile 90: 1.70226, average: 1.573, variance: 1.74556

RTT histogram:
1.08183 459
2.47519 29
3.86854 10
5.26189 2
6.65525 0
8.0486 0
9.44196 0
10.8353 0
12.2287 0
13.622 0
15.0154 0
16.4087 0
17.8021 0
19.1954 0
20.5888 0
21.9821 0
23.3755 0
24.7688 0
26.1622 0
27.5556 0
28.9489 1

   median Throughput : 44116 KB/s   overall Throughput : 41663.2 KB/s

