TCP Ping trying to connect to server 130.251.61.30 (130.251.61.30) on port 1491
 ... connected to Pong server: asking for 501 repetitions of 12288 bytes TCP messages
 ... Pong server agreed :-)
tcp_ping received 12288 bytes back
Round trip time was 28.2078 milliseconds in repetition 1
tcp_ping received 12288 bytes back
Round trip time was 5.70381 milliseconds in repetition 2
tcp_ping received 12288 bytes back
Round trip time was 6.71892 milliseconds in repetition 3
tcp_ping received 12288 bytes back
Round trip time was 4.09118 milliseconds in repetition 4
tcp_ping received 12288 bytes back
Round trip time was 1.29387 milliseconds in repetition 5
tcp_ping received 12288 bytes back
Round trip time was 1.01132 milliseconds in repetition 6
tcp_ping received 12288 bytes back
Round trip time was 1.27495 milliseconds in repetition 7
tcp_ping received 12288 bytes back
Round trip time was 1.46107 milliseconds in repetition 8
tcp_ping received 12288 bytes back
Round trip time was 1.5721 milliseconds in repetition 9
tcp_ping received 12288 bytes back
Round trip time was 1.03388 milliseconds in repetition 10
tcp_ping received 12288 bytes back
Round trip time was 1.27577 milliseconds in repetition 11
tcp_ping received 12288 bytes back
Round trip time was 1.22665 milliseconds in repetition 12
tcp_ping received 12288 bytes back
Round trip time was 1.17316 milliseconds in repetition 13
tcp_ping received 12288 bytes back
Round trip time was 0.916293 milliseconds in repetition 14
tcp_ping received 12288 bytes back
Round trip time was 1.406 milliseconds in repetition 15
tcp_ping received 12288 bytes back
Round trip time was 1.51439 milliseconds in repetition 16
tcp_ping received 12288 bytes back
Round trip time was 1.22604 milliseconds in repetition 17
tcp_ping received 12288 bytes back
Round trip time was 1.10865 milliseconds in repetition 18
tcp_ping received 12288 bytes back
Round trip time was 1.29772 milliseconds in repetition 19
tcp_ping received 12288 bytes back
Round trip time was 1.33773 milliseconds in repetition 20
tcp_ping received 12288 bytes back
Round trip time was 1.35629 milliseconds in repetition 21
tcp_ping received 12288 bytes back
Round trip time was 1.31956 milliseconds in repetition 22
tcp_ping received 12288 bytes back
Round trip time was 1.30566 milliseconds in repetition 23
tcp_ping received 12288 bytes back
Round trip time was 1.33965 milliseconds in repetition 24
tcp_ping received 12288 bytes back
Round trip time was 0.712708 milliseconds in repetition 25
tcp_ping received 12288 bytes back
Round trip time was 1.50284 milliseconds in repetition 26
tcp_ping received 12288 bytes back
Round trip time was 1.31919 milliseconds in repetition 27
tcp_ping received 12288 bytes back
Round trip time was 1.88704 milliseconds in repetition 28
tcp_ping received 12288 bytes back
Round trip time was 0.866156 milliseconds in repetition 29
tcp_ping received 12288 bytes back
Round trip time was 1.05127 milliseconds in repetition 30
tcp_ping received 12288 bytes back
Round trip time was 1.18989 milliseconds in repetition 31
tcp_ping received 12288 bytes back
Round trip time was 0.883829 milliseconds in repetition 32
tcp_ping received 12288 bytes back
Round trip time was 1.44571 milliseconds in repetition 33
tcp_ping received 12288 bytes back
Round trip time was 0.944462 milliseconds in repetition 34
tcp_ping received 12288 bytes back
Round trip time was 1.03939 milliseconds in repetition 35
tcp_ping received 12288 bytes back
Round trip time was 1.19969 milliseconds in repetition 36
tcp_ping received 12288 bytes back
Round trip time was 1.47727 milliseconds in repetition 37
tcp_ping received 12288 bytes back
Round trip time was 1.58026 milliseconds in repetition 38
tcp_ping received 12288 bytes back
Round trip time was 1.47789 milliseconds in repetition 39
tcp_ping received 12288 bytes back
Round trip time was 1.94581 milliseconds in repetition 40
tcp_ping received 12288 bytes back
Round trip time was 1.3767 milliseconds in repetition 41
tcp_ping received 12288 bytes back
Round trip time was 1.06425 milliseconds in repetition 42
tcp_ping received 12288 bytes back
Round trip time was 1.02325 milliseconds in repetition 43
tcp_ping received 12288 bytes back
Round trip time was 1.26503 milliseconds in repetition 44
tcp_ping received 12288 bytes back
Round trip time was 1.33934 milliseconds in repetition 45
tcp_ping received 12288 bytes back
Round trip time was 1.45637 milliseconds in repetition 46
tcp_ping received 12288 bytes back
Round trip time was 1.38807 milliseconds in repetition 47
tcp_ping received 12288 bytes back
Round trip time was 1.02249 milliseconds in repetition 48
tcp_ping received 12288 bytes back
Round trip time was 1.05165 milliseconds in repetition 49
tcp_ping received 12288 bytes back
Round trip time was 1.2838 milliseconds in repetition 50
tcp_ping received 12288 bytes back
Round trip time was 1.26969 milliseconds in repetition 51
tcp_ping received 12288 bytes back
Round trip time was 1.56344 milliseconds in repetition 52
tcp_ping received 12288 bytes back
Round trip time was 1.23384 milliseconds in repetition 53
tcp_ping received 12288 bytes back
Round trip time was 1.06638 milliseconds in repetition 54
tcp_ping received 12288 bytes back
Round trip time was 0.996699 milliseconds in repetition 55
tcp_ping received 12288 bytes back
Round trip time was 1.30662 milliseconds in repetition 56
tcp_ping received 12288 bytes back
Round trip time was 1.71416 milliseconds in repetition 57
tcp_ping received 12288 bytes back
Round trip time was 1.37481 milliseconds in repetition 58
tcp_ping received 12288 bytes back
Round trip time was 1.17235 milliseconds in repetition 59
tcp_ping received 12288 bytes back
Round trip time was 0.982869 milliseconds in repetition 60
tcp_ping received 12288 bytes back
Round trip time was 1.467 milliseconds in repetition 61
tcp_ping received 12288 bytes back
Round trip time was 0.883451 milliseconds in repetition 62
tcp_ping received 12288 bytes back
Round trip time was 1.111 milliseconds in repetition 63
tcp_ping received 12288 bytes back
Round trip time was 1.46456 milliseconds in repetition 64
tcp_ping received 12288 bytes back
Round trip time was 1.08154 milliseconds in repetition 65
tcp_ping received 12288 bytes back
Round trip time was 1.25674 milliseconds in repetition 66
tcp_ping received 12288 bytes back
Round trip time was 1.95618 milliseconds in repetition 67
tcp_ping received 12288 bytes back
Round trip time was 1.19383 milliseconds in repetition 68
tcp_ping received 12288 bytes back
Round trip time was 1.38414 milliseconds in repetition 69
tcp_ping received 12288 bytes back
Round trip time was 1.3694 milliseconds in repetition 70
tcp_ping received 12288 bytes back
Round trip time was 0.89564 milliseconds in repetition 71
tcp_ping received 12288 bytes back
Round trip time was 0.992357 milliseconds in repetition 72
tcp_ping received 12288 bytes back
Round trip time was 0.984954 milliseconds in repetition 73
tcp_ping received 12288 bytes back
Round trip time was 1.53772 milliseconds in repetition 74
tcp_ping received 12288 bytes back
Round trip time was 2.04207 milliseconds in repetition 75
tcp_ping received 12288 bytes back
Round trip time was 1.71333 milliseconds in repetition 76
tcp_ping received 12288 bytes back
Round trip time was 1.91285 milliseconds in repetition 77
tcp_ping received 12288 bytes back
Round trip time was 1.69846 milliseconds in repetition 78
tcp_ping received 12288 bytes back
Round trip time was 0.797552 milliseconds in repetition 79
tcp_ping received 12288 bytes back
Round trip time was 1.11952 milliseconds in repetition 80
tcp_ping received 12288 bytes back
Round trip time was 1.06238 milliseconds in repetition 81
tcp_ping received 12288 bytes back
Round trip time was 1.77473 milliseconds in repetition 82
tcp_ping received 12288 bytes back
Round trip time was 1.09978 milliseconds in repetition 83
tcp_ping received 12288 bytes back
Round trip time was 1.05423 milliseconds in repetition 84
tcp_ping received 12288 bytes back
Round trip time was 1.0412 milliseconds in repetition 85
tcp_ping received 12288 bytes back
Round trip time was 1.39023 milliseconds in repetition 86
tcp_ping received 12288 bytes back
Round trip time was 1.47228 milliseconds in repetition 87
tcp_ping received 12288 bytes back
Round trip time was 0.954518 milliseconds in repetition 88
tcp_ping received 12288 bytes back
Round trip time was 1.12103 milliseconds in repetition 89
tcp_ping received 12288 bytes back
Round trip time was 1.19907 milliseconds in repetition 90
tcp_ping received 12288 bytes back
Round trip time was 1.40581 milliseconds in repetition 91
tcp_ping received 12288 bytes back
Round trip time was 1.08644 milliseconds in repetition 92
tcp_ping received 12288 bytes back
Round trip time was 1.10587 milliseconds in repetition 93
tcp_ping received 12288 bytes back
Round trip time was 0.841745 milliseconds in repetition 94
tcp_ping received 12288 bytes back
Round trip time was 1.38315 milliseconds in repetition 95
tcp_ping received 12288 bytes back
Round trip time was 0.95883 milliseconds in repetition 96
tcp_ping received 12288 bytes back
Round trip time was 0.658663 milliseconds in repetition 97
tcp_ping received 12288 bytes back
Round trip time was 1.02262 milliseconds in repetition 98
tcp_ping received 12288 bytes back
Round trip time was 2.34519 milliseconds in repetition 99
tcp_ping received 12288 bytes back
Round trip time was 1.68916 milliseconds in repetition 100
tcp_ping received 12288 bytes back
Round trip time was 1.03984 milliseconds in repetition 101
tcp_ping received 12288 bytes back
Round trip time was 1.02837 milliseconds in repetition 102
tcp_ping received 12288 bytes back
Round trip time was 1.35454 milliseconds in repetition 103
tcp_ping received 12288 bytes back
Round trip time was 1.57003 milliseconds in repetition 104
tcp_ping received 12288 bytes back
Round trip time was 1.58493 milliseconds in repetition 105
tcp_ping received 12288 bytes back
Round trip time was 0.976088 milliseconds in repetition 106
tcp_ping received 12288 bytes back
Round trip time was 1.33424 milliseconds in repetition 107
tcp_ping received 12288 bytes back
Round trip time was 1.08335 milliseconds in repetition 108
tcp_ping received 12288 bytes back
Round trip time was 1.64314 milliseconds in repetition 109
tcp_ping received 12288 bytes back
Round trip time was 1.38838 milliseconds in repetition 110
tcp_ping received 12288 bytes back
Round trip time was 0.890213 milliseconds in repetition 111
tcp_ping received 12288 bytes back
Round trip time was 1.62724 milliseconds in repetition 112
tcp_ping received 12288 bytes back
Round trip time was 1.42923 milliseconds in repetition 113
tcp_ping received 12288 bytes back
Round trip time was 0.929036 milliseconds in repetition 114
tcp_ping received 12288 bytes back
Round trip time was 0.869726 milliseconds in repetition 115
tcp_ping received 12288 bytes back
Round trip time was 1.0459 milliseconds in repetition 116
tcp_ping received 12288 bytes back
Round trip time was 0.96608 milliseconds in repetition 117
tcp_ping received 12288 bytes back
Round trip time was 1.42331 milliseconds in repetition 118
tcp_ping received 12288 bytes back
Round trip time was 1.12485 milliseconds in repetition 119
tcp_ping received 12288 bytes back
Round trip time was 1.02401 milliseconds in repetition 120
tcp_ping received 12288 bytes back
Round trip time was 1.39254 milliseconds in repetition 121
tcp_ping received 12288 bytes back
Round trip time was 2.20549 milliseconds in repetition 122
tcp_ping received 12288 bytes back
Round trip time was 1.46509 milliseconds in repetition 123
tcp_ping received 12288 bytes back
Round trip time was 1.43265 milliseconds in repetition 124
tcp_ping received 12288 bytes back
Round trip time was 0.908733 milliseconds in repetition 125
tcp_ping received 12288 bytes back
Round trip time was 1.16008 milliseconds in repetition 126
tcp_ping received 12288 bytes back
Round trip time was 1.12158 milliseconds in repetition 127
tcp_ping received 12288 bytes back
Round trip time was 1.06608 milliseconds in repetition 128
tcp_ping received 12288 bytes back
Round trip time was 1.26638 milliseconds in repetition 129
tcp_ping received 12288 bytes back
Round trip time was 1.96921 milliseconds in repetition 130
tcp_ping received 12288 bytes back
Round trip time was 1.21035 milliseconds in repetition 131
tcp_ping received 12288 bytes back
Round trip time was 0.882995 milliseconds in repetition 132
tcp_ping received 12288 bytes back
Round trip time was 0.927019 milliseconds in repetition 133
tcp_ping received 12288 bytes back
Round trip time was 1.16087 milliseconds in repetition 134
tcp_ping received 12288 bytes back
Round trip time was 1.07803 milliseconds in repetition 135
tcp_ping received 12288 bytes back
Round trip time was 1.10144 milliseconds in repetition 136
tcp_ping received 12288 bytes back
Round trip time was 1.04815 milliseconds in repetition 137
tcp_ping received 12288 bytes back
Round trip time was 1.43822 milliseconds in repetition 138
tcp_ping received 12288 bytes back
Round trip time was 1.09238 milliseconds in repetition 139
tcp_ping received 12288 bytes back
Round trip time was 0.865523 milliseconds in repetition 140
tcp_ping received 12288 bytes back
Round trip time was 1.34178 milliseconds in repetition 141
tcp_ping received 12288 bytes back
Round trip time was 1.32805 milliseconds in repetition 142
tcp_ping received 12288 bytes back
Round trip time was 1.44707 milliseconds in repetition 143
tcp_ping received 12288 bytes back
Round trip time was 1.02413 milliseconds in repetition 144
tcp_ping received 12288 bytes back
Round trip time was 1.0733 milliseconds in repetition 145
tcp_ping received 12288 bytes back
Round trip time was 1.3357 milliseconds in repetition 146
tcp_ping received 12288 bytes back
Round trip time was 1.09882 milliseconds in repetition 147
tcp_ping received 12288 bytes back
Round trip time was 1.17622 milliseconds in repetition 148
tcp_ping received 12288 bytes back
Round trip time was 0.977797 milliseconds in repetition 149
tcp_ping received 12288 bytes back
Round trip time was 1.05349 milliseconds in repetition 150
tcp_ping received 12288 bytes back
Round trip time was 1.0405 milliseconds in repetition 151
tcp_ping received 12288 bytes back
Round trip time was 0.90813 milliseconds in repetition 152
tcp_ping received 12288 bytes back
Round trip time was 1.11548 milliseconds in repetition 153
tcp_ping received 12288 bytes back
Round trip time was 0.96251 milliseconds in repetition 154
tcp_ping received 12288 bytes back
Round trip time was 0.872462 milliseconds in repetition 155
tcp_ping received 12288 bytes back
Round trip time was 1.02802 milliseconds in repetition 156
tcp_ping received 12288 bytes back
Round trip time was 1.0613 milliseconds in repetition 157
tcp_ping received 12288 bytes back
Round trip time was 1.52534 milliseconds in repetition 158
tcp_ping received 12288 bytes back
Round trip time was 1.03635 milliseconds in repetition 159
tcp_ping received 12288 bytes back
Round trip time was 1.17625 milliseconds in repetition 160
tcp_ping received 12288 bytes back
Round trip time was 1.24649 milliseconds in repetition 161
tcp_ping received 12288 bytes back
Round trip time was 2.47583 milliseconds in repetition 162
tcp_ping received 12288 bytes back
Round trip time was 1.17746 milliseconds in repetition 163
tcp_ping received 12288 bytes back
Round trip time was 1.00719 milliseconds in repetition 164
tcp_ping received 12288 bytes back
Round trip time was 1.12712 milliseconds in repetition 165
tcp_ping received 12288 bytes back
Round trip time was 1.36395 milliseconds in repetition 166
tcp_ping received 12288 bytes back
Round trip time was 1.26969 milliseconds in repetition 167
tcp_ping received 12288 bytes back
Round trip time was 1.36647 milliseconds in repetition 168
tcp_ping received 12288 bytes back
Round trip time was 1.10396 milliseconds in repetition 169
tcp_ping received 12288 bytes back
Round trip time was 1.28567 milliseconds in repetition 170
tcp_ping received 12288 bytes back
Round trip time was 1.36811 milliseconds in repetition 171
tcp_ping received 12288 bytes back
Round trip time was 0.929094 milliseconds in repetition 172
tcp_ping received 12288 bytes back
Round trip time was 1.34017 milliseconds in repetition 173
tcp_ping received 12288 bytes back
Round trip time was 1.20344 milliseconds in repetition 174
tcp_ping received 12288 bytes back
Round trip time was 1.84271 milliseconds in repetition 175
tcp_ping received 12288 bytes back
Round trip time was 1.08224 milliseconds in repetition 176
tcp_ping received 12288 bytes back
Round trip time was 1.0766 milliseconds in repetition 177
tcp_ping received 12288 bytes back
Round trip time was 1.01384 milliseconds in repetition 178
tcp_ping received 12288 bytes back
Round trip time was 1.33482 milliseconds in repetition 179
tcp_ping received 12288 bytes back
Round trip time was 1.33492 milliseconds in repetition 180
tcp_ping received 12288 bytes back
Round trip time was 1.02637 milliseconds in repetition 181
tcp_ping received 12288 bytes back
Round trip time was 1.82807 milliseconds in repetition 182
tcp_ping received 12288 bytes back
Round trip time was 1.40054 milliseconds in repetition 183
tcp_ping received 12288 bytes back
Round trip time was 2.03063 milliseconds in repetition 184
tcp_ping received 12288 bytes back
Round trip time was 1.75512 milliseconds in repetition 185
tcp_ping received 12288 bytes back
Round trip time was 1.19878 milliseconds in repetition 186
tcp_ping received 12288 bytes back
Round trip time was 1.24676 milliseconds in repetition 187
tcp_ping received 12288 bytes back
Round trip time was 1.31627 milliseconds in repetition 188
tcp_ping received 12288 bytes back
Round trip time was 0.862635 milliseconds in repetition 189
tcp_ping received 12288 bytes back
Round trip time was 0.997023 milliseconds in repetition 190
tcp_ping received 12288 bytes back
Round trip time was 1.05243 milliseconds in repetition 191
tcp_ping received 12288 bytes back
Round trip time was 1.33488 milliseconds in repetition 192
tcp_ping received 12288 bytes back
Round trip time was 1.17822 milliseconds in repetition 193
tcp_ping received 12288 bytes back
Round trip time was 2.13149 milliseconds in repetition 194
tcp_ping received 12288 bytes back
Round trip time was 1.37355 milliseconds in repetition 195
tcp_ping received 12288 bytes back
Round trip time was 1.36794 milliseconds in repetition 196
tcp_ping received 12288 bytes back
Round trip time was 1.25281 milliseconds in repetition 197
tcp_ping received 12288 bytes back
Round trip time was 1.42388 milliseconds in repetition 198
tcp_ping received 12288 bytes back
Round trip time was 1.28618 milliseconds in repetition 199
tcp_ping received 12288 bytes back
Round trip time was 1.32531 milliseconds in repetition 200
tcp_ping received 12288 bytes back
Round trip time was 1.85116 milliseconds in repetition 201
tcp_ping received 12288 bytes back
Round trip time was 1.03122 milliseconds in repetition 202
tcp_ping received 12288 bytes back
Round trip time was 0.991796 milliseconds in repetition 203
tcp_ping received 12288 bytes back
Round trip time was 1.13504 milliseconds in repetition 204
tcp_ping received 12288 bytes back
Round trip time was 1.53556 milliseconds in repetition 205
tcp_ping received 12288 bytes back
Round trip time was 1.83537 milliseconds in repetition 206
tcp_ping received 12288 bytes back
Round trip time was 1.3903 milliseconds in repetition 207
tcp_ping received 12288 bytes back
Round trip time was 1.34183 milliseconds in repetition 208
tcp_ping received 12288 bytes back
Round trip time was 1.72216 milliseconds in repetition 209
tcp_ping received 12288 bytes back
Round trip time was 1.52898 milliseconds in repetition 210
tcp_ping received 12288 bytes back
Round trip time was 0.839755 milliseconds in repetition 211
tcp_ping received 12288 bytes back
Round trip time was 1.04034 milliseconds in repetition 212
tcp_ping received 12288 bytes back
Round trip time was 1.40977 milliseconds in repetition 213
tcp_ping received 12288 bytes back
Round trip time was 1.51635 milliseconds in repetition 214
tcp_ping received 12288 bytes back
Round trip time was 0.906643 milliseconds in repetition 215
tcp_ping received 12288 bytes back
Round trip time was 1.05161 milliseconds in repetition 216
tcp_ping received 12288 bytes back
Round trip time was 1.01497 milliseconds in repetition 217
tcp_ping received 12288 bytes back
Round trip time was 2.83413 milliseconds in repetition 218
tcp_ping received 12288 bytes back
Round trip time was 2.63577 milliseconds in repetition 219
tcp_ping received 12288 bytes back
Round trip time was 2.6978 milliseconds in repetition 220
tcp_ping received 12288 bytes back
Round trip time was 1.7086 milliseconds in repetition 221
tcp_ping received 12288 bytes back
Round trip time was 1.01564 milliseconds in repetition 222
tcp_ping received 12288 bytes back
Round trip time was 1.96274 milliseconds in repetition 223
tcp_ping received 12288 bytes back
Round trip time was 1.90959 milliseconds in repetition 224
tcp_ping received 12288 bytes back
Round trip time was 1.23442 milliseconds in repetition 225
tcp_ping received 12288 bytes back
Round trip time was 1.02225 milliseconds in repetition 226
tcp_ping received 12288 bytes back
Round trip time was 1.05312 milliseconds in repetition 227
tcp_ping received 12288 bytes back
Round trip time was 1.30271 milliseconds in repetition 228
tcp_ping received 12288 bytes back
Round trip time was 1.47482 milliseconds in repetition 229
tcp_ping received 12288 bytes back
Round trip time was 0.961323 milliseconds in repetition 230
tcp_ping received 12288 bytes back
Round trip time was 1.07777 milliseconds in repetition 231
tcp_ping received 12288 bytes back
Round trip time was 1.04955 milliseconds in repetition 232
tcp_ping received 12288 bytes back
Round trip time was 1.42262 milliseconds in repetition 233
tcp_ping received 12288 bytes back
Round trip time was 1.5391 milliseconds in repetition 234
tcp_ping received 12288 bytes back
Round trip time was 0.993989 milliseconds in repetition 235
tcp_ping received 12288 bytes back
Round trip time was 0.92683 milliseconds in repetition 236
tcp_ping received 12288 bytes back
Round trip time was 0.999318 milliseconds in repetition 237
tcp_ping received 12288 bytes back
Round trip time was 1.37938 milliseconds in repetition 238
tcp_ping received 12288 bytes back
Round trip time was 1.46733 milliseconds in repetition 239
tcp_ping received 12288 bytes back
Round trip time was 0.880612 milliseconds in repetition 240
tcp_ping received 12288 bytes back
Round trip time was 1.07723 milliseconds in repetition 241
tcp_ping received 12288 bytes back
Round trip time was 1.87001 milliseconds in repetition 242
tcp_ping received 12288 bytes back
Round trip time was 1.14541 milliseconds in repetition 243
tcp_ping received 12288 bytes back
Round trip time was 1.82708 milliseconds in repetition 244
tcp_ping received 12288 bytes back
Round trip time was 1.18813 milliseconds in repetition 245
tcp_ping received 12288 bytes back
Round trip time was 0.854383 milliseconds in repetition 246
tcp_ping received 12288 bytes back
Round trip time was 1.4532 milliseconds in repetition 247
tcp_ping received 12288 bytes back
Round trip time was 1.46826 milliseconds in repetition 248
tcp_ping received 12288 bytes back
Round trip time was 2.08005 milliseconds in repetition 249
tcp_ping received 12288 bytes back
Round trip time was 1.47391 milliseconds in repetition 250
tcp_ping received 12288 bytes back
Round trip time was 1.08939 milliseconds in repetition 251
tcp_ping received 12288 bytes back
Round trip time was 1.02363 milliseconds in repetition 252
tcp_ping received 12288 bytes back
Round trip time was 0.984044 milliseconds in repetition 253
tcp_ping received 12288 bytes back
Round trip time was 1.03261 milliseconds in repetition 254
tcp_ping received 12288 bytes back
Round trip time was 1.03291 milliseconds in repetition 255
tcp_ping received 12288 bytes back
Round trip time was 0.982314 milliseconds in repetition 256
tcp_ping received 12288 bytes back
Round trip time was 1.371 milliseconds in repetition 257
tcp_ping received 12288 bytes back
Round trip time was 0.86928 milliseconds in repetition 258
tcp_ping received 12288 bytes back
Round trip time was 1.13844 milliseconds in repetition 259
tcp_ping received 12288 bytes back
Round trip time was 1.2266 milliseconds in repetition 260
tcp_ping received 12288 bytes back
Round trip time was 1.33516 milliseconds in repetition 261
tcp_ping received 12288 bytes back
Round trip time was 1.66123 milliseconds in repetition 262
tcp_ping received 12288 bytes back
Round trip time was 0.998855 milliseconds in repetition 263
tcp_ping received 12288 bytes back
Round trip time was 1.33136 milliseconds in repetition 264
tcp_ping received 12288 bytes back
Round trip time was 0.842975 milliseconds in repetition 265
tcp_ping received 12288 bytes back
Round trip time was 1.44917 milliseconds in repetition 266
tcp_ping received 12288 bytes back
Round trip time was 0.918535 milliseconds in repetition 267
tcp_ping received 12288 bytes back
Round trip time was 1.48633 milliseconds in repetition 268
tcp_ping received 12288 bytes back
Round trip time was 1.52742 milliseconds in repetition 269
tcp_ping received 12288 bytes back
Round trip time was 1.52906 milliseconds in repetition 270
tcp_ping received 12288 bytes back
Round trip time was 1.07296 milliseconds in repetition 271
tcp_ping received 12288 bytes back
Round trip time was 1.08092 milliseconds in repetition 272
tcp_ping received 12288 bytes back
Round trip time was 1.00442 milliseconds in repetition 273
tcp_ping received 12288 bytes back
Round trip time was 1.62841 milliseconds in repetition 274
tcp_ping received 12288 bytes back
Round trip time was 1.11606 milliseconds in repetition 275
tcp_ping received 12288 bytes back
Round trip time was 1.07223 milliseconds in repetition 276
tcp_ping received 12288 bytes back
Round trip time was 1.17504 milliseconds in repetition 277
tcp_ping received 12288 bytes back
Round trip time was 1.4315 milliseconds in repetition 278
tcp_ping received 12288 bytes back
Round trip time was 1.41869 milliseconds in repetition 279
tcp_ping received 12288 bytes back
Round trip time was 1.10436 milliseconds in repetition 280
tcp_ping received 12288 bytes back
Round trip time was 1.03123 milliseconds in repetition 281
tcp_ping received 12288 bytes back
Round trip time was 0.943362 milliseconds in repetition 282
tcp_ping received 12288 bytes back
Round trip time was 1.40416 milliseconds in repetition 283
tcp_ping received 12288 bytes back
Round trip time was 1.1828 milliseconds in repetition 284
tcp_ping received 12288 bytes back
Round trip time was 1.23038 milliseconds in repetition 285
tcp_ping received 12288 bytes back
Round trip time was 1.27302 milliseconds in repetition 286
tcp_ping received 12288 bytes back
Round trip time was 2.19597 milliseconds in repetition 287
tcp_ping received 12288 bytes back
Round trip time was 3.10657 milliseconds in repetition 288
tcp_ping received 12288 bytes back
Round trip time was 2.27885 milliseconds in repetition 289
tcp_ping received 12288 bytes back
Round trip time was 1.68934 milliseconds in repetition 290
tcp_ping received 12288 bytes back
Round trip time was 1.01197 milliseconds in repetition 291
tcp_ping received 12288 bytes back
Round trip time was 1.07901 milliseconds in repetition 292
tcp_ping received 12288 bytes back
Round trip time was 0.958497 milliseconds in repetition 293
tcp_ping received 12288 bytes back
Round trip time was 1.07589 milliseconds in repetition 294
tcp_ping received 12288 bytes back
Round trip time was 1.21083 milliseconds in repetition 295
tcp_ping received 12288 bytes back
Round trip time was 1.00671 milliseconds in repetition 296
tcp_ping received 12288 bytes back
Round trip time was 0.775852 milliseconds in repetition 297
tcp_ping received 12288 bytes back
Round trip time was 1.09323 milliseconds in repetition 298
tcp_ping received 12288 bytes back
Round trip time was 1.41845 milliseconds in repetition 299
tcp_ping received 12288 bytes back
Round trip time was 1.23062 milliseconds in repetition 300
tcp_ping received 12288 bytes back
Round trip time was 0.99372 milliseconds in repetition 301
tcp_ping received 12288 bytes back
Round trip time was 0.951307 milliseconds in repetition 302
tcp_ping received 12288 bytes back
Round trip time was 0.953127 milliseconds in repetition 303
tcp_ping received 12288 bytes back
Round trip time was 1.2363 milliseconds in repetition 304
tcp_ping received 12288 bytes back
Round trip time was 1.24461 milliseconds in repetition 305
tcp_ping received 12288 bytes back
Round trip time was 1.78529 milliseconds in repetition 306
tcp_ping received 12288 bytes back
Round trip time was 2.29867 milliseconds in repetition 307
tcp_ping received 12288 bytes back
Round trip time was 1.54631 milliseconds in repetition 308
tcp_ping received 12288 bytes back
Round trip time was 1.11076 milliseconds in repetition 309
tcp_ping received 12288 bytes back
Round trip time was 1.20435 milliseconds in repetition 310
tcp_ping received 12288 bytes back
Round trip time was 1.24684 milliseconds in repetition 311
tcp_ping received 12288 bytes back
Round trip time was 1.98947 milliseconds in repetition 312
tcp_ping received 12288 bytes back
Round trip time was 1.03589 milliseconds in repetition 313
tcp_ping received 12288 bytes back
Round trip time was 2.14841 milliseconds in repetition 314
tcp_ping received 12288 bytes back
Round trip time was 1.25194 milliseconds in repetition 315
tcp_ping received 12288 bytes back
Round trip time was 1.29561 milliseconds in repetition 316
tcp_ping received 12288 bytes back
Round trip time was 1.39518 milliseconds in repetition 317
tcp_ping received 12288 bytes back
Round trip time was 1.06092 milliseconds in repetition 318
tcp_ping received 12288 bytes back
Round trip time was 2.03195 milliseconds in repetition 319
tcp_ping received 12288 bytes back
Round trip time was 2.03847 milliseconds in repetition 320
tcp_ping received 12288 bytes back
Round trip time was 0.919524 milliseconds in repetition 321
tcp_ping received 12288 bytes back
Round trip time was 1.01026 milliseconds in repetition 322
tcp_ping received 12288 bytes back
Round trip time was 0.853975 milliseconds in repetition 323
tcp_ping received 12288 bytes back
Round trip time was 0.997794 milliseconds in repetition 324
tcp_ping received 12288 bytes back
Round trip time was 1.49953 milliseconds in repetition 325
tcp_ping received 12288 bytes back
Round trip time was 1.11465 milliseconds in repetition 326
tcp_ping received 12288 bytes back
Round trip time was 1.04221 milliseconds in repetition 327
tcp_ping received 12288 bytes back
Round trip time was 1.02998 milliseconds in repetition 328
tcp_ping received 12288 bytes back
Round trip time was 0.981598 milliseconds in repetition 329
tcp_ping received 12288 bytes back
Round trip time was 1.19914 milliseconds in repetition 330
tcp_ping received 12288 bytes back
Round trip time was 1.50067 milliseconds in repetition 331
tcp_ping received 12288 bytes back
Round trip time was 1.02487 milliseconds in repetition 332
tcp_ping received 12288 bytes back
Round trip time was 1.03612 milliseconds in repetition 333
tcp_ping received 12288 bytes back
Round trip time was 1.21746 milliseconds in repetition 334
tcp_ping received 12288 bytes back
Round trip time was 0.869772 milliseconds in repetition 335
tcp_ping received 12288 bytes back
Round trip time was 1.01141 milliseconds in repetition 336
tcp_ping received 12288 bytes back
Round trip time was 1.55126 milliseconds in repetition 337
tcp_ping received 12288 bytes back
Round trip time was 0.918748 milliseconds in repetition 338
tcp_ping received 12288 bytes back
Round trip time was 1.05781 milliseconds in repetition 339
tcp_ping received 12288 bytes back
Round trip time was 1.19254 milliseconds in repetition 340
tcp_ping received 12288 bytes back
Round trip time was 2.20278 milliseconds in repetition 341
tcp_ping received 12288 bytes back
Round trip time was 1.17251 milliseconds in repetition 342
tcp_ping received 12288 bytes back
Round trip time was 1.0359 milliseconds in repetition 343
tcp_ping received 12288 bytes back
Round trip time was 1.60571 milliseconds in repetition 344
tcp_ping received 12288 bytes back
Round trip time was 1.71114 milliseconds in repetition 345
tcp_ping received 12288 bytes back
Round trip time was 1.54014 milliseconds in repetition 346
tcp_ping received 12288 bytes back
Round trip time was 1.17705 milliseconds in repetition 347
tcp_ping received 12288 bytes back
Round trip time was 1.7514 milliseconds in repetition 348
tcp_ping received 12288 bytes back
Round trip time was 1.74523 milliseconds in repetition 349
tcp_ping received 12288 bytes back
Round trip time was 1.13072 milliseconds in repetition 350
tcp_ping received 12288 bytes back
Round trip time was 1.23061 milliseconds in repetition 351
tcp_ping received 12288 bytes back
Round trip time was 1.29744 milliseconds in repetition 352
tcp_ping received 12288 bytes back
Round trip time was 1.44011 milliseconds in repetition 353
tcp_ping received 12288 bytes back
Round trip time was 1.2304 milliseconds in repetition 354
tcp_ping received 12288 bytes back
Round trip time was 1.28472 milliseconds in repetition 355
tcp_ping received 12288 bytes back
Round trip time was 1.12583 milliseconds in repetition 356
tcp_ping received 12288 bytes back
Round trip time was 1.54863 milliseconds in repetition 357
tcp_ping received 12288 bytes back
Round trip time was 0.953343 milliseconds in repetition 358
tcp_ping received 12288 bytes back
Round trip time was 1.74613 milliseconds in repetition 359
tcp_ping received 12288 bytes back
Round trip time was 1.4394 milliseconds in repetition 360
tcp_ping received 12288 bytes back
Round trip time was 1.30029 milliseconds in repetition 361
tcp_ping received 12288 bytes back
Round trip time was 1.48434 milliseconds in repetition 362
tcp_ping received 12288 bytes back
Round trip time was 2.79448 milliseconds in repetition 363
tcp_ping received 12288 bytes back
Round trip time was 4.18532 milliseconds in repetition 364
tcp_ping received 12288 bytes back
Round trip time was 4.48602 milliseconds in repetition 365
tcp_ping received 12288 bytes back
Round trip time was 2.38437 milliseconds in repetition 366
tcp_ping received 12288 bytes back
Round trip time was 1.59295 milliseconds in repetition 367
tcp_ping received 12288 bytes back
Round trip time was 2.32807 milliseconds in repetition 368
tcp_ping received 12288 bytes back
Round trip time was 4.15362 milliseconds in repetition 369
tcp_ping received 12288 bytes back
Round trip time was 1.39074 milliseconds in repetition 370
tcp_ping received 12288 bytes back
Round trip time was 1.94765 milliseconds in repetition 371
tcp_ping received 12288 bytes back
Round trip time was 1.58765 milliseconds in repetition 372
tcp_ping received 12288 bytes back
Round trip time was 1.1941 milliseconds in repetition 373
tcp_ping received 12288 bytes back
Round trip time was 2.39221 milliseconds in repetition 374
tcp_ping received 12288 bytes back
Round trip time was 2.2314 milliseconds in repetition 375
tcp_ping received 12288 bytes back
Round trip time was 1.01566 milliseconds in repetition 376
tcp_ping received 12288 bytes back
Round trip time was 1.36074 milliseconds in repetition 377
tcp_ping received 12288 bytes back
Round trip time was 1.50581 milliseconds in repetition 378
tcp_ping received 12288 bytes back
Round trip time was 1.23563 milliseconds in repetition 379
tcp_ping received 12288 bytes back
Round trip time was 0.977463 milliseconds in repetition 380
tcp_ping received 12288 bytes back
Round trip time was 1.0583 milliseconds in repetition 381
tcp_ping received 12288 bytes back
Round trip time was 0.980782 milliseconds in repetition 382
tcp_ping received 12288 bytes back
Round trip time was 1.23494 milliseconds in repetition 383
tcp_ping received 12288 bytes back
Round trip time was 1.47334 milliseconds in repetition 384
tcp_ping received 12288 bytes back
Round trip time was 1.09693 milliseconds in repetition 385
tcp_ping received 12288 bytes back
Round trip time was 1.31598 milliseconds in repetition 386
tcp_ping received 12288 bytes back
Round trip time was 1.40504 milliseconds in repetition 387
tcp_ping received 12288 bytes back
Round trip time was 1.11022 milliseconds in repetition 388
tcp_ping received 12288 bytes back
Round trip time was 1.08563 milliseconds in repetition 389
tcp_ping received 12288 bytes back
Round trip time was 1.00416 milliseconds in repetition 390
tcp_ping received 12288 bytes back
Round trip time was 1.72003 milliseconds in repetition 391
tcp_ping received 12288 bytes back
Round trip time was 2.19432 milliseconds in repetition 392
tcp_ping received 12288 bytes back
Round trip time was 2.08183 milliseconds in repetition 393
tcp_ping received 12288 bytes back
Round trip time was 0.950817 milliseconds in repetition 394
tcp_ping received 12288 bytes back
Round trip time was 1.41787 milliseconds in repetition 395
tcp_ping received 12288 bytes back
Round trip time was 1.10402 milliseconds in repetition 396
tcp_ping received 12288 bytes back
Round trip time was 0.857689 milliseconds in repetition 397
tcp_ping received 12288 bytes back
Round trip time was 0.990025 milliseconds in repetition 398
tcp_ping received 12288 bytes back
Round trip time was 1.07782 milliseconds in repetition 399
tcp_ping received 12288 bytes back
Round trip time was 1.60229 milliseconds in repetition 400
tcp_ping received 12288 bytes back
Round trip time was 1.66906 milliseconds in repetition 401
tcp_ping received 12288 bytes back
Round trip time was 0.874251 milliseconds in repetition 402
tcp_ping received 12288 bytes back
Round trip time was 1.20256 milliseconds in repetition 403
tcp_ping received 12288 bytes back
Round trip time was 1.44071 milliseconds in repetition 404
tcp_ping received 12288 bytes back
Round trip time was 1.96071 milliseconds in repetition 405
tcp_ping received 12288 bytes back
Round trip time was 2.17382 milliseconds in repetition 406
tcp_ping received 12288 bytes back
Round trip time was 5.54687 milliseconds in repetition 407
tcp_ping received 12288 bytes back
Round trip time was 5.99252 milliseconds in repetition 408
tcp_ping received 12288 bytes back
Round trip time was 1.6537 milliseconds in repetition 409
tcp_ping received 12288 bytes back
Round trip time was 1.41527 milliseconds in repetition 410
tcp_ping received 12288 bytes back
Round trip time was 1.92542 milliseconds in repetition 411
tcp_ping received 12288 bytes back
Round trip time was 1.95934 milliseconds in repetition 412
tcp_ping received 12288 bytes back
Round trip time was 2.26148 milliseconds in repetition 413
tcp_ping received 12288 bytes back
Round trip time was 2.88285 milliseconds in repetition 414
tcp_ping received 12288 bytes back
Round trip time was 1.49031 milliseconds in repetition 415
tcp_ping received 12288 bytes back
Round trip time was 1.96142 milliseconds in repetition 416
tcp_ping received 12288 bytes back
Round trip time was 1.76048 milliseconds in repetition 417
tcp_ping received 12288 bytes back
Round trip time was 2.31438 milliseconds in repetition 418
tcp_ping received 12288 bytes back
Round trip time was 1.39813 milliseconds in repetition 419
tcp_ping received 12288 bytes back
Round trip time was 1.04428 milliseconds in repetition 420
tcp_ping received 12288 bytes back
Round trip time was 0.958417 milliseconds in repetition 421
tcp_ping received 12288 bytes back
Round trip time was 1.12932 milliseconds in repetition 422
tcp_ping received 12288 bytes back
Round trip time was 0.62775 milliseconds in repetition 423
tcp_ping received 12288 bytes back
Round trip time was 1.45029 milliseconds in repetition 424
tcp_ping received 12288 bytes back
Round trip time was 1.99106 milliseconds in repetition 425
tcp_ping received 12288 bytes back
Round trip time was 1.63518 milliseconds in repetition 426
tcp_ping received 12288 bytes back
Round trip time was 2.21266 milliseconds in repetition 427
tcp_ping received 12288 bytes back
Round trip time was 1.11865 milliseconds in repetition 428
tcp_ping received 12288 bytes back
Round trip time was 2.04684 milliseconds in repetition 429
tcp_ping received 12288 bytes back
Round trip time was 1.58077 milliseconds in repetition 430
tcp_ping received 12288 bytes back
Round trip time was 1.78593 milliseconds in repetition 431
tcp_ping received 12288 bytes back
Round trip time was 2.22334 milliseconds in repetition 432
tcp_ping received 12288 bytes back
Round trip time was 1.76523 milliseconds in repetition 433
tcp_ping received 12288 bytes back
Round trip time was 1.48317 milliseconds in repetition 434
tcp_ping received 12288 bytes back
Round trip time was 0.962478 milliseconds in repetition 435
tcp_ping received 12288 bytes back
Round trip time was 1.65636 milliseconds in repetition 436
tcp_ping received 12288 bytes back
Round trip time was 1.67016 milliseconds in repetition 437
tcp_ping received 12288 bytes back
Round trip time was 1.36896 milliseconds in repetition 438
tcp_ping received 12288 bytes back
Round trip time was 2.42745 milliseconds in repetition 439
tcp_ping received 12288 bytes back
Round trip time was 2.55085 milliseconds in repetition 440
tcp_ping received 12288 bytes back
Round trip time was 1.44379 milliseconds in repetition 441
tcp_ping received 12288 bytes back
Round trip time was 1.80054 milliseconds in repetition 442
tcp_ping received 12288 bytes back
Round trip time was 1.71022 milliseconds in repetition 443
tcp_ping received 12288 bytes back
Round trip time was 1.24886 milliseconds in repetition 444
tcp_ping received 12288 bytes back
Round trip time was 1.31858 milliseconds in repetition 445
tcp_ping received 12288 bytes back
Round trip time was 1.5696 milliseconds in repetition 446
tcp_ping received 12288 bytes back
Round trip time was 1.1189 milliseconds in repetition 447
tcp_ping received 12288 bytes back
Round trip time was 1.76156 milliseconds in repetition 448
tcp_ping received 12288 bytes back
Round trip time was 1.29878 milliseconds in repetition 449
tcp_ping received 12288 bytes back
Round trip time was 1.48036 milliseconds in repetition 450
tcp_ping received 12288 bytes back
Round trip time was 1.43647 milliseconds in repetition 451
tcp_ping received 12288 bytes back
Round trip time was 1.13032 milliseconds in repetition 452
tcp_ping received 12288 bytes back
Round trip time was 0.984012 milliseconds in repetition 453
tcp_ping received 12288 bytes back
Round trip time was 1.37634 milliseconds in repetition 454
tcp_ping received 12288 bytes back
Round trip time was 1.97627 milliseconds in repetition 455
tcp_ping received 12288 bytes back
Round trip time was 1.82182 milliseconds in repetition 456
tcp_ping received 12288 bytes back
Round trip time was 1.35632 milliseconds in repetition 457
tcp_ping received 12288 bytes back
Round trip time was 1.52469 milliseconds in repetition 458
tcp_ping received 12288 bytes back
Round trip time was 1.34454 milliseconds in repetition 459
tcp_ping received 12288 bytes back
Round trip time was 1.18978 milliseconds in repetition 460
tcp_ping received 12288 bytes back
Round trip time was 1.87966 milliseconds in repetition 461
tcp_ping received 12288 bytes back
Round trip time was 2.65934 milliseconds in repetition 462
tcp_ping received 12288 bytes back
Round trip time was 1.12639 milliseconds in repetition 463
tcp_ping received 12288 bytes back
Round trip time was 1.40956 milliseconds in repetition 464
tcp_ping received 12288 bytes back
Round trip time was 1.27961 milliseconds in repetition 465
tcp_ping received 12288 bytes back
Round trip time was 1.42003 milliseconds in repetition 466
tcp_ping received 12288 bytes back
Round trip time was 1.04497 milliseconds in repetition 467
tcp_ping received 12288 bytes back
Round trip time was 1.41764 milliseconds in repetition 468
tcp_ping received 12288 bytes back
Round trip time was 2.157 milliseconds in repetition 469
tcp_ping received 12288 bytes back
Round trip time was 2.13311 milliseconds in repetition 470
tcp_ping received 12288 bytes back
Round trip time was 1.54041 milliseconds in repetition 471
tcp_ping received 12288 bytes back
Round trip time was 1.5832 milliseconds in repetition 472
tcp_ping received 12288 bytes back
Round trip time was 1.40447 milliseconds in repetition 473
tcp_ping received 12288 bytes back
Round trip time was 1.24736 milliseconds in repetition 474
tcp_ping received 12288 bytes back
Round trip time was 1.11048 milliseconds in repetition 475
tcp_ping received 12288 bytes back
Round trip time was 1.20277 milliseconds in repetition 476
tcp_ping received 12288 bytes back
Round trip time was 0.942029 milliseconds in repetition 477
tcp_ping received 12288 bytes back
Round trip time was 1.10238 milliseconds in repetition 478
tcp_ping received 12288 bytes back
Round trip time was 0.983118 milliseconds in repetition 479
tcp_ping received 12288 bytes back
Round trip time was 1.17461 milliseconds in repetition 480
tcp_ping received 12288 bytes back
Round trip time was 1.23324 milliseconds in repetition 481
tcp_ping received 12288 bytes back
Round trip time was 1.41171 milliseconds in repetition 482
tcp_ping received 12288 bytes back
Round trip time was 1.74682 milliseconds in repetition 483
tcp_ping received 12288 bytes back
Round trip time was 2.011 milliseconds in repetition 484
tcp_ping received 12288 bytes back
Round trip time was 3.01684 milliseconds in repetition 485
tcp_ping received 12288 bytes back
Round trip time was 1.41063 milliseconds in repetition 486
tcp_ping received 12288 bytes back
Round trip time was 1.08263 milliseconds in repetition 487
tcp_ping received 12288 bytes back
Round trip time was 1.32415 milliseconds in repetition 488
tcp_ping received 12288 bytes back
Round trip time was 1.06243 milliseconds in repetition 489
tcp_ping received 12288 bytes back
Round trip time was 1.19936 milliseconds in repetition 490
tcp_ping received 12288 bytes back
Round trip time was 1.17038 milliseconds in repetition 491
tcp_ping received 12288 bytes back
Round trip time was 0.950318 milliseconds in repetition 492
tcp_ping received 12288 bytes back
Round trip time was 1.05943 milliseconds in repetition 493
tcp_ping received 12288 bytes back
Round trip time was 1.14085 milliseconds in repetition 494
tcp_ping received 12288 bytes back
Round trip time was 1.49572 milliseconds in repetition 495
tcp_ping received 12288 bytes back
Round trip time was 1.09722 milliseconds in repetition 496
tcp_ping received 12288 bytes back
Round trip time was 1.02321 milliseconds in repetition 497
tcp_ping received 12288 bytes back
Round trip time was 1.40314 milliseconds in repetition 498
tcp_ping received 12288 bytes back
Round trip time was 1.16049 milliseconds in repetition 499
tcp_ping received 12288 bytes back
Round trip time was 1.03178 milliseconds in repetition 500
tcp_ping received 12288 bytes back
Round trip time was 1.08315 milliseconds in repetition 501

 ... clock resolution was 1e-06
TCP Ping:  Statistics over 501 repetitions of 12288 byte messages

RTT : percentile 10: 0.96251, median: 1.27302, percentile 90: 1.97627, average: 1.46389, variance: 1.82925

RTT histogram:
0.627749 269
2.00675 217
3.38575 6
4.76475 4
6.14375 4
7.52275 0
8.90175 0
10.2808 0
11.6598 0
13.0388 0
14.4178 0
15.7968 0
17.1758 0
18.5548 0
19.9338 0
21.3128 0
22.6918 0
24.0708 0
25.4498 0
26.8288 0
28.2078 1

   median Throughput : 19305.3 KB/s   overall Throughput : 16788.1 KB/s

