TCP Ping trying to connect to server 130.251.61.30 (130.251.61.30) on port 1491
 ... connected to Pong server: asking for 501 repetitions of 16384 bytes TCP messages
 ... Pong server agreed :-)
tcp_ping received 16384 bytes back
Round trip time was 27.1118 milliseconds in repetition 1
tcp_ping received 16384 bytes back
Round trip time was 6.55214 milliseconds in repetition 2
tcp_ping received 16384 bytes back
Round trip time was 3.11524 milliseconds in repetition 3
tcp_ping received 16384 bytes back
Round trip time was 1.35888 milliseconds in repetition 4
tcp_ping received 16384 bytes back
Round trip time was 2.05813 milliseconds in repetition 5
tcp_ping received 16384 bytes back
Round trip time was 2.15597 milliseconds in repetition 6
tcp_ping received 16384 bytes back
Round trip time was 1.27145 milliseconds in repetition 7
tcp_ping received 16384 bytes back
Round trip time was 1.62094 milliseconds in repetition 8
tcp_ping received 16384 bytes back
Round trip time was 2.19407 milliseconds in repetition 9
tcp_ping received 16384 bytes back
Round trip time was 1.33082 milliseconds in repetition 10
tcp_ping received 16384 bytes back
Round trip time was 1.63347 milliseconds in repetition 11
tcp_ping received 16384 bytes back
Round trip time was 2.31111 milliseconds in repetition 12
tcp_ping received 16384 bytes back
Round trip time was 1.37113 milliseconds in repetition 13
tcp_ping received 16384 bytes back
Round trip time was 2.09197 milliseconds in repetition 14
tcp_ping received 16384 bytes back
Round trip time was 3.54632 milliseconds in repetition 15
tcp_ping received 16384 bytes back
Round trip time was 2.27185 milliseconds in repetition 16
tcp_ping received 16384 bytes back
Round trip time was 2.49529 milliseconds in repetition 17
tcp_ping received 16384 bytes back
Round trip time was 2.34151 milliseconds in repetition 18
tcp_ping received 16384 bytes back
Round trip time was 2.08371 milliseconds in repetition 19
tcp_ping received 16384 bytes back
Round trip time was 2.03907 milliseconds in repetition 20
tcp_ping received 16384 bytes back
Round trip time was 2.00336 milliseconds in repetition 21
tcp_ping received 16384 bytes back
Round trip time was 1.75062 milliseconds in repetition 22
tcp_ping received 16384 bytes back
Round trip time was 2.38417 milliseconds in repetition 23
tcp_ping received 16384 bytes back
Round trip time was 1.84463 milliseconds in repetition 24
tcp_ping received 16384 bytes back
Round trip time was 3.93562 milliseconds in repetition 25
tcp_ping received 16384 bytes back
Round trip time was 3.22205 milliseconds in repetition 26
tcp_ping received 16384 bytes back
Round trip time was 2.68938 milliseconds in repetition 27
tcp_ping received 16384 bytes back
Round trip time was 1.93296 milliseconds in repetition 28
tcp_ping received 16384 bytes back
Round trip time was 1.6164 milliseconds in repetition 29
tcp_ping received 16384 bytes back
Round trip time was 2.14104 milliseconds in repetition 30
tcp_ping received 16384 bytes back
Round trip time was 4.02358 milliseconds in repetition 31
tcp_ping received 16384 bytes back
Round trip time was 3.15056 milliseconds in repetition 32
tcp_ping received 16384 bytes back
Round trip time was 2.33963 milliseconds in repetition 33
tcp_ping received 16384 bytes back
Round trip time was 2.70834 milliseconds in repetition 34
tcp_ping received 16384 bytes back
Round trip time was 3.2829 milliseconds in repetition 35
tcp_ping received 16384 bytes back
Round trip time was 3.49595 milliseconds in repetition 36
tcp_ping received 16384 bytes back
Round trip time was 1.94134 milliseconds in repetition 37
tcp_ping received 16384 bytes back
Round trip time was 2.42202 milliseconds in repetition 38
tcp_ping received 16384 bytes back
Round trip time was 2.52649 milliseconds in repetition 39
tcp_ping received 16384 bytes back
Round trip time was 2.99389 milliseconds in repetition 40
tcp_ping received 16384 bytes back
Round trip time was 1.76727 milliseconds in repetition 41
tcp_ping received 16384 bytes back
Round trip time was 1.76468 milliseconds in repetition 42
tcp_ping received 16384 bytes back
Round trip time was 2.36759 milliseconds in repetition 43
tcp_ping received 16384 bytes back
Round trip time was 2.0258 milliseconds in repetition 44
tcp_ping received 16384 bytes back
Round trip time was 2.5449 milliseconds in repetition 45
tcp_ping received 16384 bytes back
Round trip time was 2.59811 milliseconds in repetition 46
tcp_ping received 16384 bytes back
Round trip time was 2.09409 milliseconds in repetition 47
tcp_ping received 16384 bytes back
Round trip time was 2.76114 milliseconds in repetition 48
tcp_ping received 16384 bytes back
Round trip time was 1.47311 milliseconds in repetition 49
tcp_ping received 16384 bytes back
Round trip time was 1.81833 milliseconds in repetition 50
tcp_ping received 16384 bytes back
Round trip time was 2.11856 milliseconds in repetition 51
tcp_ping received 16384 bytes back
Round trip time was 1.10888 milliseconds in repetition 52
tcp_ping received 16384 bytes back
Round trip time was 1.63929 milliseconds in repetition 53
tcp_ping received 16384 bytes back
Round trip time was 2.23654 milliseconds in repetition 54
tcp_ping received 16384 bytes back
Round trip time was 1.6803 milliseconds in repetition 55
tcp_ping received 16384 bytes back
Round trip time was 1.43335 milliseconds in repetition 56
tcp_ping received 16384 bytes back
Round trip time was 1.91382 milliseconds in repetition 57
tcp_ping received 16384 bytes back
Round trip time was 2.05521 milliseconds in repetition 58
tcp_ping received 16384 bytes back
Round trip time was 1.60131 milliseconds in repetition 59
tcp_ping received 16384 bytes back
Round trip time was 1.83188 milliseconds in repetition 60
tcp_ping received 16384 bytes back
Round trip time was 2.02131 milliseconds in repetition 61
tcp_ping received 16384 bytes back
Round trip time was 2.19131 milliseconds in repetition 62
tcp_ping received 16384 bytes back
Round trip time was 2.80831 milliseconds in repetition 63
tcp_ping received 16384 bytes back
Round trip time was 2.68257 milliseconds in repetition 64
tcp_ping received 16384 bytes back
Round trip time was 2.05699 milliseconds in repetition 65
tcp_ping received 16384 bytes back
Round trip time was 2.34049 milliseconds in repetition 66
tcp_ping received 16384 bytes back
Round trip time was 0.912868 milliseconds in repetition 67
tcp_ping received 16384 bytes back
Round trip time was 1.72459 milliseconds in repetition 68
tcp_ping received 16384 bytes back
Round trip time was 2.16598 milliseconds in repetition 69
tcp_ping received 16384 bytes back
Round trip time was 2.18289 milliseconds in repetition 70
tcp_ping received 16384 bytes back
Round trip time was 1.89359 milliseconds in repetition 71
tcp_ping received 16384 bytes back
Round trip time was 2.36217 milliseconds in repetition 72
tcp_ping received 16384 bytes back
Round trip time was 0.994731 milliseconds in repetition 73
tcp_ping received 16384 bytes back
Round trip time was 1.37958 milliseconds in repetition 74
tcp_ping received 16384 bytes back
Round trip time was 1.91285 milliseconds in repetition 75
tcp_ping received 16384 bytes back
Round trip time was 2.12853 milliseconds in repetition 76
tcp_ping received 16384 bytes back
Round trip time was 1.40634 milliseconds in repetition 77
tcp_ping received 16384 bytes back
Round trip time was 1.74166 milliseconds in repetition 78
tcp_ping received 16384 bytes back
Round trip time was 2.41499 milliseconds in repetition 79
tcp_ping received 16384 bytes back
Round trip time was 0.730634 milliseconds in repetition 80
tcp_ping received 16384 bytes back
Round trip time was 1.34916 milliseconds in repetition 81
tcp_ping received 16384 bytes back
Round trip time was 2.17976 milliseconds in repetition 82
tcp_ping received 16384 bytes back
Round trip time was 2.15875 milliseconds in repetition 83
tcp_ping received 16384 bytes back
Round trip time was 1.54411 milliseconds in repetition 84
tcp_ping received 16384 bytes back
Round trip time was 2.2109 milliseconds in repetition 85
tcp_ping received 16384 bytes back
Round trip time was 1.73026 milliseconds in repetition 86
tcp_ping received 16384 bytes back
Round trip time was 1.39826 milliseconds in repetition 87
tcp_ping received 16384 bytes back
Round trip time was 2.3574 milliseconds in repetition 88
tcp_ping received 16384 bytes back
Round trip time was 2.30203 milliseconds in repetition 89
tcp_ping received 16384 bytes back
Round trip time was 3.00446 milliseconds in repetition 90
tcp_ping received 16384 bytes back
Round trip time was 2.84775 milliseconds in repetition 91
tcp_ping received 16384 bytes back
Round trip time was 1.28985 milliseconds in repetition 92
tcp_ping received 16384 bytes back
Round trip time was 1.63396 milliseconds in repetition 93
tcp_ping received 16384 bytes back
Round trip time was 2.09401 milliseconds in repetition 94
tcp_ping received 16384 bytes back
Round trip time was 1.38488 milliseconds in repetition 95
tcp_ping received 16384 bytes back
Round trip time was 1.62282 milliseconds in repetition 96
tcp_ping received 16384 bytes back
Round trip time was 2.15351 milliseconds in repetition 97
tcp_ping received 16384 bytes back
Round trip time was 1.73485 milliseconds in repetition 98
tcp_ping received 16384 bytes back
Round trip time was 1.43471 milliseconds in repetition 99
tcp_ping received 16384 bytes back
Round trip time was 1.96706 milliseconds in repetition 100
tcp_ping received 16384 bytes back
Round trip time was 1.88315 milliseconds in repetition 101
tcp_ping received 16384 bytes back
Round trip time was 1.86332 milliseconds in repetition 102
tcp_ping received 16384 bytes back
Round trip time was 1.40111 milliseconds in repetition 103
tcp_ping received 16384 bytes back
Round trip time was 1.88685 milliseconds in repetition 104
tcp_ping received 16384 bytes back
Round trip time was 2.50778 milliseconds in repetition 105
tcp_ping received 16384 bytes back
Round trip time was 1.30385 milliseconds in repetition 106
tcp_ping received 16384 bytes back
Round trip time was 1.89097 milliseconds in repetition 107
tcp_ping received 16384 bytes back
Round trip time was 2.38548 milliseconds in repetition 108
tcp_ping received 16384 bytes back
Round trip time was 1.44441 milliseconds in repetition 109
tcp_ping received 16384 bytes back
Round trip time was 1.75589 milliseconds in repetition 110
tcp_ping received 16384 bytes back
Round trip time was 2.72438 milliseconds in repetition 111
tcp_ping received 16384 bytes back
Round trip time was 1.7479 milliseconds in repetition 112
tcp_ping received 16384 bytes back
Round trip time was 2.20065 milliseconds in repetition 113
tcp_ping received 16384 bytes back
Round trip time was 2.28894 milliseconds in repetition 114
tcp_ping received 16384 bytes back
Round trip time was 1.65367 milliseconds in repetition 115
tcp_ping received 16384 bytes back
Round trip time was 2.3251 milliseconds in repetition 116
tcp_ping received 16384 bytes back
Round trip time was 1.36167 milliseconds in repetition 117
tcp_ping received 16384 bytes back
Round trip time was 1.26821 milliseconds in repetition 118
tcp_ping received 16384 bytes back
Round trip time was 1.8938 milliseconds in repetition 119
tcp_ping received 16384 bytes back
Round trip time was 2.34613 milliseconds in repetition 120
tcp_ping received 16384 bytes back
Round trip time was 1.52886 milliseconds in repetition 121
tcp_ping received 16384 bytes back
Round trip time was 1.85398 milliseconds in repetition 122
tcp_ping received 16384 bytes back
Round trip time was 1.91043 milliseconds in repetition 123
tcp_ping received 16384 bytes back
Round trip time was 1.42773 milliseconds in repetition 124
tcp_ping received 16384 bytes back
Round trip time was 1.68146 milliseconds in repetition 125
tcp_ping received 16384 bytes back
Round trip time was 2.26033 milliseconds in repetition 126
tcp_ping received 16384 bytes back
Round trip time was 1.33456 milliseconds in repetition 127
tcp_ping received 16384 bytes back
Round trip time was 1.90921 milliseconds in repetition 128
tcp_ping received 16384 bytes back
Round trip time was 2.42202 milliseconds in repetition 129
tcp_ping received 16384 bytes back
Round trip time was 1.40016 milliseconds in repetition 130
tcp_ping received 16384 bytes back
Round trip time was 1.4849 milliseconds in repetition 131
tcp_ping received 16384 bytes back
Round trip time was 2.07861 milliseconds in repetition 132
tcp_ping received 16384 bytes back
Round trip time was 1.73489 milliseconds in repetition 133
tcp_ping received 16384 bytes back
Round trip time was 1.63365 milliseconds in repetition 134
tcp_ping received 16384 bytes back
Round trip time was 2.55714 milliseconds in repetition 135
tcp_ping received 16384 bytes back
Round trip time was 1.29595 milliseconds in repetition 136
tcp_ping received 16384 bytes back
Round trip time was 1.67153 milliseconds in repetition 137
tcp_ping received 16384 bytes back
Round trip time was 1.98106 milliseconds in repetition 138
tcp_ping received 16384 bytes back
Round trip time was 2.07533 milliseconds in repetition 139
tcp_ping received 16384 bytes back
Round trip time was 1.91231 milliseconds in repetition 140
tcp_ping received 16384 bytes back
Round trip time was 2.4677 milliseconds in repetition 141
tcp_ping received 16384 bytes back
Round trip time was 0.931418 milliseconds in repetition 142
tcp_ping received 16384 bytes back
Round trip time was 1.25885 milliseconds in repetition 143
tcp_ping received 16384 bytes back
Round trip time was 1.95842 milliseconds in repetition 144
tcp_ping received 16384 bytes back
Round trip time was 2.15555 milliseconds in repetition 145
tcp_ping received 16384 bytes back
Round trip time was 1.75676 milliseconds in repetition 146
tcp_ping received 16384 bytes back
Round trip time was 2.48047 milliseconds in repetition 147
tcp_ping received 16384 bytes back
Round trip time was 2.13596 milliseconds in repetition 148
tcp_ping received 16384 bytes back
Round trip time was 1.30761 milliseconds in repetition 149
tcp_ping received 16384 bytes back
Round trip time was 1.62929 milliseconds in repetition 150
tcp_ping received 16384 bytes back
Round trip time was 2.23508 milliseconds in repetition 151
tcp_ping received 16384 bytes back
Round trip time was 2.38038 milliseconds in repetition 152
tcp_ping received 16384 bytes back
Round trip time was 1.44848 milliseconds in repetition 153
tcp_ping received 16384 bytes back
Round trip time was 3.10006 milliseconds in repetition 154
tcp_ping received 16384 bytes back
Round trip time was 2.19038 milliseconds in repetition 155
tcp_ping received 16384 bytes back
Round trip time was 2.92957 milliseconds in repetition 156
tcp_ping received 16384 bytes back
Round trip time was 3.35913 milliseconds in repetition 157
tcp_ping received 16384 bytes back
Round trip time was 2.37746 milliseconds in repetition 158
tcp_ping received 16384 bytes back
Round trip time was 2.39443 milliseconds in repetition 159
tcp_ping received 16384 bytes back
Round trip time was 1.37091 milliseconds in repetition 160
tcp_ping received 16384 bytes back
Round trip time was 1.58363 milliseconds in repetition 161
tcp_ping received 16384 bytes back
Round trip time was 2.13131 milliseconds in repetition 162
tcp_ping received 16384 bytes back
Round trip time was 1.8374 milliseconds in repetition 163
tcp_ping received 16384 bytes back
Round trip time was 2.40392 milliseconds in repetition 164
tcp_ping received 16384 bytes back
Round trip time was 3.33932 milliseconds in repetition 165
tcp_ping received 16384 bytes back
Round trip time was 2.59471 milliseconds in repetition 166
tcp_ping received 16384 bytes back
Round trip time was 2.35275 milliseconds in repetition 167
tcp_ping received 16384 bytes back
Round trip time was 2.78775 milliseconds in repetition 168
tcp_ping received 16384 bytes back
Round trip time was 1.36059 milliseconds in repetition 169
tcp_ping received 16384 bytes back
Round trip time was 1.76046 milliseconds in repetition 170
tcp_ping received 16384 bytes back
Round trip time was 2.26038 milliseconds in repetition 171
tcp_ping received 16384 bytes back
Round trip time was 1.45477 milliseconds in repetition 172
tcp_ping received 16384 bytes back
Round trip time was 2.36353 milliseconds in repetition 173
tcp_ping received 16384 bytes back
Round trip time was 2.45893 milliseconds in repetition 174
tcp_ping received 16384 bytes back
Round trip time was 1.66763 milliseconds in repetition 175
tcp_ping received 16384 bytes back
Round trip time was 2.08634 milliseconds in repetition 176
tcp_ping received 16384 bytes back
Round trip time was 2.79068 milliseconds in repetition 177
tcp_ping received 16384 bytes back
Round trip time was 2.64507 milliseconds in repetition 178
tcp_ping received 16384 bytes back
Round trip time was 2.48972 milliseconds in repetition 179
tcp_ping received 16384 bytes back
Round trip time was 1.57604 milliseconds in repetition 180
tcp_ping received 16384 bytes back
Round trip time was 2.21404 milliseconds in repetition 181
tcp_ping received 16384 bytes back
Round trip time was 1.94878 milliseconds in repetition 182
tcp_ping received 16384 bytes back
Round trip time was 1.32407 milliseconds in repetition 183
tcp_ping received 16384 bytes back
Round trip time was 1.78665 milliseconds in repetition 184
tcp_ping received 16384 bytes back
Round trip time was 2.21712 milliseconds in repetition 185
tcp_ping received 16384 bytes back
Round trip time was 2.39033 milliseconds in repetition 186
tcp_ping received 16384 bytes back
Round trip time was 2.69951 milliseconds in repetition 187
tcp_ping received 16384 bytes back
Round trip time was 0.936404 milliseconds in repetition 188
tcp_ping received 16384 bytes back
Round trip time was 1.22109 milliseconds in repetition 189
tcp_ping received 16384 bytes back
Round trip time was 1.73554 milliseconds in repetition 190
tcp_ping received 16384 bytes back
Round trip time was 2.42082 milliseconds in repetition 191
tcp_ping received 16384 bytes back
Round trip time was 2.11366 milliseconds in repetition 192
tcp_ping received 16384 bytes back
Round trip time was 2.72738 milliseconds in repetition 193
tcp_ping received 16384 bytes back
Round trip time was 1.8734 milliseconds in repetition 194
tcp_ping received 16384 bytes back
Round trip time was 1.67915 milliseconds in repetition 195
tcp_ping received 16384 bytes back
Round trip time was 2.07081 milliseconds in repetition 196
tcp_ping received 16384 bytes back
Round trip time was 3.51456 milliseconds in repetition 197
tcp_ping received 16384 bytes back
Round trip time was 1.72692 milliseconds in repetition 198
tcp_ping received 16384 bytes back
Round trip time was 2.13822 milliseconds in repetition 199
tcp_ping received 16384 bytes back
Round trip time was 1.39261 milliseconds in repetition 200
tcp_ping received 16384 bytes back
Round trip time was 1.43144 milliseconds in repetition 201
tcp_ping received 16384 bytes back
Round trip time was 1.95203 milliseconds in repetition 202
tcp_ping received 16384 bytes back
Round trip time was 2.4428 milliseconds in repetition 203
tcp_ping received 16384 bytes back
Round trip time was 1.70896 milliseconds in repetition 204
tcp_ping received 16384 bytes back
Round trip time was 2.3903 milliseconds in repetition 205
tcp_ping received 16384 bytes back
Round trip time was 1.75697 milliseconds in repetition 206
tcp_ping received 16384 bytes back
Round trip time was 1.29824 milliseconds in repetition 207
tcp_ping received 16384 bytes back
Round trip time was 1.69049 milliseconds in repetition 208
tcp_ping received 16384 bytes back
Round trip time was 2.15043 milliseconds in repetition 209
tcp_ping received 16384 bytes back
Round trip time was 1.69844 milliseconds in repetition 210
tcp_ping received 16384 bytes back
Round trip time was 2.66253 milliseconds in repetition 211
tcp_ping received 16384 bytes back
Round trip time was 1.95707 milliseconds in repetition 212
tcp_ping received 16384 bytes back
Round trip time was 1.27615 milliseconds in repetition 213
tcp_ping received 16384 bytes back
Round trip time was 1.58262 milliseconds in repetition 214
tcp_ping received 16384 bytes back
Round trip time was 2.12048 milliseconds in repetition 215
tcp_ping received 16384 bytes back
Round trip time was 1.77952 milliseconds in repetition 216
tcp_ping received 16384 bytes back
Round trip time was 1.70347 milliseconds in repetition 217
tcp_ping received 16384 bytes back
Round trip time was 2.28515 milliseconds in repetition 218
tcp_ping received 16384 bytes back
Round trip time was 1.22646 milliseconds in repetition 219
tcp_ping received 16384 bytes back
Round trip time was 1.16583 milliseconds in repetition 220
tcp_ping received 16384 bytes back
Round trip time was 1.56416 milliseconds in repetition 221
tcp_ping received 16384 bytes back
Round trip time was 2.12582 milliseconds in repetition 222
tcp_ping received 16384 bytes back
Round trip time was 1.34215 milliseconds in repetition 223
tcp_ping received 16384 bytes back
Round trip time was 1.76195 milliseconds in repetition 224
tcp_ping received 16384 bytes back
Round trip time was 2.33257 milliseconds in repetition 225
tcp_ping received 16384 bytes back
Round trip time was 1.00653 milliseconds in repetition 226
tcp_ping received 16384 bytes back
Round trip time was 1.33852 milliseconds in repetition 227
tcp_ping received 16384 bytes back
Round trip time was 1.59387 milliseconds in repetition 228
tcp_ping received 16384 bytes back
Round trip time was 2.12356 milliseconds in repetition 229
tcp_ping received 16384 bytes back
Round trip time was 1.33176 milliseconds in repetition 230
tcp_ping received 16384 bytes back
Round trip time was 1.5906 milliseconds in repetition 231
tcp_ping received 16384 bytes back
Round trip time was 2.20879 milliseconds in repetition 232
tcp_ping received 16384 bytes back
Round trip time was 1.57232 milliseconds in repetition 233
tcp_ping received 16384 bytes back
Round trip time was 1.36318 milliseconds in repetition 234
tcp_ping received 16384 bytes back
Round trip time was 1.95236 milliseconds in repetition 235
tcp_ping received 16384 bytes back
Round trip time was 1.98882 milliseconds in repetition 236
tcp_ping received 16384 bytes back
Round trip time was 1.44825 milliseconds in repetition 237
tcp_ping received 16384 bytes back
Round trip time was 1.78112 milliseconds in repetition 238
tcp_ping received 16384 bytes back
Round trip time was 2.15392 milliseconds in repetition 239
tcp_ping received 16384 bytes back
Round trip time was 1.39456 milliseconds in repetition 240
tcp_ping received 16384 bytes back
Round trip time was 1.6693 milliseconds in repetition 241
tcp_ping received 16384 bytes back
Round trip time was 2.18467 milliseconds in repetition 242
tcp_ping received 16384 bytes back
Round trip time was 1.38323 milliseconds in repetition 243
tcp_ping received 16384 bytes back
Round trip time was 1.74676 milliseconds in repetition 244
tcp_ping received 16384 bytes back
Round trip time was 2.19758 milliseconds in repetition 245
tcp_ping received 16384 bytes back
Round trip time was 1.35128 milliseconds in repetition 246
tcp_ping received 16384 bytes back
Round trip time was 1.95981 milliseconds in repetition 247
tcp_ping received 16384 bytes back
Round trip time was 2.31036 milliseconds in repetition 248
tcp_ping received 16384 bytes back
Round trip time was 1.85956 milliseconds in repetition 249
tcp_ping received 16384 bytes back
Round trip time was 1.61721 milliseconds in repetition 250
tcp_ping received 16384 bytes back
Round trip time was 2.19333 milliseconds in repetition 251
tcp_ping received 16384 bytes back
Round trip time was 1.54458 milliseconds in repetition 252
tcp_ping received 16384 bytes back
Round trip time was 1.14787 milliseconds in repetition 253
tcp_ping received 16384 bytes back
Round trip time was 1.53186 milliseconds in repetition 254
tcp_ping received 16384 bytes back
Round trip time was 2.06275 milliseconds in repetition 255
tcp_ping received 16384 bytes back
Round trip time was 1.34773 milliseconds in repetition 256
tcp_ping received 16384 bytes back
Round trip time was 2.04937 milliseconds in repetition 257
tcp_ping received 16384 bytes back
Round trip time was 2.47438 milliseconds in repetition 258
tcp_ping received 16384 bytes back
Round trip time was 1.06113 milliseconds in repetition 259
tcp_ping received 16384 bytes back
Round trip time was 1.37371 milliseconds in repetition 260
tcp_ping received 16384 bytes back
Round trip time was 1.76515 milliseconds in repetition 261
tcp_ping received 16384 bytes back
Round trip time was 2.29134 milliseconds in repetition 262
tcp_ping received 16384 bytes back
Round trip time was 1.15899 milliseconds in repetition 263
tcp_ping received 16384 bytes back
Round trip time was 1.6008 milliseconds in repetition 264
tcp_ping received 16384 bytes back
Round trip time was 2.10025 milliseconds in repetition 265
tcp_ping received 16384 bytes back
Round trip time was 1.5589 milliseconds in repetition 266
tcp_ping received 16384 bytes back
Round trip time was 1.35752 milliseconds in repetition 267
tcp_ping received 16384 bytes back
Round trip time was 1.73654 milliseconds in repetition 268
tcp_ping received 16384 bytes back
Round trip time was 2.42528 milliseconds in repetition 269
tcp_ping received 16384 bytes back
Round trip time was 1.26419 milliseconds in repetition 270
tcp_ping received 16384 bytes back
Round trip time was 2.0359 milliseconds in repetition 271
tcp_ping received 16384 bytes back
Round trip time was 2.35321 milliseconds in repetition 272
tcp_ping received 16384 bytes back
Round trip time was 1.32987 milliseconds in repetition 273
tcp_ping received 16384 bytes back
Round trip time was 1.65116 milliseconds in repetition 274
tcp_ping received 16384 bytes back
Round trip time was 2.01555 milliseconds in repetition 275
tcp_ping received 16384 bytes back
Round trip time was 1.46048 milliseconds in repetition 276
tcp_ping received 16384 bytes back
Round trip time was 1.60986 milliseconds in repetition 277
tcp_ping received 16384 bytes back
Round trip time was 2.16133 milliseconds in repetition 278
tcp_ping received 16384 bytes back
Round trip time was 1.60308 milliseconds in repetition 279
tcp_ping received 16384 bytes back
Round trip time was 1.38317 milliseconds in repetition 280
tcp_ping received 16384 bytes back
Round trip time was 1.78124 milliseconds in repetition 281
tcp_ping received 16384 bytes back
Round trip time was 2.29139 milliseconds in repetition 282
tcp_ping received 16384 bytes back
Round trip time was 1.11119 milliseconds in repetition 283
tcp_ping received 16384 bytes back
Round trip time was 1.73457 milliseconds in repetition 284
tcp_ping received 16384 bytes back
Round trip time was 1.58595 milliseconds in repetition 285
tcp_ping received 16384 bytes back
Round trip time was 2.18984 milliseconds in repetition 286
tcp_ping received 16384 bytes back
Round trip time was 1.40912 milliseconds in repetition 287
tcp_ping received 16384 bytes back
Round trip time was 1.27676 milliseconds in repetition 288
tcp_ping received 16384 bytes back
Round trip time was 2.09245 milliseconds in repetition 289
tcp_ping received 16384 bytes back
Round trip time was 2.33931 milliseconds in repetition 290
tcp_ping received 16384 bytes back
Round trip time was 1.21843 milliseconds in repetition 291
tcp_ping received 16384 bytes back
Round trip time was 1.97342 milliseconds in repetition 292
tcp_ping received 16384 bytes back
Round trip time was 2.14793 milliseconds in repetition 293
tcp_ping received 16384 bytes back
Round trip time was 1.15307 milliseconds in repetition 294
tcp_ping received 16384 bytes back
Round trip time was 1.48678 milliseconds in repetition 295
tcp_ping received 16384 bytes back
Round trip time was 2.10239 milliseconds in repetition 296
tcp_ping received 16384 bytes back
Round trip time was 1.77283 milliseconds in repetition 297
tcp_ping received 16384 bytes back
Round trip time was 1.48605 milliseconds in repetition 298
tcp_ping received 16384 bytes back
Round trip time was 2.12791 milliseconds in repetition 299
tcp_ping received 16384 bytes back
Round trip time was 2.18561 milliseconds in repetition 300
tcp_ping received 16384 bytes back
Round trip time was 2.09749 milliseconds in repetition 301
tcp_ping received 16384 bytes back
Round trip time was 3.3697 milliseconds in repetition 302
tcp_ping received 16384 bytes back
Round trip time was 2.05741 milliseconds in repetition 303
tcp_ping received 16384 bytes back
Round trip time was 2.33603 milliseconds in repetition 304
tcp_ping received 16384 bytes back
Round trip time was 1.60784 milliseconds in repetition 305
tcp_ping received 16384 bytes back
Round trip time was 1.21963 milliseconds in repetition 306
tcp_ping received 16384 bytes back
Round trip time was 1.93955 milliseconds in repetition 307
tcp_ping received 16384 bytes back
Round trip time was 2.79294 milliseconds in repetition 308
tcp_ping received 16384 bytes back
Round trip time was 3.00216 milliseconds in repetition 309
tcp_ping received 16384 bytes back
Round trip time was 2.83297 milliseconds in repetition 310
tcp_ping received 16384 bytes back
Round trip time was 1.59273 milliseconds in repetition 311
tcp_ping received 16384 bytes back
Round trip time was 2.1155 milliseconds in repetition 312
tcp_ping received 16384 bytes back
Round trip time was 2.25273 milliseconds in repetition 313
tcp_ping received 16384 bytes back
Round trip time was 1.2111 milliseconds in repetition 314
tcp_ping received 16384 bytes back
Round trip time was 1.15458 milliseconds in repetition 315
tcp_ping received 16384 bytes back
Round trip time was 2.60917 milliseconds in repetition 316
tcp_ping received 16384 bytes back
Round trip time was 2.40617 milliseconds in repetition 317
tcp_ping received 16384 bytes back
Round trip time was 5.0216 milliseconds in repetition 318
tcp_ping received 16384 bytes back
Round trip time was 2.91176 milliseconds in repetition 319
tcp_ping received 16384 bytes back
Round trip time was 2.48104 milliseconds in repetition 320
tcp_ping received 16384 bytes back
Round trip time was 1.46305 milliseconds in repetition 321
tcp_ping received 16384 bytes back
Round trip time was 1.98449 milliseconds in repetition 322
tcp_ping received 16384 bytes back
Round trip time was 1.96733 milliseconds in repetition 323
tcp_ping received 16384 bytes back
Round trip time was 1.31183 milliseconds in repetition 324
tcp_ping received 16384 bytes back
Round trip time was 1.98403 milliseconds in repetition 325
tcp_ping received 16384 bytes back
Round trip time was 2.66249 milliseconds in repetition 326
tcp_ping received 16384 bytes back
Round trip time was 1.39015 milliseconds in repetition 327
tcp_ping received 16384 bytes back
Round trip time was 1.72918 milliseconds in repetition 328
tcp_ping received 16384 bytes back
Round trip time was 2.13558 milliseconds in repetition 329
tcp_ping received 16384 bytes back
Round trip time was 1.12323 milliseconds in repetition 330
tcp_ping received 16384 bytes back
Round trip time was 2.8049 milliseconds in repetition 331
tcp_ping received 16384 bytes back
Round trip time was 2.43129 milliseconds in repetition 332
tcp_ping received 16384 bytes back
Round trip time was 2.62982 milliseconds in repetition 333
tcp_ping received 16384 bytes back
Round trip time was 1.5746 milliseconds in repetition 334
tcp_ping received 16384 bytes back
Round trip time was 2.33933 milliseconds in repetition 335
tcp_ping received 16384 bytes back
Round trip time was 1.60007 milliseconds in repetition 336
tcp_ping received 16384 bytes back
Round trip time was 1.54159 milliseconds in repetition 337
tcp_ping received 16384 bytes back
Round trip time was 2.10873 milliseconds in repetition 338
tcp_ping received 16384 bytes back
Round trip time was 2.01653 milliseconds in repetition 339
tcp_ping received 16384 bytes back
Round trip time was 1.51357 milliseconds in repetition 340
tcp_ping received 16384 bytes back
Round trip time was 2.3156 milliseconds in repetition 341
tcp_ping received 16384 bytes back
Round trip time was 1.69538 milliseconds in repetition 342
tcp_ping received 16384 bytes back
Round trip time was 1.36106 milliseconds in repetition 343
tcp_ping received 16384 bytes back
Round trip time was 1.79152 milliseconds in repetition 344
tcp_ping received 16384 bytes back
Round trip time was 2.30546 milliseconds in repetition 345
tcp_ping received 16384 bytes back
Round trip time was 1.46809 milliseconds in repetition 346
tcp_ping received 16384 bytes back
Round trip time was 1.87726 milliseconds in repetition 347
tcp_ping received 16384 bytes back
Round trip time was 1.97488 milliseconds in repetition 348
tcp_ping received 16384 bytes back
Round trip time was 1.26754 milliseconds in repetition 349
tcp_ping received 16384 bytes back
Round trip time was 1.54424 milliseconds in repetition 350
tcp_ping received 16384 bytes back
Round trip time was 2.10064 milliseconds in repetition 351
tcp_ping received 16384 bytes back
Round trip time was 1.61592 milliseconds in repetition 352
tcp_ping received 16384 bytes back
Round trip time was 1.53083 milliseconds in repetition 353
tcp_ping received 16384 bytes back
Round trip time was 2.1765 milliseconds in repetition 354
tcp_ping received 16384 bytes back
Round trip time was 1.28433 milliseconds in repetition 355
tcp_ping received 16384 bytes back
Round trip time was 1.34692 milliseconds in repetition 356
tcp_ping received 16384 bytes back
Round trip time was 1.63515 milliseconds in repetition 357
tcp_ping received 16384 bytes back
Round trip time was 2.18804 milliseconds in repetition 358
tcp_ping received 16384 bytes back
Round trip time was 1.37285 milliseconds in repetition 359
tcp_ping received 16384 bytes back
Round trip time was 1.59558 milliseconds in repetition 360
tcp_ping received 16384 bytes back
Round trip time was 2.1894 milliseconds in repetition 361
tcp_ping received 16384 bytes back
Round trip time was 1.06947 milliseconds in repetition 362
tcp_ping received 16384 bytes back
Round trip time was 1.2318 milliseconds in repetition 363
tcp_ping received 16384 bytes back
Round trip time was 1.82097 milliseconds in repetition 364
tcp_ping received 16384 bytes back
Round trip time was 2.53358 milliseconds in repetition 365
tcp_ping received 16384 bytes back
Round trip time was 1.31565 milliseconds in repetition 366
tcp_ping received 16384 bytes back
Round trip time was 2.0053 milliseconds in repetition 367
tcp_ping received 16384 bytes back
Round trip time was 2.49931 milliseconds in repetition 368
tcp_ping received 16384 bytes back
Round trip time was 1.29858 milliseconds in repetition 369
tcp_ping received 16384 bytes back
Round trip time was 2.17341 milliseconds in repetition 370
tcp_ping received 16384 bytes back
Round trip time was 2.59568 milliseconds in repetition 371
tcp_ping received 16384 bytes back
Round trip time was 2.0518 milliseconds in repetition 372
tcp_ping received 16384 bytes back
Round trip time was 1.64291 milliseconds in repetition 373
tcp_ping received 16384 bytes back
Round trip time was 1.88578 milliseconds in repetition 374
tcp_ping received 16384 bytes back
Round trip time was 1.74456 milliseconds in repetition 375
tcp_ping received 16384 bytes back
Round trip time was 1.73943 milliseconds in repetition 376
tcp_ping received 16384 bytes back
Round trip time was 1.99417 milliseconds in repetition 377
tcp_ping received 16384 bytes back
Round trip time was 2.47208 milliseconds in repetition 378
tcp_ping received 16384 bytes back
Round trip time was 2.1039 milliseconds in repetition 379
tcp_ping received 16384 bytes back
Round trip time was 2.41464 milliseconds in repetition 380
tcp_ping received 16384 bytes back
Round trip time was 0.98844 milliseconds in repetition 381
tcp_ping received 16384 bytes back
Round trip time was 1.30485 milliseconds in repetition 382
tcp_ping received 16384 bytes back
Round trip time was 1.84873 milliseconds in repetition 383
tcp_ping received 16384 bytes back
Round trip time was 2.74971 milliseconds in repetition 384
tcp_ping received 16384 bytes back
Round trip time was 2.41117 milliseconds in repetition 385
tcp_ping received 16384 bytes back
Round trip time was 2.92938 milliseconds in repetition 386
tcp_ping received 16384 bytes back
Round trip time was 1.39542 milliseconds in repetition 387
tcp_ping received 16384 bytes back
Round trip time was 2.09185 milliseconds in repetition 388
tcp_ping received 16384 bytes back
Round trip time was 2.79461 milliseconds in repetition 389
tcp_ping received 16384 bytes back
Round trip time was 1.45877 milliseconds in repetition 390
tcp_ping received 16384 bytes back
Round trip time was 1.99299 milliseconds in repetition 391
tcp_ping received 16384 bytes back
Round trip time was 2.42003 milliseconds in repetition 392
tcp_ping received 16384 bytes back
Round trip time was 1.32173 milliseconds in repetition 393
tcp_ping received 16384 bytes back
Round trip time was 2.22425 milliseconds in repetition 394
tcp_ping received 16384 bytes back
Round trip time was 2.60401 milliseconds in repetition 395
tcp_ping received 16384 bytes back
Round trip time was 3.45694 milliseconds in repetition 396
tcp_ping received 16384 bytes back
Round trip time was 2.83553 milliseconds in repetition 397
tcp_ping received 16384 bytes back
Round trip time was 2.51792 milliseconds in repetition 398
tcp_ping received 16384 bytes back
Round trip time was 3.97759 milliseconds in repetition 399
tcp_ping received 16384 bytes back
Round trip time was 1.95503 milliseconds in repetition 400
tcp_ping received 16384 bytes back
Round trip time was 2.8082 milliseconds in repetition 401
tcp_ping received 16384 bytes back
Round trip time was 1.69471 milliseconds in repetition 402
tcp_ping received 16384 bytes back
Round trip time was 1.69336 milliseconds in repetition 403
tcp_ping received 16384 bytes back
Round trip time was 1.98929 milliseconds in repetition 404
tcp_ping received 16384 bytes back
Round trip time was 2.34663 milliseconds in repetition 405
tcp_ping received 16384 bytes back
Round trip time was 1.57748 milliseconds in repetition 406
tcp_ping received 16384 bytes back
Round trip time was 1.75833 milliseconds in repetition 407
tcp_ping received 16384 bytes back
Round trip time was 2.31851 milliseconds in repetition 408
tcp_ping received 16384 bytes back
Round trip time was 1.25723 milliseconds in repetition 409
tcp_ping received 16384 bytes back
Round trip time was 2.34267 milliseconds in repetition 410
tcp_ping received 16384 bytes back
Round trip time was 2.63998 milliseconds in repetition 411
tcp_ping received 16384 bytes back
Round trip time was 1.51667 milliseconds in repetition 412
tcp_ping received 16384 bytes back
Round trip time was 1.94803 milliseconds in repetition 413
tcp_ping received 16384 bytes back
Round trip time was 2.599 milliseconds in repetition 414
tcp_ping received 16384 bytes back
Round trip time was 1.21383 milliseconds in repetition 415
tcp_ping received 16384 bytes back
Round trip time was 1.60439 milliseconds in repetition 416
tcp_ping received 16384 bytes back
Round trip time was 1.87714 milliseconds in repetition 417
tcp_ping received 16384 bytes back
Round trip time was 1.69387 milliseconds in repetition 418
tcp_ping received 16384 bytes back
Round trip time was 2.00835 milliseconds in repetition 419
tcp_ping received 16384 bytes back
Round trip time was 2.40914 milliseconds in repetition 420
tcp_ping received 16384 bytes back
Round trip time was 1.30429 milliseconds in repetition 421
tcp_ping received 16384 bytes back
Round trip time was 1.81151 milliseconds in repetition 422
tcp_ping received 16384 bytes back
Round trip time was 2.23574 milliseconds in repetition 423
tcp_ping received 16384 bytes back
Round trip time was 1.76204 milliseconds in repetition 424
tcp_ping received 16384 bytes back
Round trip time was 1.45829 milliseconds in repetition 425
tcp_ping received 16384 bytes back
Round trip time was 2.58106 milliseconds in repetition 426
tcp_ping received 16384 bytes back
Round trip time was 1.45674 milliseconds in repetition 427
tcp_ping received 16384 bytes back
Round trip time was 2.58126 milliseconds in repetition 428
tcp_ping received 16384 bytes back
Round trip time was 2.61292 milliseconds in repetition 429
tcp_ping received 16384 bytes back
Round trip time was 2.45506 milliseconds in repetition 430
tcp_ping received 16384 bytes back
Round trip time was 3.3872 milliseconds in repetition 431
tcp_ping received 16384 bytes back
Round trip time was 1.92945 milliseconds in repetition 432
tcp_ping received 16384 bytes back
Round trip time was 2.40487 milliseconds in repetition 433
tcp_ping received 16384 bytes back
Round trip time was 1.86289 milliseconds in repetition 434
tcp_ping received 16384 bytes back
Round trip time was 1.40322 milliseconds in repetition 435
tcp_ping received 16384 bytes back
Round trip time was 1.81709 milliseconds in repetition 436
tcp_ping received 16384 bytes back
Round trip time was 2.55318 milliseconds in repetition 437
tcp_ping received 16384 bytes back
Round trip time was 3.1085 milliseconds in repetition 438
tcp_ping received 16384 bytes back
Round trip time was 3.86444 milliseconds in repetition 439
tcp_ping received 16384 bytes back
Round trip time was 4.79164 milliseconds in repetition 440
tcp_ping received 16384 bytes back
Round trip time was 1.97281 milliseconds in repetition 441
tcp_ping received 16384 bytes back
Round trip time was 1.78844 milliseconds in repetition 442
tcp_ping received 16384 bytes back
Round trip time was 2.3193 milliseconds in repetition 443
tcp_ping received 16384 bytes back
Round trip time was 1.70696 milliseconds in repetition 444
tcp_ping received 16384 bytes back
Round trip time was 2.02539 milliseconds in repetition 445
tcp_ping received 16384 bytes back
Round trip time was 2.69814 milliseconds in repetition 446
tcp_ping received 16384 bytes back
Round trip time was 1.33004 milliseconds in repetition 447
tcp_ping received 16384 bytes back
Round trip time was 1.84279 milliseconds in repetition 448
tcp_ping received 16384 bytes back
Round trip time was 2.84656 milliseconds in repetition 449
tcp_ping received 16384 bytes back
Round trip time was 3.25483 milliseconds in repetition 450
tcp_ping received 16384 bytes back
Round trip time was 3.20183 milliseconds in repetition 451
tcp_ping received 16384 bytes back
Round trip time was 1.46573 milliseconds in repetition 452
tcp_ping received 16384 bytes back
Round trip time was 2.04019 milliseconds in repetition 453
tcp_ping received 16384 bytes back
Round trip time was 2.57684 milliseconds in repetition 454
tcp_ping received 16384 bytes back
Round trip time was 1.64812 milliseconds in repetition 455
tcp_ping received 16384 bytes back
Round trip time was 2.32285 milliseconds in repetition 456
tcp_ping received 16384 bytes back
Round trip time was 2.30624 milliseconds in repetition 457
tcp_ping received 16384 bytes back
Round trip time was 1.49117 milliseconds in repetition 458
tcp_ping received 16384 bytes back
Round trip time was 2.11526 milliseconds in repetition 459
tcp_ping received 16384 bytes back
Round trip time was 1.82248 milliseconds in repetition 460
tcp_ping received 16384 bytes back
Round trip time was 1.7513 milliseconds in repetition 461
tcp_ping received 16384 bytes back
Round trip time was 1.95024 milliseconds in repetition 462
tcp_ping received 16384 bytes back
Round trip time was 2.42366 milliseconds in repetition 463
tcp_ping received 16384 bytes back
Round trip time was 1.27195 milliseconds in repetition 464
tcp_ping received 16384 bytes back
Round trip time was 2.03042 milliseconds in repetition 465
tcp_ping received 16384 bytes back
Round trip time was 2.06775 milliseconds in repetition 466
tcp_ping received 16384 bytes back
Round trip time was 1.32653 milliseconds in repetition 467
tcp_ping received 16384 bytes back
Round trip time was 1.73645 milliseconds in repetition 468
tcp_ping received 16384 bytes back
Round trip time was 2.07558 milliseconds in repetition 469
tcp_ping received 16384 bytes back
Round trip time was 2.097 milliseconds in repetition 470
tcp_ping received 16384 bytes back
Round trip time was 1.72087 milliseconds in repetition 471
tcp_ping received 16384 bytes back
Round trip time was 2.39961 milliseconds in repetition 472
tcp_ping received 16384 bytes back
Round trip time was 0.892725 milliseconds in repetition 473
tcp_ping received 16384 bytes back
Round trip time was 0.92755 milliseconds in repetition 474
tcp_ping received 16384 bytes back
Round trip time was 1.00092 milliseconds in repetition 475
tcp_ping received 16384 bytes back
Round trip time was 1.36828 milliseconds in repetition 476
tcp_ping received 16384 bytes back
Round trip time was 0.968172 milliseconds in repetition 477
tcp_ping received 16384 bytes back
Round trip time was 0.975474 milliseconds in repetition 478
tcp_ping received 16384 bytes back
Round trip time was 1.06508 milliseconds in repetition 479
tcp_ping received 16384 bytes back
Round trip time was 1.25907 milliseconds in repetition 480
tcp_ping received 16384 bytes back
Round trip time was 1.25659 milliseconds in repetition 481
tcp_ping received 16384 bytes back
Round trip time was 1.25481 milliseconds in repetition 482
tcp_ping received 16384 bytes back
Round trip time was 1.09055 milliseconds in repetition 483
tcp_ping received 16384 bytes back
Round trip time was 1.33942 milliseconds in repetition 484
tcp_ping received 16384 bytes back
Round trip time was 0.914167 milliseconds in repetition 485
tcp_ping received 16384 bytes back
Round trip time was 1.30154 milliseconds in repetition 486
tcp_ping received 16384 bytes back
Round trip time was 0.876986 milliseconds in repetition 487
tcp_ping received 16384 bytes back
Round trip time was 1.39062 milliseconds in repetition 488
tcp_ping received 16384 bytes back
Round trip time was 1.29861 milliseconds in repetition 489
tcp_ping received 16384 bytes back
Round trip time was 0.98987 milliseconds in repetition 490
tcp_ping received 16384 bytes back
Round trip time was 1.05309 milliseconds in repetition 491
tcp_ping received 16384 bytes back
Round trip time was 1.35577 milliseconds in repetition 492
tcp_ping received 16384 bytes back
Round trip time was 1.23131 milliseconds in repetition 493
tcp_ping received 16384 bytes back
Round trip time was 1.07326 milliseconds in repetition 494
tcp_ping received 16384 bytes back
Round trip time was 1.05838 milliseconds in repetition 495
tcp_ping received 16384 bytes back
Round trip time was 1.38188 milliseconds in repetition 496
tcp_ping received 16384 bytes back
Round trip time was 1.24683 milliseconds in repetition 497
tcp_ping received 16384 bytes back
Round trip time was 1.40412 milliseconds in repetition 498
tcp_ping received 16384 bytes back
Round trip time was 1.06547 milliseconds in repetition 499
tcp_ping received 16384 bytes back
Round trip time was 0.934601 milliseconds in repetition 500
tcp_ping received 16384 bytes back
Round trip time was 1.07052 milliseconds in repetition 501

 ... clock resolution was 1e-06
TCP Ping:  Statistics over 501 repetitions of 16384 byte messages

RTT : percentile 10: 1.27145, median: 1.91231, percentile 90: 2.66253, average: 2.00341, variance: 1.66538

RTT histogram:
0.730634 100
2.04969 356
3.36875 41
4.68781 2
6.00687 1
7.32593 0
8.645 0
9.96406 0
11.2831 0
12.6022 0
13.9212 0
15.2403 0
16.5594 0
17.8784 0
19.1975 0
20.5165 0
21.8356 0
23.1547 0
24.4737 0
25.7928 0
27.1118 1

   median Throughput : 17135.3 KB/s   overall Throughput : 16356.1 KB/s

