UDP Ping trying to connect to server 130.251.61.30 (130.251.61.30) on TCP port 1491
 ... connected to Pong server: asking for 501 repetitions of 6144 _bytes UDP messages
 ... Pong server agreed to ping-pong using port 51708 :-)
Round trip time was 59.236 milliseconds in repetition 1
Round trip time was  4.954 milliseconds in repetition 2
Round trip time was  1.688 milliseconds in repetition 3
Round trip time was  2.425 milliseconds in repetition 4
Round trip time was  3.186 milliseconds in repetition 5
Round trip time was  2.362 milliseconds in repetition 6
Round trip time was  1.917 milliseconds in repetition 7
Round trip time was  2.772 milliseconds in repetition 8
Round trip time was  3.139 milliseconds in repetition 9
Round trip time was  2.230 milliseconds in repetition 10
Round trip time was  2.557 milliseconds in repetition 11
Round trip time was  3.021 milliseconds in repetition 12
Round trip time was  2.351 milliseconds in repetition 13
Round trip time was  2.777 milliseconds in repetition 14
Round trip time was  2.611 milliseconds in repetition 15
Round trip time was  1.990 milliseconds in repetition 16
Round trip time was  2.519 milliseconds in repetition 17
Round trip time was  2.075 milliseconds in repetition 18
Round trip time was  1.800 milliseconds in repetition 19
Round trip time was  1.901 milliseconds in repetition 20
Round trip time was  1.133 milliseconds in repetition 21
Round trip time was  0.774 milliseconds in repetition 22
Round trip time was  1.564 milliseconds in repetition 23
Round trip time was  0.707 milliseconds in repetition 24
Round trip time was  1.218 milliseconds in repetition 25
Round trip time was  0.842 milliseconds in repetition 26
Round trip time was  2.418 milliseconds in repetition 27
Round trip time was  4.919 milliseconds in repetition 28
Round trip time was  2.354 milliseconds in repetition 29
Round trip time was  1.378 milliseconds in repetition 30
Round trip time was  2.141 milliseconds in repetition 31
Round trip time was  0.772 milliseconds in repetition 32
Round trip time was  1.110 milliseconds in repetition 33
Round trip time was  0.903 milliseconds in repetition 34
Round trip time was  1.518 milliseconds in repetition 35
Round trip time was  0.866 milliseconds in repetition 36
Round trip time was  0.952 milliseconds in repetition 37
Round trip time was  1.732 milliseconds in repetition 38
Round trip time was  0.848 milliseconds in repetition 39
Round trip time was  0.922 milliseconds in repetition 40
Round trip time was  2.016 milliseconds in repetition 41
Round trip time was  0.938 milliseconds in repetition 42
Round trip time was  1.407 milliseconds in repetition 43
Round trip time was  1.798 milliseconds in repetition 44
Round trip time was  0.895 milliseconds in repetition 45
Round trip time was  0.975 milliseconds in repetition 46
Round trip time was  1.808 milliseconds in repetition 47
Round trip time was  0.800 milliseconds in repetition 48
Round trip time was  1.233 milliseconds in repetition 49
Round trip time was  2.008 milliseconds in repetition 50
Round trip time was  0.860 milliseconds in repetition 51
Round trip time was  2.057 milliseconds in repetition 52
Round trip time was  0.915 milliseconds in repetition 53
Round trip time was  1.786 milliseconds in repetition 54
Round trip time was  2.004 milliseconds in repetition 55
Round trip time was  0.849 milliseconds in repetition 56
Round trip time was  1.266 milliseconds in repetition 57
Round trip time was  1.993 milliseconds in repetition 58
Round trip time was  0.795 milliseconds in repetition 59
Round trip time was  2.255 milliseconds in repetition 60
Round trip time was  0.690 milliseconds in repetition 61
Round trip time was  1.018 milliseconds in repetition 62
Round trip time was  2.310 milliseconds in repetition 63
Round trip time was  0.961 milliseconds in repetition 64
Round trip time was  2.097 milliseconds in repetition 65
Round trip time was  3.099 milliseconds in repetition 66
Round trip time was  1.253 milliseconds in repetition 67
Round trip time was  0.745 milliseconds in repetition 68
Round trip time was  1.896 milliseconds in repetition 69
Round trip time was  1.348 milliseconds in repetition 70
Round trip time was  2.388 milliseconds in repetition 71
Round trip time was  0.914 milliseconds in repetition 72
Round trip time was  0.993 milliseconds in repetition 73
Round trip time was  1.760 milliseconds in repetition 74
Round trip time was  0.723 milliseconds in repetition 75
Round trip time was  0.853 milliseconds in repetition 76
Round trip time was  0.775 milliseconds in repetition 77
Round trip time was  2.131 milliseconds in repetition 78
Round trip time was  2.494 milliseconds in repetition 79
Round trip time was  2.312 milliseconds in repetition 80
Round trip time was  0.747 milliseconds in repetition 81
Round trip time was  0.941 milliseconds in repetition 82
Round trip time was  1.842 milliseconds in repetition 83
Round trip time was  0.883 milliseconds in repetition 84
Round trip time was  2.102 milliseconds in repetition 85
Round trip time was  0.728 milliseconds in repetition 86
Round trip time was  0.848 milliseconds in repetition 87
Round trip time was  2.411 milliseconds in repetition 88
Round trip time was  0.893 milliseconds in repetition 89
Round trip time was  1.106 milliseconds in repetition 90
Round trip time was  0.807 milliseconds in repetition 91
Round trip time was  1.762 milliseconds in repetition 92
Round trip time was  1.842 milliseconds in repetition 93
Round trip time was  0.706 milliseconds in repetition 94
Round trip time was  1.506 milliseconds in repetition 95
Round trip time was  1.295 milliseconds in repetition 96
Round trip time was  1.790 milliseconds in repetition 97
Round trip time was  0.830 milliseconds in repetition 98
Round trip time was  1.009 milliseconds in repetition 99
Round trip time was  1.561 milliseconds in repetition 100
Round trip time was  1.523 milliseconds in repetition 101
Round trip time was  2.893 milliseconds in repetition 102
Round trip time was  2.772 milliseconds in repetition 103
Round trip time was  3.048 milliseconds in repetition 104
Round trip time was  1.075 milliseconds in repetition 105
Round trip time was  1.925 milliseconds in repetition 106
Round trip time was  0.986 milliseconds in repetition 107
Round trip time was  1.223 milliseconds in repetition 108
Round trip time was  1.658 milliseconds in repetition 109
Round trip time was  1.125 milliseconds in repetition 110
Round trip time was  2.407 milliseconds in repetition 111
Round trip time was  0.859 milliseconds in repetition 112
Round trip time was  1.043 milliseconds in repetition 113
Round trip time was  1.788 milliseconds in repetition 114
Round trip time was  0.739 milliseconds in repetition 115
Round trip time was  0.884 milliseconds in repetition 116
Round trip time was  1.954 milliseconds in repetition 117
Round trip time was  1.077 milliseconds in repetition 118
Round trip time was  2.062 milliseconds in repetition 119
Round trip time was  0.947 milliseconds in repetition 120
Round trip time was  0.925 milliseconds in repetition 121
Round trip time was  1.637 milliseconds in repetition 122
Round trip time was  0.784 milliseconds in repetition 123
Round trip time was  0.956 milliseconds in repetition 124
Round trip time was  1.864 milliseconds in repetition 125
Round trip time was  0.834 milliseconds in repetition 126
Round trip time was  1.056 milliseconds in repetition 127
Round trip time was  1.664 milliseconds in repetition 128
Round trip time was  0.693 milliseconds in repetition 129
Round trip time was  2.169 milliseconds in repetition 130
Round trip time was  1.569 milliseconds in repetition 131
Round trip time was  0.894 milliseconds in repetition 132
Round trip time was  0.991 milliseconds in repetition 133
Round trip time was  1.461 milliseconds in repetition 134
Round trip time was  1.157 milliseconds in repetition 135
Round trip time was  1.962 milliseconds in repetition 136
Round trip time was  0.682 milliseconds in repetition 137
Round trip time was  1.010 milliseconds in repetition 138
Round trip time was  0.709 milliseconds in repetition 139
Round trip time was  1.200 milliseconds in repetition 140
Round trip time was  1.217 milliseconds in repetition 141
Round trip time was  0.804 milliseconds in repetition 142
Round trip time was  2.491 milliseconds in repetition 143
Round trip time was  0.795 milliseconds in repetition 144
Round trip time was  1.315 milliseconds in repetition 145
Round trip time was  1.793 milliseconds in repetition 146
Round trip time was  0.710 milliseconds in repetition 147
Round trip time was  0.896 milliseconds in repetition 148
Round trip time was  0.859 milliseconds in repetition 149
Round trip time was  1.291 milliseconds in repetition 150
Round trip time was  0.776 milliseconds in repetition 151
Round trip time was  1.060 milliseconds in repetition 152
Round trip time was  1.593 milliseconds in repetition 153
Round trip time was  0.782 milliseconds in repetition 154
Round trip time was  0.762 milliseconds in repetition 155
Round trip time was  2.175 milliseconds in repetition 156
Round trip time was  0.806 milliseconds in repetition 157
Round trip time was  0.955 milliseconds in repetition 158
Round trip time was  0.700 milliseconds in repetition 159
Round trip time was  2.191 milliseconds in repetition 160
Round trip time was  0.843 milliseconds in repetition 161
Round trip time was  2.337 milliseconds in repetition 162
Round trip time was  0.716 milliseconds in repetition 163
Round trip time was  0.911 milliseconds in repetition 164
Round trip time was  1.708 milliseconds in repetition 165
Round trip time was  0.763 milliseconds in repetition 166
Round trip time was  2.012 milliseconds in repetition 167
Round trip time was  0.835 milliseconds in repetition 168
Round trip time was  1.009 milliseconds in repetition 169
Round trip time was  1.871 milliseconds in repetition 170
Round trip time was  0.768 milliseconds in repetition 171
Round trip time was  1.954 milliseconds in repetition 172
Round trip time was  0.839 milliseconds in repetition 173
Round trip time was  0.946 milliseconds in repetition 174
Round trip time was  1.678 milliseconds in repetition 175
Round trip time was  0.835 milliseconds in repetition 176
Round trip time was  0.808 milliseconds in repetition 177
Round trip time was  1.816 milliseconds in repetition 178
Round trip time was  0.951 milliseconds in repetition 179
Round trip time was  1.795 milliseconds in repetition 180
Round trip time was  0.793 milliseconds in repetition 181
Round trip time was  1.678 milliseconds in repetition 182
Round trip time was  1.866 milliseconds in repetition 183
Round trip time was  1.142 milliseconds in repetition 184
Round trip time was  1.845 milliseconds in repetition 185
Round trip time was  0.819 milliseconds in repetition 186
Round trip time was  1.025 milliseconds in repetition 187
Round trip time was  1.689 milliseconds in repetition 188
Round trip time was  1.030 milliseconds in repetition 189
Round trip time was  1.182 milliseconds in repetition 190
Round trip time was  1.426 milliseconds in repetition 191
Round trip time was  0.839 milliseconds in repetition 192
Round trip time was  0.951 milliseconds in repetition 193
Round trip time was  1.726 milliseconds in repetition 194
Round trip time was  0.843 milliseconds in repetition 195
Round trip time was  0.952 milliseconds in repetition 196
Round trip time was  1.919 milliseconds in repetition 197
Round trip time was  1.119 milliseconds in repetition 198
Round trip time was  1.758 milliseconds in repetition 199
Round trip time was  0.959 milliseconds in repetition 200
Round trip time was  1.967 milliseconds in repetition 201
Round trip time was  1.037 milliseconds in repetition 202
Round trip time was  1.540 milliseconds in repetition 203
Round trip time was  1.966 milliseconds in repetition 204
Round trip time was  1.042 milliseconds in repetition 205
Round trip time was  0.975 milliseconds in repetition 206
Round trip time was  0.707 milliseconds in repetition 207
Round trip time was  1.788 milliseconds in repetition 208
Round trip time was  0.887 milliseconds in repetition 209
Round trip time was  0.797 milliseconds in repetition 210
Round trip time was  1.603 milliseconds in repetition 211
Round trip time was  0.743 milliseconds in repetition 212
Round trip time was  1.344 milliseconds in repetition 213
Round trip time was  1.588 milliseconds in repetition 214
Round trip time was  0.777 milliseconds in repetition 215
Round trip time was  1.193 milliseconds in repetition 216
Round trip time was  1.599 milliseconds in repetition 217
Round trip time was  0.838 milliseconds in repetition 218
Round trip time was  0.898 milliseconds in repetition 219
Round trip time was  1.921 milliseconds in repetition 220
Round trip time was  0.830 milliseconds in repetition 221
Round trip time was  1.005 milliseconds in repetition 222
Round trip time was  1.713 milliseconds in repetition 223
Round trip time was  0.853 milliseconds in repetition 224
Round trip time was  0.854 milliseconds in repetition 225
Round trip time was  1.876 milliseconds in repetition 226
Round trip time was  0.905 milliseconds in repetition 227
Round trip time was  0.785 milliseconds in repetition 228
Round trip time was  2.011 milliseconds in repetition 229
Round trip time was  1.451 milliseconds in repetition 230
Round trip time was  2.375 milliseconds in repetition 231
Round trip time was  0.749 milliseconds in repetition 232
Round trip time was  1.489 milliseconds in repetition 233
Round trip time was  2.401 milliseconds in repetition 234
Round trip time was  1.775 milliseconds in repetition 235
Round trip time was  1.786 milliseconds in repetition 236
Round trip time was  0.841 milliseconds in repetition 237
Round trip time was  0.996 milliseconds in repetition 238
Round trip time was  1.721 milliseconds in repetition 239
Round trip time was  0.827 milliseconds in repetition 240
Round trip time was  1.063 milliseconds in repetition 241
Round trip time was  0.832 milliseconds in repetition 242
Round trip time was  2.022 milliseconds in repetition 243
Round trip time was  0.851 milliseconds in repetition 244
Round trip time was  1.700 milliseconds in repetition 245
Round trip time was  2.581 milliseconds in repetition 246
Round trip time was  1.534 milliseconds in repetition 247
Round trip time was  2.074 milliseconds in repetition 248
Round trip time was  0.827 milliseconds in repetition 249
Round trip time was  1.103 milliseconds in repetition 250
Round trip time was  1.731 milliseconds in repetition 251
Round trip time was  0.757 milliseconds in repetition 252
Round trip time was  1.241 milliseconds in repetition 253
Round trip time was  1.851 milliseconds in repetition 254
Round trip time was  0.856 milliseconds in repetition 255
Round trip time was  1.225 milliseconds in repetition 256
Round trip time was  1.904 milliseconds in repetition 257
Round trip time was  0.999 milliseconds in repetition 258
Round trip time was  0.997 milliseconds in repetition 259
Round trip time was  1.568 milliseconds in repetition 260
Round trip time was  1.055 milliseconds in repetition 261
Round trip time was  2.570 milliseconds in repetition 262
Round trip time was  0.990 milliseconds in repetition 263
Round trip time was  1.655 milliseconds in repetition 264
Round trip time was  1.720 milliseconds in repetition 265
Round trip time was  0.993 milliseconds in repetition 266
Round trip time was  2.147 milliseconds in repetition 267
Round trip time was  0.748 milliseconds in repetition 268
Round trip time was  1.473 milliseconds in repetition 269
Round trip time was  3.008 milliseconds in repetition 270
Round trip time was  3.336 milliseconds in repetition 271
Round trip time was  3.417 milliseconds in repetition 272
Round trip time was  0.870 milliseconds in repetition 273
Round trip time was  1.030 milliseconds in repetition 274
Round trip time was  2.201 milliseconds in repetition 275
Round trip time was  0.687 milliseconds in repetition 276
Round trip time was  0.804 milliseconds in repetition 277
Round trip time was  0.978 milliseconds in repetition 278
Round trip time was  2.148 milliseconds in repetition 279
Round trip time was  0.648 milliseconds in repetition 280
Round trip time was  1.107 milliseconds in repetition 281
Round trip time was  0.818 milliseconds in repetition 282
Round trip time was  1.464 milliseconds in repetition 283
Round trip time was  0.960 milliseconds in repetition 284
Round trip time was  5.721 milliseconds in repetition 285
Round trip time was  5.216 milliseconds in repetition 286
Round trip time was  4.853 milliseconds in repetition 287
Round trip time was  2.278 milliseconds in repetition 288
Round trip time was  3.510 milliseconds in repetition 289
Round trip time was  2.867 milliseconds in repetition 290
Round trip time was  1.952 milliseconds in repetition 291
Round trip time was  1.326 milliseconds in repetition 292
Round trip time was  2.256 milliseconds in repetition 293
Round trip time was  1.654 milliseconds in repetition 294
Round trip time was  2.491 milliseconds in repetition 295
Round trip time was  0.924 milliseconds in repetition 296
Round trip time was  1.047 milliseconds in repetition 297
Round trip time was  2.495 milliseconds in repetition 298
Round trip time was  0.847 milliseconds in repetition 299
Round trip time was  2.307 milliseconds in repetition 300
Round trip time was  0.747 milliseconds in repetition 301
Round trip time was  1.431 milliseconds in repetition 302
Round trip time was  1.988 milliseconds in repetition 303
Round trip time was  1.239 milliseconds in repetition 304
Round trip time was  2.116 milliseconds in repetition 305
Round trip time was  0.926 milliseconds in repetition 306
Round trip time was  0.936 milliseconds in repetition 307
Round trip time was  1.781 milliseconds in repetition 308
Round trip time was  0.884 milliseconds in repetition 309
Round trip time was  0.967 milliseconds in repetition 310
Round trip time was  1.615 milliseconds in repetition 311
Round trip time was  0.850 milliseconds in repetition 312
Round trip time was  0.947 milliseconds in repetition 313
Round trip time was  1.743 milliseconds in repetition 314
Round trip time was  1.666 milliseconds in repetition 315
Round trip time was  1.727 milliseconds in repetition 316
Round trip time was  0.722 milliseconds in repetition 317
Round trip time was  1.247 milliseconds in repetition 318
Round trip time was  1.991 milliseconds in repetition 319
Round trip time was  0.775 milliseconds in repetition 320
Round trip time was  1.491 milliseconds in repetition 321
Round trip time was  1.843 milliseconds in repetition 322
Round trip time was  0.820 milliseconds in repetition 323
Round trip time was  1.051 milliseconds in repetition 324
Round trip time was  1.945 milliseconds in repetition 325
Round trip time was  0.915 milliseconds in repetition 326
Round trip time was  0.924 milliseconds in repetition 327
Round trip time was  1.647 milliseconds in repetition 328
Round trip time was  0.727 milliseconds in repetition 329
Round trip time was  1.112 milliseconds in repetition 330
Round trip time was  1.800 milliseconds in repetition 331
Round trip time was  0.963 milliseconds in repetition 332
Round trip time was  1.083 milliseconds in repetition 333
Round trip time was  1.715 milliseconds in repetition 334
Round trip time was  0.767 milliseconds in repetition 335
Round trip time was  0.978 milliseconds in repetition 336
Round trip time was  1.779 milliseconds in repetition 337
Round trip time was  1.017 milliseconds in repetition 338
Round trip time was  2.285 milliseconds in repetition 339
Round trip time was  1.001 milliseconds in repetition 340
Round trip time was  1.394 milliseconds in repetition 341
Round trip time was  2.683 milliseconds in repetition 342
Round trip time was  1.218 milliseconds in repetition 343
Round trip time was  1.906 milliseconds in repetition 344
Round trip time was  0.765 milliseconds in repetition 345
Round trip time was  1.453 milliseconds in repetition 346
Round trip time was  1.601 milliseconds in repetition 347
Round trip time was  1.011 milliseconds in repetition 348
Round trip time was  2.087 milliseconds in repetition 349
Round trip time was  1.254 milliseconds in repetition 350
Round trip time was  1.637 milliseconds in repetition 351
Round trip time was  1.840 milliseconds in repetition 352
Round trip time was  1.006 milliseconds in repetition 353
Round trip time was  2.055 milliseconds in repetition 354
Round trip time was  0.907 milliseconds in repetition 355
Round trip time was  1.017 milliseconds in repetition 356
Round trip time was  1.770 milliseconds in repetition 357
Round trip time was  0.734 milliseconds in repetition 358
Round trip time was  1.277 milliseconds in repetition 359
Round trip time was  1.781 milliseconds in repetition 360
Round trip time was  1.016 milliseconds in repetition 361
Round trip time was  2.121 milliseconds in repetition 362
Round trip time was  0.721 milliseconds in repetition 363
Round trip time was  2.062 milliseconds in repetition 364
Round trip time was  2.070 milliseconds in repetition 365
Round trip time was  0.957 milliseconds in repetition 366
Round trip time was  2.082 milliseconds in repetition 367
Round trip time was  2.342 milliseconds in repetition 368
Round trip time was  1.358 milliseconds in repetition 369
Round trip time was  2.463 milliseconds in repetition 370
Round trip time was  2.536 milliseconds in repetition 371
Round trip time was  1.758 milliseconds in repetition 372
Round trip time was  0.907 milliseconds in repetition 373
Round trip time was  1.041 milliseconds in repetition 374
Round trip time was  1.516 milliseconds in repetition 375
Round trip time was  1.299 milliseconds in repetition 376
Round trip time was  2.711 milliseconds in repetition 377
Round trip time was  1.336 milliseconds in repetition 378
Round trip time was  1.454 milliseconds in repetition 379
Round trip time was  2.020 milliseconds in repetition 380
Round trip time was  0.994 milliseconds in repetition 381
Round trip time was  1.003 milliseconds in repetition 382
Round trip time was  1.605 milliseconds in repetition 383
Round trip time was  0.667 milliseconds in repetition 384
Round trip time was  1.361 milliseconds in repetition 385
Round trip time was  1.649 milliseconds in repetition 386
Round trip time was  0.798 milliseconds in repetition 387
Round trip time was  0.928 milliseconds in repetition 388
Round trip time was  2.051 milliseconds in repetition 389
Round trip time was  1.598 milliseconds in repetition 390
Round trip time was  1.221 milliseconds in repetition 391
Round trip time was  1.539 milliseconds in repetition 392
Round trip time was  0.709 milliseconds in repetition 393
Round trip time was  1.311 milliseconds in repetition 394
Round trip time was  1.501 milliseconds in repetition 395
Round trip time was  0.796 milliseconds in repetition 396
Round trip time was  0.872 milliseconds in repetition 397
Round trip time was  2.143 milliseconds in repetition 398
Round trip time was  0.882 milliseconds in repetition 399
Round trip time was  1.518 milliseconds in repetition 400
Round trip time was  1.905 milliseconds in repetition 401
Round trip time was  0.996 milliseconds in repetition 402
Round trip time was  1.974 milliseconds in repetition 403
Round trip time was  0.786 milliseconds in repetition 404
Round trip time was  1.155 milliseconds in repetition 405
Round trip time was  1.720 milliseconds in repetition 406
Round trip time was  0.724 milliseconds in repetition 407
Round trip time was  1.360 milliseconds in repetition 408
Round trip time was  1.712 milliseconds in repetition 409
Round trip time was  0.943 milliseconds in repetition 410
Round trip time was  0.985 milliseconds in repetition 411
Round trip time was  1.586 milliseconds in repetition 412
Round trip time was  0.943 milliseconds in repetition 413
Round trip time was  0.824 milliseconds in repetition 414
Round trip time was  1.515 milliseconds in repetition 415
Round trip time was  0.829 milliseconds in repetition 416
Round trip time was  0.984 milliseconds in repetition 417
Round trip time was  1.755 milliseconds in repetition 418
Round trip time was  1.532 milliseconds in repetition 419
Round trip time was  2.064 milliseconds in repetition 420
Round trip time was  0.884 milliseconds in repetition 421
Round trip time was  1.033 milliseconds in repetition 422
Round trip time was  1.577 milliseconds in repetition 423
Round trip time was  0.980 milliseconds in repetition 424
Round trip time was  2.424 milliseconds in repetition 425
Round trip time was  0.865 milliseconds in repetition 426
Round trip time was  0.960 milliseconds in repetition 427
Round trip time was  1.606 milliseconds in repetition 428
Round trip time was  0.793 milliseconds in repetition 429
Round trip time was  1.054 milliseconds in repetition 430
Round trip time was  0.844 milliseconds in repetition 431
Round trip time was  1.912 milliseconds in repetition 432
Round trip time was  1.271 milliseconds in repetition 433
Round trip time was  2.703 milliseconds in repetition 434
Round trip time was  1.307 milliseconds in repetition 435
Round trip time was  1.830 milliseconds in repetition 436
Round trip time was  2.269 milliseconds in repetition 437
Round trip time was  1.622 milliseconds in repetition 438
Round trip time was  1.800 milliseconds in repetition 439
Round trip time was  0.742 milliseconds in repetition 440
Round trip time was  1.375 milliseconds in repetition 441
Round trip time was  2.273 milliseconds in repetition 442
Round trip time was  2.464 milliseconds in repetition 443
Round trip time was  0.973 milliseconds in repetition 444
Round trip time was  1.654 milliseconds in repetition 445
Round trip time was  1.000 milliseconds in repetition 446
Round trip time was  2.580 milliseconds in repetition 447
Round trip time was  0.827 milliseconds in repetition 448
Round trip time was  1.813 milliseconds in repetition 449
Round trip time was  1.902 milliseconds in repetition 450
Round trip time was  1.164 milliseconds in repetition 451
Round trip time was  0.778 milliseconds in repetition 452
Round trip time was  1.719 milliseconds in repetition 453
Round trip time was  0.772 milliseconds in repetition 454
Round trip time was  1.072 milliseconds in repetition 455
Round trip time was  1.674 milliseconds in repetition 456
Round trip time was  0.881 milliseconds in repetition 457
Round trip time was  1.482 milliseconds in repetition 458
Round trip time was  4.504 milliseconds in repetition 459
Round trip time was  3.917 milliseconds in repetition 460
Round trip time was  0.839 milliseconds in repetition 461
Round trip time was  1.372 milliseconds in repetition 462
Round trip time was  1.660 milliseconds in repetition 463
Round trip time was  0.774 milliseconds in repetition 464
Round trip time was  1.398 milliseconds in repetition 465
Round trip time was  1.907 milliseconds in repetition 466
Round trip time was  0.837 milliseconds in repetition 467
Round trip time was  1.156 milliseconds in repetition 468
Round trip time was  1.978 milliseconds in repetition 469
Round trip time was  0.876 milliseconds in repetition 470
Round trip time was  1.071 milliseconds in repetition 471
Round trip time was  2.467 milliseconds in repetition 472
Round trip time was  1.226 milliseconds in repetition 473
Round trip time was  2.133 milliseconds in repetition 474
Round trip time was  0.767 milliseconds in repetition 475
Round trip time was  1.088 milliseconds in repetition 476
Round trip time was  2.066 milliseconds in repetition 477
Round trip time was  1.493 milliseconds in repetition 478
Round trip time was  2.341 milliseconds in repetition 479
Round trip time was  0.927 milliseconds in repetition 480
Round trip time was  1.113 milliseconds in repetition 481
Round trip time was  2.202 milliseconds in repetition 482
Round trip time was  0.877 milliseconds in repetition 483
Round trip time was  1.029 milliseconds in repetition 484
Round trip time was  1.938 milliseconds in repetition 485
Round trip time was  1.258 milliseconds in repetition 486
Round trip time was  2.162 milliseconds in repetition 487
Round trip time was  0.759 milliseconds in repetition 488
Round trip time was  1.155 milliseconds in repetition 489
Round trip time was  2.226 milliseconds in repetition 490
Round trip time was  1.309 milliseconds in repetition 491
Round trip time was  1.378 milliseconds in repetition 492
Round trip time was  1.934 milliseconds in repetition 493
Round trip time was  1.102 milliseconds in repetition 494
Round trip time was  2.580 milliseconds in repetition 495
Round trip time was  0.858 milliseconds in repetition 496
Round trip time was  0.948 milliseconds in repetition 497
Round trip time was  1.730 milliseconds in repetition 498
Round trip time was  0.997 milliseconds in repetition 499
Round trip time was  1.125 milliseconds in repetition 500
Round trip time was  2.053 milliseconds in repetition 501

 ... clock resolution was 1e-06
UDP Ping:  Statistics over 501 repetitions of 6144 byte messages

RTT : percentile 10: 0.792982, median: 1.30746, percentile 90: 2.35061, average: 1.59811, variance: 7.18472

RTT histogram:
0.647644 422
3.57704 76
6.50644 2
9.43583 0
12.3652 0
15.2946 0
18.224 0
21.1534 0
24.0828 0
27.0122 0
29.9416 0
32.871 0
35.8004 0
38.7298 0
41.6592 0
44.5886 0
47.518 0
50.4474 0
53.3768 0
56.3062 0
59.2356 1

   median Throughput : 9398.37 KB/s   overall Throughput : 7689.09 KB/s

