UDP Ping trying to connect to server 130.251.61.30 (130.251.61.30) on TCP port 1491
 ... connected to Pong server: asking for 501 repetitions of 8192 _bytes UDP messages
 ... Pong server agreed to ping-pong using port 51708 :-)
Round trip time was 72.080 milliseconds in repetition 1
Round trip time was  2.567 milliseconds in repetition 2
Round trip time was  2.520 milliseconds in repetition 3
Round trip time was  2.788 milliseconds in repetition 4
Round trip time was  2.642 milliseconds in repetition 5
Round trip time was  2.446 milliseconds in repetition 6
Round trip time was  2.753 milliseconds in repetition 7
Round trip time was  2.889 milliseconds in repetition 8
Round trip time was  4.060 milliseconds in repetition 9
Round trip time was  4.018 milliseconds in repetition 10
Round trip time was  3.459 milliseconds in repetition 11
Round trip time was  1.771 milliseconds in repetition 12
Round trip time was  2.467 milliseconds in repetition 13
Round trip time was  2.216 milliseconds in repetition 14
Round trip time was  2.668 milliseconds in repetition 15
Round trip time was  3.577 milliseconds in repetition 16
Round trip time was  1.840 milliseconds in repetition 17
Round trip time was  2.870 milliseconds in repetition 18
Round trip time was  1.839 milliseconds in repetition 19
Round trip time was  1.477 milliseconds in repetition 20
Round trip time was  1.147 milliseconds in repetition 21
Round trip time was  0.861 milliseconds in repetition 22
Round trip time was  0.877 milliseconds in repetition 23
Round trip time was  0.883 milliseconds in repetition 24
Round trip time was  1.557 milliseconds in repetition 25
Round trip time was  1.655 milliseconds in repetition 26
Round trip time was  0.869 milliseconds in repetition 27
Round trip time was  1.149 milliseconds in repetition 28
Round trip time was  0.920 milliseconds in repetition 29
Round trip time was  1.045 milliseconds in repetition 30
Round trip time was  0.882 milliseconds in repetition 31
Round trip time was  0.912 milliseconds in repetition 32
Round trip time was  0.860 milliseconds in repetition 33
Round trip time was  1.138 milliseconds in repetition 34
Round trip time was  1.255 milliseconds in repetition 35
Round trip time was  0.979 milliseconds in repetition 36
Round trip time was  0.895 milliseconds in repetition 37
Round trip time was  1.118 milliseconds in repetition 38
Round trip time was  1.573 milliseconds in repetition 39
Round trip time was  1.282 milliseconds in repetition 40
Round trip time was  2.228 milliseconds in repetition 41
Round trip time was  1.584 milliseconds in repetition 42
Round trip time was  1.910 milliseconds in repetition 43
Round trip time was  0.874 milliseconds in repetition 44
Round trip time was  1.109 milliseconds in repetition 45
Round trip time was  0.869 milliseconds in repetition 46
Round trip time was  1.991 milliseconds in repetition 47
Round trip time was  1.078 milliseconds in repetition 48
Round trip time was  1.123 milliseconds in repetition 49
Round trip time was  1.079 milliseconds in repetition 50
Round trip time was  2.713 milliseconds in repetition 51
Round trip time was  1.122 milliseconds in repetition 52
Round trip time was  1.090 milliseconds in repetition 53
Round trip time was  0.941 milliseconds in repetition 54
Round trip time was  2.550 milliseconds in repetition 55
Round trip time was  0.773 milliseconds in repetition 56
Round trip time was  0.981 milliseconds in repetition 57
Round trip time was  1.081 milliseconds in repetition 58
Round trip time was  0.931 milliseconds in repetition 59
Round trip time was  2.017 milliseconds in repetition 60
Round trip time was  0.896 milliseconds in repetition 61
Round trip time was  1.012 milliseconds in repetition 62
Round trip time was  2.888 milliseconds in repetition 63
Round trip time was  0.900 milliseconds in repetition 64
Round trip time was  1.088 milliseconds in repetition 65
Round trip time was  3.166 milliseconds in repetition 66
Round trip time was  0.821 milliseconds in repetition 67
Round trip time was  1.037 milliseconds in repetition 68
Round trip time was  1.222 milliseconds in repetition 69
Round trip time was  2.328 milliseconds in repetition 70
Round trip time was  0.937 milliseconds in repetition 71
Round trip time was  1.065 milliseconds in repetition 72
Round trip time was  3.462 milliseconds in repetition 73
Round trip time was  0.895 milliseconds in repetition 74
Round trip time was  1.177 milliseconds in repetition 75
Round trip time was  2.631 milliseconds in repetition 76
Round trip time was  1.821 milliseconds in repetition 77
Round trip time was  1.331 milliseconds in repetition 78
Round trip time was  2.519 milliseconds in repetition 79
Round trip time was  1.357 milliseconds in repetition 80
Round trip time was  1.082 milliseconds in repetition 81
Round trip time was  2.401 milliseconds in repetition 82
Round trip time was  0.879 milliseconds in repetition 83
Round trip time was  1.143 milliseconds in repetition 84
Round trip time was  2.055 milliseconds in repetition 85
Round trip time was  1.058 milliseconds in repetition 86
Round trip time was  0.922 milliseconds in repetition 87
Round trip time was  1.020 milliseconds in repetition 88
Round trip time was  2.308 milliseconds in repetition 89
Round trip time was  0.893 milliseconds in repetition 90
Round trip time was  1.174 milliseconds in repetition 91
Round trip time was  3.423 milliseconds in repetition 92
Round trip time was  1.167 milliseconds in repetition 93
Round trip time was  1.961 milliseconds in repetition 94
Round trip time was  2.310 milliseconds in repetition 95
Round trip time was  0.907 milliseconds in repetition 96
Round trip time was  0.980 milliseconds in repetition 97
Round trip time was  1.356 milliseconds in repetition 98
Round trip time was  1.941 milliseconds in repetition 99
Round trip time was  0.930 milliseconds in repetition 100
Round trip time was  1.346 milliseconds in repetition 101
Round trip time was  3.204 milliseconds in repetition 102
Round trip time was  2.145 milliseconds in repetition 103
Round trip time was  1.647 milliseconds in repetition 104
Round trip time was  2.090 milliseconds in repetition 105
Round trip time was  1.040 milliseconds in repetition 106
Round trip time was  1.422 milliseconds in repetition 107
Round trip time was  2.553 milliseconds in repetition 108
Round trip time was  0.883 milliseconds in repetition 109
Round trip time was  1.270 milliseconds in repetition 110
Round trip time was  2.010 milliseconds in repetition 111
Round trip time was  0.928 milliseconds in repetition 112
Round trip time was  1.664 milliseconds in repetition 113
Round trip time was  0.878 milliseconds in repetition 114
Round trip time was  2.103 milliseconds in repetition 115
Round trip time was  0.830 milliseconds in repetition 116
Round trip time was  1.219 milliseconds in repetition 117
Round trip time was  2.874 milliseconds in repetition 118
Round trip time was  0.950 milliseconds in repetition 119
Round trip time was  1.137 milliseconds in repetition 120
Round trip time was  2.658 milliseconds in repetition 121
Round trip time was  0.934 milliseconds in repetition 122
Round trip time was  2.490 milliseconds in repetition 123
Round trip time was  2.983 milliseconds in repetition 124
Round trip time was  1.013 milliseconds in repetition 125
Round trip time was  1.498 milliseconds in repetition 126
Round trip time was  2.178 milliseconds in repetition 127
Round trip time was  1.162 milliseconds in repetition 128
Round trip time was  0.934 milliseconds in repetition 129
Round trip time was  1.097 milliseconds in repetition 130
Round trip time was  1.920 milliseconds in repetition 131
Round trip time was  1.334 milliseconds in repetition 132
Round trip time was  1.313 milliseconds in repetition 133
Round trip time was  1.888 milliseconds in repetition 134
Round trip time was  1.124 milliseconds in repetition 135
Round trip time was  1.212 milliseconds in repetition 136
Round trip time was  2.588 milliseconds in repetition 137
Round trip time was  1.073 milliseconds in repetition 138
Round trip time was  1.229 milliseconds in repetition 139
Round trip time was  0.824 milliseconds in repetition 140
Round trip time was  1.855 milliseconds in repetition 141
Round trip time was  0.944 milliseconds in repetition 142
Round trip time was  1.347 milliseconds in repetition 143
Round trip time was  2.454 milliseconds in repetition 144
Round trip time was  0.978 milliseconds in repetition 145
Round trip time was  1.316 milliseconds in repetition 146
Round trip time was  3.030 milliseconds in repetition 147
Round trip time was  4.652 milliseconds in repetition 148
Round trip time was  3.327 milliseconds in repetition 149
Round trip time was  0.894 milliseconds in repetition 150
Round trip time was  1.333 milliseconds in repetition 151
Round trip time was  0.882 milliseconds in repetition 152
Round trip time was  2.030 milliseconds in repetition 153
Round trip time was  1.023 milliseconds in repetition 154
Round trip time was  1.260 milliseconds in repetition 155
Round trip time was  2.347 milliseconds in repetition 156
Round trip time was  0.930 milliseconds in repetition 157
Round trip time was  1.450 milliseconds in repetition 158
Round trip time was  2.196 milliseconds in repetition 159
Round trip time was  0.872 milliseconds in repetition 160
Round trip time was  1.356 milliseconds in repetition 161
Round trip time was  2.594 milliseconds in repetition 162
Round trip time was  0.977 milliseconds in repetition 163
Round trip time was  1.215 milliseconds in repetition 164
Round trip time was  2.480 milliseconds in repetition 165
Round trip time was  1.137 milliseconds in repetition 166
Round trip time was  2.108 milliseconds in repetition 167
Round trip time was  2.230 milliseconds in repetition 168
Round trip time was  0.950 milliseconds in repetition 169
Round trip time was  1.412 milliseconds in repetition 170
Round trip time was  1.573 milliseconds in repetition 171
Round trip time was  2.379 milliseconds in repetition 172
Round trip time was  1.315 milliseconds in repetition 173
Round trip time was  1.580 milliseconds in repetition 174
Round trip time was  2.329 milliseconds in repetition 175
Round trip time was  0.844 milliseconds in repetition 176
Round trip time was  1.151 milliseconds in repetition 177
Round trip time was  2.165 milliseconds in repetition 178
Round trip time was  1.046 milliseconds in repetition 179
Round trip time was  1.097 milliseconds in repetition 180
Round trip time was  1.122 milliseconds in repetition 181
Round trip time was  2.263 milliseconds in repetition 182
Round trip time was  0.965 milliseconds in repetition 183
Round trip time was  1.200 milliseconds in repetition 184
Round trip time was  2.266 milliseconds in repetition 185
Round trip time was  0.907 milliseconds in repetition 186
Round trip time was  1.098 milliseconds in repetition 187
Round trip time was  2.789 milliseconds in repetition 188
Round trip time was  0.866 milliseconds in repetition 189
Round trip time was  1.482 milliseconds in repetition 190
Round trip time was  3.075 milliseconds in repetition 191
Round trip time was  1.035 milliseconds in repetition 192
Round trip time was  1.831 milliseconds in repetition 193
Round trip time was  2.251 milliseconds in repetition 194
Round trip time was  1.458 milliseconds in repetition 195
Round trip time was  2.104 milliseconds in repetition 196
Round trip time was  2.114 milliseconds in repetition 197
Round trip time was  0.934 milliseconds in repetition 198
Round trip time was  1.138 milliseconds in repetition 199
Round trip time was  2.467 milliseconds in repetition 200
Round trip time was  0.909 milliseconds in repetition 201
Round trip time was  0.976 milliseconds in repetition 202
Round trip time was  1.200 milliseconds in repetition 203
Round trip time was  2.317 milliseconds in repetition 204
Round trip time was  1.094 milliseconds in repetition 205
Round trip time was  1.237 milliseconds in repetition 206
Round trip time was  2.020 milliseconds in repetition 207
Round trip time was  0.991 milliseconds in repetition 208
Round trip time was  1.193 milliseconds in repetition 209
Round trip time was  2.691 milliseconds in repetition 210
Round trip time was  0.938 milliseconds in repetition 211
Round trip time was  1.113 milliseconds in repetition 212
Round trip time was  1.027 milliseconds in repetition 213
Round trip time was  1.948 milliseconds in repetition 214
Round trip time was  1.130 milliseconds in repetition 215
Round trip time was  1.319 milliseconds in repetition 216
Round trip time was  2.170 milliseconds in repetition 217
Round trip time was  0.876 milliseconds in repetition 218
Round trip time was  1.169 milliseconds in repetition 219
Round trip time was  2.267 milliseconds in repetition 220
Round trip time was  0.891 milliseconds in repetition 221
Round trip time was  1.229 milliseconds in repetition 222
Round trip time was  2.271 milliseconds in repetition 223
Round trip time was  0.911 milliseconds in repetition 224
Round trip time was  1.217 milliseconds in repetition 225
Round trip time was  2.897 milliseconds in repetition 226
Round trip time was  0.973 milliseconds in repetition 227
Round trip time was  2.356 milliseconds in repetition 228
Round trip time was  2.983 milliseconds in repetition 229
Round trip time was  1.102 milliseconds in repetition 230
Round trip time was  1.777 milliseconds in repetition 231
Round trip time was  2.049 milliseconds in repetition 232
Round trip time was  1.363 milliseconds in repetition 233
Round trip time was  1.604 milliseconds in repetition 234
Round trip time was  2.406 milliseconds in repetition 235
Round trip time was  1.011 milliseconds in repetition 236
Round trip time was  1.164 milliseconds in repetition 237
Round trip time was  2.170 milliseconds in repetition 238
Round trip time was  0.864 milliseconds in repetition 239
Round trip time was  1.094 milliseconds in repetition 240
Round trip time was  2.795 milliseconds in repetition 241
Round trip time was  0.837 milliseconds in repetition 242
Round trip time was  1.166 milliseconds in repetition 243
Round trip time was  2.342 milliseconds in repetition 244
Round trip time was  1.039 milliseconds in repetition 245
Round trip time was  1.373 milliseconds in repetition 246
Round trip time was  2.086 milliseconds in repetition 247
Round trip time was  1.196 milliseconds in repetition 248
Round trip time was  1.543 milliseconds in repetition 249
Round trip time was  2.191 milliseconds in repetition 250
Round trip time was  1.001 milliseconds in repetition 251
Round trip time was  1.154 milliseconds in repetition 252
Round trip time was  2.238 milliseconds in repetition 253
Round trip time was  1.107 milliseconds in repetition 254
Round trip time was  2.089 milliseconds in repetition 255
Round trip time was  2.404 milliseconds in repetition 256
Round trip time was  1.281 milliseconds in repetition 257
Round trip time was  1.223 milliseconds in repetition 258
Round trip time was  2.951 milliseconds in repetition 259
Round trip time was  1.206 milliseconds in repetition 260
Round trip time was  1.516 milliseconds in repetition 261
Round trip time was  2.165 milliseconds in repetition 262
Round trip time was  0.909 milliseconds in repetition 263
Round trip time was  1.176 milliseconds in repetition 264
Round trip time was  2.433 milliseconds in repetition 265
Round trip time was  1.091 milliseconds in repetition 266
Round trip time was  1.216 milliseconds in repetition 267
Round trip time was  2.602 milliseconds in repetition 268
Round trip time was  0.889 milliseconds in repetition 269
Round trip time was  1.035 milliseconds in repetition 270
Round trip time was  1.128 milliseconds in repetition 271
Round trip time was  2.338 milliseconds in repetition 272
Round trip time was  0.949 milliseconds in repetition 273
Round trip time was  1.152 milliseconds in repetition 274
Round trip time was  2.160 milliseconds in repetition 275
Round trip time was  0.928 milliseconds in repetition 276
Round trip time was  1.032 milliseconds in repetition 277
Round trip time was  1.345 milliseconds in repetition 278
Round trip time was  2.321 milliseconds in repetition 279
Round trip time was  0.994 milliseconds in repetition 280
Round trip time was  1.420 milliseconds in repetition 281
Round trip time was  2.356 milliseconds in repetition 282
Round trip time was  0.840 milliseconds in repetition 283
Round trip time was  1.516 milliseconds in repetition 284
Round trip time was  2.060 milliseconds in repetition 285
Round trip time was  1.005 milliseconds in repetition 286
Round trip time was  1.067 milliseconds in repetition 287
Round trip time was  1.233 milliseconds in repetition 288
Round trip time was  2.692 milliseconds in repetition 289
Round trip time was  1.602 milliseconds in repetition 290
Round trip time was  1.209 milliseconds in repetition 291
Round trip time was  2.421 milliseconds in repetition 292
Round trip time was  0.873 milliseconds in repetition 293
Round trip time was  0.956 milliseconds in repetition 294
Round trip time was  1.820 milliseconds in repetition 295
Round trip time was  2.415 milliseconds in repetition 296
Round trip time was  0.890 milliseconds in repetition 297
Round trip time was  1.237 milliseconds in repetition 298
Round trip time was  1.037 milliseconds in repetition 299
Round trip time was  2.359 milliseconds in repetition 300
Round trip time was  1.100 milliseconds in repetition 301
Round trip time was  1.417 milliseconds in repetition 302
Round trip time was  2.049 milliseconds in repetition 303
Round trip time was  2.149 milliseconds in repetition 304
Round trip time was  1.141 milliseconds in repetition 305
Round trip time was  2.612 milliseconds in repetition 306
Round trip time was  1.117 milliseconds in repetition 307
Round trip time was  1.332 milliseconds in repetition 308
Round trip time was  1.961 milliseconds in repetition 309
Round trip time was  0.912 milliseconds in repetition 310
Round trip time was  1.255 milliseconds in repetition 311
Round trip time was  2.529 milliseconds in repetition 312
Round trip time was  0.903 milliseconds in repetition 313
Round trip time was  1.212 milliseconds in repetition 314
Round trip time was  2.603 milliseconds in repetition 315
Round trip time was  0.832 milliseconds in repetition 316
Round trip time was  1.469 milliseconds in repetition 317
Round trip time was  2.376 milliseconds in repetition 318
Round trip time was  1.037 milliseconds in repetition 319
Round trip time was  1.403 milliseconds in repetition 320
Round trip time was  0.892 milliseconds in repetition 321
Round trip time was  2.228 milliseconds in repetition 322
Round trip time was  0.889 milliseconds in repetition 323
Round trip time was  1.270 milliseconds in repetition 324
Round trip time was  3.332 milliseconds in repetition 325
Round trip time was  1.022 milliseconds in repetition 326
Round trip time was  1.166 milliseconds in repetition 327
Round trip time was  2.308 milliseconds in repetition 328
Round trip time was  1.078 milliseconds in repetition 329
Round trip time was  1.634 milliseconds in repetition 330
Round trip time was  2.505 milliseconds in repetition 331
Round trip time was  0.988 milliseconds in repetition 332
Round trip time was  1.245 milliseconds in repetition 333
Round trip time was  2.721 milliseconds in repetition 334
Round trip time was  0.984 milliseconds in repetition 335
Round trip time was  1.355 milliseconds in repetition 336
Round trip time was  0.950 milliseconds in repetition 337
Round trip time was  3.125 milliseconds in repetition 338
Round trip time was  1.095 milliseconds in repetition 339
Round trip time was  1.577 milliseconds in repetition 340
Round trip time was  2.092 milliseconds in repetition 341
Round trip time was  0.957 milliseconds in repetition 342
Round trip time was  1.439 milliseconds in repetition 343
Round trip time was  1.967 milliseconds in repetition 344
Round trip time was  0.975 milliseconds in repetition 345
Round trip time was  1.254 milliseconds in repetition 346
Round trip time was  1.246 milliseconds in repetition 347
Round trip time was  2.068 milliseconds in repetition 348
Round trip time was  1.194 milliseconds in repetition 349
Round trip time was  2.503 milliseconds in repetition 350
Round trip time was  1.830 milliseconds in repetition 351
Round trip time was  0.906 milliseconds in repetition 352
Round trip time was  1.131 milliseconds in repetition 353
Round trip time was  2.512 milliseconds in repetition 354
Round trip time was  0.841 milliseconds in repetition 355
Round trip time was  1.125 milliseconds in repetition 356
Round trip time was  1.977 milliseconds in repetition 357
Round trip time was  1.116 milliseconds in repetition 358
Round trip time was  1.007 milliseconds in repetition 359
Round trip time was  1.774 milliseconds in repetition 360
Round trip time was  1.962 milliseconds in repetition 361
Round trip time was  1.002 milliseconds in repetition 362
Round trip time was  1.960 milliseconds in repetition 363
Round trip time was  1.989 milliseconds in repetition 364
Round trip time was  0.889 milliseconds in repetition 365
Round trip time was  1.338 milliseconds in repetition 366
Round trip time was  2.334 milliseconds in repetition 367
Round trip time was  1.025 milliseconds in repetition 368
Round trip time was  1.277 milliseconds in repetition 369
Round trip time was  2.635 milliseconds in repetition 370
Round trip time was  0.835 milliseconds in repetition 371
Round trip time was  1.276 milliseconds in repetition 372
Round trip time was  2.444 milliseconds in repetition 373
Round trip time was  1.014 milliseconds in repetition 374
Round trip time was  1.435 milliseconds in repetition 375
Round trip time was  2.204 milliseconds in repetition 376
Round trip time was  1.133 milliseconds in repetition 377
Round trip time was  1.957 milliseconds in repetition 378
Round trip time was  2.435 milliseconds in repetition 379
Round trip time was  0.834 milliseconds in repetition 380
Round trip time was  1.289 milliseconds in repetition 381
Round trip time was  2.416 milliseconds in repetition 382
Round trip time was  3.886 milliseconds in repetition 383
Round trip time was  5.028 milliseconds in repetition 384
Round trip time was  3.431 milliseconds in repetition 385
Round trip time was  2.134 milliseconds in repetition 386
Round trip time was  0.988 milliseconds in repetition 387
Round trip time was  2.427 milliseconds in repetition 388
Round trip time was  0.966 milliseconds in repetition 389
Round trip time was  1.004 milliseconds in repetition 390
Round trip time was  1.140 milliseconds in repetition 391
Round trip time was  2.770 milliseconds in repetition 392
Round trip time was  0.934 milliseconds in repetition 393
Round trip time was  1.331 milliseconds in repetition 394
Round trip time was  1.227 milliseconds in repetition 395
Round trip time was  2.247 milliseconds in repetition 396
Round trip time was  1.000 milliseconds in repetition 397
Round trip time was  1.379 milliseconds in repetition 398
Round trip time was  2.609 milliseconds in repetition 399
Round trip time was  1.321 milliseconds in repetition 400
Round trip time was  1.207 milliseconds in repetition 401
Round trip time was  2.129 milliseconds in repetition 402
Round trip time was  0.962 milliseconds in repetition 403
Round trip time was  1.175 milliseconds in repetition 404
Round trip time was  2.389 milliseconds in repetition 405
Round trip time was  0.770 milliseconds in repetition 406
Round trip time was  1.211 milliseconds in repetition 407
Round trip time was  3.032 milliseconds in repetition 408
Round trip time was  1.221 milliseconds in repetition 409
Round trip time was  1.806 milliseconds in repetition 410
Round trip time was  1.906 milliseconds in repetition 411
Round trip time was  0.884 milliseconds in repetition 412
Round trip time was  1.136 milliseconds in repetition 413
Round trip time was  2.492 milliseconds in repetition 414
Round trip time was  0.920 milliseconds in repetition 415
Round trip time was  1.255 milliseconds in repetition 416
Round trip time was  2.253 milliseconds in repetition 417
Round trip time was  2.173 milliseconds in repetition 418
Round trip time was  1.060 milliseconds in repetition 419
Round trip time was  2.115 milliseconds in repetition 420
Round trip time was  1.262 milliseconds in repetition 421
Round trip time was  1.824 milliseconds in repetition 422
Round trip time was  2.273 milliseconds in repetition 423
Round trip time was  1.060 milliseconds in repetition 424
Round trip time was  1.257 milliseconds in repetition 425
Round trip time was  1.902 milliseconds in repetition 426
Round trip time was  0.878 milliseconds in repetition 427
Round trip time was  1.433 milliseconds in repetition 428
Round trip time was  2.391 milliseconds in repetition 429
Round trip time was  0.882 milliseconds in repetition 430
Round trip time was  1.379 milliseconds in repetition 431
Round trip time was  0.874 milliseconds in repetition 432
Round trip time was  2.264 milliseconds in repetition 433
Round trip time was  0.952 milliseconds in repetition 434
Round trip time was  1.386 milliseconds in repetition 435
Round trip time was  1.634 milliseconds in repetition 436
Round trip time was  1.833 milliseconds in repetition 437
Round trip time was  0.878 milliseconds in repetition 438
Round trip time was  1.107 milliseconds in repetition 439
Round trip time was  2.655 milliseconds in repetition 440
Round trip time was  1.075 milliseconds in repetition 441
Round trip time was  1.244 milliseconds in repetition 442
Round trip time was  2.624 milliseconds in repetition 443
Round trip time was  1.055 milliseconds in repetition 444
Round trip time was  1.215 milliseconds in repetition 445
Round trip time was  2.392 milliseconds in repetition 446
Round trip time was  0.785 milliseconds in repetition 447
Round trip time was  1.142 milliseconds in repetition 448
Round trip time was  2.724 milliseconds in repetition 449
Round trip time was  0.848 milliseconds in repetition 450
Round trip time was  0.945 milliseconds in repetition 451
Round trip time was  1.478 milliseconds in repetition 452
Round trip time was  1.877 milliseconds in repetition 453
Round trip time was  0.872 milliseconds in repetition 454
Round trip time was  1.167 milliseconds in repetition 455
Round trip time was  1.238 milliseconds in repetition 456
Round trip time was  1.781 milliseconds in repetition 457
Round trip time was  1.053 milliseconds in repetition 458
Round trip time was  1.182 milliseconds in repetition 459
Round trip time was  2.453 milliseconds in repetition 460
Round trip time was  0.869 milliseconds in repetition 461
Round trip time was  1.209 milliseconds in repetition 462
Round trip time was  2.485 milliseconds in repetition 463
Round trip time was  0.743 milliseconds in repetition 464
Round trip time was  1.184 milliseconds in repetition 465
Round trip time was  2.489 milliseconds in repetition 466
Round trip time was  0.915 milliseconds in repetition 467
Round trip time was  1.464 milliseconds in repetition 468
Round trip time was  2.505 milliseconds in repetition 469
Round trip time was  0.882 milliseconds in repetition 470
Round trip time was  1.395 milliseconds in repetition 471
Round trip time was  3.534 milliseconds in repetition 472
Round trip time was  0.865 milliseconds in repetition 473
Round trip time was  1.350 milliseconds in repetition 474
Round trip time was  1.925 milliseconds in repetition 475
Round trip time was  2.201 milliseconds in repetition 476
Round trip time was  0.993 milliseconds in repetition 477
Round trip time was  1.340 milliseconds in repetition 478
Round trip time was  2.376 milliseconds in repetition 479
Round trip time was  1.177 milliseconds in repetition 480
Round trip time was  1.396 milliseconds in repetition 481
Round trip time was  1.933 milliseconds in repetition 482
Round trip time was  0.858 milliseconds in repetition 483
Round trip time was  1.008 milliseconds in repetition 484
Round trip time was  3.048 milliseconds in repetition 485
Round trip time was  1.025 milliseconds in repetition 486
Round trip time was  1.493 milliseconds in repetition 487
Round trip time was  2.292 milliseconds in repetition 488
Round trip time was  0.835 milliseconds in repetition 489
Round trip time was  1.113 milliseconds in repetition 490
Round trip time was  0.952 milliseconds in repetition 491
Round trip time was  2.380 milliseconds in repetition 492
Round trip time was  1.027 milliseconds in repetition 493
Round trip time was  1.698 milliseconds in repetition 494
Round trip time was  2.635 milliseconds in repetition 495
Round trip time was  0.889 milliseconds in repetition 496
Round trip time was  1.088 milliseconds in repetition 497
Round trip time was  1.289 milliseconds in repetition 498
Round trip time was  2.326 milliseconds in repetition 499
Round trip time was  1.185 milliseconds in repetition 500
Round trip time was  1.165 milliseconds in repetition 501

 ... clock resolution was 1e-06
UDP Ping:  Statistics over 501 repetitions of 8192 byte messages

RTT : percentile 10: 0.893153, median: 1.28107, percentile 90: 2.6021, average: 1.74452, variance: 10.4407

RTT histogram:
0.74266 444
4.30954 56
7.87643 0
11.4433 0
15.0102 0
18.5771 0
22.144 0
25.7109 0
29.2777 0
32.8446 0
36.4115 0
39.9784 0
43.5453 0
47.1122 0
50.6791 0
54.2459 0
57.8128 0
61.3797 0
64.9466 0
68.5135 0
72.0804 1

   median Throughput : 12789.3 KB/s   overall Throughput : 9391.69 KB/s

