UDP Ping trying to connect to server 130.251.61.30 (130.251.61.30) on TCP port 1491
 ... connected to Pong server: asking for 501 repetitions of 24576 _bytes UDP messages
 ... Pong server agreed to ping-pong using port 51708 :-)
Round trip time was 216.971 milliseconds in repetition 1
Round trip time was  6.415 milliseconds in repetition 2
Round trip time was  4.772 milliseconds in repetition 3
Round trip time was  4.584 milliseconds in repetition 4
Round trip time was  5.500 milliseconds in repetition 5
Round trip time was  6.347 milliseconds in repetition 6
Round trip time was  6.739 milliseconds in repetition 7
Round trip time was  4.026 milliseconds in repetition 8
Round trip time was  5.438 milliseconds in repetition 9
Round trip time was  4.838 milliseconds in repetition 10
Round trip time was  7.058 milliseconds in repetition 11
Round trip time was  4.446 milliseconds in repetition 12
Round trip time was  4.736 milliseconds in repetition 13
Round trip time was  5.008 milliseconds in repetition 14
Round trip time was  4.815 milliseconds in repetition 15
Round trip time was  5.629 milliseconds in repetition 16
Round trip time was  5.805 milliseconds in repetition 17
Round trip time was  5.995 milliseconds in repetition 18
Round trip time was  3.790 milliseconds in repetition 19
Round trip time was  4.315 milliseconds in repetition 20
Round trip time was  5.233 milliseconds in repetition 21
Round trip time was  2.206 milliseconds in repetition 22
Round trip time was  4.055 milliseconds in repetition 23
Round trip time was  2.267 milliseconds in repetition 24
Round trip time was  3.973 milliseconds in repetition 25
Round trip time was  2.067 milliseconds in repetition 26
Round trip time was  4.175 milliseconds in repetition 27
Round trip time was  2.334 milliseconds in repetition 28
Round trip time was  4.249 milliseconds in repetition 29
Round trip time was  2.194 milliseconds in repetition 30
Round trip time was  4.042 milliseconds in repetition 31
Round trip time was  2.988 milliseconds in repetition 32
Round trip time was  3.603 milliseconds in repetition 33
Round trip time was  2.287 milliseconds in repetition 34
Round trip time was  4.084 milliseconds in repetition 35
Round trip time was  2.063 milliseconds in repetition 36
Round trip time was  4.288 milliseconds in repetition 37
Round trip time was  2.262 milliseconds in repetition 38
Round trip time was  1.936 milliseconds in repetition 39
Round trip time was  3.519 milliseconds in repetition 40
Round trip time was  2.479 milliseconds in repetition 41
Round trip time was  3.560 milliseconds in repetition 42
Round trip time was  2.188 milliseconds in repetition 43
Round trip time was  3.119 milliseconds in repetition 44
Round trip time was  2.394 milliseconds in repetition 45
Round trip time was  2.708 milliseconds in repetition 46
Round trip time was  3.462 milliseconds in repetition 47
Round trip time was  2.188 milliseconds in repetition 48
Round trip time was  3.859 milliseconds in repetition 49
Round trip time was  2.477 milliseconds in repetition 50
Round trip time was  4.067 milliseconds in repetition 51
Round trip time was  2.360 milliseconds in repetition 52
Round trip time was  2.284 milliseconds in repetition 53
Round trip time was  3.769 milliseconds in repetition 54
Round trip time was  2.449 milliseconds in repetition 55
Round trip time was  3.564 milliseconds in repetition 56
Round trip time was  2.039 milliseconds in repetition 57
Round trip time was  3.583 milliseconds in repetition 58
Round trip time was  1.909 milliseconds in repetition 59
Round trip time was  3.201 milliseconds in repetition 60
Round trip time was  3.174 milliseconds in repetition 61
Round trip time was  2.738 milliseconds in repetition 62
Round trip time was  4.511 milliseconds in repetition 63
Round trip time was  2.177 milliseconds in repetition 64
Round trip time was  4.486 milliseconds in repetition 65
Round trip time was  3.439 milliseconds in repetition 66
Round trip time was  4.041 milliseconds in repetition 67
Round trip time was  2.220 milliseconds in repetition 68
Round trip time was  2.643 milliseconds in repetition 69
Round trip time was  3.914 milliseconds in repetition 70
Round trip time was  2.270 milliseconds in repetition 71
Round trip time was  3.696 milliseconds in repetition 72
Round trip time was  2.181 milliseconds in repetition 73
Round trip time was  3.734 milliseconds in repetition 74
Round trip time was  1.978 milliseconds in repetition 75
Round trip time was  2.476 milliseconds in repetition 76
Round trip time was  2.898 milliseconds in repetition 77
Round trip time was  2.139 milliseconds in repetition 78
Round trip time was  3.884 milliseconds in repetition 79
Round trip time was  2.023 milliseconds in repetition 80
Round trip time was  4.106 milliseconds in repetition 81
Round trip time was  2.386 milliseconds in repetition 82
Round trip time was  4.045 milliseconds in repetition 83
Round trip time was  1.856 milliseconds in repetition 84
Round trip time was  2.573 milliseconds in repetition 85
Round trip time was  3.283 milliseconds in repetition 86
Round trip time was  2.149 milliseconds in repetition 87
Round trip time was  4.305 milliseconds in repetition 88
Round trip time was  2.215 milliseconds in repetition 89
Round trip time was  3.740 milliseconds in repetition 90
Round trip time was  1.895 milliseconds in repetition 91
Round trip time was  2.564 milliseconds in repetition 92
Round trip time was  3.087 milliseconds in repetition 93
Round trip time was  2.108 milliseconds in repetition 94
Round trip time was  2.527 milliseconds in repetition 95
Round trip time was  3.232 milliseconds in repetition 96
Round trip time was  2.329 milliseconds in repetition 97
Round trip time was  3.588 milliseconds in repetition 98
Round trip time was  2.125 milliseconds in repetition 99
Round trip time was  4.442 milliseconds in repetition 100
Round trip time was  2.601 milliseconds in repetition 101
Round trip time was  4.444 milliseconds in repetition 102
Round trip time was  3.009 milliseconds in repetition 103
Round trip time was  4.469 milliseconds in repetition 104
Round trip time was  2.372 milliseconds in repetition 105
Round trip time was  3.714 milliseconds in repetition 106
Round trip time was  2.121 milliseconds in repetition 107
Round trip time was  3.853 milliseconds in repetition 108
Round trip time was  2.307 milliseconds in repetition 109
Round trip time was  2.423 milliseconds in repetition 110
Round trip time was  3.127 milliseconds in repetition 111
Round trip time was  2.672 milliseconds in repetition 112
Round trip time was  3.431 milliseconds in repetition 113
Round trip time was  1.982 milliseconds in repetition 114
Round trip time was  3.731 milliseconds in repetition 115
Round trip time was  1.836 milliseconds in repetition 116
Round trip time was  2.400 milliseconds in repetition 117
Round trip time was  2.939 milliseconds in repetition 118
Round trip time was  2.090 milliseconds in repetition 119
Round trip time was  4.461 milliseconds in repetition 120
Round trip time was  2.102 milliseconds in repetition 121
Round trip time was  4.131 milliseconds in repetition 122
Round trip time was  2.089 milliseconds in repetition 123
Round trip time was  2.106 milliseconds in repetition 124
Round trip time was  3.649 milliseconds in repetition 125
Round trip time was  2.174 milliseconds in repetition 126
Round trip time was  4.072 milliseconds in repetition 127
Round trip time was  1.804 milliseconds in repetition 128
Round trip time was  2.547 milliseconds in repetition 129
Round trip time was  3.718 milliseconds in repetition 130
Round trip time was  2.388 milliseconds in repetition 131
Round trip time was  3.247 milliseconds in repetition 132
Round trip time was  2.115 milliseconds in repetition 133
Round trip time was  3.972 milliseconds in repetition 134
Round trip time was  2.091 milliseconds in repetition 135
Round trip time was  4.355 milliseconds in repetition 136
Round trip time was  3.368 milliseconds in repetition 137
Round trip time was  4.273 milliseconds in repetition 138
Round trip time was  2.274 milliseconds in repetition 139
Round trip time was  4.004 milliseconds in repetition 140
Round trip time was  1.935 milliseconds in repetition 141
Round trip time was  2.614 milliseconds in repetition 142
Round trip time was  3.834 milliseconds in repetition 143
Round trip time was  3.126 milliseconds in repetition 144
Round trip time was  3.467 milliseconds in repetition 145
Round trip time was  2.534 milliseconds in repetition 146
Round trip time was  3.701 milliseconds in repetition 147
Round trip time was  2.388 milliseconds in repetition 148
Round trip time was  4.586 milliseconds in repetition 149
Round trip time was  2.081 milliseconds in repetition 150
Round trip time was  3.926 milliseconds in repetition 151
Round trip time was  2.557 milliseconds in repetition 152
Round trip time was  3.622 milliseconds in repetition 153
Round trip time was  2.172 milliseconds in repetition 154
Round trip time was  5.234 milliseconds in repetition 155
Round trip time was  3.249 milliseconds in repetition 156
Round trip time was  5.041 milliseconds in repetition 157
Round trip time was  2.961 milliseconds in repetition 158
Round trip time was  1.856 milliseconds in repetition 159
Round trip time was  2.900 milliseconds in repetition 160
Round trip time was  2.136 milliseconds in repetition 161
Round trip time was  4.428 milliseconds in repetition 162
Round trip time was  2.127 milliseconds in repetition 163
Round trip time was  4.241 milliseconds in repetition 164
Round trip time was  2.194 milliseconds in repetition 165
Round trip time was  1.870 milliseconds in repetition 166
Round trip time was  3.333 milliseconds in repetition 167
Round trip time was  2.415 milliseconds in repetition 168
Round trip time was  4.312 milliseconds in repetition 169
Round trip time was  2.050 milliseconds in repetition 170
Round trip time was  4.158 milliseconds in repetition 171
Round trip time was  2.086 milliseconds in repetition 172
Round trip time was  4.468 milliseconds in repetition 173
Round trip time was  2.266 milliseconds in repetition 174
Round trip time was  3.907 milliseconds in repetition 175
Round trip time was  2.106 milliseconds in repetition 176
Round trip time was  4.171 milliseconds in repetition 177
Round trip time was  2.085 milliseconds in repetition 178
Round trip time was  4.265 milliseconds in repetition 179
Round trip time was  2.225 milliseconds in repetition 180
Round trip time was  5.241 milliseconds in repetition 181
Round trip time was  2.209 milliseconds in repetition 182
Round trip time was  4.435 milliseconds in repetition 183
Round trip time was  1.834 milliseconds in repetition 184
Round trip time was  2.421 milliseconds in repetition 185
Round trip time was  3.291 milliseconds in repetition 186
Round trip time was  2.322 milliseconds in repetition 187
Round trip time was  4.782 milliseconds in repetition 188
Round trip time was  2.272 milliseconds in repetition 189
Round trip time was  3.510 milliseconds in repetition 190
Round trip time was  1.932 milliseconds in repetition 191
Round trip time was  2.265 milliseconds in repetition 192
Round trip time was  1.830 milliseconds in repetition 193
Round trip time was  3.529 milliseconds in repetition 194
Round trip time was  2.377 milliseconds in repetition 195
Round trip time was  3.570 milliseconds in repetition 196
Round trip time was  2.090 milliseconds in repetition 197
Round trip time was  4.405 milliseconds in repetition 198
Round trip time was  2.339 milliseconds in repetition 199
Round trip time was  3.786 milliseconds in repetition 200
Round trip time was  1.923 milliseconds in repetition 201
Round trip time was  2.375 milliseconds in repetition 202
Round trip time was  3.459 milliseconds in repetition 203
Round trip time was  3.667 milliseconds in repetition 204
Round trip time was  3.848 milliseconds in repetition 205
Round trip time was  2.352 milliseconds in repetition 206
Round trip time was  4.099 milliseconds in repetition 207
Round trip time was  2.034 milliseconds in repetition 208
Round trip time was  4.046 milliseconds in repetition 209
Round trip time was  2.097 milliseconds in repetition 210
Round trip time was  4.115 milliseconds in repetition 211
Round trip time was  2.121 milliseconds in repetition 212
Round trip time was  4.886 milliseconds in repetition 213
Round trip time was  1.909 milliseconds in repetition 214
Round trip time was  2.438 milliseconds in repetition 215
Round trip time was  4.139 milliseconds in repetition 216
Round trip time was  2.215 milliseconds in repetition 217
Round trip time was  3.844 milliseconds in repetition 218
Round trip time was  2.411 milliseconds in repetition 219
Round trip time was  3.701 milliseconds in repetition 220
Round trip time was  1.989 milliseconds in repetition 221
Round trip time was  2.327 milliseconds in repetition 222
Round trip time was  2.965 milliseconds in repetition 223
Round trip time was  2.317 milliseconds in repetition 224
Round trip time was  4.197 milliseconds in repetition 225
Round trip time was  2.232 milliseconds in repetition 226
Round trip time was  4.349 milliseconds in repetition 227
Round trip time was  1.783 milliseconds in repetition 228
Round trip time was  2.723 milliseconds in repetition 229
Round trip time was  3.079 milliseconds in repetition 230
Round trip time was  2.118 milliseconds in repetition 231
Round trip time was  4.084 milliseconds in repetition 232
Round trip time was  2.116 milliseconds in repetition 233
Round trip time was  3.781 milliseconds in repetition 234
Round trip time was  1.842 milliseconds in repetition 235
Round trip time was  2.478 milliseconds in repetition 236
Round trip time was  3.407 milliseconds in repetition 237
Round trip time was  2.293 milliseconds in repetition 238
Round trip time was  2.920 milliseconds in repetition 239
Round trip time was  3.050 milliseconds in repetition 240
Round trip time was  2.100 milliseconds in repetition 241
Round trip time was  4.221 milliseconds in repetition 242
Round trip time was  2.226 milliseconds in repetition 243
Round trip time was  4.186 milliseconds in repetition 244
Round trip time was  2.081 milliseconds in repetition 245
Round trip time was  4.394 milliseconds in repetition 246
Round trip time was  2.155 milliseconds in repetition 247
Round trip time was  4.163 milliseconds in repetition 248
Round trip time was  2.021 milliseconds in repetition 249
Round trip time was  4.241 milliseconds in repetition 250
Round trip time was  2.434 milliseconds in repetition 251
Round trip time was  3.981 milliseconds in repetition 252
Round trip time was  2.166 milliseconds in repetition 253
Round trip time was  1.917 milliseconds in repetition 254
Round trip time was  3.876 milliseconds in repetition 255
Round trip time was  2.791 milliseconds in repetition 256
Round trip time was  3.302 milliseconds in repetition 257
Round trip time was  2.076 milliseconds in repetition 258
Round trip time was  4.340 milliseconds in repetition 259
Round trip time was  2.094 milliseconds in repetition 260
Round trip time was  4.304 milliseconds in repetition 261
Round trip time was  2.114 milliseconds in repetition 262
Round trip time was  4.201 milliseconds in repetition 263
Round trip time was  2.354 milliseconds in repetition 264
Round trip time was  3.939 milliseconds in repetition 265
Round trip time was  2.132 milliseconds in repetition 266
Round trip time was  4.397 milliseconds in repetition 267
Round trip time was  2.090 milliseconds in repetition 268
Round trip time was  4.260 milliseconds in repetition 269
Round trip time was  2.131 milliseconds in repetition 270
Round trip time was  4.528 milliseconds in repetition 271
Round trip time was  3.475 milliseconds in repetition 272
Round trip time was  3.806 milliseconds in repetition 273
Round trip time was  3.117 milliseconds in repetition 274
Round trip time was  3.713 milliseconds in repetition 275
Round trip time was  2.343 milliseconds in repetition 276
Round trip time was  3.828 milliseconds in repetition 277
Round trip time was  2.146 milliseconds in repetition 278
Round trip time was  2.943 milliseconds in repetition 279
Round trip time was  3.254 milliseconds in repetition 280
Round trip time was  2.939 milliseconds in repetition 281
Round trip time was  3.466 milliseconds in repetition 282
Round trip time was  2.161 milliseconds in repetition 283
Round trip time was  3.711 milliseconds in repetition 284
Round trip time was  1.857 milliseconds in repetition 285
Round trip time was  2.582 milliseconds in repetition 286
Round trip time was  3.562 milliseconds in repetition 287
Round trip time was  2.117 milliseconds in repetition 288
Round trip time was  3.768 milliseconds in repetition 289
Round trip time was  1.954 milliseconds in repetition 290
Round trip time was  2.354 milliseconds in repetition 291
Round trip time was  3.213 milliseconds in repetition 292
Round trip time was  2.204 milliseconds in repetition 293
Round trip time was  4.885 milliseconds in repetition 294
Round trip time was  2.474 milliseconds in repetition 295
Round trip time was  2.858 milliseconds in repetition 296
Round trip time was  2.347 milliseconds in repetition 297
Round trip time was  3.336 milliseconds in repetition 298
Round trip time was  3.298 milliseconds in repetition 299
Round trip time was  2.529 milliseconds in repetition 300
Round trip time was  3.881 milliseconds in repetition 301
Round trip time was  2.161 milliseconds in repetition 302
Round trip time was  3.957 milliseconds in repetition 303
Round trip time was  2.073 milliseconds in repetition 304
Round trip time was  4.079 milliseconds in repetition 305
Round trip time was  2.267 milliseconds in repetition 306
Round trip time was  4.136 milliseconds in repetition 307
Round trip time was  2.125 milliseconds in repetition 308
Round trip time was  4.097 milliseconds in repetition 309
Round trip time was  2.085 milliseconds in repetition 310
Round trip time was  4.026 milliseconds in repetition 311
Round trip time was  2.748 milliseconds in repetition 312
Round trip time was  5.429 milliseconds in repetition 313
Round trip time was  2.298 milliseconds in repetition 314
Round trip time was  4.191 milliseconds in repetition 315
Round trip time was  2.601 milliseconds in repetition 316
Round trip time was  4.407 milliseconds in repetition 317
Round trip time was  3.100 milliseconds in repetition 318
Round trip time was  4.516 milliseconds in repetition 319
Round trip time was  2.233 milliseconds in repetition 320
Round trip time was  4.431 milliseconds in repetition 321
Round trip time was  1.840 milliseconds in repetition 322
Round trip time was  2.454 milliseconds in repetition 323
Round trip time was  3.669 milliseconds in repetition 324
Round trip time was  2.472 milliseconds in repetition 325
Round trip time was  4.013 milliseconds in repetition 326
Round trip time was  2.135 milliseconds in repetition 327
Round trip time was  4.515 milliseconds in repetition 328
Round trip time was  2.277 milliseconds in repetition 329
Round trip time was  2.106 milliseconds in repetition 330
Round trip time was  3.274 milliseconds in repetition 331
Round trip time was  2.560 milliseconds in repetition 332
Round trip time was  3.417 milliseconds in repetition 333
Round trip time was  2.286 milliseconds in repetition 334
Round trip time was  4.010 milliseconds in repetition 335
Round trip time was  2.637 milliseconds in repetition 336
Round trip time was  4.082 milliseconds in repetition 337
Round trip time was  2.473 milliseconds in repetition 338
Round trip time was  1.839 milliseconds in repetition 339
Round trip time was  3.030 milliseconds in repetition 340
Round trip time was  2.273 milliseconds in repetition 341
Round trip time was  4.142 milliseconds in repetition 342
Round trip time was  2.110 milliseconds in repetition 343
Round trip time was  4.239 milliseconds in repetition 344
Round trip time was  2.158 milliseconds in repetition 345
Round trip time was  3.639 milliseconds in repetition 346
Round trip time was  1.912 milliseconds in repetition 347
Round trip time was  2.301 milliseconds in repetition 348
Round trip time was  3.941 milliseconds in repetition 349
Round trip time was  2.201 milliseconds in repetition 350
Round trip time was  3.665 milliseconds in repetition 351
Round trip time was  2.109 milliseconds in repetition 352
Round trip time was  4.102 milliseconds in repetition 353
Round trip time was  2.150 milliseconds in repetition 354
Round trip time was  4.075 milliseconds in repetition 355
Round trip time was  2.106 milliseconds in repetition 356
Round trip time was  4.133 milliseconds in repetition 357
Round trip time was  2.320 milliseconds in repetition 358
Round trip time was  4.454 milliseconds in repetition 359
Round trip time was  1.935 milliseconds in repetition 360
Round trip time was  2.474 milliseconds in repetition 361
Round trip time was  3.712 milliseconds in repetition 362
Round trip time was  2.116 milliseconds in repetition 363
Round trip time was  4.204 milliseconds in repetition 364
Round trip time was  2.430 milliseconds in repetition 365
Round trip time was  2.011 milliseconds in repetition 366
Round trip time was  2.747 milliseconds in repetition 367
Round trip time was  2.493 milliseconds in repetition 368
Round trip time was  4.089 milliseconds in repetition 369
Round trip time was  2.164 milliseconds in repetition 370
Round trip time was  4.217 milliseconds in repetition 371
Round trip time was  2.176 milliseconds in repetition 372
Round trip time was  4.245 milliseconds in repetition 373
Round trip time was  2.330 milliseconds in repetition 374
Round trip time was  4.343 milliseconds in repetition 375
Round trip time was  2.027 milliseconds in repetition 376
Round trip time was  2.488 milliseconds in repetition 377
Round trip time was  3.801 milliseconds in repetition 378
Round trip time was  2.418 milliseconds in repetition 379
Round trip time was  4.415 milliseconds in repetition 380
Round trip time was  2.260 milliseconds in repetition 381
Round trip time was  3.674 milliseconds in repetition 382
Round trip time was  2.564 milliseconds in repetition 383
Round trip time was  4.393 milliseconds in repetition 384
Round trip time was  2.616 milliseconds in repetition 385
Round trip time was  4.075 milliseconds in repetition 386
Round trip time was  2.521 milliseconds in repetition 387
Round trip time was  4.448 milliseconds in repetition 388
Round trip time was  3.049 milliseconds in repetition 389
Round trip time was  3.958 milliseconds in repetition 390
Round trip time was  3.243 milliseconds in repetition 391
Round trip time was  3.623 milliseconds in repetition 392
Round trip time was  4.016 milliseconds in repetition 393
Round trip time was  4.997 milliseconds in repetition 394
Round trip time was  2.452 milliseconds in repetition 395
Round trip time was  4.059 milliseconds in repetition 396
Round trip time was  2.576 milliseconds in repetition 397
Round trip time was  4.146 milliseconds in repetition 398
Round trip time was  2.954 milliseconds in repetition 399
Round trip time was  4.467 milliseconds in repetition 400
Round trip time was  2.108 milliseconds in repetition 401
Round trip time was  4.609 milliseconds in repetition 402
Round trip time was  1.872 milliseconds in repetition 403
Round trip time was  2.456 milliseconds in repetition 404
Round trip time was  3.751 milliseconds in repetition 405
Round trip time was  2.142 milliseconds in repetition 406
Round trip time was  4.842 milliseconds in repetition 407
Round trip time was  2.426 milliseconds in repetition 408
Round trip time was  4.171 milliseconds in repetition 409
Round trip time was  2.217 milliseconds in repetition 410
Round trip time was  4.053 milliseconds in repetition 411
Round trip time was  2.283 milliseconds in repetition 412
Round trip time was  2.036 milliseconds in repetition 413
Round trip time was  3.392 milliseconds in repetition 414
Round trip time was  2.191 milliseconds in repetition 415
Round trip time was  4.150 milliseconds in repetition 416
Round trip time was  1.975 milliseconds in repetition 417
Round trip time was  2.488 milliseconds in repetition 418
Round trip time was  3.488 milliseconds in repetition 419
Round trip time was  2.453 milliseconds in repetition 420
Round trip time was  4.452 milliseconds in repetition 421
Round trip time was  2.241 milliseconds in repetition 422
Round trip time was  4.536 milliseconds in repetition 423
Round trip time was  2.651 milliseconds in repetition 424
Round trip time was  3.208 milliseconds in repetition 425
Round trip time was  3.140 milliseconds in repetition 426
Round trip time was  2.591 milliseconds in repetition 427
Round trip time was  3.576 milliseconds in repetition 428
Round trip time was  2.241 milliseconds in repetition 429
Round trip time was  3.897 milliseconds in repetition 430
Round trip time was  2.478 milliseconds in repetition 431
Round trip time was  4.019 milliseconds in repetition 432
Round trip time was  1.906 milliseconds in repetition 433
Round trip time was  2.628 milliseconds in repetition 434
Round trip time was  3.324 milliseconds in repetition 435
Round trip time was  3.222 milliseconds in repetition 436
Round trip time was  3.840 milliseconds in repetition 437
Round trip time was  3.340 milliseconds in repetition 438
Round trip time was  3.758 milliseconds in repetition 439
Round trip time was  2.049 milliseconds in repetition 440
Round trip time was  2.542 milliseconds in repetition 441
Round trip time was  3.541 milliseconds in repetition 442
Round trip time was  2.264 milliseconds in repetition 443
Round trip time was  3.610 milliseconds in repetition 444
Round trip time was  2.245 milliseconds in repetition 445
Round trip time was  2.707 milliseconds in repetition 446
Round trip time was  4.713 milliseconds in repetition 447
Round trip time was  6.610 milliseconds in repetition 448
Round trip time was  5.115 milliseconds in repetition 449
Round trip time was  4.746 milliseconds in repetition 450
Round trip time was  2.212 milliseconds in repetition 451
Round trip time was  5.138 milliseconds in repetition 452
Round trip time was  2.376 milliseconds in repetition 453
Round trip time was  4.279 milliseconds in repetition 454
Round trip time was  2.939 milliseconds in repetition 455
Round trip time was  2.198 milliseconds in repetition 456
Round trip time was  3.643 milliseconds in repetition 457
Round trip time was  3.036 milliseconds in repetition 458
Round trip time was  4.273 milliseconds in repetition 459
Round trip time was  2.298 milliseconds in repetition 460
Round trip time was  3.897 milliseconds in repetition 461
Round trip time was  2.095 milliseconds in repetition 462
Round trip time was  2.582 milliseconds in repetition 463
Round trip time was  3.187 milliseconds in repetition 464
Round trip time was  2.166 milliseconds in repetition 465
Round trip time was  4.228 milliseconds in repetition 466
Round trip time was  2.395 milliseconds in repetition 467
Round trip time was  3.777 milliseconds in repetition 468
Round trip time was  2.670 milliseconds in repetition 469
Round trip time was  3.578 milliseconds in repetition 470
Round trip time was  2.568 milliseconds in repetition 471
Round trip time was  4.195 milliseconds in repetition 472
Round trip time was  2.265 milliseconds in repetition 473
Round trip time was  4.203 milliseconds in repetition 474
Round trip time was  2.390 milliseconds in repetition 475
Round trip time was  4.870 milliseconds in repetition 476
Round trip time was  2.935 milliseconds in repetition 477
Round trip time was  4.901 milliseconds in repetition 478
Round trip time was  2.143 milliseconds in repetition 479
Round trip time was  2.483 milliseconds in repetition 480
Round trip time was  3.313 milliseconds in repetition 481
Round trip time was  2.056 milliseconds in repetition 482
Round trip time was  4.163 milliseconds in repetition 483
Round trip time was  2.831 milliseconds in repetition 484
Round trip time was  2.868 milliseconds in repetition 485
Round trip time was  3.275 milliseconds in repetition 486
Round trip time was  2.451 milliseconds in repetition 487
Round trip time was  3.333 milliseconds in repetition 488
Round trip time was  1.897 milliseconds in repetition 489
Round trip time was  2.961 milliseconds in repetition 490
Round trip time was  3.410 milliseconds in repetition 491
Round trip time was  2.621 milliseconds in repetition 492
Round trip time was  4.750 milliseconds in repetition 493
Round trip time was  2.220 milliseconds in repetition 494
Round trip time was  4.223 milliseconds in repetition 495
Round trip time was  2.552 milliseconds in repetition 496
Round trip time was  3.734 milliseconds in repetition 497
Round trip time was  2.247 milliseconds in repetition 498
Round trip time was  3.962 milliseconds in repetition 499
Round trip time was  2.468 milliseconds in repetition 500
Round trip time was  2.954 milliseconds in repetition 501

 ... clock resolution was 1e-06
UDP Ping:  Statistics over 501 repetitions of 24576 byte messages

RTT : percentile 10: 2.09005, median: 2.9651, percentile 90: 4.44362, average: 3.59679, variance: 92.2715

RTT histogram:
1.78329 500
12.5427 0
23.302 0
34.0614 0
44.8208 0
55.5801 0
66.3395 0
77.0989 0
87.8582 0
98.6176 0
109.377 0
120.136 0
130.896 0
141.655 0
152.414 0
163.174 0
173.933 0
184.693 0
195.452 0
206.211 0
216.971 1

   median Throughput : 16576.9 KB/s   overall Throughput : 13665.5 KB/s

