UDP Ping trying to connect to server 130.251.61.30 (130.251.61.30) on TCP port 1491
 ... connected to Pong server: asking for 501 repetitions of 192 _bytes UDP messages
 ... Pong server agreed to ping-pong using port 51708 :-)
Round trip time was  3.463 milliseconds in repetition 1
Round trip time was  1.055 milliseconds in repetition 2
Round trip time was  1.235 milliseconds in repetition 3
Round trip time was  1.002 milliseconds in repetition 4
Round trip time was  1.086 milliseconds in repetition 5
Round trip time was  1.028 milliseconds in repetition 6
Round trip time was  0.902 milliseconds in repetition 7
Round trip time was  0.734 milliseconds in repetition 8
Round trip time was  1.076 milliseconds in repetition 9
Round trip time was  0.987 milliseconds in repetition 10
Round trip time was  0.935 milliseconds in repetition 11
Round trip time was  0.700 milliseconds in repetition 12
Round trip time was  1.174 milliseconds in repetition 13
Round trip time was  0.773 milliseconds in repetition 14
Round trip time was  1.688 milliseconds in repetition 15
Round trip time was  0.719 milliseconds in repetition 16
Round trip time was  1.129 milliseconds in repetition 17
Round trip time was  0.879 milliseconds in repetition 18
Round trip time was  0.993 milliseconds in repetition 19
Round trip time was  0.382 milliseconds in repetition 20
Round trip time was  0.315 milliseconds in repetition 21
Round trip time was  0.320 milliseconds in repetition 22
Round trip time was  0.633 milliseconds in repetition 23
Round trip time was  0.259 milliseconds in repetition 24
Round trip time was  0.298 milliseconds in repetition 25
Round trip time was  0.326 milliseconds in repetition 26
Round trip time was  1.001 milliseconds in repetition 27
Round trip time was  0.281 milliseconds in repetition 28
Round trip time was  0.296 milliseconds in repetition 29
Round trip time was  0.343 milliseconds in repetition 30
Round trip time was  0.982 milliseconds in repetition 31
Round trip time was  0.293 milliseconds in repetition 32
Round trip time was  0.261 milliseconds in repetition 33
Round trip time was  0.451 milliseconds in repetition 34
Round trip time was  0.477 milliseconds in repetition 35
Round trip time was  0.696 milliseconds in repetition 36
Round trip time was  0.260 milliseconds in repetition 37
Round trip time was  0.248 milliseconds in repetition 38
Round trip time was  0.348 milliseconds in repetition 39
Round trip time was  0.760 milliseconds in repetition 40
Round trip time was  1.294 milliseconds in repetition 41
Round trip time was  0.271 milliseconds in repetition 42
Round trip time was  0.250 milliseconds in repetition 43
Round trip time was  0.276 milliseconds in repetition 44
Round trip time was  0.257 milliseconds in repetition 45
Round trip time was  0.298 milliseconds in repetition 46
Round trip time was  0.254 milliseconds in repetition 47
Round trip time was  0.248 milliseconds in repetition 48
Round trip time was  0.245 milliseconds in repetition 49
Round trip time was  0.246 milliseconds in repetition 50
Round trip time was  0.259 milliseconds in repetition 51
Round trip time was  0.261 milliseconds in repetition 52
Round trip time was  0.258 milliseconds in repetition 53
Round trip time was  0.249 milliseconds in repetition 54
Round trip time was  0.280 milliseconds in repetition 55
Round trip time was  0.253 milliseconds in repetition 56
Round trip time was  0.794 milliseconds in repetition 57
Round trip time was  0.276 milliseconds in repetition 58
Round trip time was  0.265 milliseconds in repetition 59
Round trip time was  1.498 milliseconds in repetition 60
Round trip time was  0.888 milliseconds in repetition 61
Round trip time was  0.261 milliseconds in repetition 62
Round trip time was  0.309 milliseconds in repetition 63
Round trip time was  0.256 milliseconds in repetition 64
Round trip time was  0.246 milliseconds in repetition 65
Round trip time was  0.709 milliseconds in repetition 66
Round trip time was  0.434 milliseconds in repetition 67
Round trip time was  1.249 milliseconds in repetition 68
Round trip time was  0.254 milliseconds in repetition 69
Round trip time was  0.314 milliseconds in repetition 70
Round trip time was  0.247 milliseconds in repetition 71
Round trip time was  0.243 milliseconds in repetition 72
Round trip time was  0.270 milliseconds in repetition 73
Round trip time was  0.260 milliseconds in repetition 74
Round trip time was  0.477 milliseconds in repetition 75
Round trip time was  0.246 milliseconds in repetition 76
Round trip time was  0.244 milliseconds in repetition 77
Round trip time was  0.331 milliseconds in repetition 78
Round trip time was  0.256 milliseconds in repetition 79
Round trip time was  0.305 milliseconds in repetition 80
Round trip time was  0.193 milliseconds in repetition 81
Round trip time was  0.245 milliseconds in repetition 82
Round trip time was  0.244 milliseconds in repetition 83
Round trip time was  0.247 milliseconds in repetition 84
Round trip time was  0.245 milliseconds in repetition 85
Round trip time was  0.252 milliseconds in repetition 86
Round trip time was  0.268 milliseconds in repetition 87
Round trip time was  0.272 milliseconds in repetition 88
Round trip time was  0.244 milliseconds in repetition 89
Round trip time was  0.240 milliseconds in repetition 90
Round trip time was  0.243 milliseconds in repetition 91
Round trip time was  0.244 milliseconds in repetition 92
Round trip time was  0.245 milliseconds in repetition 93
Round trip time was  0.243 milliseconds in repetition 94
Round trip time was  0.250 milliseconds in repetition 95
Round trip time was  0.243 milliseconds in repetition 96
Round trip time was  0.254 milliseconds in repetition 97
Round trip time was  0.249 milliseconds in repetition 98
Round trip time was  0.247 milliseconds in repetition 99
Round trip time was  0.246 milliseconds in repetition 100
Round trip time was  0.249 milliseconds in repetition 101
Round trip time was  0.255 milliseconds in repetition 102
Round trip time was  0.257 milliseconds in repetition 103
Round trip time was  0.275 milliseconds in repetition 104
Round trip time was  0.271 milliseconds in repetition 105
Round trip time was  0.243 milliseconds in repetition 106
Round trip time was  0.535 milliseconds in repetition 107
Round trip time was  0.312 milliseconds in repetition 108
Round trip time was  0.472 milliseconds in repetition 109
Round trip time was  0.238 milliseconds in repetition 110
Round trip time was  0.404 milliseconds in repetition 111
Round trip time was  0.300 milliseconds in repetition 112
Round trip time was  0.243 milliseconds in repetition 113
Round trip time was  0.314 milliseconds in repetition 114
Round trip time was  0.307 milliseconds in repetition 115
Round trip time was  0.261 milliseconds in repetition 116
Round trip time was  0.287 milliseconds in repetition 117
Round trip time was  0.507 milliseconds in repetition 118
Round trip time was  0.246 milliseconds in repetition 119
Round trip time was  0.278 milliseconds in repetition 120
Round trip time was  0.657 milliseconds in repetition 121
Round trip time was  0.351 milliseconds in repetition 122
Round trip time was  0.455 milliseconds in repetition 123
Round trip time was  0.753 milliseconds in repetition 124
Round trip time was  1.095 milliseconds in repetition 125
Round trip time was  1.732 milliseconds in repetition 126
Round trip time was  0.818 milliseconds in repetition 127
Round trip time was  0.305 milliseconds in repetition 128
Round trip time was  0.516 milliseconds in repetition 129
Round trip time was  0.248 milliseconds in repetition 130
Round trip time was  0.253 milliseconds in repetition 131
Round trip time was  0.292 milliseconds in repetition 132
Round trip time was  0.356 milliseconds in repetition 133
Round trip time was  0.259 milliseconds in repetition 134
Round trip time was  0.252 milliseconds in repetition 135
Round trip time was  0.278 milliseconds in repetition 136
Round trip time was  0.471 milliseconds in repetition 137
Round trip time was  0.242 milliseconds in repetition 138
Round trip time was  0.251 milliseconds in repetition 139
Round trip time was  0.333 milliseconds in repetition 140
Round trip time was  0.374 milliseconds in repetition 141
Round trip time was  0.582 milliseconds in repetition 142
Round trip time was  0.589 milliseconds in repetition 143
Round trip time was  0.440 milliseconds in repetition 144
Round trip time was  0.250 milliseconds in repetition 145
Round trip time was  0.269 milliseconds in repetition 146
Round trip time was  0.339 milliseconds in repetition 147
Round trip time was  0.402 milliseconds in repetition 148
Round trip time was  0.629 milliseconds in repetition 149
Round trip time was  0.969 milliseconds in repetition 150
Round trip time was  0.279 milliseconds in repetition 151
Round trip time was  0.256 milliseconds in repetition 152
Round trip time was  0.414 milliseconds in repetition 153
Round trip time was  0.301 milliseconds in repetition 154
Round trip time was  0.577 milliseconds in repetition 155
Round trip time was  0.751 milliseconds in repetition 156
Round trip time was  0.281 milliseconds in repetition 157
Round trip time was  0.255 milliseconds in repetition 158
Round trip time was  0.363 milliseconds in repetition 159
Round trip time was  0.381 milliseconds in repetition 160
Round trip time was  0.699 milliseconds in repetition 161
Round trip time was  0.724 milliseconds in repetition 162
Round trip time was  0.252 milliseconds in repetition 163
Round trip time was  0.432 milliseconds in repetition 164
Round trip time was  0.270 milliseconds in repetition 165
Round trip time was  0.341 milliseconds in repetition 166
Round trip time was  0.286 milliseconds in repetition 167
Round trip time was  0.725 milliseconds in repetition 168
Round trip time was  0.255 milliseconds in repetition 169
Round trip time was  0.266 milliseconds in repetition 170
Round trip time was  0.354 milliseconds in repetition 171
Round trip time was  0.365 milliseconds in repetition 172
Round trip time was  0.787 milliseconds in repetition 173
Round trip time was  0.248 milliseconds in repetition 174
Round trip time was  0.348 milliseconds in repetition 175
Round trip time was  0.244 milliseconds in repetition 176
Round trip time was  0.273 milliseconds in repetition 177
Round trip time was  0.259 milliseconds in repetition 178
Round trip time was  0.784 milliseconds in repetition 179
Round trip time was  0.251 milliseconds in repetition 180
Round trip time was  0.232 milliseconds in repetition 181
Round trip time was  0.402 milliseconds in repetition 182
Round trip time was  0.310 milliseconds in repetition 183
Round trip time was  0.656 milliseconds in repetition 184
Round trip time was  0.631 milliseconds in repetition 185
Round trip time was  0.225 milliseconds in repetition 186
Round trip time was  0.268 milliseconds in repetition 187
Round trip time was  0.389 milliseconds in repetition 188
Round trip time was  0.236 milliseconds in repetition 189
Round trip time was  0.328 milliseconds in repetition 190
Round trip time was  0.824 milliseconds in repetition 191
Round trip time was  0.258 milliseconds in repetition 192
Round trip time was  0.380 milliseconds in repetition 193
Round trip time was  0.234 milliseconds in repetition 194
Round trip time was  0.330 milliseconds in repetition 195
Round trip time was  0.874 milliseconds in repetition 196
Round trip time was  0.285 milliseconds in repetition 197
Round trip time was  0.293 milliseconds in repetition 198
Round trip time was  0.284 milliseconds in repetition 199
Round trip time was  0.340 milliseconds in repetition 200
Round trip time was  1.136 milliseconds in repetition 201
Round trip time was  0.292 milliseconds in repetition 202
Round trip time was  0.313 milliseconds in repetition 203
Round trip time was  0.293 milliseconds in repetition 204
Round trip time was  0.305 milliseconds in repetition 205
Round trip time was  0.378 milliseconds in repetition 206
Round trip time was  0.833 milliseconds in repetition 207
Round trip time was  0.233 milliseconds in repetition 208
Round trip time was  0.263 milliseconds in repetition 209
Round trip time was  0.360 milliseconds in repetition 210
Round trip time was  0.401 milliseconds in repetition 211
Round trip time was  0.704 milliseconds in repetition 212
Round trip time was  0.227 milliseconds in repetition 213
Round trip time was  0.311 milliseconds in repetition 214
Round trip time was  0.294 milliseconds in repetition 215
Round trip time was  0.270 milliseconds in repetition 216
Round trip time was  0.725 milliseconds in repetition 217
Round trip time was  0.262 milliseconds in repetition 218
Round trip time was  0.271 milliseconds in repetition 219
Round trip time was  0.328 milliseconds in repetition 220
Round trip time was  0.307 milliseconds in repetition 221
Round trip time was  0.238 milliseconds in repetition 222
Round trip time was  0.723 milliseconds in repetition 223
Round trip time was  0.247 milliseconds in repetition 224
Round trip time was  0.760 milliseconds in repetition 225
Round trip time was  0.459 milliseconds in repetition 226
Round trip time was  0.778 milliseconds in repetition 227
Round trip time was  0.297 milliseconds in repetition 228
Round trip time was  0.482 milliseconds in repetition 229
Round trip time was  0.303 milliseconds in repetition 230
Round trip time was  0.747 milliseconds in repetition 231
Round trip time was  0.247 milliseconds in repetition 232
Round trip time was  0.270 milliseconds in repetition 233
Round trip time was  0.391 milliseconds in repetition 234
Round trip time was  0.312 milliseconds in repetition 235
Round trip time was  0.762 milliseconds in repetition 236
Round trip time was  0.257 milliseconds in repetition 237
Round trip time was  0.268 milliseconds in repetition 238
Round trip time was  0.400 milliseconds in repetition 239
Round trip time was  0.260 milliseconds in repetition 240
Round trip time was  0.413 milliseconds in repetition 241
Round trip time was  0.784 milliseconds in repetition 242
Round trip time was  0.280 milliseconds in repetition 243
Round trip time was  0.224 milliseconds in repetition 244
Round trip time was  0.338 milliseconds in repetition 245
Round trip time was  0.510 milliseconds in repetition 246
Round trip time was  0.302 milliseconds in repetition 247
Round trip time was  0.953 milliseconds in repetition 248
Round trip time was  0.255 milliseconds in repetition 249
Round trip time was  0.248 milliseconds in repetition 250
Round trip time was  0.608 milliseconds in repetition 251
Round trip time was  0.439 milliseconds in repetition 252
Round trip time was  1.444 milliseconds in repetition 253
Round trip time was  0.903 milliseconds in repetition 254
Round trip time was  1.246 milliseconds in repetition 255
Round trip time was  1.884 milliseconds in repetition 256
Round trip time was  1.596 milliseconds in repetition 257
Round trip time was  2.302 milliseconds in repetition 258
Round trip time was  2.324 milliseconds in repetition 259
Round trip time was  2.392 milliseconds in repetition 260
Round trip time was  2.503 milliseconds in repetition 261
Round trip time was  2.451 milliseconds in repetition 262
Round trip time was  0.425 milliseconds in repetition 263
Round trip time was  0.261 milliseconds in repetition 264
Round trip time was  1.083 milliseconds in repetition 265
Round trip time was  0.304 milliseconds in repetition 266
Round trip time was  0.359 milliseconds in repetition 267
Round trip time was  0.324 milliseconds in repetition 268
Round trip time was  0.504 milliseconds in repetition 269
Round trip time was  0.483 milliseconds in repetition 270
Round trip time was  0.715 milliseconds in repetition 271
Round trip time was  0.247 milliseconds in repetition 272
Round trip time was  0.271 milliseconds in repetition 273
Round trip time was  0.376 milliseconds in repetition 274
Round trip time was  0.336 milliseconds in repetition 275
Round trip time was  0.298 milliseconds in repetition 276
Round trip time was  0.991 milliseconds in repetition 277
Round trip time was  0.257 milliseconds in repetition 278
Round trip time was  0.417 milliseconds in repetition 279
Round trip time was  0.536 milliseconds in repetition 280
Round trip time was  0.305 milliseconds in repetition 281
Round trip time was  1.111 milliseconds in repetition 282
Round trip time was  0.241 milliseconds in repetition 283
Round trip time was  0.258 milliseconds in repetition 284
Round trip time was  0.313 milliseconds in repetition 285
Round trip time was  0.442 milliseconds in repetition 286
Round trip time was  0.339 milliseconds in repetition 287
Round trip time was  0.783 milliseconds in repetition 288
Round trip time was  0.254 milliseconds in repetition 289
Round trip time was  0.380 milliseconds in repetition 290
Round trip time was  0.740 milliseconds in repetition 291
Round trip time was  1.248 milliseconds in repetition 292
Round trip time was  0.251 milliseconds in repetition 293
Round trip time was  0.487 milliseconds in repetition 294
Round trip time was  0.280 milliseconds in repetition 295
Round trip time was  0.309 milliseconds in repetition 296
Round trip time was  0.377 milliseconds in repetition 297
Round trip time was  1.344 milliseconds in repetition 298
Round trip time was  0.810 milliseconds in repetition 299
Round trip time was  0.667 milliseconds in repetition 300
Round trip time was  1.484 milliseconds in repetition 301
Round trip time was  0.534 milliseconds in repetition 302
Round trip time was  0.723 milliseconds in repetition 303
Round trip time was  1.352 milliseconds in repetition 304
Round trip time was  0.672 milliseconds in repetition 305
Round trip time was  0.372 milliseconds in repetition 306
Round trip time was  0.457 milliseconds in repetition 307
Round trip time was  1.051 milliseconds in repetition 308
Round trip time was  0.480 milliseconds in repetition 309
Round trip time was  1.032 milliseconds in repetition 310
Round trip time was  1.477 milliseconds in repetition 311
Round trip time was  1.395 milliseconds in repetition 312
Round trip time was  1.193 milliseconds in repetition 313
Round trip time was  1.427 milliseconds in repetition 314
Round trip time was  0.705 milliseconds in repetition 315
Round trip time was  0.997 milliseconds in repetition 316
Round trip time was  0.299 milliseconds in repetition 317
Round trip time was  0.836 milliseconds in repetition 318
Round trip time was  0.255 milliseconds in repetition 319
Round trip time was  0.281 milliseconds in repetition 320
Round trip time was  0.394 milliseconds in repetition 321
Round trip time was  0.359 milliseconds in repetition 322
Round trip time was  0.842 milliseconds in repetition 323
Round trip time was  0.254 milliseconds in repetition 324
Round trip time was  0.248 milliseconds in repetition 325
Round trip time was  0.337 milliseconds in repetition 326
Round trip time was  0.343 milliseconds in repetition 327
Round trip time was  0.340 milliseconds in repetition 328
Round trip time was  0.870 milliseconds in repetition 329
Round trip time was  0.245 milliseconds in repetition 330
Round trip time was  0.361 milliseconds in repetition 331
Round trip time was  0.346 milliseconds in repetition 332
Round trip time was  0.319 milliseconds in repetition 333
Round trip time was  0.741 milliseconds in repetition 334
Round trip time was  0.257 milliseconds in repetition 335
Round trip time was  0.251 milliseconds in repetition 336
Round trip time was  0.250 milliseconds in repetition 337
Round trip time was  0.319 milliseconds in repetition 338
Round trip time was  0.319 milliseconds in repetition 339
Round trip time was  0.481 milliseconds in repetition 340
Round trip time was  0.663 milliseconds in repetition 341
Round trip time was  0.247 milliseconds in repetition 342
Round trip time was  0.237 milliseconds in repetition 343
Round trip time was  0.332 milliseconds in repetition 344
Round trip time was  0.358 milliseconds in repetition 345
Round trip time was  0.281 milliseconds in repetition 346
Round trip time was  0.818 milliseconds in repetition 347
Round trip time was  0.306 milliseconds in repetition 348
Round trip time was  0.315 milliseconds in repetition 349
Round trip time was  0.281 milliseconds in repetition 350
Round trip time was  0.282 milliseconds in repetition 351
Round trip time was  0.716 milliseconds in repetition 352
Round trip time was  0.213 milliseconds in repetition 353
Round trip time was  0.224 milliseconds in repetition 354
Round trip time was  0.272 milliseconds in repetition 355
Round trip time was  0.225 milliseconds in repetition 356
Round trip time was  0.320 milliseconds in repetition 357
Round trip time was  0.751 milliseconds in repetition 358
Round trip time was  0.260 milliseconds in repetition 359
Round trip time was  0.372 milliseconds in repetition 360
Round trip time was  0.362 milliseconds in repetition 361
Round trip time was  0.412 milliseconds in repetition 362
Round trip time was  1.345 milliseconds in repetition 363
Round trip time was  0.568 milliseconds in repetition 364
Round trip time was  0.444 milliseconds in repetition 365
Round trip time was  0.252 milliseconds in repetition 366
Round trip time was  1.255 milliseconds in repetition 367
Round trip time was  0.573 milliseconds in repetition 368
Round trip time was  0.583 milliseconds in repetition 369
Round trip time was  0.387 milliseconds in repetition 370
Round trip time was  1.101 milliseconds in repetition 371
Round trip time was  0.657 milliseconds in repetition 372
Round trip time was  0.285 milliseconds in repetition 373
Round trip time was  0.398 milliseconds in repetition 374
Round trip time was  1.137 milliseconds in repetition 375
Round trip time was  0.477 milliseconds in repetition 376
Round trip time was  0.376 milliseconds in repetition 377
Round trip time was  0.380 milliseconds in repetition 378
Round trip time was  1.283 milliseconds in repetition 379
Round trip time was  0.474 milliseconds in repetition 380
Round trip time was  0.348 milliseconds in repetition 381
Round trip time was  0.387 milliseconds in repetition 382
Round trip time was  1.409 milliseconds in repetition 383
Round trip time was  0.585 milliseconds in repetition 384
Round trip time was  0.575 milliseconds in repetition 385
Round trip time was  1.118 milliseconds in repetition 386
Round trip time was  0.273 milliseconds in repetition 387
Round trip time was  0.294 milliseconds in repetition 388
Round trip time was  0.328 milliseconds in repetition 389
Round trip time was  0.323 milliseconds in repetition 390
Round trip time was  0.605 milliseconds in repetition 391
Round trip time was  0.725 milliseconds in repetition 392
Round trip time was  0.251 milliseconds in repetition 393
Round trip time was  0.271 milliseconds in repetition 394
Round trip time was  0.413 milliseconds in repetition 395
Round trip time was  0.470 milliseconds in repetition 396
Round trip time was  0.300 milliseconds in repetition 397
Round trip time was  0.741 milliseconds in repetition 398
Round trip time was  0.256 milliseconds in repetition 399
Round trip time was  0.378 milliseconds in repetition 400
Round trip time was  0.485 milliseconds in repetition 401
Round trip time was  0.326 milliseconds in repetition 402
Round trip time was  0.868 milliseconds in repetition 403
Round trip time was  0.255 milliseconds in repetition 404
Round trip time was  0.392 milliseconds in repetition 405
Round trip time was  0.378 milliseconds in repetition 406
Round trip time was  0.450 milliseconds in repetition 407
Round trip time was  0.763 milliseconds in repetition 408
Round trip time was  0.320 milliseconds in repetition 409
Round trip time was  0.309 milliseconds in repetition 410
Round trip time was  0.288 milliseconds in repetition 411
Round trip time was  0.320 milliseconds in repetition 412
Round trip time was  0.846 milliseconds in repetition 413
Round trip time was  0.267 milliseconds in repetition 414
Round trip time was  0.407 milliseconds in repetition 415
Round trip time was  0.501 milliseconds in repetition 416
Round trip time was  0.305 milliseconds in repetition 417
Round trip time was  0.743 milliseconds in repetition 418
Round trip time was  0.297 milliseconds in repetition 419
Round trip time was  0.314 milliseconds in repetition 420
Round trip time was  0.436 milliseconds in repetition 421
Round trip time was  0.428 milliseconds in repetition 422
Round trip time was  0.707 milliseconds in repetition 423
Round trip time was  0.260 milliseconds in repetition 424
Round trip time was  0.305 milliseconds in repetition 425
Round trip time was  0.463 milliseconds in repetition 426
Round trip time was  0.336 milliseconds in repetition 427
Round trip time was  0.734 milliseconds in repetition 428
Round trip time was  0.253 milliseconds in repetition 429
Round trip time was  0.315 milliseconds in repetition 430
Round trip time was  0.271 milliseconds in repetition 431
Round trip time was  0.297 milliseconds in repetition 432
Round trip time was  0.364 milliseconds in repetition 433
Round trip time was  0.750 milliseconds in repetition 434
Round trip time was  0.288 milliseconds in repetition 435
Round trip time was  0.381 milliseconds in repetition 436
Round trip time was  0.361 milliseconds in repetition 437
Round trip time was  0.296 milliseconds in repetition 438
Round trip time was  0.786 milliseconds in repetition 439
Round trip time was  0.240 milliseconds in repetition 440
Round trip time was  0.338 milliseconds in repetition 441
Round trip time was  0.284 milliseconds in repetition 442
Round trip time was  0.300 milliseconds in repetition 443
Round trip time was  0.796 milliseconds in repetition 444
Round trip time was  0.352 milliseconds in repetition 445
Round trip time was  0.343 milliseconds in repetition 446
Round trip time was  0.382 milliseconds in repetition 447
Round trip time was  0.299 milliseconds in repetition 448
Round trip time was  0.769 milliseconds in repetition 449
Round trip time was  0.255 milliseconds in repetition 450
Round trip time was  0.318 milliseconds in repetition 451
Round trip time was  0.289 milliseconds in repetition 452
Round trip time was  0.333 milliseconds in repetition 453
Round trip time was  0.852 milliseconds in repetition 454
Round trip time was  0.245 milliseconds in repetition 455
Round trip time was  0.391 milliseconds in repetition 456
Round trip time was  0.462 milliseconds in repetition 457
Round trip time was  0.242 milliseconds in repetition 458
Round trip time was  0.731 milliseconds in repetition 459
Round trip time was  0.247 milliseconds in repetition 460
Round trip time was  0.254 milliseconds in repetition 461
Round trip time was  0.392 milliseconds in repetition 462
Round trip time was  0.299 milliseconds in repetition 463
Round trip time was  0.266 milliseconds in repetition 464
Round trip time was  0.704 milliseconds in repetition 465
Round trip time was  0.282 milliseconds in repetition 466
Round trip time was  0.327 milliseconds in repetition 467
Round trip time was  0.277 milliseconds in repetition 468
Round trip time was  0.392 milliseconds in repetition 469
Round trip time was  0.760 milliseconds in repetition 470
Round trip time was  0.245 milliseconds in repetition 471
Round trip time was  0.257 milliseconds in repetition 472
Round trip time was  0.324 milliseconds in repetition 473
Round trip time was  0.369 milliseconds in repetition 474
Round trip time was  0.897 milliseconds in repetition 475
Round trip time was  0.501 milliseconds in repetition 476
Round trip time was  0.430 milliseconds in repetition 477
Round trip time was  0.484 milliseconds in repetition 478
Round trip time was  1.379 milliseconds in repetition 479
Round trip time was  0.256 milliseconds in repetition 480
Round trip time was  0.373 milliseconds in repetition 481
Round trip time was  0.447 milliseconds in repetition 482
Round trip time was  0.306 milliseconds in repetition 483
Round trip time was  0.698 milliseconds in repetition 484
Round trip time was  0.252 milliseconds in repetition 485
Round trip time was  0.248 milliseconds in repetition 486
Round trip time was  0.498 milliseconds in repetition 487
Round trip time was  0.329 milliseconds in repetition 488
Round trip time was  0.874 milliseconds in repetition 489
Round trip time was  0.275 milliseconds in repetition 490
Round trip time was  0.434 milliseconds in repetition 491
Round trip time was  0.295 milliseconds in repetition 492
Round trip time was  0.290 milliseconds in repetition 493
Round trip time was  0.600 milliseconds in repetition 494
Round trip time was  0.773 milliseconds in repetition 495
Round trip time was  0.263 milliseconds in repetition 496
Round trip time was  0.383 milliseconds in repetition 497
Round trip time was  0.367 milliseconds in repetition 498
Round trip time was  0.367 milliseconds in repetition 499
Round trip time was  0.793 milliseconds in repetition 500
Round trip time was  0.401 milliseconds in repetition 501

 ... clock resolution was 1e-06
UDP Ping:  Statistics over 501 repetitions of 192 byte messages

RTT : percentile 10: 0.247608, median: 0.339149, percentile 90: 0.981963, average: 0.501879, variance: 0.147532

RTT histogram:
0.19325 145
0.356714 181
0.520177 45
0.683642 46
0.847106 30
1.01057 17
1.17403 14
1.3375 8
1.50096 5
1.66443 3
1.82789 1
1.99135 0
2.15482 0
2.31828 3
2.48175 2
2.64521 0
2.80867 0
2.97214 0
3.1356 0
3.29907 0
3.46253 1

   median Throughput : 1132.25 KB/s   overall Throughput : 765.124 KB/s

