UDP Ping trying to connect to server 130.251.61.30 (130.251.61.30) on TCP port 1491
 ... connected to Pong server: asking for 501 repetitions of 16384 _bytes UDP messages
 ... Pong server agreed to ping-pong using port 51708 :-)
Round trip time was 140.367 milliseconds in repetition 1
Round trip time was  4.354 milliseconds in repetition 2
Round trip time was  5.266 milliseconds in repetition 3
Round trip time was  6.395 milliseconds in repetition 4
Round trip time was  3.345 milliseconds in repetition 5
Round trip time was  3.715 milliseconds in repetition 6
Round trip time was  3.694 milliseconds in repetition 7
Round trip time was  2.540 milliseconds in repetition 8
Round trip time was  6.566 milliseconds in repetition 9
Round trip time was  5.925 milliseconds in repetition 10
Round trip time was  5.108 milliseconds in repetition 11
Round trip time was  6.824 milliseconds in repetition 12
Round trip time was  6.217 milliseconds in repetition 13
Round trip time was  3.012 milliseconds in repetition 14
Round trip time was  6.485 milliseconds in repetition 15
Round trip time was  3.656 milliseconds in repetition 16
Round trip time was  3.178 milliseconds in repetition 17
Round trip time was  3.031 milliseconds in repetition 18
Round trip time was  8.395 milliseconds in repetition 19
Round trip time was  2.651 milliseconds in repetition 20
Round trip time was  1.897 milliseconds in repetition 21
Round trip time was  3.745 milliseconds in repetition 22
Round trip time was  1.258 milliseconds in repetition 23
Round trip time was  1.963 milliseconds in repetition 24
Round trip time was  1.247 milliseconds in repetition 25
Round trip time was  2.331 milliseconds in repetition 26
Round trip time was  1.591 milliseconds in repetition 27
Round trip time was  3.717 milliseconds in repetition 28
Round trip time was  1.712 milliseconds in repetition 29
Round trip time was  3.109 milliseconds in repetition 30
Round trip time was  1.849 milliseconds in repetition 31
Round trip time was  3.278 milliseconds in repetition 32
Round trip time was  3.690 milliseconds in repetition 33
Round trip time was  5.041 milliseconds in repetition 34
Round trip time was  6.614 milliseconds in repetition 35
Round trip time was  6.738 milliseconds in repetition 36
Round trip time was  2.565 milliseconds in repetition 37
Round trip time was  1.861 milliseconds in repetition 38
Round trip time was  2.760 milliseconds in repetition 39
Round trip time was  2.156 milliseconds in repetition 40
Round trip time was  4.069 milliseconds in repetition 41
Round trip time was  2.095 milliseconds in repetition 42
Round trip time was  3.641 milliseconds in repetition 43
Round trip time was  3.440 milliseconds in repetition 44
Round trip time was  3.724 milliseconds in repetition 45
Round trip time was  2.159 milliseconds in repetition 46
Round trip time was  2.794 milliseconds in repetition 47
Round trip time was  1.615 milliseconds in repetition 48
Round trip time was  4.287 milliseconds in repetition 49
Round trip time was  1.851 milliseconds in repetition 50
Round trip time was  3.139 milliseconds in repetition 51
Round trip time was  1.695 milliseconds in repetition 52
Round trip time was  2.952 milliseconds in repetition 53
Round trip time was  2.110 milliseconds in repetition 54
Round trip time was  3.342 milliseconds in repetition 55
Round trip time was  1.750 milliseconds in repetition 56
Round trip time was  2.920 milliseconds in repetition 57
Round trip time was  1.899 milliseconds in repetition 58
Round trip time was  3.512 milliseconds in repetition 59
Round trip time was  2.621 milliseconds in repetition 60
Round trip time was  2.774 milliseconds in repetition 61
Round trip time was  1.719 milliseconds in repetition 62
Round trip time was  3.011 milliseconds in repetition 63
Round trip time was  1.839 milliseconds in repetition 64
Round trip time was  2.912 milliseconds in repetition 65
Round trip time was  1.679 milliseconds in repetition 66
Round trip time was  3.148 milliseconds in repetition 67
Round trip time was  1.823 milliseconds in repetition 68
Round trip time was  3.111 milliseconds in repetition 69
Round trip time was  1.700 milliseconds in repetition 70
Round trip time was  2.959 milliseconds in repetition 71
Round trip time was  1.722 milliseconds in repetition 72
Round trip time was  3.040 milliseconds in repetition 73
Round trip time was  1.935 milliseconds in repetition 74
Round trip time was  2.971 milliseconds in repetition 75
Round trip time was  2.907 milliseconds in repetition 76
Round trip time was  3.887 milliseconds in repetition 77
Round trip time was  1.772 milliseconds in repetition 78
Round trip time was  3.022 milliseconds in repetition 79
Round trip time was  2.644 milliseconds in repetition 80
Round trip time was  4.852 milliseconds in repetition 81
Round trip time was  1.880 milliseconds in repetition 82
Round trip time was  1.599 milliseconds in repetition 83
Round trip time was  2.864 milliseconds in repetition 84
Round trip time was  1.864 milliseconds in repetition 85
Round trip time was  2.060 milliseconds in repetition 86
Round trip time was  4.640 milliseconds in repetition 87
Round trip time was  6.867 milliseconds in repetition 88
Round trip time was  3.175 milliseconds in repetition 89
Round trip time was  2.750 milliseconds in repetition 90
Round trip time was  1.811 milliseconds in repetition 91
Round trip time was  2.820 milliseconds in repetition 92
Round trip time was  2.934 milliseconds in repetition 93
Round trip time was  4.463 milliseconds in repetition 94
Round trip time was  1.836 milliseconds in repetition 95
Round trip time was  3.498 milliseconds in repetition 96
Round trip time was  3.592 milliseconds in repetition 97
Round trip time was  2.282 milliseconds in repetition 98
Round trip time was  1.761 milliseconds in repetition 99
Round trip time was  1.683 milliseconds in repetition 100
Round trip time was  2.861 milliseconds in repetition 101
Round trip time was  3.427 milliseconds in repetition 102
Round trip time was  2.882 milliseconds in repetition 103
Round trip time was  1.743 milliseconds in repetition 104
Round trip time was  2.745 milliseconds in repetition 105
Round trip time was  1.748 milliseconds in repetition 106
Round trip time was  3.714 milliseconds in repetition 107
Round trip time was  2.603 milliseconds in repetition 108
Round trip time was  3.086 milliseconds in repetition 109
Round trip time was  1.808 milliseconds in repetition 110
Round trip time was  3.143 milliseconds in repetition 111
Round trip time was  1.719 milliseconds in repetition 112
Round trip time was  2.813 milliseconds in repetition 113
Round trip time was  1.765 milliseconds in repetition 114
Round trip time was  2.946 milliseconds in repetition 115
Round trip time was  1.706 milliseconds in repetition 116
Round trip time was  2.981 milliseconds in repetition 117
Round trip time was  1.706 milliseconds in repetition 118
Round trip time was  2.884 milliseconds in repetition 119
Round trip time was  1.735 milliseconds in repetition 120
Round trip time was  5.495 milliseconds in repetition 121
Round trip time was  1.729 milliseconds in repetition 122
Round trip time was  3.168 milliseconds in repetition 123
Round trip time was  2.107 milliseconds in repetition 124
Round trip time was  3.134 milliseconds in repetition 125
Round trip time was  2.045 milliseconds in repetition 126
Round trip time was  3.181 milliseconds in repetition 127
Round trip time was  3.620 milliseconds in repetition 128
Round trip time was  3.436 milliseconds in repetition 129
Round trip time was  2.078 milliseconds in repetition 130
Round trip time was  4.730 milliseconds in repetition 131
Round trip time was  2.596 milliseconds in repetition 132
Round trip time was  5.619 milliseconds in repetition 133
Round trip time was  2.098 milliseconds in repetition 134
Round trip time was  2.939 milliseconds in repetition 135
Round trip time was  1.859 milliseconds in repetition 136
Round trip time was  1.545 milliseconds in repetition 137
Round trip time was  4.054 milliseconds in repetition 138
Round trip time was  3.206 milliseconds in repetition 139
Round trip time was  3.036 milliseconds in repetition 140
Round trip time was  1.757 milliseconds in repetition 141
Round trip time was  2.963 milliseconds in repetition 142
Round trip time was  1.697 milliseconds in repetition 143
Round trip time was  2.895 milliseconds in repetition 144
Round trip time was  1.551 milliseconds in repetition 145
Round trip time was  1.968 milliseconds in repetition 146
Round trip time was  2.242 milliseconds in repetition 147
Round trip time was  1.692 milliseconds in repetition 148
Round trip time was  3.169 milliseconds in repetition 149
Round trip time was  1.943 milliseconds in repetition 150
Round trip time was  2.793 milliseconds in repetition 151
Round trip time was  1.725 milliseconds in repetition 152
Round trip time was  1.765 milliseconds in repetition 153
Round trip time was  3.648 milliseconds in repetition 154
Round trip time was  4.435 milliseconds in repetition 155
Round trip time was  2.318 milliseconds in repetition 156
Round trip time was  2.105 milliseconds in repetition 157
Round trip time was  2.405 milliseconds in repetition 158
Round trip time was  1.572 milliseconds in repetition 159
Round trip time was  1.889 milliseconds in repetition 160
Round trip time was  2.735 milliseconds in repetition 161
Round trip time was  1.796 milliseconds in repetition 162
Round trip time was  4.525 milliseconds in repetition 163
Round trip time was  3.988 milliseconds in repetition 164
Round trip time was  3.367 milliseconds in repetition 165
Round trip time was  1.829 milliseconds in repetition 166
Round trip time was  1.490 milliseconds in repetition 167
Round trip time was  5.524 milliseconds in repetition 168
Round trip time was  2.781 milliseconds in repetition 169
Round trip time was  2.957 milliseconds in repetition 170
Round trip time was  1.803 milliseconds in repetition 171
Round trip time was  3.369 milliseconds in repetition 172
Round trip time was  1.588 milliseconds in repetition 173
Round trip time was  1.916 milliseconds in repetition 174
Round trip time was  1.612 milliseconds in repetition 175
Round trip time was  3.253 milliseconds in repetition 176
Round trip time was  2.861 milliseconds in repetition 177
Round trip time was  1.996 milliseconds in repetition 178
Round trip time was  1.835 milliseconds in repetition 179
Round trip time was  3.058 milliseconds in repetition 180
Round trip time was  2.366 milliseconds in repetition 181
Round trip time was  2.936 milliseconds in repetition 182
Round trip time was  1.758 milliseconds in repetition 183
Round trip time was  3.547 milliseconds in repetition 184
Round trip time was  1.665 milliseconds in repetition 185
Round trip time was  3.122 milliseconds in repetition 186
Round trip time was  2.129 milliseconds in repetition 187
Round trip time was  2.735 milliseconds in repetition 188
Round trip time was  1.590 milliseconds in repetition 189
Round trip time was  1.869 milliseconds in repetition 190
Round trip time was  2.645 milliseconds in repetition 191
Round trip time was  1.600 milliseconds in repetition 192
Round trip time was  2.776 milliseconds in repetition 193
Round trip time was  1.841 milliseconds in repetition 194
Round trip time was  2.808 milliseconds in repetition 195
Round trip time was  1.877 milliseconds in repetition 196
Round trip time was  3.304 milliseconds in repetition 197
Round trip time was  1.772 milliseconds in repetition 198
Round trip time was  3.778 milliseconds in repetition 199
Round trip time was  2.208 milliseconds in repetition 200
Round trip time was  2.905 milliseconds in repetition 201
Round trip time was  2.257 milliseconds in repetition 202
Round trip time was  3.135 milliseconds in repetition 203
Round trip time was  1.715 milliseconds in repetition 204
Round trip time was  2.976 milliseconds in repetition 205
Round trip time was  1.734 milliseconds in repetition 206
Round trip time was  2.802 milliseconds in repetition 207
Round trip time was  1.735 milliseconds in repetition 208
Round trip time was  3.602 milliseconds in repetition 209
Round trip time was  1.728 milliseconds in repetition 210
Round trip time was  2.905 milliseconds in repetition 211
Round trip time was  1.445 milliseconds in repetition 212
Round trip time was  1.487 milliseconds in repetition 213
Round trip time was  1.661 milliseconds in repetition 214
Round trip time was  1.510 milliseconds in repetition 215
Round trip time was  1.894 milliseconds in repetition 216
Round trip time was  1.590 milliseconds in repetition 217
Round trip time was  1.679 milliseconds in repetition 218
Round trip time was  5.126 milliseconds in repetition 219
Round trip time was  4.000 milliseconds in repetition 220
Round trip time was  1.603 milliseconds in repetition 221
Round trip time was  1.740 milliseconds in repetition 222
Round trip time was  1.561 milliseconds in repetition 223
Round trip time was  1.697 milliseconds in repetition 224
Round trip time was  1.779 milliseconds in repetition 225
Round trip time was  2.569 milliseconds in repetition 226
Round trip time was  1.777 milliseconds in repetition 227
Round trip time was  1.618 milliseconds in repetition 228
Round trip time was  2.287 milliseconds in repetition 229
Round trip time was  1.760 milliseconds in repetition 230
Round trip time was  2.063 milliseconds in repetition 231
Round trip time was  1.857 milliseconds in repetition 232
Round trip time was  1.788 milliseconds in repetition 233
Round trip time was  1.580 milliseconds in repetition 234
Round trip time was  2.288 milliseconds in repetition 235
Round trip time was  1.582 milliseconds in repetition 236
Round trip time was  1.663 milliseconds in repetition 237
Round trip time was  1.701 milliseconds in repetition 238
Round trip time was  3.124 milliseconds in repetition 239
Round trip time was  2.160 milliseconds in repetition 240
Round trip time was  1.778 milliseconds in repetition 241
Round trip time was  3.782 milliseconds in repetition 242
Round trip time was  2.194 milliseconds in repetition 243
Round trip time was  3.535 milliseconds in repetition 244
Round trip time was  2.829 milliseconds in repetition 245
Round trip time was  2.017 milliseconds in repetition 246
Round trip time was  1.589 milliseconds in repetition 247
Round trip time was  2.599 milliseconds in repetition 248
Round trip time was  1.847 milliseconds in repetition 249
Round trip time was  3.214 milliseconds in repetition 250
Round trip time was  1.542 milliseconds in repetition 251
Round trip time was  1.716 milliseconds in repetition 252
Round trip time was  3.540 milliseconds in repetition 253
Round trip time was  1.681 milliseconds in repetition 254
Round trip time was  1.887 milliseconds in repetition 255
Round trip time was  3.041 milliseconds in repetition 256
Round trip time was  1.676 milliseconds in repetition 257
Round trip time was  2.526 milliseconds in repetition 258
Round trip time was  3.603 milliseconds in repetition 259
Round trip time was  1.716 milliseconds in repetition 260
Round trip time was  1.707 milliseconds in repetition 261
Round trip time was  3.347 milliseconds in repetition 262
Round trip time was  1.672 milliseconds in repetition 263
Round trip time was  4.019 milliseconds in repetition 264
Round trip time was  4.952 milliseconds in repetition 265
Round trip time was  1.727 milliseconds in repetition 266
Round trip time was  3.673 milliseconds in repetition 267
Round trip time was  1.753 milliseconds in repetition 268
Round trip time was  2.965 milliseconds in repetition 269
Round trip time was  2.597 milliseconds in repetition 270
Round trip time was  1.670 milliseconds in repetition 271
Round trip time was  2.196 milliseconds in repetition 272
Round trip time was  7.682 milliseconds in repetition 273
Round trip time was  2.335 milliseconds in repetition 274
Round trip time was  1.712 milliseconds in repetition 275
Round trip time was  3.335 milliseconds in repetition 276
Round trip time was  1.713 milliseconds in repetition 277
Round trip time was  1.886 milliseconds in repetition 278
Round trip time was  2.886 milliseconds in repetition 279
Round trip time was  3.106 milliseconds in repetition 280
Round trip time was  3.848 milliseconds in repetition 281
Round trip time was  3.535 milliseconds in repetition 282
Round trip time was  3.944 milliseconds in repetition 283
Round trip time was  1.542 milliseconds in repetition 284
Round trip time was  2.021 milliseconds in repetition 285
Round trip time was  3.410 milliseconds in repetition 286
Round trip time was  1.713 milliseconds in repetition 287
Round trip time was  2.041 milliseconds in repetition 288
Round trip time was  1.569 milliseconds in repetition 289
Round trip time was  3.028 milliseconds in repetition 290
Round trip time was  1.787 milliseconds in repetition 291
Round trip time was  4.606 milliseconds in repetition 292
Round trip time was  2.226 milliseconds in repetition 293
Round trip time was  2.033 milliseconds in repetition 294
Round trip time was  3.193 milliseconds in repetition 295
Round trip time was  1.903 milliseconds in repetition 296
Round trip time was  2.085 milliseconds in repetition 297
Round trip time was  4.051 milliseconds in repetition 298
Round trip time was  2.405 milliseconds in repetition 299
Round trip time was  2.550 milliseconds in repetition 300
Round trip time was  3.270 milliseconds in repetition 301
Round trip time was  1.773 milliseconds in repetition 302
Round trip time was  2.452 milliseconds in repetition 303
Round trip time was  3.355 milliseconds in repetition 304
Round trip time was  1.700 milliseconds in repetition 305
Round trip time was  2.166 milliseconds in repetition 306
Round trip time was  3.046 milliseconds in repetition 307
Round trip time was  4.535 milliseconds in repetition 308
Round trip time was  3.889 milliseconds in repetition 309
Round trip time was  1.760 milliseconds in repetition 310
Round trip time was  3.965 milliseconds in repetition 311
Round trip time was  1.796 milliseconds in repetition 312
Round trip time was  3.127 milliseconds in repetition 313
Round trip time was  1.920 milliseconds in repetition 314
Round trip time was  1.746 milliseconds in repetition 315
Round trip time was  3.655 milliseconds in repetition 316
Round trip time was  1.770 milliseconds in repetition 317
Round trip time was  1.979 milliseconds in repetition 318
Round trip time was  2.888 milliseconds in repetition 319
Round trip time was  1.923 milliseconds in repetition 320
Round trip time was  3.645 milliseconds in repetition 321
Round trip time was  1.793 milliseconds in repetition 322
Round trip time was  2.643 milliseconds in repetition 323
Round trip time was  2.842 milliseconds in repetition 324
Round trip time was  1.683 milliseconds in repetition 325
Round trip time was  1.959 milliseconds in repetition 326
Round trip time was  2.555 milliseconds in repetition 327
Round trip time was  1.705 milliseconds in repetition 328
Round trip time was  2.659 milliseconds in repetition 329
Round trip time was  2.703 milliseconds in repetition 330
Round trip time was  3.000 milliseconds in repetition 331
Round trip time was  3.809 milliseconds in repetition 332
Round trip time was  1.711 milliseconds in repetition 333
Round trip time was  2.957 milliseconds in repetition 334
Round trip time was  2.603 milliseconds in repetition 335
Round trip time was  1.634 milliseconds in repetition 336
Round trip time was  2.291 milliseconds in repetition 337
Round trip time was  3.007 milliseconds in repetition 338
Round trip time was  1.676 milliseconds in repetition 339
Round trip time was  3.844 milliseconds in repetition 340
Round trip time was  1.627 milliseconds in repetition 341
Round trip time was  2.578 milliseconds in repetition 342
Round trip time was  3.434 milliseconds in repetition 343
Round trip time was  2.042 milliseconds in repetition 344
Round trip time was  1.570 milliseconds in repetition 345
Round trip time was  3.835 milliseconds in repetition 346
Round trip time was  1.715 milliseconds in repetition 347
Round trip time was  1.929 milliseconds in repetition 348
Round trip time was  3.350 milliseconds in repetition 349
Round trip time was  1.641 milliseconds in repetition 350
Round trip time was  2.351 milliseconds in repetition 351
Round trip time was  3.011 milliseconds in repetition 352
Round trip time was  2.068 milliseconds in repetition 353
Round trip time was  3.803 milliseconds in repetition 354
Round trip time was  2.123 milliseconds in repetition 355
Round trip time was  2.099 milliseconds in repetition 356
Round trip time was  3.056 milliseconds in repetition 357
Round trip time was  2.925 milliseconds in repetition 358
Round trip time was  3.444 milliseconds in repetition 359
Round trip time was  2.062 milliseconds in repetition 360
Round trip time was  2.202 milliseconds in repetition 361
Round trip time was  2.966 milliseconds in repetition 362
Round trip time was  3.064 milliseconds in repetition 363
Round trip time was  4.012 milliseconds in repetition 364
Round trip time was  1.616 milliseconds in repetition 365
Round trip time was  2.201 milliseconds in repetition 366
Round trip time was  3.994 milliseconds in repetition 367
Round trip time was  2.442 milliseconds in repetition 368
Round trip time was  2.615 milliseconds in repetition 369
Round trip time was  1.808 milliseconds in repetition 370
Round trip time was  1.704 milliseconds in repetition 371
Round trip time was  4.294 milliseconds in repetition 372
Round trip time was  1.759 milliseconds in repetition 373
Round trip time was  4.034 milliseconds in repetition 374
Round trip time was  1.969 milliseconds in repetition 375
Round trip time was  3.728 milliseconds in repetition 376
Round trip time was  1.594 milliseconds in repetition 377
Round trip time was  2.000 milliseconds in repetition 378
Round trip time was  3.427 milliseconds in repetition 379
Round trip time was  1.704 milliseconds in repetition 380
Round trip time was  2.027 milliseconds in repetition 381
Round trip time was  3.028 milliseconds in repetition 382
Round trip time was  1.890 milliseconds in repetition 383
Round trip time was  5.175 milliseconds in repetition 384
Round trip time was  2.206 milliseconds in repetition 385
Round trip time was  4.176 milliseconds in repetition 386
Round trip time was  2.241 milliseconds in repetition 387
Round trip time was  1.805 milliseconds in repetition 388
Round trip time was  2.679 milliseconds in repetition 389
Round trip time was  2.653 milliseconds in repetition 390
Round trip time was  1.574 milliseconds in repetition 391
Round trip time was  3.471 milliseconds in repetition 392
Round trip time was  1.856 milliseconds in repetition 393
Round trip time was  2.710 milliseconds in repetition 394
Round trip time was  2.174 milliseconds in repetition 395
Round trip time was  1.971 milliseconds in repetition 396
Round trip time was  3.532 milliseconds in repetition 397
Round trip time was  1.907 milliseconds in repetition 398
Round trip time was  2.048 milliseconds in repetition 399
Round trip time was  2.536 milliseconds in repetition 400
Round trip time was  1.657 milliseconds in repetition 401
Round trip time was  1.988 milliseconds in repetition 402
Round trip time was  2.974 milliseconds in repetition 403
Round trip time was  1.851 milliseconds in repetition 404
Round trip time was  3.284 milliseconds in repetition 405
Round trip time was  1.869 milliseconds in repetition 406
Round trip time was  3.515 milliseconds in repetition 407
Round trip time was  2.565 milliseconds in repetition 408
Round trip time was  1.756 milliseconds in repetition 409
Round trip time was  2.629 milliseconds in repetition 410
Round trip time was  3.593 milliseconds in repetition 411
Round trip time was  1.733 milliseconds in repetition 412
Round trip time was  5.171 milliseconds in repetition 413
Round trip time was  1.805 milliseconds in repetition 414
Round trip time was  1.987 milliseconds in repetition 415
Round trip time was  3.451 milliseconds in repetition 416
Round trip time was  1.705 milliseconds in repetition 417
Round trip time was  2.143 milliseconds in repetition 418
Round trip time was  2.731 milliseconds in repetition 419
Round trip time was  1.844 milliseconds in repetition 420
Round trip time was  4.764 milliseconds in repetition 421
Round trip time was  3.025 milliseconds in repetition 422
Round trip time was  5.019 milliseconds in repetition 423
Round trip time was  2.188 milliseconds in repetition 424
Round trip time was  2.087 milliseconds in repetition 425
Round trip time was  3.178 milliseconds in repetition 426
Round trip time was  1.836 milliseconds in repetition 427
Round trip time was  4.071 milliseconds in repetition 428
Round trip time was  1.739 milliseconds in repetition 429
Round trip time was  2.190 milliseconds in repetition 430
Round trip time was  2.681 milliseconds in repetition 431
Round trip time was  1.839 milliseconds in repetition 432
Round trip time was  3.809 milliseconds in repetition 433
Round trip time was  1.570 milliseconds in repetition 434
Round trip time was  2.084 milliseconds in repetition 435
Round trip time was  3.219 milliseconds in repetition 436
Round trip time was  1.731 milliseconds in repetition 437
Round trip time was  3.578 milliseconds in repetition 438
Round trip time was  1.501 milliseconds in repetition 439
Round trip time was  1.887 milliseconds in repetition 440
Round trip time was  3.803 milliseconds in repetition 441
Round trip time was  1.653 milliseconds in repetition 442
Round trip time was  1.926 milliseconds in repetition 443
Round trip time was  3.037 milliseconds in repetition 444
Round trip time was  1.822 milliseconds in repetition 445
Round trip time was  3.621 milliseconds in repetition 446
Round trip time was  1.713 milliseconds in repetition 447
Round trip time was  3.464 milliseconds in repetition 448
Round trip time was  1.710 milliseconds in repetition 449
Round trip time was  1.978 milliseconds in repetition 450
Round trip time was  2.541 milliseconds in repetition 451
Round trip time was  2.228 milliseconds in repetition 452
Round trip time was  2.279 milliseconds in repetition 453
Round trip time was  3.362 milliseconds in repetition 454
Round trip time was  1.937 milliseconds in repetition 455
Round trip time was  1.978 milliseconds in repetition 456
Round trip time was  3.171 milliseconds in repetition 457
Round trip time was  1.872 milliseconds in repetition 458
Round trip time was  3.652 milliseconds in repetition 459
Round trip time was  1.665 milliseconds in repetition 460
Round trip time was  1.989 milliseconds in repetition 461
Round trip time was  4.017 milliseconds in repetition 462
Round trip time was  1.737 milliseconds in repetition 463
Round trip time was  2.300 milliseconds in repetition 464
Round trip time was  1.572 milliseconds in repetition 465
Round trip time was  3.656 milliseconds in repetition 466
Round trip time was  1.930 milliseconds in repetition 467
Round trip time was  4.852 milliseconds in repetition 468
Round trip time was  1.597 milliseconds in repetition 469
Round trip time was  1.991 milliseconds in repetition 470
Round trip time was  3.453 milliseconds in repetition 471
Round trip time was  1.909 milliseconds in repetition 472
Round trip time was  3.086 milliseconds in repetition 473
Round trip time was  1.985 milliseconds in repetition 474
Round trip time was  1.886 milliseconds in repetition 475
Round trip time was  3.945 milliseconds in repetition 476
Round trip time was  3.323 milliseconds in repetition 477
Round trip time was  1.597 milliseconds in repetition 478
Round trip time was  2.775 milliseconds in repetition 479
Round trip time was  1.844 milliseconds in repetition 480
Round trip time was  5.881 milliseconds in repetition 481
Round trip time was  2.559 milliseconds in repetition 482
Round trip time was  4.348 milliseconds in repetition 483
Round trip time was  2.737 milliseconds in repetition 484
Round trip time was  4.178 milliseconds in repetition 485
Round trip time was  1.944 milliseconds in repetition 486
Round trip time was  4.282 milliseconds in repetition 487
Round trip time was  1.645 milliseconds in repetition 488
Round trip time was  2.121 milliseconds in repetition 489
Round trip time was  2.581 milliseconds in repetition 490
Round trip time was  1.762 milliseconds in repetition 491
Round trip time was  1.790 milliseconds in repetition 492
Round trip time was  3.923 milliseconds in repetition 493
Round trip time was  2.752 milliseconds in repetition 494
Round trip time was  4.433 milliseconds in repetition 495
Round trip time was  2.296 milliseconds in repetition 496
Round trip time was  2.826 milliseconds in repetition 497
Round trip time was  2.575 milliseconds in repetition 498
Round trip time was  2.948 milliseconds in repetition 499
Round trip time was  3.547 milliseconds in repetition 500
Round trip time was  1.473 milliseconds in repetition 501

 ... clock resolution was 1e-06
UDP Ping:  Statistics over 501 repetitions of 16384 byte messages

RTT : percentile 10: 1.67906, median: 2.45179, percentile 90: 4.00011, average: 2.96907, variance: 39.0489

RTT histogram:
1.24687 473
8.20286 27
15.1589 0
22.1149 0
29.0709 0
36.0269 0
42.9829 0
49.9389 0
56.8949 0
63.8509 0
70.8069 0
77.7629 0
84.7189 0
91.6748 0
98.6308 0
105.587 0
112.543 0
119.499 0
126.455 0
133.411 0
140.367 1

   median Throughput : 13364.9 KB/s   overall Throughput : 11036.4 KB/s

