UDP Ping trying to connect to server 130.251.61.30 (130.251.61.30) on TCP port 1491
 ... connected to Pong server: asking for 501 repetitions of 512 _bytes UDP messages
 ... Pong server agreed to ping-pong using port 51708 :-)
Round trip time was  6.546 milliseconds in repetition 1
Round trip time was  1.376 milliseconds in repetition 2
Round trip time was  1.119 milliseconds in repetition 3
Round trip time was  0.874 milliseconds in repetition 4
Round trip time was  2.436 milliseconds in repetition 5
Round trip time was  1.573 milliseconds in repetition 6
Round trip time was  1.072 milliseconds in repetition 7
Round trip time was  2.017 milliseconds in repetition 8
Round trip time was  1.418 milliseconds in repetition 9
Round trip time was  1.223 milliseconds in repetition 10
Round trip time was  0.758 milliseconds in repetition 11
Round trip time was  0.708 milliseconds in repetition 12
Round trip time was  1.016 milliseconds in repetition 13
Round trip time was  0.665 milliseconds in repetition 14
Round trip time was  0.819 milliseconds in repetition 15
Round trip time was  1.189 milliseconds in repetition 16
Round trip time was  1.000 milliseconds in repetition 17
Round trip time was  1.304 milliseconds in repetition 18
Round trip time was  0.892 milliseconds in repetition 19
Round trip time was  1.184 milliseconds in repetition 20
Round trip time was  0.351 milliseconds in repetition 21
Round trip time was  0.395 milliseconds in repetition 22
Round trip time was  0.311 milliseconds in repetition 23
Round trip time was  0.366 milliseconds in repetition 24
Round trip time was  0.793 milliseconds in repetition 25
Round trip time was  0.323 milliseconds in repetition 26
Round trip time was  0.439 milliseconds in repetition 27
Round trip time was  0.320 milliseconds in repetition 28
Round trip time was  0.418 milliseconds in repetition 29
Round trip time was  0.819 milliseconds in repetition 30
Round trip time was  0.281 milliseconds in repetition 31
Round trip time was  0.293 milliseconds in repetition 32
Round trip time was  0.496 milliseconds in repetition 33
Round trip time was  0.572 milliseconds in repetition 34
Round trip time was  0.775 milliseconds in repetition 35
Round trip time was  0.302 milliseconds in repetition 36
Round trip time was  0.403 milliseconds in repetition 37
Round trip time was  0.423 milliseconds in repetition 38
Round trip time was  0.974 milliseconds in repetition 39
Round trip time was  0.289 milliseconds in repetition 40
Round trip time was  0.283 milliseconds in repetition 41
Round trip time was  0.364 milliseconds in repetition 42
Round trip time was  0.331 milliseconds in repetition 43
Round trip time was  0.293 milliseconds in repetition 44
Round trip time was  0.749 milliseconds in repetition 45
Round trip time was  0.265 milliseconds in repetition 46
Round trip time was  0.377 milliseconds in repetition 47
Round trip time was  0.305 milliseconds in repetition 48
Round trip time was  0.343 milliseconds in repetition 49
Round trip time was  0.895 milliseconds in repetition 50
Round trip time was  0.274 milliseconds in repetition 51
Round trip time was  0.351 milliseconds in repetition 52
Round trip time was  0.395 milliseconds in repetition 53
Round trip time was  0.341 milliseconds in repetition 54
Round trip time was  0.779 milliseconds in repetition 55
Round trip time was  0.372 milliseconds in repetition 56
Round trip time was  0.283 milliseconds in repetition 57
Round trip time was  0.305 milliseconds in repetition 58
Round trip time was  0.324 milliseconds in repetition 59
Round trip time was  0.246 milliseconds in repetition 60
Round trip time was  0.738 milliseconds in repetition 61
Round trip time was  0.283 milliseconds in repetition 62
Round trip time was  0.534 milliseconds in repetition 63
Round trip time was  0.378 milliseconds in repetition 64
Round trip time was  1.037 milliseconds in repetition 65
Round trip time was  0.291 milliseconds in repetition 66
Round trip time was  0.245 milliseconds in repetition 67
Round trip time was  0.417 milliseconds in repetition 68
Round trip time was  0.444 milliseconds in repetition 69
Round trip time was  0.845 milliseconds in repetition 70
Round trip time was  0.269 milliseconds in repetition 71
Round trip time was  0.382 milliseconds in repetition 72
Round trip time was  0.425 milliseconds in repetition 73
Round trip time was  0.288 milliseconds in repetition 74
Round trip time was  1.728 milliseconds in repetition 75
Round trip time was  1.267 milliseconds in repetition 76
Round trip time was  1.309 milliseconds in repetition 77
Round trip time was  0.277 milliseconds in repetition 78
Round trip time was  0.350 milliseconds in repetition 79
Round trip time was  0.784 milliseconds in repetition 80
Round trip time was  1.761 milliseconds in repetition 81
Round trip time was  1.734 milliseconds in repetition 82
Round trip time was  1.839 milliseconds in repetition 83
Round trip time was  0.481 milliseconds in repetition 84
Round trip time was  0.369 milliseconds in repetition 85
Round trip time was  0.489 milliseconds in repetition 86
Round trip time was  0.358 milliseconds in repetition 87
Round trip time was  0.783 milliseconds in repetition 88
Round trip time was  0.290 milliseconds in repetition 89
Round trip time was  0.938 milliseconds in repetition 90
Round trip time was  1.375 milliseconds in repetition 91
Round trip time was  0.271 milliseconds in repetition 92
Round trip time was  0.368 milliseconds in repetition 93
Round trip time was  0.495 milliseconds in repetition 94
Round trip time was  1.305 milliseconds in repetition 95
Round trip time was  0.298 milliseconds in repetition 96
Round trip time was  0.478 milliseconds in repetition 97
Round trip time was  0.669 milliseconds in repetition 98
Round trip time was  0.987 milliseconds in repetition 99
Round trip time was  0.273 milliseconds in repetition 100
Round trip time was  0.369 milliseconds in repetition 101
Round trip time was  0.363 milliseconds in repetition 102
Round trip time was  0.308 milliseconds in repetition 103
Round trip time was  0.957 milliseconds in repetition 104
Round trip time was  0.258 milliseconds in repetition 105
Round trip time was  0.494 milliseconds in repetition 106
Round trip time was  0.454 milliseconds in repetition 107
Round trip time was  0.266 milliseconds in repetition 108
Round trip time was  0.788 milliseconds in repetition 109
Round trip time was  0.275 milliseconds in repetition 110
Round trip time was  0.325 milliseconds in repetition 111
Round trip time was  0.440 milliseconds in repetition 112
Round trip time was  0.292 milliseconds in repetition 113
Round trip time was  0.849 milliseconds in repetition 114
Round trip time was  0.294 milliseconds in repetition 115
Round trip time was  0.274 milliseconds in repetition 116
Round trip time was  0.316 milliseconds in repetition 117
Round trip time was  0.302 milliseconds in repetition 118
Round trip time was  0.276 milliseconds in repetition 119
Round trip time was  0.775 milliseconds in repetition 120
Round trip time was  0.274 milliseconds in repetition 121
Round trip time was  0.345 milliseconds in repetition 122
Round trip time was  0.314 milliseconds in repetition 123
Round trip time was  0.337 milliseconds in repetition 124
Round trip time was  0.762 milliseconds in repetition 125
Round trip time was  0.280 milliseconds in repetition 126
Round trip time was  0.313 milliseconds in repetition 127
Round trip time was  0.301 milliseconds in repetition 128
Round trip time was  0.316 milliseconds in repetition 129
Round trip time was  1.026 milliseconds in repetition 130
Round trip time was  0.253 milliseconds in repetition 131
Round trip time was  0.299 milliseconds in repetition 132
Round trip time was  0.292 milliseconds in repetition 133
Round trip time was  1.360 milliseconds in repetition 134
Round trip time was  0.787 milliseconds in repetition 135
Round trip time was  0.296 milliseconds in repetition 136
Round trip time was  0.437 milliseconds in repetition 137
Round trip time was  0.698 milliseconds in repetition 138
Round trip time was  1.133 milliseconds in repetition 139
Round trip time was  0.284 milliseconds in repetition 140
Round trip time was  0.379 milliseconds in repetition 141
Round trip time was  0.317 milliseconds in repetition 142
Round trip time was  0.316 milliseconds in repetition 143
Round trip time was  0.756 milliseconds in repetition 144
Round trip time was  0.272 milliseconds in repetition 145
Round trip time was  0.282 milliseconds in repetition 146
Round trip time was  0.341 milliseconds in repetition 147
Round trip time was  0.337 milliseconds in repetition 148
Round trip time was  0.829 milliseconds in repetition 149
Round trip time was  0.286 milliseconds in repetition 150
Round trip time was  0.346 milliseconds in repetition 151
Round trip time was  0.943 milliseconds in repetition 152
Round trip time was  0.917 milliseconds in repetition 153
Round trip time was  0.286 milliseconds in repetition 154
Round trip time was  0.320 milliseconds in repetition 155
Round trip time was  0.362 milliseconds in repetition 156
Round trip time was  0.480 milliseconds in repetition 157
Round trip time was  0.823 milliseconds in repetition 158
Round trip time was  0.276 milliseconds in repetition 159
Round trip time was  0.287 milliseconds in repetition 160
Round trip time was  0.342 milliseconds in repetition 161
Round trip time was  0.690 milliseconds in repetition 162
Round trip time was  0.784 milliseconds in repetition 163
Round trip time was  0.441 milliseconds in repetition 164
Round trip time was  0.588 milliseconds in repetition 165
Round trip time was  0.242 milliseconds in repetition 166
Round trip time was  1.103 milliseconds in repetition 167
Round trip time was  0.275 milliseconds in repetition 168
Round trip time was  0.300 milliseconds in repetition 169
Round trip time was  0.398 milliseconds in repetition 170
Round trip time was  0.396 milliseconds in repetition 171
Round trip time was  0.439 milliseconds in repetition 172
Round trip time was  0.852 milliseconds in repetition 173
Round trip time was  0.296 milliseconds in repetition 174
Round trip time was  0.548 milliseconds in repetition 175
Round trip time was  0.488 milliseconds in repetition 176
Round trip time was  0.910 milliseconds in repetition 177
Round trip time was  0.297 milliseconds in repetition 178
Round trip time was  0.316 milliseconds in repetition 179
Round trip time was  0.431 milliseconds in repetition 180
Round trip time was  0.293 milliseconds in repetition 181
Round trip time was  0.306 milliseconds in repetition 182
Round trip time was  0.869 milliseconds in repetition 183
Round trip time was  0.287 milliseconds in repetition 184
Round trip time was  0.876 milliseconds in repetition 185
Round trip time was  0.584 milliseconds in repetition 186
Round trip time was  1.215 milliseconds in repetition 187
Round trip time was  0.270 milliseconds in repetition 188
Round trip time was  0.349 milliseconds in repetition 189
Round trip time was  0.366 milliseconds in repetition 190
Round trip time was  1.076 milliseconds in repetition 191
Round trip time was  0.912 milliseconds in repetition 192
Round trip time was  0.432 milliseconds in repetition 193
Round trip time was  0.650 milliseconds in repetition 194
Round trip time was  0.346 milliseconds in repetition 195
Round trip time was  0.797 milliseconds in repetition 196
Round trip time was  0.290 milliseconds in repetition 197
Round trip time was  0.406 milliseconds in repetition 198
Round trip time was  0.370 milliseconds in repetition 199
Round trip time was  1.308 milliseconds in repetition 200
Round trip time was  0.320 milliseconds in repetition 201
Round trip time was  0.445 milliseconds in repetition 202
Round trip time was  0.279 milliseconds in repetition 203
Round trip time was  0.314 milliseconds in repetition 204
Round trip time was  3.567 milliseconds in repetition 205
Round trip time was  0.876 milliseconds in repetition 206
Round trip time was  0.801 milliseconds in repetition 207
Round trip time was  0.805 milliseconds in repetition 208
Round trip time was  0.501 milliseconds in repetition 209
Round trip time was  0.510 milliseconds in repetition 210
Round trip time was  0.287 milliseconds in repetition 211
Round trip time was  1.042 milliseconds in repetition 212
Round trip time was  0.304 milliseconds in repetition 213
Round trip time was  0.354 milliseconds in repetition 214
Round trip time was  0.271 milliseconds in repetition 215
Round trip time was  0.368 milliseconds in repetition 216
Round trip time was  1.071 milliseconds in repetition 217
Round trip time was  1.068 milliseconds in repetition 218
Round trip time was  0.858 milliseconds in repetition 219
Round trip time was  1.720 milliseconds in repetition 220
Round trip time was  0.294 milliseconds in repetition 221
Round trip time was  0.304 milliseconds in repetition 222
Round trip time was  0.495 milliseconds in repetition 223
Round trip time was  0.442 milliseconds in repetition 224
Round trip time was  0.868 milliseconds in repetition 225
Round trip time was  0.341 milliseconds in repetition 226
Round trip time was  0.438 milliseconds in repetition 227
Round trip time was  0.449 milliseconds in repetition 228
Round trip time was  0.333 milliseconds in repetition 229
Round trip time was  0.794 milliseconds in repetition 230
Round trip time was  0.291 milliseconds in repetition 231
Round trip time was  0.241 milliseconds in repetition 232
Round trip time was  0.637 milliseconds in repetition 233
Round trip time was  0.411 milliseconds in repetition 234
Round trip time was  0.892 milliseconds in repetition 235
Round trip time was  1.472 milliseconds in repetition 236
Round trip time was  0.349 milliseconds in repetition 237
Round trip time was  0.326 milliseconds in repetition 238
Round trip time was  2.068 milliseconds in repetition 239
Round trip time was  0.571 milliseconds in repetition 240
Round trip time was  0.405 milliseconds in repetition 241
Round trip time was  0.904 milliseconds in repetition 242
Round trip time was  1.586 milliseconds in repetition 243
Round trip time was  0.670 milliseconds in repetition 244
Round trip time was  0.392 milliseconds in repetition 245
Round trip time was  0.755 milliseconds in repetition 246
Round trip time was  0.878 milliseconds in repetition 247
Round trip time was  0.270 milliseconds in repetition 248
Round trip time was  0.446 milliseconds in repetition 249
Round trip time was  0.412 milliseconds in repetition 250
Round trip time was  1.190 milliseconds in repetition 251
Round trip time was  0.293 milliseconds in repetition 252
Round trip time was  0.755 milliseconds in repetition 253
Round trip time was  2.714 milliseconds in repetition 254
Round trip time was  2.928 milliseconds in repetition 255
Round trip time was  2.571 milliseconds in repetition 256
Round trip time was  0.305 milliseconds in repetition 257
Round trip time was  0.269 milliseconds in repetition 258
Round trip time was  0.321 milliseconds in repetition 259
Round trip time was  0.325 milliseconds in repetition 260
Round trip time was  0.444 milliseconds in repetition 261
Round trip time was  1.217 milliseconds in repetition 262
Round trip time was  0.283 milliseconds in repetition 263
Round trip time was  0.340 milliseconds in repetition 264
Round trip time was  0.568 milliseconds in repetition 265
Round trip time was  1.123 milliseconds in repetition 266
Round trip time was  0.281 milliseconds in repetition 267
Round trip time was  0.307 milliseconds in repetition 268
Round trip time was  0.391 milliseconds in repetition 269
Round trip time was  0.400 milliseconds in repetition 270
Round trip time was  0.313 milliseconds in repetition 271
Round trip time was  0.868 milliseconds in repetition 272
Round trip time was  0.246 milliseconds in repetition 273
Round trip time was  0.276 milliseconds in repetition 274
Round trip time was  0.384 milliseconds in repetition 275
Round trip time was  0.636 milliseconds in repetition 276
Round trip time was  0.780 milliseconds in repetition 277
Round trip time was  0.264 milliseconds in repetition 278
Round trip time was  0.364 milliseconds in repetition 279
Round trip time was  0.343 milliseconds in repetition 280
Round trip time was  0.324 milliseconds in repetition 281
Round trip time was  0.852 milliseconds in repetition 282
Round trip time was  0.266 milliseconds in repetition 283
Round trip time was  0.380 milliseconds in repetition 284
Round trip time was  0.321 milliseconds in repetition 285
Round trip time was  1.326 milliseconds in repetition 286
Round trip time was  0.275 milliseconds in repetition 287
Round trip time was  0.270 milliseconds in repetition 288
Round trip time was  0.435 milliseconds in repetition 289
Round trip time was  0.541 milliseconds in repetition 290
Round trip time was  0.328 milliseconds in repetition 291
Round trip time was  0.688 milliseconds in repetition 292
Round trip time was  0.280 milliseconds in repetition 293
Round trip time was  0.352 milliseconds in repetition 294
Round trip time was  0.607 milliseconds in repetition 295
Round trip time was  0.368 milliseconds in repetition 296
Round trip time was  0.710 milliseconds in repetition 297
Round trip time was  0.248 milliseconds in repetition 298
Round trip time was  0.253 milliseconds in repetition 299
Round trip time was  0.356 milliseconds in repetition 300
Round trip time was  0.313 milliseconds in repetition 301
Round trip time was  1.405 milliseconds in repetition 302
Round trip time was  0.459 milliseconds in repetition 303
Round trip time was  0.276 milliseconds in repetition 304
Round trip time was  0.385 milliseconds in repetition 305
Round trip time was  0.317 milliseconds in repetition 306
Round trip time was  0.710 milliseconds in repetition 307
Round trip time was  0.299 milliseconds in repetition 308
Round trip time was  0.273 milliseconds in repetition 309
Round trip time was  0.385 milliseconds in repetition 310
Round trip time was  0.358 milliseconds in repetition 311
Round trip time was  0.263 milliseconds in repetition 312
Round trip time was  0.743 milliseconds in repetition 313
Round trip time was  0.266 milliseconds in repetition 314
Round trip time was  0.331 milliseconds in repetition 315
Round trip time was  0.716 milliseconds in repetition 316
Round trip time was  0.928 milliseconds in repetition 317
Round trip time was  0.295 milliseconds in repetition 318
Round trip time was  0.642 milliseconds in repetition 319
Round trip time was  0.806 milliseconds in repetition 320
Round trip time was  1.317 milliseconds in repetition 321
Round trip time was  0.376 milliseconds in repetition 322
Round trip time was  0.357 milliseconds in repetition 323
Round trip time was  0.331 milliseconds in repetition 324
Round trip time was  0.377 milliseconds in repetition 325
Round trip time was  0.821 milliseconds in repetition 326
Round trip time was  0.265 milliseconds in repetition 327
Round trip time was  0.266 milliseconds in repetition 328
Round trip time was  0.376 milliseconds in repetition 329
Round trip time was  0.388 milliseconds in repetition 330
Round trip time was  1.021 milliseconds in repetition 331
Round trip time was  0.280 milliseconds in repetition 332
Round trip time was  0.319 milliseconds in repetition 333
Round trip time was  0.626 milliseconds in repetition 334
Round trip time was  0.296 milliseconds in repetition 335
Round trip time was  0.756 milliseconds in repetition 336
Round trip time was  0.271 milliseconds in repetition 337
Round trip time was  0.697 milliseconds in repetition 338
Round trip time was  0.382 milliseconds in repetition 339
Round trip time was  0.900 milliseconds in repetition 340
Round trip time was  0.273 milliseconds in repetition 341
Round trip time was  0.271 milliseconds in repetition 342
Round trip time was  0.746 milliseconds in repetition 343
Round trip time was  0.394 milliseconds in repetition 344
Round trip time was  0.771 milliseconds in repetition 345
Round trip time was  0.316 milliseconds in repetition 346
Round trip time was  0.352 milliseconds in repetition 347
Round trip time was  0.392 milliseconds in repetition 348
Round trip time was  0.521 milliseconds in repetition 349
Round trip time was  0.867 milliseconds in repetition 350
Round trip time was  0.379 milliseconds in repetition 351
Round trip time was  0.277 milliseconds in repetition 352
Round trip time was  0.360 milliseconds in repetition 353
Round trip time was  0.427 milliseconds in repetition 354
Round trip time was  0.349 milliseconds in repetition 355
Round trip time was  0.846 milliseconds in repetition 356
Round trip time was  0.282 milliseconds in repetition 357
Round trip time was  0.308 milliseconds in repetition 358
Round trip time was  0.324 milliseconds in repetition 359
Round trip time was  0.312 milliseconds in repetition 360
Round trip time was  0.296 milliseconds in repetition 361
Round trip time was  0.778 milliseconds in repetition 362
Round trip time was  0.296 milliseconds in repetition 363
Round trip time was  0.360 milliseconds in repetition 364
Round trip time was  0.375 milliseconds in repetition 365
Round trip time was  0.316 milliseconds in repetition 366
Round trip time was  0.814 milliseconds in repetition 367
Round trip time was  0.278 milliseconds in repetition 368
Round trip time was  0.292 milliseconds in repetition 369
Round trip time was  0.361 milliseconds in repetition 370
Round trip time was  0.308 milliseconds in repetition 371
Round trip time was  0.968 milliseconds in repetition 372
Round trip time was  0.283 milliseconds in repetition 373
Round trip time was  0.414 milliseconds in repetition 374
Round trip time was  0.346 milliseconds in repetition 375
Round trip time was  0.328 milliseconds in repetition 376
Round trip time was  0.863 milliseconds in repetition 377
Round trip time was  0.288 milliseconds in repetition 378
Round trip time was  0.297 milliseconds in repetition 379
Round trip time was  0.767 milliseconds in repetition 380
Round trip time was  0.415 milliseconds in repetition 381
Round trip time was  0.742 milliseconds in repetition 382
Round trip time was  0.276 milliseconds in repetition 383
Round trip time was  0.405 milliseconds in repetition 384
Round trip time was  0.677 milliseconds in repetition 385
Round trip time was  0.726 milliseconds in repetition 386
Round trip time was  0.284 milliseconds in repetition 387
Round trip time was  0.298 milliseconds in repetition 388
Round trip time was  0.314 milliseconds in repetition 389
Round trip time was  0.275 milliseconds in repetition 390
Round trip time was  0.305 milliseconds in repetition 391
Round trip time was  0.720 milliseconds in repetition 392
Round trip time was  0.273 milliseconds in repetition 393
Round trip time was  0.385 milliseconds in repetition 394
Round trip time was  0.255 milliseconds in repetition 395
Round trip time was  0.418 milliseconds in repetition 396
Round trip time was  0.791 milliseconds in repetition 397
Round trip time was  0.283 milliseconds in repetition 398
Round trip time was  0.320 milliseconds in repetition 399
Round trip time was  0.269 milliseconds in repetition 400
Round trip time was  0.316 milliseconds in repetition 401
Round trip time was  0.793 milliseconds in repetition 402
Round trip time was  0.287 milliseconds in repetition 403
Round trip time was  0.330 milliseconds in repetition 404
Round trip time was  0.266 milliseconds in repetition 405
Round trip time was  0.322 milliseconds in repetition 406
Round trip time was  0.738 milliseconds in repetition 407
Round trip time was  0.274 milliseconds in repetition 408
Round trip time was  0.396 milliseconds in repetition 409
Round trip time was  0.533 milliseconds in repetition 410
Round trip time was  0.505 milliseconds in repetition 411
Round trip time was  0.698 milliseconds in repetition 412
Round trip time was  0.340 milliseconds in repetition 413
Round trip time was  0.507 milliseconds in repetition 414
Round trip time was  0.290 milliseconds in repetition 415
Round trip time was  0.315 milliseconds in repetition 416
Round trip time was  0.799 milliseconds in repetition 417
Round trip time was  0.276 milliseconds in repetition 418
Round trip time was  0.368 milliseconds in repetition 419
Round trip time was  0.317 milliseconds in repetition 420
Round trip time was  0.284 milliseconds in repetition 421
Round trip time was  0.760 milliseconds in repetition 422
Round trip time was  0.276 milliseconds in repetition 423
Round trip time was  0.401 milliseconds in repetition 424
Round trip time was  0.281 milliseconds in repetition 425
Round trip time was  0.327 milliseconds in repetition 426
Round trip time was  0.737 milliseconds in repetition 427
Round trip time was  0.267 milliseconds in repetition 428
Round trip time was  0.285 milliseconds in repetition 429
Round trip time was  0.394 milliseconds in repetition 430
Round trip time was  0.292 milliseconds in repetition 431
Round trip time was  1.088 milliseconds in repetition 432
Round trip time was  0.282 milliseconds in repetition 433
Round trip time was  0.300 milliseconds in repetition 434
Round trip time was  0.397 milliseconds in repetition 435
Round trip time was  0.405 milliseconds in repetition 436
Round trip time was  0.613 milliseconds in repetition 437
Round trip time was  0.718 milliseconds in repetition 438
Round trip time was  0.268 milliseconds in repetition 439
Round trip time was  0.268 milliseconds in repetition 440
Round trip time was  0.367 milliseconds in repetition 441
Round trip time was  0.358 milliseconds in repetition 442
Round trip time was  1.020 milliseconds in repetition 443
Round trip time was  0.259 milliseconds in repetition 444
Round trip time was  0.261 milliseconds in repetition 445
Round trip time was  0.346 milliseconds in repetition 446
Round trip time was  0.364 milliseconds in repetition 447
Round trip time was  1.055 milliseconds in repetition 448
Round trip time was  0.278 milliseconds in repetition 449
Round trip time was  0.324 milliseconds in repetition 450
Round trip time was  0.278 milliseconds in repetition 451
Round trip time was  0.341 milliseconds in repetition 452
Round trip time was  0.450 milliseconds in repetition 453
Round trip time was  0.885 milliseconds in repetition 454
Round trip time was  0.278 milliseconds in repetition 455
Round trip time was  0.373 milliseconds in repetition 456
Round trip time was  0.376 milliseconds in repetition 457
Round trip time was  0.293 milliseconds in repetition 458
Round trip time was  0.795 milliseconds in repetition 459
Round trip time was  0.249 milliseconds in repetition 460
Round trip time was  0.254 milliseconds in repetition 461
Round trip time was  0.306 milliseconds in repetition 462
Round trip time was  0.410 milliseconds in repetition 463
Round trip time was  0.932 milliseconds in repetition 464
Round trip time was  0.383 milliseconds in repetition 465
Round trip time was  0.280 milliseconds in repetition 466
Round trip time was  0.349 milliseconds in repetition 467
Round trip time was  0.855 milliseconds in repetition 468
Round trip time was  0.286 milliseconds in repetition 469
Round trip time was  0.301 milliseconds in repetition 470
Round trip time was  0.356 milliseconds in repetition 471
Round trip time was  0.314 milliseconds in repetition 472
Round trip time was  0.802 milliseconds in repetition 473
Round trip time was  0.270 milliseconds in repetition 474
Round trip time was  0.413 milliseconds in repetition 475
Round trip time was  0.486 milliseconds in repetition 476
Round trip time was  0.371 milliseconds in repetition 477
Round trip time was  0.701 milliseconds in repetition 478
Round trip time was  0.303 milliseconds in repetition 479
Round trip time was  0.306 milliseconds in repetition 480
Round trip time was  0.492 milliseconds in repetition 481
Round trip time was  0.322 milliseconds in repetition 482
Round trip time was  0.756 milliseconds in repetition 483
Round trip time was  0.245 milliseconds in repetition 484
Round trip time was  0.230 milliseconds in repetition 485
Round trip time was  0.422 milliseconds in repetition 486
Round trip time was  0.353 milliseconds in repetition 487
Round trip time was  0.764 milliseconds in repetition 488
Round trip time was  0.258 milliseconds in repetition 489
Round trip time was  0.247 milliseconds in repetition 490
Round trip time was  0.333 milliseconds in repetition 491
Round trip time was  0.258 milliseconds in repetition 492
Round trip time was  0.352 milliseconds in repetition 493
Round trip time was  0.809 milliseconds in repetition 494
Round trip time was  0.288 milliseconds in repetition 495
Round trip time was  0.415 milliseconds in repetition 496
Round trip time was  0.308 milliseconds in repetition 497
Round trip time was  1.038 milliseconds in repetition 498
Round trip time was  0.272 milliseconds in repetition 499
Round trip time was  0.276 milliseconds in repetition 500
Round trip time was  0.346 milliseconds in repetition 501

 ... clock resolution was 1e-06
UDP Ping:  Statistics over 501 repetitions of 512 byte messages

RTT : percentile 10: 0.274326, median: 0.37113, percentile 90: 1.01618, average: 0.559, variance: 0.232799

RTT histogram:
0.230415 271
0.54621 92
0.862005 88
1.1778 29
1.49359 8
1.80939 5
2.12518 2
2.44098 2
2.75677 1
3.07257 1
3.38836 0
3.70416 1
4.01995 0
4.33575 0
4.65154 0
4.96733 0
5.28313 0
5.59892 0
5.91472 0
6.23051 0
6.54631 1

   median Throughput : 2759.14 KB/s   overall Throughput : 1831.84 KB/s

