UDP Ping trying to connect to server 130.251.61.30 (130.251.61.30) on TCP port 1491
 ... connected to Pong server: asking for 501 repetitions of 2048 _bytes UDP messages
 ... Pong server agreed to ping-pong using port 51708 :-)
Round trip time was 19.674 milliseconds in repetition 1
Round trip time was  1.925 milliseconds in repetition 2
Round trip time was  1.449 milliseconds in repetition 3
Round trip time was  2.370 milliseconds in repetition 4
Round trip time was  1.694 milliseconds in repetition 5
Round trip time was  2.057 milliseconds in repetition 6
Round trip time was  1.081 milliseconds in repetition 7
Round trip time was  0.944 milliseconds in repetition 8
Round trip time was  1.396 milliseconds in repetition 9
Round trip time was  1.490 milliseconds in repetition 10
Round trip time was  1.455 milliseconds in repetition 11
Round trip time was  1.117 milliseconds in repetition 12
Round trip time was  1.431 milliseconds in repetition 13
Round trip time was  1.028 milliseconds in repetition 14
Round trip time was  1.119 milliseconds in repetition 15
Round trip time was  1.077 milliseconds in repetition 16
Round trip time was  1.278 milliseconds in repetition 17
Round trip time was  1.397 milliseconds in repetition 18
Round trip time was  1.106 milliseconds in repetition 19
Round trip time was  1.264 milliseconds in repetition 20
Round trip time was  0.434 milliseconds in repetition 21
Round trip time was  0.577 milliseconds in repetition 22
Round trip time was  0.679 milliseconds in repetition 23
Round trip time was  1.000 milliseconds in repetition 24
Round trip time was  0.534 milliseconds in repetition 25
Round trip time was  0.657 milliseconds in repetition 26
Round trip time was  1.321 milliseconds in repetition 27
Round trip time was  0.572 milliseconds in repetition 28
Round trip time was  0.450 milliseconds in repetition 29
Round trip time was  0.688 milliseconds in repetition 30
Round trip time was  1.436 milliseconds in repetition 31
Round trip time was  0.644 milliseconds in repetition 32
Round trip time was  0.930 milliseconds in repetition 33
Round trip time was  0.957 milliseconds in repetition 34
Round trip time was  0.725 milliseconds in repetition 35
Round trip time was  0.545 milliseconds in repetition 36
Round trip time was  0.709 milliseconds in repetition 37
Round trip time was  1.167 milliseconds in repetition 38
Round trip time was  0.440 milliseconds in repetition 39
Round trip time was  0.614 milliseconds in repetition 40
Round trip time was  0.676 milliseconds in repetition 41
Round trip time was  1.063 milliseconds in repetition 42
Round trip time was  0.559 milliseconds in repetition 43
Round trip time was  0.567 milliseconds in repetition 44
Round trip time was  0.529 milliseconds in repetition 45
Round trip time was  1.118 milliseconds in repetition 46
Round trip time was  0.552 milliseconds in repetition 47
Round trip time was  0.744 milliseconds in repetition 48
Round trip time was  1.297 milliseconds in repetition 49
Round trip time was  0.544 milliseconds in repetition 50
Round trip time was  1.053 milliseconds in repetition 51
Round trip time was  1.142 milliseconds in repetition 52
Round trip time was  0.527 milliseconds in repetition 53
Round trip time was  0.555 milliseconds in repetition 54
Round trip time was  0.969 milliseconds in repetition 55
Round trip time was  0.574 milliseconds in repetition 56
Round trip time was  0.525 milliseconds in repetition 57
Round trip time was  0.686 milliseconds in repetition 58
Round trip time was  1.223 milliseconds in repetition 59
Round trip time was  0.410 milliseconds in repetition 60
Round trip time was  0.555 milliseconds in repetition 61
Round trip time was  0.585 milliseconds in repetition 62
Round trip time was  1.293 milliseconds in repetition 63
Round trip time was  1.162 milliseconds in repetition 64
Round trip time was  0.490 milliseconds in repetition 65
Round trip time was  1.244 milliseconds in repetition 66
Round trip time was  1.020 milliseconds in repetition 67
Round trip time was  0.598 milliseconds in repetition 68
Round trip time was  1.222 milliseconds in repetition 69
Round trip time was  0.484 milliseconds in repetition 70
Round trip time was  0.635 milliseconds in repetition 71
Round trip time was  1.254 milliseconds in repetition 72
Round trip time was  0.515 milliseconds in repetition 73
Round trip time was  0.563 milliseconds in repetition 74
Round trip time was  0.616 milliseconds in repetition 75
Round trip time was  1.072 milliseconds in repetition 76
Round trip time was  0.486 milliseconds in repetition 77
Round trip time was  1.262 milliseconds in repetition 78
Round trip time was  1.366 milliseconds in repetition 79
Round trip time was  0.664 milliseconds in repetition 80
Round trip time was  0.663 milliseconds in repetition 81
Round trip time was  1.286 milliseconds in repetition 82
Round trip time was  0.619 milliseconds in repetition 83
Round trip time was  0.631 milliseconds in repetition 84
Round trip time was  0.599 milliseconds in repetition 85
Round trip time was  1.361 milliseconds in repetition 86
Round trip time was  1.028 milliseconds in repetition 87
Round trip time was  0.809 milliseconds in repetition 88
Round trip time was  1.130 milliseconds in repetition 89
Round trip time was  1.162 milliseconds in repetition 90
Round trip time was  0.615 milliseconds in repetition 91
Round trip time was  1.631 milliseconds in repetition 92
Round trip time was  0.552 milliseconds in repetition 93
Round trip time was  1.175 milliseconds in repetition 94
Round trip time was  1.554 milliseconds in repetition 95
Round trip time was  0.597 milliseconds in repetition 96
Round trip time was  0.742 milliseconds in repetition 97
Round trip time was  3.191 milliseconds in repetition 98
Round trip time was  1.060 milliseconds in repetition 99
Round trip time was  1.456 milliseconds in repetition 100
Round trip time was  0.471 milliseconds in repetition 101
Round trip time was  0.566 milliseconds in repetition 102
Round trip time was  0.628 milliseconds in repetition 103
Round trip time was  1.135 milliseconds in repetition 104
Round trip time was  0.821 milliseconds in repetition 105
Round trip time was  0.582 milliseconds in repetition 106
Round trip time was  1.044 milliseconds in repetition 107
Round trip time was  1.005 milliseconds in repetition 108
Round trip time was  1.302 milliseconds in repetition 109
Round trip time was  1.441 milliseconds in repetition 110
Round trip time was  0.999 milliseconds in repetition 111
Round trip time was  0.841 milliseconds in repetition 112
Round trip time was  1.937 milliseconds in repetition 113
Round trip time was  0.571 milliseconds in repetition 114
Round trip time was  0.623 milliseconds in repetition 115
Round trip time was  1.652 milliseconds in repetition 116
Round trip time was  0.483 milliseconds in repetition 117
Round trip time was  0.824 milliseconds in repetition 118
Round trip time was  1.341 milliseconds in repetition 119
Round trip time was  0.619 milliseconds in repetition 120
Round trip time was  0.666 milliseconds in repetition 121
Round trip time was  0.649 milliseconds in repetition 122
Round trip time was  1.021 milliseconds in repetition 123
Round trip time was  0.522 milliseconds in repetition 124
Round trip time was  0.600 milliseconds in repetition 125
Round trip time was  0.686 milliseconds in repetition 126
Round trip time was  1.386 milliseconds in repetition 127
Round trip time was  0.675 milliseconds in repetition 128
Round trip time was  0.537 milliseconds in repetition 129
Round trip time was  0.802 milliseconds in repetition 130
Round trip time was  1.758 milliseconds in repetition 131
Round trip time was  1.807 milliseconds in repetition 132
Round trip time was  1.479 milliseconds in repetition 133
Round trip time was  1.091 milliseconds in repetition 134
Round trip time was  0.490 milliseconds in repetition 135
Round trip time was  0.622 milliseconds in repetition 136
Round trip time was  0.661 milliseconds in repetition 137
Round trip time was  1.241 milliseconds in repetition 138
Round trip time was  0.619 milliseconds in repetition 139
Round trip time was  1.385 milliseconds in repetition 140
Round trip time was  1.419 milliseconds in repetition 141
Round trip time was  0.532 milliseconds in repetition 142
Round trip time was  0.750 milliseconds in repetition 143
Round trip time was  0.640 milliseconds in repetition 144
Round trip time was  1.251 milliseconds in repetition 145
Round trip time was  0.548 milliseconds in repetition 146
Round trip time was  0.771 milliseconds in repetition 147
Round trip time was  1.081 milliseconds in repetition 148
Round trip time was  2.005 milliseconds in repetition 149
Round trip time was  1.266 milliseconds in repetition 150
Round trip time was  0.791 milliseconds in repetition 151
Round trip time was  1.336 milliseconds in repetition 152
Round trip time was  0.578 milliseconds in repetition 153
Round trip time was  0.712 milliseconds in repetition 154
Round trip time was  1.192 milliseconds in repetition 155
Round trip time was  0.467 milliseconds in repetition 156
Round trip time was  0.516 milliseconds in repetition 157
Round trip time was  0.884 milliseconds in repetition 158
Round trip time was  1.574 milliseconds in repetition 159
Round trip time was  0.991 milliseconds in repetition 160
Round trip time was  1.078 milliseconds in repetition 161
Round trip time was  1.485 milliseconds in repetition 162
Round trip time was  0.798 milliseconds in repetition 163
Round trip time was  0.861 milliseconds in repetition 164
Round trip time was  1.307 milliseconds in repetition 165
Round trip time was  0.558 milliseconds in repetition 166
Round trip time was  0.690 milliseconds in repetition 167
Round trip time was  1.777 milliseconds in repetition 168
Round trip time was  0.566 milliseconds in repetition 169
Round trip time was  0.699 milliseconds in repetition 170
Round trip time was  0.665 milliseconds in repetition 171
Round trip time was  0.740 milliseconds in repetition 172
Round trip time was  1.044 milliseconds in repetition 173
Round trip time was  0.651 milliseconds in repetition 174
Round trip time was  0.701 milliseconds in repetition 175
Round trip time was  1.061 milliseconds in repetition 176
Round trip time was  1.256 milliseconds in repetition 177
Round trip time was  0.571 milliseconds in repetition 178
Round trip time was  0.693 milliseconds in repetition 179
Round trip time was  1.080 milliseconds in repetition 180
Round trip time was  0.586 milliseconds in repetition 181
Round trip time was  0.742 milliseconds in repetition 182
Round trip time was  0.910 milliseconds in repetition 183
Round trip time was  1.177 milliseconds in repetition 184
Round trip time was  0.570 milliseconds in repetition 185
Round trip time was  0.708 milliseconds in repetition 186
Round trip time was  1.469 milliseconds in repetition 187
Round trip time was  0.603 milliseconds in repetition 188
Round trip time was  0.502 milliseconds in repetition 189
Round trip time was  0.747 milliseconds in repetition 190
Round trip time was  1.314 milliseconds in repetition 191
Round trip time was  0.516 milliseconds in repetition 192
Round trip time was  0.557 milliseconds in repetition 193
Round trip time was  0.866 milliseconds in repetition 194
Round trip time was  0.806 milliseconds in repetition 195
Round trip time was  1.311 milliseconds in repetition 196
Round trip time was  0.771 milliseconds in repetition 197
Round trip time was  0.666 milliseconds in repetition 198
Round trip time was  1.550 milliseconds in repetition 199
Round trip time was  0.845 milliseconds in repetition 200
Round trip time was  0.525 milliseconds in repetition 201
Round trip time was  0.646 milliseconds in repetition 202
Round trip time was  1.255 milliseconds in repetition 203
Round trip time was  0.558 milliseconds in repetition 204
Round trip time was  0.865 milliseconds in repetition 205
Round trip time was  0.784 milliseconds in repetition 206
Round trip time was  2.292 milliseconds in repetition 207
Round trip time was  1.102 milliseconds in repetition 208
Round trip time was  0.837 milliseconds in repetition 209
Round trip time was  1.429 milliseconds in repetition 210
Round trip time was  0.553 milliseconds in repetition 211
Round trip time was  0.762 milliseconds in repetition 212
Round trip time was  0.642 milliseconds in repetition 213
Round trip time was  1.253 milliseconds in repetition 214
Round trip time was  0.552 milliseconds in repetition 215
Round trip time was  0.674 milliseconds in repetition 216
Round trip time was  0.543 milliseconds in repetition 217
Round trip time was  1.194 milliseconds in repetition 218
Round trip time was  0.576 milliseconds in repetition 219
Round trip time was  0.610 milliseconds in repetition 220
Round trip time was  1.041 milliseconds in repetition 221
Round trip time was  1.554 milliseconds in repetition 222
Round trip time was  1.696 milliseconds in repetition 223
Round trip time was  1.542 milliseconds in repetition 224
Round trip time was  1.831 milliseconds in repetition 225
Round trip time was  0.764 milliseconds in repetition 226
Round trip time was  0.629 milliseconds in repetition 227
Round trip time was  1.319 milliseconds in repetition 228
Round trip time was  0.615 milliseconds in repetition 229
Round trip time was  0.682 milliseconds in repetition 230
Round trip time was  1.016 milliseconds in repetition 231
Round trip time was  1.328 milliseconds in repetition 232
Round trip time was  0.515 milliseconds in repetition 233
Round trip time was  0.600 milliseconds in repetition 234
Round trip time was  0.715 milliseconds in repetition 235
Round trip time was  1.217 milliseconds in repetition 236
Round trip time was  0.467 milliseconds in repetition 237
Round trip time was  0.643 milliseconds in repetition 238
Round trip time was  0.658 milliseconds in repetition 239
Round trip time was  1.171 milliseconds in repetition 240
Round trip time was  0.566 milliseconds in repetition 241
Round trip time was  0.546 milliseconds in repetition 242
Round trip time was  1.213 milliseconds in repetition 243
Round trip time was  1.151 milliseconds in repetition 244
Round trip time was  0.461 milliseconds in repetition 245
Round trip time was  1.068 milliseconds in repetition 246
Round trip time was  1.136 milliseconds in repetition 247
Round trip time was  0.607 milliseconds in repetition 248
Round trip time was  0.796 milliseconds in repetition 249
Round trip time was  0.630 milliseconds in repetition 250
Round trip time was  0.990 milliseconds in repetition 251
Round trip time was  0.565 milliseconds in repetition 252
Round trip time was  0.671 milliseconds in repetition 253
Round trip time was  0.571 milliseconds in repetition 254
Round trip time was  1.120 milliseconds in repetition 255
Round trip time was  0.535 milliseconds in repetition 256
Round trip time was  0.625 milliseconds in repetition 257
Round trip time was  1.354 milliseconds in repetition 258
Round trip time was  0.763 milliseconds in repetition 259
Round trip time was  1.969 milliseconds in repetition 260
Round trip time was  0.962 milliseconds in repetition 261
Round trip time was  0.449 milliseconds in repetition 262
Round trip time was  0.913 milliseconds in repetition 263
Round trip time was  1.605 milliseconds in repetition 264
Round trip time was  1.061 milliseconds in repetition 265
Round trip time was  0.496 milliseconds in repetition 266
Round trip time was  0.639 milliseconds in repetition 267
Round trip time was  1.259 milliseconds in repetition 268
Round trip time was  0.444 milliseconds in repetition 269
Round trip time was  0.637 milliseconds in repetition 270
Round trip time was  0.582 milliseconds in repetition 271
Round trip time was  1.415 milliseconds in repetition 272
Round trip time was  0.571 milliseconds in repetition 273
Round trip time was  0.589 milliseconds in repetition 274
Round trip time was  0.868 milliseconds in repetition 275
Round trip time was  0.760 milliseconds in repetition 276
Round trip time was  1.152 milliseconds in repetition 277
Round trip time was  1.045 milliseconds in repetition 278
Round trip time was  0.642 milliseconds in repetition 279
Round trip time was  1.712 milliseconds in repetition 280
Round trip time was  0.600 milliseconds in repetition 281
Round trip time was  1.542 milliseconds in repetition 282
Round trip time was  1.834 milliseconds in repetition 283
Round trip time was  0.564 milliseconds in repetition 284
Round trip time was  2.222 milliseconds in repetition 285
Round trip time was  2.349 milliseconds in repetition 286
Round trip time was  1.305 milliseconds in repetition 287
Round trip time was  0.944 milliseconds in repetition 288
Round trip time was  1.188 milliseconds in repetition 289
Round trip time was  0.801 milliseconds in repetition 290
Round trip time was  0.937 milliseconds in repetition 291
Round trip time was  1.084 milliseconds in repetition 292
Round trip time was  0.513 milliseconds in repetition 293
Round trip time was  0.918 milliseconds in repetition 294
Round trip time was  1.529 milliseconds in repetition 295
Round trip time was  0.618 milliseconds in repetition 296
Round trip time was  0.662 milliseconds in repetition 297
Round trip time was  0.573 milliseconds in repetition 298
Round trip time was  1.361 milliseconds in repetition 299
Round trip time was  0.568 milliseconds in repetition 300
Round trip time was  0.773 milliseconds in repetition 301
Round trip time was  0.545 milliseconds in repetition 302
Round trip time was  1.234 milliseconds in repetition 303
Round trip time was  0.568 milliseconds in repetition 304
Round trip time was  0.785 milliseconds in repetition 305
Round trip time was  0.550 milliseconds in repetition 306
Round trip time was  1.291 milliseconds in repetition 307
Round trip time was  0.520 milliseconds in repetition 308
Round trip time was  1.063 milliseconds in repetition 309
Round trip time was  1.222 milliseconds in repetition 310
Round trip time was  0.713 milliseconds in repetition 311
Round trip time was  0.540 milliseconds in repetition 312
Round trip time was  1.282 milliseconds in repetition 313
Round trip time was  1.672 milliseconds in repetition 314
Round trip time was  0.830 milliseconds in repetition 315
Round trip time was  1.040 milliseconds in repetition 316
Round trip time was  1.492 milliseconds in repetition 317
Round trip time was  0.562 milliseconds in repetition 318
Round trip time was  0.623 milliseconds in repetition 319
Round trip time was  0.611 milliseconds in repetition 320
Round trip time was  1.130 milliseconds in repetition 321
Round trip time was  0.535 milliseconds in repetition 322
Round trip time was  0.661 milliseconds in repetition 323
Round trip time was  1.489 milliseconds in repetition 324
Round trip time was  0.478 milliseconds in repetition 325
Round trip time was  0.684 milliseconds in repetition 326
Round trip time was  0.771 milliseconds in repetition 327
Round trip time was  1.884 milliseconds in repetition 328
Round trip time was  0.584 milliseconds in repetition 329
Round trip time was  0.726 milliseconds in repetition 330
Round trip time was  1.279 milliseconds in repetition 331
Round trip time was  0.568 milliseconds in repetition 332
Round trip time was  0.626 milliseconds in repetition 333
Round trip time was  0.642 milliseconds in repetition 334
Round trip time was  1.527 milliseconds in repetition 335
Round trip time was  0.558 milliseconds in repetition 336
Round trip time was  0.666 milliseconds in repetition 337
Round trip time was  1.012 milliseconds in repetition 338
Round trip time was  1.345 milliseconds in repetition 339
Round trip time was  0.657 milliseconds in repetition 340
Round trip time was  0.983 milliseconds in repetition 341
Round trip time was  1.469 milliseconds in repetition 342
Round trip time was  1.074 milliseconds in repetition 343
Round trip time was  0.753 milliseconds in repetition 344
Round trip time was  2.005 milliseconds in repetition 345
Round trip time was  0.655 milliseconds in repetition 346
Round trip time was  0.643 milliseconds in repetition 347
Round trip time was  0.569 milliseconds in repetition 348
Round trip time was  1.147 milliseconds in repetition 349
Round trip time was  0.492 milliseconds in repetition 350
Round trip time was  0.625 milliseconds in repetition 351
Round trip time was  0.593 milliseconds in repetition 352
Round trip time was  1.052 milliseconds in repetition 353
Round trip time was  0.545 milliseconds in repetition 354
Round trip time was  0.743 milliseconds in repetition 355
Round trip time was  1.741 milliseconds in repetition 356
Round trip time was  0.828 milliseconds in repetition 357
Round trip time was  0.662 milliseconds in repetition 358
Round trip time was  1.126 milliseconds in repetition 359
Round trip time was  0.707 milliseconds in repetition 360
Round trip time was  1.052 milliseconds in repetition 361
Round trip time was  1.217 milliseconds in repetition 362
Round trip time was  0.569 milliseconds in repetition 363
Round trip time was  1.027 milliseconds in repetition 364
Round trip time was  1.337 milliseconds in repetition 365
Round trip time was  0.622 milliseconds in repetition 366
Round trip time was  0.658 milliseconds in repetition 367
Round trip time was  0.825 milliseconds in repetition 368
Round trip time was  1.123 milliseconds in repetition 369
Round trip time was  0.521 milliseconds in repetition 370
Round trip time was  0.524 milliseconds in repetition 371
Round trip time was  0.666 milliseconds in repetition 372
Round trip time was  1.361 milliseconds in repetition 373
Round trip time was  0.582 milliseconds in repetition 374
Round trip time was  0.583 milliseconds in repetition 375
Round trip time was  0.729 milliseconds in repetition 376
Round trip time was  1.347 milliseconds in repetition 377
Round trip time was  0.616 milliseconds in repetition 378
Round trip time was  0.670 milliseconds in repetition 379
Round trip time was  0.690 milliseconds in repetition 380
Round trip time was  1.273 milliseconds in repetition 381
Round trip time was  0.539 milliseconds in repetition 382
Round trip time was  0.749 milliseconds in repetition 383
Round trip time was  0.771 milliseconds in repetition 384
Round trip time was  1.458 milliseconds in repetition 385
Round trip time was  0.594 milliseconds in repetition 386
Round trip time was  0.925 milliseconds in repetition 387
Round trip time was  2.230 milliseconds in repetition 388
Round trip time was  0.970 milliseconds in repetition 389
Round trip time was  1.386 milliseconds in repetition 390
Round trip time was  1.472 milliseconds in repetition 391
Round trip time was  0.606 milliseconds in repetition 392
Round trip time was  0.791 milliseconds in repetition 393
Round trip time was  1.859 milliseconds in repetition 394
Round trip time was  0.546 milliseconds in repetition 395
Round trip time was  0.542 milliseconds in repetition 396
Round trip time was  1.197 milliseconds in repetition 397
Round trip time was  0.549 milliseconds in repetition 398
Round trip time was  0.499 milliseconds in repetition 399
Round trip time was  0.646 milliseconds in repetition 400
Round trip time was  1.324 milliseconds in repetition 401
Round trip time was  0.596 milliseconds in repetition 402
Round trip time was  0.761 milliseconds in repetition 403
Round trip time was  0.561 milliseconds in repetition 404
Round trip time was  1.027 milliseconds in repetition 405
Round trip time was  0.494 milliseconds in repetition 406
Round trip time was  1.387 milliseconds in repetition 407
Round trip time was  1.367 milliseconds in repetition 408
Round trip time was  0.472 milliseconds in repetition 409
Round trip time was  0.660 milliseconds in repetition 410
Round trip time was  0.913 milliseconds in repetition 411
Round trip time was  1.679 milliseconds in repetition 412
Round trip time was  0.579 milliseconds in repetition 413
Round trip time was  0.882 milliseconds in repetition 414
Round trip time was  1.274 milliseconds in repetition 415
Round trip time was  0.548 milliseconds in repetition 416
Round trip time was  0.607 milliseconds in repetition 417
Round trip time was  1.370 milliseconds in repetition 418
Round trip time was  0.673 milliseconds in repetition 419
Round trip time was  0.522 milliseconds in repetition 420
Round trip time was  1.364 milliseconds in repetition 421
Round trip time was  0.771 milliseconds in repetition 422
Round trip time was  0.858 milliseconds in repetition 423
Round trip time was  1.282 milliseconds in repetition 424
Round trip time was  0.586 milliseconds in repetition 425
Round trip time was  0.672 milliseconds in repetition 426
Round trip time was  1.267 milliseconds in repetition 427
Round trip time was  0.472 milliseconds in repetition 428
Round trip time was  0.621 milliseconds in repetition 429
Round trip time was  0.660 milliseconds in repetition 430
Round trip time was  1.171 milliseconds in repetition 431
Round trip time was  0.691 milliseconds in repetition 432
Round trip time was  0.596 milliseconds in repetition 433
Round trip time was  1.336 milliseconds in repetition 434
Round trip time was  0.552 milliseconds in repetition 435
Round trip time was  0.714 milliseconds in repetition 436
Round trip time was  1.383 milliseconds in repetition 437
Round trip time was  1.318 milliseconds in repetition 438
Round trip time was  0.532 milliseconds in repetition 439
Round trip time was  0.648 milliseconds in repetition 440
Round trip time was  1.662 milliseconds in repetition 441
Round trip time was  0.571 milliseconds in repetition 442
Round trip time was  0.802 milliseconds in repetition 443
Round trip time was  0.679 milliseconds in repetition 444
Round trip time was  1.288 milliseconds in repetition 445
Round trip time was  1.274 milliseconds in repetition 446
Round trip time was  0.873 milliseconds in repetition 447
Round trip time was  1.235 milliseconds in repetition 448
Round trip time was  0.513 milliseconds in repetition 449
Round trip time was  0.626 milliseconds in repetition 450
Round trip time was  1.303 milliseconds in repetition 451
Round trip time was  0.520 milliseconds in repetition 452
Round trip time was  0.610 milliseconds in repetition 453
Round trip time was  0.627 milliseconds in repetition 454
Round trip time was  0.628 milliseconds in repetition 455
Round trip time was  1.129 milliseconds in repetition 456
Round trip time was  0.835 milliseconds in repetition 457
Round trip time was  0.654 milliseconds in repetition 458
Round trip time was  1.150 milliseconds in repetition 459
Round trip time was  0.636 milliseconds in repetition 460
Round trip time was  1.165 milliseconds in repetition 461
Round trip time was  1.282 milliseconds in repetition 462
Round trip time was  1.069 milliseconds in repetition 463
Round trip time was  2.079 milliseconds in repetition 464
Round trip time was  0.597 milliseconds in repetition 465
Round trip time was  0.595 milliseconds in repetition 466
Round trip time was  0.722 milliseconds in repetition 467
Round trip time was  1.125 milliseconds in repetition 468
Round trip time was  0.556 milliseconds in repetition 469
Round trip time was  0.870 milliseconds in repetition 470
Round trip time was  1.333 milliseconds in repetition 471
Round trip time was  0.532 milliseconds in repetition 472
Round trip time was  0.679 milliseconds in repetition 473
Round trip time was  1.092 milliseconds in repetition 474
Round trip time was  0.928 milliseconds in repetition 475
Round trip time was  0.920 milliseconds in repetition 476
Round trip time was  1.402 milliseconds in repetition 477
Round trip time was  0.627 milliseconds in repetition 478
Round trip time was  0.650 milliseconds in repetition 479
Round trip time was  1.019 milliseconds in repetition 480
Round trip time was  1.257 milliseconds in repetition 481
Round trip time was  0.652 milliseconds in repetition 482
Round trip time was  1.080 milliseconds in repetition 483
Round trip time was  0.796 milliseconds in repetition 484
Round trip time was  1.232 milliseconds in repetition 485
Round trip time was  1.282 milliseconds in repetition 486
Round trip time was  0.672 milliseconds in repetition 487
Round trip time was  0.814 milliseconds in repetition 488
Round trip time was  1.477 milliseconds in repetition 489
Round trip time was  0.542 milliseconds in repetition 490
Round trip time was  0.695 milliseconds in repetition 491
Round trip time was  0.775 milliseconds in repetition 492
Round trip time was  1.149 milliseconds in repetition 493
Round trip time was  0.597 milliseconds in repetition 494
Round trip time was  0.798 milliseconds in repetition 495
Round trip time was  1.028 milliseconds in repetition 496
Round trip time was  1.238 milliseconds in repetition 497
Round trip time was  0.573 milliseconds in repetition 498
Round trip time was  0.893 milliseconds in repetition 499
Round trip time was  0.503 milliseconds in repetition 500
Round trip time was  1.073 milliseconds in repetition 501

 ... clock resolution was 1e-06
UDP Ping:  Statistics over 501 repetitions of 2048 byte messages

RTT : percentile 10: 0.542003, median: 0.784646, percentile 90: 1.45514, average: 0.967322, variance: 0.865075

RTT histogram:
0.4099 281
1.37308 204
2.33626 14
3.29944 1
4.26262 0
5.2258 0
6.18898 0
7.15216 0
8.11534 0
9.07852 0
10.0417 0
11.0049 0
11.9681 0
12.9312 0
13.8944 0
14.8576 0
15.8208 0
16.784 0
17.7471 0
18.7103 0
19.6735 1

   median Throughput : 5220.19 KB/s   overall Throughput : 4234.37 KB/s

