UDP Ping trying to connect to server 130.251.61.30 (130.251.61.30) on TCP port 1491
 ... connected to Pong server: asking for 501 repetitions of 3072 _bytes UDP messages
 ... Pong server agreed to ping-pong using port 51708 :-)
Round trip time was 27.998 milliseconds in repetition 1
Round trip time was  1.721 milliseconds in repetition 2
Round trip time was  1.254 milliseconds in repetition 3
Round trip time was  1.793 milliseconds in repetition 4
Round trip time was  1.522 milliseconds in repetition 5
Round trip time was  2.346 milliseconds in repetition 6
Round trip time was  2.187 milliseconds in repetition 7
Round trip time was  1.372 milliseconds in repetition 8
Round trip time was  1.248 milliseconds in repetition 9
Round trip time was  1.234 milliseconds in repetition 10
Round trip time was  1.156 milliseconds in repetition 11
Round trip time was  1.670 milliseconds in repetition 12
Round trip time was  2.154 milliseconds in repetition 13
Round trip time was  1.319 milliseconds in repetition 14
Round trip time was  1.775 milliseconds in repetition 15
Round trip time was  2.034 milliseconds in repetition 16
Round trip time was  2.180 milliseconds in repetition 17
Round trip time was  1.388 milliseconds in repetition 18
Round trip time was  1.869 milliseconds in repetition 19
Round trip time was  2.566 milliseconds in repetition 20
Round trip time was  2.311 milliseconds in repetition 21
Round trip time was  0.650 milliseconds in repetition 22
Round trip time was  1.165 milliseconds in repetition 23
Round trip time was  0.645 milliseconds in repetition 24
Round trip time was  1.061 milliseconds in repetition 25
Round trip time was  0.527 milliseconds in repetition 26
Round trip time was  0.713 milliseconds in repetition 27
Round trip time was  1.592 milliseconds in repetition 28
Round trip time was  0.722 milliseconds in repetition 29
Round trip time was  0.771 milliseconds in repetition 30
Round trip time was  0.870 milliseconds in repetition 31
Round trip time was  1.786 milliseconds in repetition 32
Round trip time was  1.515 milliseconds in repetition 33
Round trip time was  2.779 milliseconds in repetition 34
Round trip time was  0.672 milliseconds in repetition 35
Round trip time was  0.789 milliseconds in repetition 36
Round trip time was  1.691 milliseconds in repetition 37
Round trip time was  0.631 milliseconds in repetition 38
Round trip time was  0.740 milliseconds in repetition 39
Round trip time was  1.421 milliseconds in repetition 40
Round trip time was  1.415 milliseconds in repetition 41
Round trip time was  0.648 milliseconds in repetition 42
Round trip time was  0.611 milliseconds in repetition 43
Round trip time was  1.120 milliseconds in repetition 44
Round trip time was  0.571 milliseconds in repetition 45
Round trip time was  0.603 milliseconds in repetition 46
Round trip time was  1.445 milliseconds in repetition 47
Round trip time was  0.596 milliseconds in repetition 48
Round trip time was  0.987 milliseconds in repetition 49
Round trip time was  1.569 milliseconds in repetition 50
Round trip time was  0.682 milliseconds in repetition 51
Round trip time was  0.758 milliseconds in repetition 52
Round trip time was  0.718 milliseconds in repetition 53
Round trip time was  1.766 milliseconds in repetition 54
Round trip time was  0.698 milliseconds in repetition 55
Round trip time was  2.295 milliseconds in repetition 56
Round trip time was  0.639 milliseconds in repetition 57
Round trip time was  0.601 milliseconds in repetition 58
Round trip time was  0.723 milliseconds in repetition 59
Round trip time was  1.732 milliseconds in repetition 60
Round trip time was  0.590 milliseconds in repetition 61
Round trip time was  0.697 milliseconds in repetition 62
Round trip time was  1.356 milliseconds in repetition 63
Round trip time was  0.556 milliseconds in repetition 64
Round trip time was  0.912 milliseconds in repetition 65
Round trip time was  1.380 milliseconds in repetition 66
Round trip time was  0.657 milliseconds in repetition 67
Round trip time was  0.952 milliseconds in repetition 68
Round trip time was  1.432 milliseconds in repetition 69
Round trip time was  0.590 milliseconds in repetition 70
Round trip time was  0.997 milliseconds in repetition 71
Round trip time was  1.180 milliseconds in repetition 72
Round trip time was  0.585 milliseconds in repetition 73
Round trip time was  0.877 milliseconds in repetition 74
Round trip time was  1.171 milliseconds in repetition 75
Round trip time was  0.606 milliseconds in repetition 76
Round trip time was  0.661 milliseconds in repetition 77
Round trip time was  1.310 milliseconds in repetition 78
Round trip time was  0.711 milliseconds in repetition 79
Round trip time was  1.035 milliseconds in repetition 80
Round trip time was  1.474 milliseconds in repetition 81
Round trip time was  0.719 milliseconds in repetition 82
Round trip time was  0.919 milliseconds in repetition 83
Round trip time was  1.940 milliseconds in repetition 84
Round trip time was  2.074 milliseconds in repetition 85
Round trip time was  3.095 milliseconds in repetition 86
Round trip time was  1.819 milliseconds in repetition 87
Round trip time was  2.058 milliseconds in repetition 88
Round trip time was  0.638 milliseconds in repetition 89
Round trip time was  0.796 milliseconds in repetition 90
Round trip time was  1.405 milliseconds in repetition 91
Round trip time was  0.571 milliseconds in repetition 92
Round trip time was  0.652 milliseconds in repetition 93
Round trip time was  1.112 milliseconds in repetition 94
Round trip time was  0.581 milliseconds in repetition 95
Round trip time was  0.837 milliseconds in repetition 96
Round trip time was  0.664 milliseconds in repetition 97
Round trip time was  1.044 milliseconds in repetition 98
Round trip time was  0.524 milliseconds in repetition 99
Round trip time was  0.626 milliseconds in repetition 100
Round trip time was  1.468 milliseconds in repetition 101
Round trip time was  1.231 milliseconds in repetition 102
Round trip time was  0.646 milliseconds in repetition 103
Round trip time was  1.516 milliseconds in repetition 104
Round trip time was  0.552 milliseconds in repetition 105
Round trip time was  0.801 milliseconds in repetition 106
Round trip time was  1.383 milliseconds in repetition 107
Round trip time was  0.614 milliseconds in repetition 108
Round trip time was  0.724 milliseconds in repetition 109
Round trip time was  0.698 milliseconds in repetition 110
Round trip time was  1.157 milliseconds in repetition 111
Round trip time was  0.659 milliseconds in repetition 112
Round trip time was  0.776 milliseconds in repetition 113
Round trip time was  0.993 milliseconds in repetition 114
Round trip time was  1.238 milliseconds in repetition 115
Round trip time was  0.633 milliseconds in repetition 116
Round trip time was  0.929 milliseconds in repetition 117
Round trip time was  1.311 milliseconds in repetition 118
Round trip time was  0.672 milliseconds in repetition 119
Round trip time was  0.630 milliseconds in repetition 120
Round trip time was  1.873 milliseconds in repetition 121
Round trip time was  1.204 milliseconds in repetition 122
Round trip time was  1.693 milliseconds in repetition 123
Round trip time was  1.761 milliseconds in repetition 124
Round trip time was  1.535 milliseconds in repetition 125
Round trip time was  0.748 milliseconds in repetition 126
Round trip time was  0.659 milliseconds in repetition 127
Round trip time was  1.125 milliseconds in repetition 128
Round trip time was  0.633 milliseconds in repetition 129
Round trip time was  1.009 milliseconds in repetition 130
Round trip time was  0.670 milliseconds in repetition 131
Round trip time was  1.264 milliseconds in repetition 132
Round trip time was  0.514 milliseconds in repetition 133
Round trip time was  0.752 milliseconds in repetition 134
Round trip time was  1.509 milliseconds in repetition 135
Round trip time was  0.615 milliseconds in repetition 136
Round trip time was  0.635 milliseconds in repetition 137
Round trip time was  1.009 milliseconds in repetition 138
Round trip time was  2.059 milliseconds in repetition 139
Round trip time was  2.342 milliseconds in repetition 140
Round trip time was  2.467 milliseconds in repetition 141
Round trip time was  1.235 milliseconds in repetition 142
Round trip time was  0.624 milliseconds in repetition 143
Round trip time was  1.322 milliseconds in repetition 144
Round trip time was  0.893 milliseconds in repetition 145
Round trip time was  1.181 milliseconds in repetition 146
Round trip time was  1.611 milliseconds in repetition 147
Round trip time was  0.577 milliseconds in repetition 148
Round trip time was  0.729 milliseconds in repetition 149
Round trip time was  0.683 milliseconds in repetition 150
Round trip time was  1.830 milliseconds in repetition 151
Round trip time was  0.686 milliseconds in repetition 152
Round trip time was  0.845 milliseconds in repetition 153
Round trip time was  2.289 milliseconds in repetition 154
Round trip time was  0.680 milliseconds in repetition 155
Round trip time was  1.210 milliseconds in repetition 156
Round trip time was  1.228 milliseconds in repetition 157
Round trip time was  0.643 milliseconds in repetition 158
Round trip time was  1.069 milliseconds in repetition 159
Round trip time was  1.490 milliseconds in repetition 160
Round trip time was  0.936 milliseconds in repetition 161
Round trip time was  1.417 milliseconds in repetition 162
Round trip time was  0.567 milliseconds in repetition 163
Round trip time was  1.232 milliseconds in repetition 164
Round trip time was  2.954 milliseconds in repetition 165
Round trip time was  1.537 milliseconds in repetition 166
Round trip time was  1.954 milliseconds in repetition 167
Round trip time was  1.729 milliseconds in repetition 168
Round trip time was  1.959 milliseconds in repetition 169
Round trip time was  1.001 milliseconds in repetition 170
Round trip time was  0.613 milliseconds in repetition 171
Round trip time was  1.726 milliseconds in repetition 172
Round trip time was  0.648 milliseconds in repetition 173
Round trip time was  1.508 milliseconds in repetition 174
Round trip time was  0.998 milliseconds in repetition 175
Round trip time was  0.541 milliseconds in repetition 176
Round trip time was  0.611 milliseconds in repetition 177
Round trip time was  1.467 milliseconds in repetition 178
Round trip time was  1.414 milliseconds in repetition 179
Round trip time was  0.544 milliseconds in repetition 180
Round trip time was  0.622 milliseconds in repetition 181
Round trip time was  0.621 milliseconds in repetition 182
Round trip time was  0.595 milliseconds in repetition 183
Round trip time was  0.570 milliseconds in repetition 184
Round trip time was  1.078 milliseconds in repetition 185
Round trip time was  0.618 milliseconds in repetition 186
Round trip time was  1.287 milliseconds in repetition 187
Round trip time was  2.086 milliseconds in repetition 188
Round trip time was  4.371 milliseconds in repetition 189
Round trip time was  7.952 milliseconds in repetition 190
Round trip time was  5.319 milliseconds in repetition 191
Round trip time was  1.872 milliseconds in repetition 192
Round trip time was  1.001 milliseconds in repetition 193
Round trip time was  4.018 milliseconds in repetition 194
Round trip time was  0.680 milliseconds in repetition 195
Round trip time was  0.742 milliseconds in repetition 196
Round trip time was  0.916 milliseconds in repetition 197
Round trip time was  1.135 milliseconds in repetition 198
Round trip time was  0.808 milliseconds in repetition 199
Round trip time was  1.202 milliseconds in repetition 200
Round trip time was  0.966 milliseconds in repetition 201
Round trip time was  2.732 milliseconds in repetition 202
Round trip time was  2.982 milliseconds in repetition 203
Round trip time was  3.945 milliseconds in repetition 204
Round trip time was  2.586 milliseconds in repetition 205
Round trip time was  2.906 milliseconds in repetition 206
Round trip time was  0.641 milliseconds in repetition 207
Round trip time was  0.817 milliseconds in repetition 208
Round trip time was  0.814 milliseconds in repetition 209
Round trip time was  2.077 milliseconds in repetition 210
Round trip time was  0.571 milliseconds in repetition 211
Round trip time was  0.879 milliseconds in repetition 212
Round trip time was  0.682 milliseconds in repetition 213
Round trip time was  2.385 milliseconds in repetition 214
Round trip time was  0.775 milliseconds in repetition 215
Round trip time was  0.780 milliseconds in repetition 216
Round trip time was  0.570 milliseconds in repetition 217
Round trip time was  2.383 milliseconds in repetition 218
Round trip time was  1.005 milliseconds in repetition 219
Round trip time was  1.805 milliseconds in repetition 220
Round trip time was  2.756 milliseconds in repetition 221
Round trip time was  1.544 milliseconds in repetition 222
Round trip time was  1.801 milliseconds in repetition 223
Round trip time was  0.775 milliseconds in repetition 224
Round trip time was  1.033 milliseconds in repetition 225
Round trip time was  1.705 milliseconds in repetition 226
Round trip time was  0.596 milliseconds in repetition 227
Round trip time was  0.788 milliseconds in repetition 228
Round trip time was  1.804 milliseconds in repetition 229
Round trip time was  1.678 milliseconds in repetition 230
Round trip time was  2.712 milliseconds in repetition 231
Round trip time was  2.424 milliseconds in repetition 232
Round trip time was  0.747 milliseconds in repetition 233
Round trip time was  1.722 milliseconds in repetition 234
Round trip time was  1.180 milliseconds in repetition 235
Round trip time was  0.969 milliseconds in repetition 236
Round trip time was  1.513 milliseconds in repetition 237
Round trip time was  0.734 milliseconds in repetition 238
Round trip time was  0.921 milliseconds in repetition 239
Round trip time was  2.188 milliseconds in repetition 240
Round trip time was  0.645 milliseconds in repetition 241
Round trip time was  0.862 milliseconds in repetition 242
Round trip time was  0.559 milliseconds in repetition 243
Round trip time was  0.941 milliseconds in repetition 244
Round trip time was  2.334 milliseconds in repetition 245
Round trip time was  2.599 milliseconds in repetition 246
Round trip time was  4.114 milliseconds in repetition 247
Round trip time was  4.546 milliseconds in repetition 248
Round trip time was  2.692 milliseconds in repetition 249
Round trip time was  3.343 milliseconds in repetition 250
Round trip time was  4.145 milliseconds in repetition 251
Round trip time was  3.403 milliseconds in repetition 252
Round trip time was  1.259 milliseconds in repetition 253
Round trip time was  2.543 milliseconds in repetition 254
Round trip time was  1.608 milliseconds in repetition 255
Round trip time was  0.927 milliseconds in repetition 256
Round trip time was  1.392 milliseconds in repetition 257
Round trip time was  1.329 milliseconds in repetition 258
Round trip time was  1.961 milliseconds in repetition 259
Round trip time was  0.651 milliseconds in repetition 260
Round trip time was  0.674 milliseconds in repetition 261
Round trip time was  0.661 milliseconds in repetition 262
Round trip time was  2.131 milliseconds in repetition 263
Round trip time was  1.749 milliseconds in repetition 264
Round trip time was  2.668 milliseconds in repetition 265
Round trip time was  1.128 milliseconds in repetition 266
Round trip time was  1.865 milliseconds in repetition 267
Round trip time was  2.684 milliseconds in repetition 268
Round trip time was  1.652 milliseconds in repetition 269
Round trip time was  2.054 milliseconds in repetition 270
Round trip time was  1.126 milliseconds in repetition 271
Round trip time was  0.905 milliseconds in repetition 272
Round trip time was  1.566 milliseconds in repetition 273
Round trip time was  0.841 milliseconds in repetition 274
Round trip time was  1.632 milliseconds in repetition 275
Round trip time was  3.787 milliseconds in repetition 276
Round trip time was  2.777 milliseconds in repetition 277
Round trip time was  2.661 milliseconds in repetition 278
Round trip time was  4.443 milliseconds in repetition 279
Round trip time was  1.444 milliseconds in repetition 280
Round trip time was  0.636 milliseconds in repetition 281
Round trip time was  0.859 milliseconds in repetition 282
Round trip time was  1.433 milliseconds in repetition 283
Round trip time was  0.658 milliseconds in repetition 284
Round trip time was  0.556 milliseconds in repetition 285
Round trip time was  0.665 milliseconds in repetition 286
Round trip time was  1.576 milliseconds in repetition 287
Round trip time was  0.597 milliseconds in repetition 288
Round trip time was  1.475 milliseconds in repetition 289
Round trip time was  0.648 milliseconds in repetition 290
Round trip time was  1.652 milliseconds in repetition 291
Round trip time was  1.089 milliseconds in repetition 292
Round trip time was  1.806 milliseconds in repetition 293
Round trip time was  1.993 milliseconds in repetition 294
Round trip time was  0.729 milliseconds in repetition 295
Round trip time was  0.782 milliseconds in repetition 296
Round trip time was  0.709 milliseconds in repetition 297
Round trip time was  1.599 milliseconds in repetition 298
Round trip time was  0.722 milliseconds in repetition 299
Round trip time was  0.815 milliseconds in repetition 300
Round trip time was  1.700 milliseconds in repetition 301
Round trip time was  0.580 milliseconds in repetition 302
Round trip time was  0.798 milliseconds in repetition 303
Round trip time was  2.138 milliseconds in repetition 304
Round trip time was  0.807 milliseconds in repetition 305
Round trip time was  0.838 milliseconds in repetition 306
Round trip time was  1.738 milliseconds in repetition 307
Round trip time was  0.607 milliseconds in repetition 308
Round trip time was  0.831 milliseconds in repetition 309
Round trip time was  1.081 milliseconds in repetition 310
Round trip time was  1.550 milliseconds in repetition 311
Round trip time was  1.568 milliseconds in repetition 312
Round trip time was  1.881 milliseconds in repetition 313
Round trip time was  0.564 milliseconds in repetition 314
Round trip time was  0.694 milliseconds in repetition 315
Round trip time was  0.729 milliseconds in repetition 316
Round trip time was  1.820 milliseconds in repetition 317
Round trip time was  0.706 milliseconds in repetition 318
Round trip time was  1.389 milliseconds in repetition 319
Round trip time was  2.028 milliseconds in repetition 320
Round trip time was  0.655 milliseconds in repetition 321
Round trip time was  0.760 milliseconds in repetition 322
Round trip time was  0.939 milliseconds in repetition 323
Round trip time was  2.033 milliseconds in repetition 324
Round trip time was  2.136 milliseconds in repetition 325
Round trip time was  2.456 milliseconds in repetition 326
Round trip time was  0.717 milliseconds in repetition 327
Round trip time was  0.776 milliseconds in repetition 328
Round trip time was  2.081 milliseconds in repetition 329
Round trip time was  0.668 milliseconds in repetition 330
Round trip time was  0.812 milliseconds in repetition 331
Round trip time was  2.545 milliseconds in repetition 332
Round trip time was  0.680 milliseconds in repetition 333
Round trip time was  0.804 milliseconds in repetition 334
Round trip time was  2.015 milliseconds in repetition 335
Round trip time was  1.538 milliseconds in repetition 336
Round trip time was  0.756 milliseconds in repetition 337
Round trip time was  0.940 milliseconds in repetition 338
Round trip time was  0.767 milliseconds in repetition 339
Round trip time was  1.626 milliseconds in repetition 340
Round trip time was  0.779 milliseconds in repetition 341
Round trip time was  0.900 milliseconds in repetition 342
Round trip time was  0.538 milliseconds in repetition 343
Round trip time was  1.491 milliseconds in repetition 344
Round trip time was  0.747 milliseconds in repetition 345
Round trip time was  0.827 milliseconds in repetition 346
Round trip time was  0.820 milliseconds in repetition 347
Round trip time was  2.252 milliseconds in repetition 348
Round trip time was  1.074 milliseconds in repetition 349
Round trip time was  2.017 milliseconds in repetition 350
Round trip time was  0.512 milliseconds in repetition 351
Round trip time was  1.213 milliseconds in repetition 352
Round trip time was  2.550 milliseconds in repetition 353
Round trip time was  1.285 milliseconds in repetition 354
Round trip time was  1.760 milliseconds in repetition 355
Round trip time was  1.545 milliseconds in repetition 356
Round trip time was  2.389 milliseconds in repetition 357
Round trip time was  1.166 milliseconds in repetition 358
Round trip time was  2.143 milliseconds in repetition 359
Round trip time was  0.837 milliseconds in repetition 360
Round trip time was  1.484 milliseconds in repetition 361
Round trip time was  1.811 milliseconds in repetition 362
Round trip time was  0.616 milliseconds in repetition 363
Round trip time was  1.216 milliseconds in repetition 364
Round trip time was  2.881 milliseconds in repetition 365
Round trip time was  0.619 milliseconds in repetition 366
Round trip time was  1.176 milliseconds in repetition 367
Round trip time was  2.473 milliseconds in repetition 368
Round trip time was  1.310 milliseconds in repetition 369
Round trip time was  2.235 milliseconds in repetition 370
Round trip time was  0.586 milliseconds in repetition 371
Round trip time was  0.605 milliseconds in repetition 372
Round trip time was  0.734 milliseconds in repetition 373
Round trip time was  1.555 milliseconds in repetition 374
Round trip time was  0.636 milliseconds in repetition 375
Round trip time was  2.178 milliseconds in repetition 376
Round trip time was  2.599 milliseconds in repetition 377
Round trip time was  2.379 milliseconds in repetition 378
Round trip time was  1.308 milliseconds in repetition 379
Round trip time was  1.559 milliseconds in repetition 380
Round trip time was  0.694 milliseconds in repetition 381
Round trip time was  0.879 milliseconds in repetition 382
Round trip time was  0.970 milliseconds in repetition 383
Round trip time was  1.386 milliseconds in repetition 384
Round trip time was  0.633 milliseconds in repetition 385
Round trip time was  0.777 milliseconds in repetition 386
Round trip time was  2.104 milliseconds in repetition 387
Round trip time was  0.624 milliseconds in repetition 388
Round trip time was  0.782 milliseconds in repetition 389
Round trip time was  2.520 milliseconds in repetition 390
Round trip time was  1.205 milliseconds in repetition 391
Round trip time was  1.358 milliseconds in repetition 392
Round trip time was  2.507 milliseconds in repetition 393
Round trip time was  1.622 milliseconds in repetition 394
Round trip time was  2.185 milliseconds in repetition 395
Round trip time was  1.418 milliseconds in repetition 396
Round trip time was  2.322 milliseconds in repetition 397
Round trip time was  0.680 milliseconds in repetition 398
Round trip time was  1.083 milliseconds in repetition 399
Round trip time was  1.935 milliseconds in repetition 400
Round trip time was  0.975 milliseconds in repetition 401
Round trip time was  1.407 milliseconds in repetition 402
Round trip time was  1.464 milliseconds in repetition 403
Round trip time was  1.588 milliseconds in repetition 404
Round trip time was  3.951 milliseconds in repetition 405
Round trip time was  2.320 milliseconds in repetition 406
Round trip time was  2.537 milliseconds in repetition 407
Round trip time was  0.944 milliseconds in repetition 408
Round trip time was  1.498 milliseconds in repetition 409
Round trip time was  1.958 milliseconds in repetition 410
Round trip time was  0.779 milliseconds in repetition 411
Round trip time was  1.120 milliseconds in repetition 412
Round trip time was  0.712 milliseconds in repetition 413
Round trip time was  1.529 milliseconds in repetition 414
Round trip time was  0.562 milliseconds in repetition 415
Round trip time was  1.461 milliseconds in repetition 416
Round trip time was  2.371 milliseconds in repetition 417
Round trip time was  0.647 milliseconds in repetition 418
Round trip time was  0.767 milliseconds in repetition 419
Round trip time was  2.633 milliseconds in repetition 420
Round trip time was  1.392 milliseconds in repetition 421
Round trip time was  3.104 milliseconds in repetition 422
Round trip time was  2.020 milliseconds in repetition 423
Round trip time was  3.550 milliseconds in repetition 424
Round trip time was  2.321 milliseconds in repetition 425
Round trip time was  2.991 milliseconds in repetition 426
Round trip time was  2.112 milliseconds in repetition 427
Round trip time was  1.126 milliseconds in repetition 428
Round trip time was  1.720 milliseconds in repetition 429
Round trip time was  0.914 milliseconds in repetition 430
Round trip time was  0.818 milliseconds in repetition 431
Round trip time was  2.379 milliseconds in repetition 432
Round trip time was  1.266 milliseconds in repetition 433
Round trip time was  2.771 milliseconds in repetition 434
Round trip time was  0.682 milliseconds in repetition 435
Round trip time was  0.813 milliseconds in repetition 436
Round trip time was  1.781 milliseconds in repetition 437
Round trip time was  0.601 milliseconds in repetition 438
Round trip time was  0.989 milliseconds in repetition 439
Round trip time was  2.645 milliseconds in repetition 440
Round trip time was  0.717 milliseconds in repetition 441
Round trip time was  1.733 milliseconds in repetition 442
Round trip time was  2.198 milliseconds in repetition 443
Round trip time was  2.286 milliseconds in repetition 444
Round trip time was  2.056 milliseconds in repetition 445
Round trip time was  0.857 milliseconds in repetition 446
Round trip time was  1.404 milliseconds in repetition 447
Round trip time was  2.121 milliseconds in repetition 448
Round trip time was  1.971 milliseconds in repetition 449
Round trip time was  2.655 milliseconds in repetition 450
Round trip time was  0.601 milliseconds in repetition 451
Round trip time was  0.637 milliseconds in repetition 452
Round trip time was  0.626 milliseconds in repetition 453
Round trip time was  1.816 milliseconds in repetition 454
Round trip time was  0.561 milliseconds in repetition 455
Round trip time was  0.987 milliseconds in repetition 456
Round trip time was  0.627 milliseconds in repetition 457
Round trip time was  1.567 milliseconds in repetition 458
Round trip time was  2.325 milliseconds in repetition 459
Round trip time was  4.341 milliseconds in repetition 460
Round trip time was  2.673 milliseconds in repetition 461
Round trip time was  3.455 milliseconds in repetition 462
Round trip time was  1.802 milliseconds in repetition 463
Round trip time was  2.460 milliseconds in repetition 464
Round trip time was  0.662 milliseconds in repetition 465
Round trip time was  1.411 milliseconds in repetition 466
Round trip time was  0.799 milliseconds in repetition 467
Round trip time was  1.420 milliseconds in repetition 468
Round trip time was  0.652 milliseconds in repetition 469
Round trip time was  0.813 milliseconds in repetition 470
Round trip time was  1.106 milliseconds in repetition 471
Round trip time was  1.491 milliseconds in repetition 472
Round trip time was  0.705 milliseconds in repetition 473
Round trip time was  0.772 milliseconds in repetition 474
Round trip time was  3.198 milliseconds in repetition 475
Round trip time was  0.600 milliseconds in repetition 476
Round trip time was  0.812 milliseconds in repetition 477
Round trip time was  1.083 milliseconds in repetition 478
Round trip time was  1.642 milliseconds in repetition 479
Round trip time was  0.556 milliseconds in repetition 480
Round trip time was  0.797 milliseconds in repetition 481
Round trip time was  2.245 milliseconds in repetition 482
Round trip time was  0.858 milliseconds in repetition 483
Round trip time was  0.904 milliseconds in repetition 484
Round trip time was  1.718 milliseconds in repetition 485
Round trip time was  0.666 milliseconds in repetition 486
Round trip time was  0.691 milliseconds in repetition 487
Round trip time was  0.957 milliseconds in repetition 488
Round trip time was  1.707 milliseconds in repetition 489
Round trip time was  0.722 milliseconds in repetition 490
Round trip time was  1.195 milliseconds in repetition 491
Round trip time was  1.962 milliseconds in repetition 492
Round trip time was  0.621 milliseconds in repetition 493
Round trip time was  0.842 milliseconds in repetition 494
Round trip time was  1.208 milliseconds in repetition 495
Round trip time was  1.288 milliseconds in repetition 496
Round trip time was  0.681 milliseconds in repetition 497
Round trip time was  0.872 milliseconds in repetition 498
Round trip time was  1.903 milliseconds in repetition 499
Round trip time was  0.866 milliseconds in repetition 500
Round trip time was  2.067 milliseconds in repetition 501

 ... clock resolution was 1e-06
UDP Ping:  Statistics over 501 repetitions of 3072 byte messages

RTT : percentile 10: 0.622315, median: 1.17642, percentile 90: 2.46671, average: 1.44474, variance: 2.14243

RTT histogram:
0.512301 255
1.8866 204
3.2609 31
4.6352 9
6.0095 0
7.3838 1
8.7581 0
10.1324 0
11.5067 0
12.881 0
14.2553 0
15.6296 0
17.0039 0
18.3782 0
19.7525 0
21.1268 0
22.5011 0
23.8754 0
25.2497 0
26.624 0
27.9983 1

   median Throughput : 5222.62 KB/s   overall Throughput : 4252.66 KB/s

