UDP Ping trying to connect to server 130.251.61.30 (130.251.61.30) on TCP port 1491
 ... connected to Pong server: asking for 501 repetitions of 4096 _bytes UDP messages
 ... Pong server agreed to ping-pong using port 51708 :-)
Round trip time was 39.790 milliseconds in repetition 1
Round trip time was  4.764 milliseconds in repetition 2
Round trip time was  2.249 milliseconds in repetition 3
Round trip time was  2.159 milliseconds in repetition 4
Round trip time was  3.524 milliseconds in repetition 5
Round trip time was  1.693 milliseconds in repetition 6
Round trip time was  2.298 milliseconds in repetition 7
Round trip time was  1.718 milliseconds in repetition 8
Round trip time was  2.149 milliseconds in repetition 9
Round trip time was  1.814 milliseconds in repetition 10
Round trip time was  1.916 milliseconds in repetition 11
Round trip time was  1.525 milliseconds in repetition 12
Round trip time was  2.148 milliseconds in repetition 13
Round trip time was  2.355 milliseconds in repetition 14
Round trip time was  2.169 milliseconds in repetition 15
Round trip time was  1.441 milliseconds in repetition 16
Round trip time was  2.589 milliseconds in repetition 17
Round trip time was  2.870 milliseconds in repetition 18
Round trip time was  1.864 milliseconds in repetition 19
Round trip time was  3.036 milliseconds in repetition 20
Round trip time was  1.400 milliseconds in repetition 21
Round trip time was  1.680 milliseconds in repetition 22
Round trip time was  1.224 milliseconds in repetition 23
Round trip time was  1.994 milliseconds in repetition 24
Round trip time was  2.890 milliseconds in repetition 25
Round trip time was  3.832 milliseconds in repetition 26
Round trip time was  2.508 milliseconds in repetition 27
Round trip time was  0.653 milliseconds in repetition 28
Round trip time was  0.783 milliseconds in repetition 29
Round trip time was  2.329 milliseconds in repetition 30
Round trip time was  1.456 milliseconds in repetition 31
Round trip time was  1.128 milliseconds in repetition 32
Round trip time was  1.678 milliseconds in repetition 33
Round trip time was  1.173 milliseconds in repetition 34
Round trip time was  1.945 milliseconds in repetition 35
Round trip time was  0.673 milliseconds in repetition 36
Round trip time was  1.211 milliseconds in repetition 37
Round trip time was  3.146 milliseconds in repetition 38
Round trip time was  3.417 milliseconds in repetition 39
Round trip time was  2.267 milliseconds in repetition 40
Round trip time was  0.889 milliseconds in repetition 41
Round trip time was  1.454 milliseconds in repetition 42
Round trip time was  1.693 milliseconds in repetition 43
Round trip time was  1.014 milliseconds in repetition 44
Round trip time was  1.742 milliseconds in repetition 45
Round trip time was  1.630 milliseconds in repetition 46
Round trip time was  0.872 milliseconds in repetition 47
Round trip time was  0.734 milliseconds in repetition 48
Round trip time was  1.698 milliseconds in repetition 49
Round trip time was  0.695 milliseconds in repetition 50
Round trip time was  0.841 milliseconds in repetition 51
Round trip time was  1.602 milliseconds in repetition 52
Round trip time was  0.684 milliseconds in repetition 53
Round trip time was  1.040 milliseconds in repetition 54
Round trip time was  0.856 milliseconds in repetition 55
Round trip time was  1.699 milliseconds in repetition 56
Round trip time was  0.963 milliseconds in repetition 57
Round trip time was  0.881 milliseconds in repetition 58
Round trip time was  1.625 milliseconds in repetition 59
Round trip time was  0.842 milliseconds in repetition 60
Round trip time was  0.896 milliseconds in repetition 61
Round trip time was  0.593 milliseconds in repetition 62
Round trip time was  1.769 milliseconds in repetition 63
Round trip time was  0.727 milliseconds in repetition 64
Round trip time was  0.881 milliseconds in repetition 65
Round trip time was  1.589 milliseconds in repetition 66
Round trip time was  0.707 milliseconds in repetition 67
Round trip time was  0.739 milliseconds in repetition 68
Round trip time was  0.951 milliseconds in repetition 69
Round trip time was  1.607 milliseconds in repetition 70
Round trip time was  0.975 milliseconds in repetition 71
Round trip time was  0.736 milliseconds in repetition 72
Round trip time was  1.392 milliseconds in repetition 73
Round trip time was  0.739 milliseconds in repetition 74
Round trip time was  1.201 milliseconds in repetition 75
Round trip time was  1.803 milliseconds in repetition 76
Round trip time was  0.598 milliseconds in repetition 77
Round trip time was  0.871 milliseconds in repetition 78
Round trip time was  1.548 milliseconds in repetition 79
Round trip time was  0.705 milliseconds in repetition 80
Round trip time was  1.507 milliseconds in repetition 81
Round trip time was  1.848 milliseconds in repetition 82
Round trip time was  0.789 milliseconds in repetition 83
Round trip time was  0.823 milliseconds in repetition 84
Round trip time was  1.596 milliseconds in repetition 85
Round trip time was  0.702 milliseconds in repetition 86
Round trip time was  1.620 milliseconds in repetition 87
Round trip time was  1.689 milliseconds in repetition 88
Round trip time was  0.786 milliseconds in repetition 89
Round trip time was  0.834 milliseconds in repetition 90
Round trip time was  1.956 milliseconds in repetition 91
Round trip time was  0.728 milliseconds in repetition 92
Round trip time was  0.832 milliseconds in repetition 93
Round trip time was  0.951 milliseconds in repetition 94
Round trip time was  1.508 milliseconds in repetition 95
Round trip time was  0.546 milliseconds in repetition 96
Round trip time was  1.203 milliseconds in repetition 97
Round trip time was  0.763 milliseconds in repetition 98
Round trip time was  1.571 milliseconds in repetition 99
Round trip time was  0.754 milliseconds in repetition 100
Round trip time was  0.748 milliseconds in repetition 101
Round trip time was  1.726 milliseconds in repetition 102
Round trip time was  0.845 milliseconds in repetition 103
Round trip time was  0.933 milliseconds in repetition 104
Round trip time was  2.056 milliseconds in repetition 105
Round trip time was  0.743 milliseconds in repetition 106
Round trip time was  0.868 milliseconds in repetition 107
Round trip time was  1.732 milliseconds in repetition 108
Round trip time was  0.681 milliseconds in repetition 109
Round trip time was  1.429 milliseconds in repetition 110
Round trip time was  1.630 milliseconds in repetition 111
Round trip time was  0.514 milliseconds in repetition 112
Round trip time was  1.740 milliseconds in repetition 113
Round trip time was  1.902 milliseconds in repetition 114
Round trip time was  0.722 milliseconds in repetition 115
Round trip time was  1.018 milliseconds in repetition 116
Round trip time was  1.624 milliseconds in repetition 117
Round trip time was  0.971 milliseconds in repetition 118
Round trip time was  1.056 milliseconds in repetition 119
Round trip time was  1.390 milliseconds in repetition 120
Round trip time was  0.723 milliseconds in repetition 121
Round trip time was  0.766 milliseconds in repetition 122
Round trip time was  1.573 milliseconds in repetition 123
Round trip time was  0.579 milliseconds in repetition 124
Round trip time was  0.747 milliseconds in repetition 125
Round trip time was  1.838 milliseconds in repetition 126
Round trip time was  0.676 milliseconds in repetition 127
Round trip time was  0.713 milliseconds in repetition 128
Round trip time was  1.812 milliseconds in repetition 129
Round trip time was  1.190 milliseconds in repetition 130
Round trip time was  1.127 milliseconds in repetition 131
Round trip time was  1.626 milliseconds in repetition 132
Round trip time was  0.740 milliseconds in repetition 133
Round trip time was  1.249 milliseconds in repetition 134
Round trip time was  1.428 milliseconds in repetition 135
Round trip time was  0.655 milliseconds in repetition 136
Round trip time was  0.856 milliseconds in repetition 137
Round trip time was  1.727 milliseconds in repetition 138
Round trip time was  0.693 milliseconds in repetition 139
Round trip time was  0.802 milliseconds in repetition 140
Round trip time was  1.518 milliseconds in repetition 141
Round trip time was  0.616 milliseconds in repetition 142
Round trip time was  0.878 milliseconds in repetition 143
Round trip time was  1.934 milliseconds in repetition 144
Round trip time was  0.590 milliseconds in repetition 145
Round trip time was  0.695 milliseconds in repetition 146
Round trip time was  0.745 milliseconds in repetition 147
Round trip time was  1.661 milliseconds in repetition 148
Round trip time was  0.796 milliseconds in repetition 149
Round trip time was  1.597 milliseconds in repetition 150
Round trip time was  2.370 milliseconds in repetition 151
Round trip time was  1.535 milliseconds in repetition 152
Round trip time was  1.640 milliseconds in repetition 153
Round trip time was  0.734 milliseconds in repetition 154
Round trip time was  0.857 milliseconds in repetition 155
Round trip time was  1.585 milliseconds in repetition 156
Round trip time was  0.919 milliseconds in repetition 157
Round trip time was  1.431 milliseconds in repetition 158
Round trip time was  1.646 milliseconds in repetition 159
Round trip time was  0.716 milliseconds in repetition 160
Round trip time was  0.884 milliseconds in repetition 161
Round trip time was  1.644 milliseconds in repetition 162
Round trip time was  0.871 milliseconds in repetition 163
Round trip time was  0.869 milliseconds in repetition 164
Round trip time was  1.936 milliseconds in repetition 165
Round trip time was  1.425 milliseconds in repetition 166
Round trip time was  2.547 milliseconds in repetition 167
Round trip time was  1.943 milliseconds in repetition 168
Round trip time was  2.350 milliseconds in repetition 169
Round trip time was  1.947 milliseconds in repetition 170
Round trip time was  2.293 milliseconds in repetition 171
Round trip time was  0.571 milliseconds in repetition 172
Round trip time was  1.019 milliseconds in repetition 173
Round trip time was  0.938 milliseconds in repetition 174
Round trip time was  1.721 milliseconds in repetition 175
Round trip time was  0.557 milliseconds in repetition 176
Round trip time was  0.755 milliseconds in repetition 177
Round trip time was  0.893 milliseconds in repetition 178
Round trip time was  1.432 milliseconds in repetition 179
Round trip time was  0.833 milliseconds in repetition 180
Round trip time was  0.818 milliseconds in repetition 181
Round trip time was  1.577 milliseconds in repetition 182
Round trip time was  0.638 milliseconds in repetition 183
Round trip time was  0.826 milliseconds in repetition 184
Round trip time was  1.670 milliseconds in repetition 185
Round trip time was  0.588 milliseconds in repetition 186
Round trip time was  0.844 milliseconds in repetition 187
Round trip time was  1.814 milliseconds in repetition 188
Round trip time was  0.556 milliseconds in repetition 189
Round trip time was  0.706 milliseconds in repetition 190
Round trip time was  0.776 milliseconds in repetition 191
Round trip time was  1.403 milliseconds in repetition 192
Round trip time was  0.803 milliseconds in repetition 193
Round trip time was  0.957 milliseconds in repetition 194
Round trip time was  2.092 milliseconds in repetition 195
Round trip time was  0.674 milliseconds in repetition 196
Round trip time was  0.829 milliseconds in repetition 197
Round trip time was  1.770 milliseconds in repetition 198
Round trip time was  1.612 milliseconds in repetition 199
Round trip time was  1.018 milliseconds in repetition 200
Round trip time was  1.601 milliseconds in repetition 201
Round trip time was  1.803 milliseconds in repetition 202
Round trip time was  1.342 milliseconds in repetition 203
Round trip time was  1.058 milliseconds in repetition 204
Round trip time was  1.437 milliseconds in repetition 205
Round trip time was  1.045 milliseconds in repetition 206
Round trip time was  1.062 milliseconds in repetition 207
Round trip time was  1.613 milliseconds in repetition 208
Round trip time was  0.947 milliseconds in repetition 209
Round trip time was  0.922 milliseconds in repetition 210
Round trip time was  1.564 milliseconds in repetition 211
Round trip time was  0.798 milliseconds in repetition 212
Round trip time was  0.809 milliseconds in repetition 213
Round trip time was  0.780 milliseconds in repetition 214
Round trip time was  1.839 milliseconds in repetition 215
Round trip time was  0.738 milliseconds in repetition 216
Round trip time was  1.144 milliseconds in repetition 217
Round trip time was  1.546 milliseconds in repetition 218
Round trip time was  0.794 milliseconds in repetition 219
Round trip time was  0.850 milliseconds in repetition 220
Round trip time was  1.532 milliseconds in repetition 221
Round trip time was  0.681 milliseconds in repetition 222
Round trip time was  0.831 milliseconds in repetition 223
Round trip time was  1.688 milliseconds in repetition 224
Round trip time was  0.696 milliseconds in repetition 225
Round trip time was  0.682 milliseconds in repetition 226
Round trip time was  0.895 milliseconds in repetition 227
Round trip time was  1.516 milliseconds in repetition 228
Round trip time was  0.620 milliseconds in repetition 229
Round trip time was  0.894 milliseconds in repetition 230
Round trip time was  1.392 milliseconds in repetition 231
Round trip time was  1.431 milliseconds in repetition 232
Round trip time was  0.693 milliseconds in repetition 233
Round trip time was  0.771 milliseconds in repetition 234
Round trip time was  1.591 milliseconds in repetition 235
Round trip time was  0.686 milliseconds in repetition 236
Round trip time was  0.808 milliseconds in repetition 237
Round trip time was  1.705 milliseconds in repetition 238
Round trip time was  0.689 milliseconds in repetition 239
Round trip time was  0.905 milliseconds in repetition 240
Round trip time was  1.617 milliseconds in repetition 241
Round trip time was  0.657 milliseconds in repetition 242
Round trip time was  0.871 milliseconds in repetition 243
Round trip time was  1.948 milliseconds in repetition 244
Round trip time was  0.601 milliseconds in repetition 245
Round trip time was  1.100 milliseconds in repetition 246
Round trip time was  1.180 milliseconds in repetition 247
Round trip time was  1.420 milliseconds in repetition 248
Round trip time was  0.703 milliseconds in repetition 249
Round trip time was  1.015 milliseconds in repetition 250
Round trip time was  0.954 milliseconds in repetition 251
Round trip time was  1.660 milliseconds in repetition 252
Round trip time was  0.667 milliseconds in repetition 253
Round trip time was  0.849 milliseconds in repetition 254
Round trip time was  0.944 milliseconds in repetition 255
Round trip time was  1.740 milliseconds in repetition 256
Round trip time was  1.435 milliseconds in repetition 257
Round trip time was  2.170 milliseconds in repetition 258
Round trip time was  1.045 milliseconds in repetition 259
Round trip time was  1.295 milliseconds in repetition 260
Round trip time was  3.591 milliseconds in repetition 261
Round trip time was  3.036 milliseconds in repetition 262
Round trip time was  2.260 milliseconds in repetition 263
Round trip time was  0.728 milliseconds in repetition 264
Round trip time was  0.739 milliseconds in repetition 265
Round trip time was  1.587 milliseconds in repetition 266
Round trip time was  2.145 milliseconds in repetition 267
Round trip time was  1.187 milliseconds in repetition 268
Round trip time was  1.076 milliseconds in repetition 269
Round trip time was  1.468 milliseconds in repetition 270
Round trip time was  0.882 milliseconds in repetition 271
Round trip time was  1.150 milliseconds in repetition 272
Round trip time was  1.611 milliseconds in repetition 273
Round trip time was  0.642 milliseconds in repetition 274
Round trip time was  0.711 milliseconds in repetition 275
Round trip time was  1.068 milliseconds in repetition 276
Round trip time was  2.154 milliseconds in repetition 277
Round trip time was  0.873 milliseconds in repetition 278
Round trip time was  0.863 milliseconds in repetition 279
Round trip time was  1.826 milliseconds in repetition 280
Round trip time was  0.601 milliseconds in repetition 281
Round trip time was  0.820 milliseconds in repetition 282
Round trip time was  1.757 milliseconds in repetition 283
Round trip time was  0.863 milliseconds in repetition 284
Round trip time was  1.138 milliseconds in repetition 285
Round trip time was  0.688 milliseconds in repetition 286
Round trip time was  1.475 milliseconds in repetition 287
Round trip time was  0.552 milliseconds in repetition 288
Round trip time was  1.317 milliseconds in repetition 289
Round trip time was  2.218 milliseconds in repetition 290
Round trip time was  0.622 milliseconds in repetition 291
Round trip time was  1.847 milliseconds in repetition 292
Round trip time was  3.234 milliseconds in repetition 293
Round trip time was  1.798 milliseconds in repetition 294
Round trip time was  3.363 milliseconds in repetition 295
Round trip time was  4.218 milliseconds in repetition 296
Round trip time was  3.330 milliseconds in repetition 297
Round trip time was  1.490 milliseconds in repetition 298
Round trip time was  0.994 milliseconds in repetition 299
Round trip time was  1.484 milliseconds in repetition 300
Round trip time was  0.584 milliseconds in repetition 301
Round trip time was  0.766 milliseconds in repetition 302
Round trip time was  0.686 milliseconds in repetition 303
Round trip time was  1.558 milliseconds in repetition 304
Round trip time was  1.255 milliseconds in repetition 305
Round trip time was  0.720 milliseconds in repetition 306
Round trip time was  1.561 milliseconds in repetition 307
Round trip time was  0.677 milliseconds in repetition 308
Round trip time was  1.220 milliseconds in repetition 309
Round trip time was  2.144 milliseconds in repetition 310
Round trip time was  0.731 milliseconds in repetition 311
Round trip time was  0.795 milliseconds in repetition 312
Round trip time was  1.564 milliseconds in repetition 313
Round trip time was  0.636 milliseconds in repetition 314
Round trip time was  0.889 milliseconds in repetition 315
Round trip time was  2.908 milliseconds in repetition 316
Round trip time was  0.766 milliseconds in repetition 317
Round trip time was  0.725 milliseconds in repetition 318
Round trip time was  0.662 milliseconds in repetition 319
Round trip time was  2.297 milliseconds in repetition 320
Round trip time was  0.699 milliseconds in repetition 321
Round trip time was  0.855 milliseconds in repetition 322
Round trip time was  1.511 milliseconds in repetition 323
Round trip time was  1.553 milliseconds in repetition 324
Round trip time was  0.639 milliseconds in repetition 325
Round trip time was  0.806 milliseconds in repetition 326
Round trip time was  0.942 milliseconds in repetition 327
Round trip time was  1.712 milliseconds in repetition 328
Round trip time was  0.687 milliseconds in repetition 329
Round trip time was  0.869 milliseconds in repetition 330
Round trip time was  0.709 milliseconds in repetition 331
Round trip time was  1.452 milliseconds in repetition 332
Round trip time was  0.686 milliseconds in repetition 333
Round trip time was  1.016 milliseconds in repetition 334
Round trip time was  1.606 milliseconds in repetition 335
Round trip time was  0.570 milliseconds in repetition 336
Round trip time was  0.979 milliseconds in repetition 337
Round trip time was  1.023 milliseconds in repetition 338
Round trip time was  1.377 milliseconds in repetition 339
Round trip time was  1.252 milliseconds in repetition 340
Round trip time was  0.757 milliseconds in repetition 341
Round trip time was  1.411 milliseconds in repetition 342
Round trip time was  0.660 milliseconds in repetition 343
Round trip time was  0.869 milliseconds in repetition 344
Round trip time was  1.518 milliseconds in repetition 345
Round trip time was  0.562 milliseconds in repetition 346
Round trip time was  0.762 milliseconds in repetition 347
Round trip time was  1.864 milliseconds in repetition 348
Round trip time was  0.637 milliseconds in repetition 349
Round trip time was  1.444 milliseconds in repetition 350
Round trip time was  2.332 milliseconds in repetition 351
Round trip time was  0.661 milliseconds in repetition 352
Round trip time was  0.839 milliseconds in repetition 353
Round trip time was  1.546 milliseconds in repetition 354
Round trip time was  0.662 milliseconds in repetition 355
Round trip time was  0.872 milliseconds in repetition 356
Round trip time was  2.217 milliseconds in repetition 357
Round trip time was  0.715 milliseconds in repetition 358
Round trip time was  0.891 milliseconds in repetition 359
Round trip time was  0.580 milliseconds in repetition 360
Round trip time was  1.818 milliseconds in repetition 361
Round trip time was  0.659 milliseconds in repetition 362
Round trip time was  1.075 milliseconds in repetition 363
Round trip time was  2.228 milliseconds in repetition 364
Round trip time was  0.624 milliseconds in repetition 365
Round trip time was  0.763 milliseconds in repetition 366
Round trip time was  1.965 milliseconds in repetition 367
Round trip time was  0.609 milliseconds in repetition 368
Round trip time was  0.794 milliseconds in repetition 369
Round trip time was  1.846 milliseconds in repetition 370
Round trip time was  0.659 milliseconds in repetition 371
Round trip time was  0.908 milliseconds in repetition 372
Round trip time was  0.589 milliseconds in repetition 373
Round trip time was  2.296 milliseconds in repetition 374
Round trip time was  1.774 milliseconds in repetition 375
Round trip time was  2.041 milliseconds in repetition 376
Round trip time was  0.619 milliseconds in repetition 377
Round trip time was  1.305 milliseconds in repetition 378
Round trip time was  1.589 milliseconds in repetition 379
Round trip time was  0.820 milliseconds in repetition 380
Round trip time was  1.750 milliseconds in repetition 381
Round trip time was  2.807 milliseconds in repetition 382
Round trip time was  1.186 milliseconds in repetition 383
Round trip time was  2.640 milliseconds in repetition 384
Round trip time was  1.296 milliseconds in repetition 385
Round trip time was  0.805 milliseconds in repetition 386
Round trip time was  1.621 milliseconds in repetition 387
Round trip time was  0.847 milliseconds in repetition 388
Round trip time was  0.727 milliseconds in repetition 389
Round trip time was  1.586 milliseconds in repetition 390
Round trip time was  0.700 milliseconds in repetition 391
Round trip time was  0.757 milliseconds in repetition 392
Round trip time was  1.793 milliseconds in repetition 393
Round trip time was  0.717 milliseconds in repetition 394
Round trip time was  0.789 milliseconds in repetition 395
Round trip time was  1.794 milliseconds in repetition 396
Round trip time was  0.730 milliseconds in repetition 397
Round trip time was  0.914 milliseconds in repetition 398
Round trip time was  1.628 milliseconds in repetition 399
Round trip time was  0.579 milliseconds in repetition 400
Round trip time was  1.420 milliseconds in repetition 401
Round trip time was  1.653 milliseconds in repetition 402
Round trip time was  0.752 milliseconds in repetition 403
Round trip time was  1.403 milliseconds in repetition 404
Round trip time was  1.804 milliseconds in repetition 405
Round trip time was  0.799 milliseconds in repetition 406
Round trip time was  1.754 milliseconds in repetition 407
Round trip time was  0.630 milliseconds in repetition 408
Round trip time was  0.801 milliseconds in repetition 409
Round trip time was  1.752 milliseconds in repetition 410
Round trip time was  0.716 milliseconds in repetition 411
Round trip time was  0.838 milliseconds in repetition 412
Round trip time was  1.773 milliseconds in repetition 413
Round trip time was  0.764 milliseconds in repetition 414
Round trip time was  1.109 milliseconds in repetition 415
Round trip time was  1.596 milliseconds in repetition 416
Round trip time was  0.776 milliseconds in repetition 417
Round trip time was  0.798 milliseconds in repetition 418
Round trip time was  1.619 milliseconds in repetition 419
Round trip time was  0.700 milliseconds in repetition 420
Round trip time was  0.875 milliseconds in repetition 421
Round trip time was  1.579 milliseconds in repetition 422
Round trip time was  0.660 milliseconds in repetition 423
Round trip time was  0.836 milliseconds in repetition 424
Round trip time was  2.373 milliseconds in repetition 425
Round trip time was  0.645 milliseconds in repetition 426
Round trip time was  1.168 milliseconds in repetition 427
Round trip time was  2.611 milliseconds in repetition 428
Round trip time was  2.042 milliseconds in repetition 429
Round trip time was  1.398 milliseconds in repetition 430
Round trip time was  1.422 milliseconds in repetition 431
Round trip time was  0.554 milliseconds in repetition 432
Round trip time was  0.884 milliseconds in repetition 433
Round trip time was  0.645 milliseconds in repetition 434
Round trip time was  2.080 milliseconds in repetition 435
Round trip time was  0.756 milliseconds in repetition 436
Round trip time was  0.871 milliseconds in repetition 437
Round trip time was  0.701 milliseconds in repetition 438
Round trip time was  1.661 milliseconds in repetition 439
Round trip time was  0.670 milliseconds in repetition 440
Round trip time was  0.840 milliseconds in repetition 441
Round trip time was  0.597 milliseconds in repetition 442
Round trip time was  2.132 milliseconds in repetition 443
Round trip time was  0.834 milliseconds in repetition 444
Round trip time was  1.633 milliseconds in repetition 445
Round trip time was  2.788 milliseconds in repetition 446
Round trip time was  1.118 milliseconds in repetition 447
Round trip time was  2.264 milliseconds in repetition 448
Round trip time was  0.704 milliseconds in repetition 449
Round trip time was  0.865 milliseconds in repetition 450
Round trip time was  2.143 milliseconds in repetition 451
Round trip time was  0.675 milliseconds in repetition 452
Round trip time was  1.459 milliseconds in repetition 453
Round trip time was  2.170 milliseconds in repetition 454
Round trip time was  0.695 milliseconds in repetition 455
Round trip time was  1.001 milliseconds in repetition 456
Round trip time was  2.573 milliseconds in repetition 457
Round trip time was  3.508 milliseconds in repetition 458
Round trip time was  2.436 milliseconds in repetition 459
Round trip time was  0.783 milliseconds in repetition 460
Round trip time was  0.810 milliseconds in repetition 461
Round trip time was  1.585 milliseconds in repetition 462
Round trip time was  0.710 milliseconds in repetition 463
Round trip time was  0.799 milliseconds in repetition 464
Round trip time was  1.670 milliseconds in repetition 465
Round trip time was  0.995 milliseconds in repetition 466
Round trip time was  1.078 milliseconds in repetition 467
Round trip time was  1.494 milliseconds in repetition 468
Round trip time was  0.547 milliseconds in repetition 469
Round trip time was  0.736 milliseconds in repetition 470
Round trip time was  1.850 milliseconds in repetition 471
Round trip time was  0.641 milliseconds in repetition 472
Round trip time was  0.741 milliseconds in repetition 473
Round trip time was  1.846 milliseconds in repetition 474
Round trip time was  0.586 milliseconds in repetition 475
Round trip time was  0.768 milliseconds in repetition 476
Round trip time was  1.787 milliseconds in repetition 477
Round trip time was  0.630 milliseconds in repetition 478
Round trip time was  1.465 milliseconds in repetition 479
Round trip time was  2.329 milliseconds in repetition 480
Round trip time was  0.720 milliseconds in repetition 481
Round trip time was  0.877 milliseconds in repetition 482
Round trip time was  1.372 milliseconds in repetition 483
Round trip time was  0.530 milliseconds in repetition 484
Round trip time was  0.705 milliseconds in repetition 485
Round trip time was  0.820 milliseconds in repetition 486
Round trip time was  0.602 milliseconds in repetition 487
Round trip time was  1.676 milliseconds in repetition 488
Round trip time was  0.634 milliseconds in repetition 489
Round trip time was  0.726 milliseconds in repetition 490
Round trip time was  0.853 milliseconds in repetition 491
Round trip time was  1.944 milliseconds in repetition 492
Round trip time was  0.647 milliseconds in repetition 493
Round trip time was  0.926 milliseconds in repetition 494
Round trip time was  1.457 milliseconds in repetition 495
Round trip time was  1.478 milliseconds in repetition 496
Round trip time was  1.244 milliseconds in repetition 497
Round trip time was  2.014 milliseconds in repetition 498
Round trip time was  0.670 milliseconds in repetition 499
Round trip time was  1.014 milliseconds in repetition 500
Round trip time was  1.855 milliseconds in repetition 501

 ... clock resolution was 1e-06
UDP Ping:  Statistics over 501 repetitions of 4096 byte messages

RTT : percentile 10: 0.660743, median: 1.04538, percentile 90: 2.14834, average: 1.36088, variance: 3.39458

RTT histogram:
0.513634 321
2.47745 173
4.44127 6
6.40509 0
8.36891 0
10.3327 0
12.2965 0
14.2604 0
16.2242 0
18.188 0
20.1518 0
22.1156 0
24.0795 0
26.0433 0
28.0071 0
29.9709 0
31.9347 0
33.8986 0
35.8624 0
37.8262 0
39.79 1

   median Throughput : 7836.39 KB/s   overall Throughput : 6019.65 KB/s

