UDP Ping trying to connect to server 130.251.61.30 (130.251.61.30) on TCP port 1491
 ... connected to Pong server: asking for 501 repetitions of 32768 _bytes UDP messages
 ... Pong server agreed to ping-pong using port 51708 :-)
Round trip time was 281.266 milliseconds in repetition 1
Round trip time was  6.846 milliseconds in repetition 2
Round trip time was  7.499 milliseconds in repetition 3
Round trip time was  5.833 milliseconds in repetition 4
Round trip time was  5.751 milliseconds in repetition 5
Round trip time was  5.759 milliseconds in repetition 6
Round trip time was  7.025 milliseconds in repetition 7
Round trip time was 10.244 milliseconds in repetition 8
Round trip time was  6.920 milliseconds in repetition 9
Round trip time was  5.256 milliseconds in repetition 10
Round trip time was  7.016 milliseconds in repetition 11
Round trip time was  6.286 milliseconds in repetition 12
Round trip time was  9.185 milliseconds in repetition 13
Round trip time was  8.394 milliseconds in repetition 14
Round trip time was  8.814 milliseconds in repetition 15
Round trip time was  7.241 milliseconds in repetition 16
Round trip time was  7.440 milliseconds in repetition 17
Round trip time was 14.389 milliseconds in repetition 18
Round trip time was  5.911 milliseconds in repetition 19
Round trip time was  6.105 milliseconds in repetition 20
Round trip time was  6.728 milliseconds in repetition 21
Round trip time was 10.351 milliseconds in repetition 22
Round trip time was  7.849 milliseconds in repetition 23
Round trip time was  5.050 milliseconds in repetition 24
Round trip time was  5.683 milliseconds in repetition 25
Round trip time was  3.763 milliseconds in repetition 26
Round trip time was  4.920 milliseconds in repetition 27
Round trip time was  6.626 milliseconds in repetition 28
Round trip time was  5.741 milliseconds in repetition 29
Round trip time was  3.818 milliseconds in repetition 30
Round trip time was  4.565 milliseconds in repetition 31
Round trip time was  5.667 milliseconds in repetition 32
Round trip time was  4.187 milliseconds in repetition 33
Round trip time was  3.912 milliseconds in repetition 34
Round trip time was  2.942 milliseconds in repetition 35
Round trip time was  3.938 milliseconds in repetition 36
Round trip time was  4.083 milliseconds in repetition 37
Round trip time was  2.719 milliseconds in repetition 38
Round trip time was  4.460 milliseconds in repetition 39
Round trip time was  2.967 milliseconds in repetition 40
Round trip time was  3.714 milliseconds in repetition 41
Round trip time was  2.971 milliseconds in repetition 42
Round trip time was  4.292 milliseconds in repetition 43
Round trip time was  2.670 milliseconds in repetition 44
Round trip time was  4.187 milliseconds in repetition 45
Round trip time was  2.656 milliseconds in repetition 46
Round trip time was  4.155 milliseconds in repetition 47
Round trip time was  2.993 milliseconds in repetition 48
Round trip time was  6.284 milliseconds in repetition 49
Round trip time was  5.630 milliseconds in repetition 50
Round trip time was 11.105 milliseconds in repetition 51
Round trip time was 14.749 milliseconds in repetition 52
Round trip time was  7.122 milliseconds in repetition 53
Round trip time was  4.934 milliseconds in repetition 54
Round trip time was  2.635 milliseconds in repetition 55
Round trip time was  4.966 milliseconds in repetition 56
Round trip time was  5.385 milliseconds in repetition 57
Round trip time was  7.617 milliseconds in repetition 58
Round trip time was  8.367 milliseconds in repetition 59
Round trip time was  3.289 milliseconds in repetition 60
Round trip time was  4.735 milliseconds in repetition 61
Round trip time was  3.543 milliseconds in repetition 62
Round trip time was  3.797 milliseconds in repetition 63
Round trip time was  2.887 milliseconds in repetition 64
Round trip time was  4.116 milliseconds in repetition 65
Round trip time was  2.689 milliseconds in repetition 66
Round trip time was  4.304 milliseconds in repetition 67
Round trip time was  2.662 milliseconds in repetition 68
Round trip time was  4.236 milliseconds in repetition 69
Round trip time was  2.879 milliseconds in repetition 70
Round trip time was  3.688 milliseconds in repetition 71
Round trip time was  2.505 milliseconds in repetition 72
Round trip time was  3.780 milliseconds in repetition 73
Round trip time was  3.064 milliseconds in repetition 74
Round trip time was  4.202 milliseconds in repetition 75
Round trip time was  2.948 milliseconds in repetition 76
Round trip time was  4.327 milliseconds in repetition 77
Round trip time was  3.688 milliseconds in repetition 78
Round trip time was  4.746 milliseconds in repetition 79
Round trip time was  2.577 milliseconds in repetition 80
Round trip time was  5.500 milliseconds in repetition 81
Round trip time was  4.354 milliseconds in repetition 82
Round trip time was  3.412 milliseconds in repetition 83
Round trip time was  2.467 milliseconds in repetition 84
Round trip time was  6.898 milliseconds in repetition 85
Round trip time was  4.652 milliseconds in repetition 86
Round trip time was  5.261 milliseconds in repetition 87
Round trip time was  4.071 milliseconds in repetition 88
Round trip time was  3.431 milliseconds in repetition 89
Round trip time was  2.497 milliseconds in repetition 90
Round trip time was  4.949 milliseconds in repetition 91
Round trip time was  3.331 milliseconds in repetition 92
Round trip time was  3.281 milliseconds in repetition 93
Round trip time was  2.974 milliseconds in repetition 94
Round trip time was  2.839 milliseconds in repetition 95
Round trip time was  2.622 milliseconds in repetition 96
Round trip time was  4.472 milliseconds in repetition 97
Round trip time was  5.524 milliseconds in repetition 98
Round trip time was  3.836 milliseconds in repetition 99
Round trip time was  2.562 milliseconds in repetition 100
Round trip time was  4.209 milliseconds in repetition 101
Round trip time was  3.864 milliseconds in repetition 102
Round trip time was  4.073 milliseconds in repetition 103
Round trip time was  3.457 milliseconds in repetition 104
Round trip time was  3.875 milliseconds in repetition 105
Round trip time was  2.677 milliseconds in repetition 106
Round trip time was  3.861 milliseconds in repetition 107
Round trip time was 17.169 milliseconds in repetition 108
Round trip time was 16.043 milliseconds in repetition 109
Round trip time was  7.305 milliseconds in repetition 110
Round trip time was  4.251 milliseconds in repetition 111
Round trip time was  2.693 milliseconds in repetition 112
Round trip time was  4.941 milliseconds in repetition 113
Round trip time was  7.863 milliseconds in repetition 114
Round trip time was 11.686 milliseconds in repetition 115
Round trip time was  8.315 milliseconds in repetition 116
Round trip time was  5.294 milliseconds in repetition 117
Round trip time was  4.405 milliseconds in repetition 118
Round trip time was  6.732 milliseconds in repetition 119
Round trip time was  6.312 milliseconds in repetition 120
Round trip time was  3.266 milliseconds in repetition 121
Round trip time was  4.435 milliseconds in repetition 122
Round trip time was  4.669 milliseconds in repetition 123
Round trip time was  3.043 milliseconds in repetition 124
Round trip time was  4.267 milliseconds in repetition 125
Round trip time was  3.422 milliseconds in repetition 126
Round trip time was  6.893 milliseconds in repetition 127
Round trip time was  5.442 milliseconds in repetition 128
Round trip time was  3.928 milliseconds in repetition 129
Round trip time was  2.588 milliseconds in repetition 130
Round trip time was  3.711 milliseconds in repetition 131
Round trip time was  2.718 milliseconds in repetition 132
Round trip time was  3.956 milliseconds in repetition 133
Round trip time was  3.026 milliseconds in repetition 134
Round trip time was  5.024 milliseconds in repetition 135
Round trip time was  2.670 milliseconds in repetition 136
Round trip time was  4.100 milliseconds in repetition 137
Round trip time was  2.756 milliseconds in repetition 138
Round trip time was  4.108 milliseconds in repetition 139
Round trip time was  2.762 milliseconds in repetition 140
Round trip time was  4.183 milliseconds in repetition 141
Round trip time was  2.609 milliseconds in repetition 142
Round trip time was  3.755 milliseconds in repetition 143
Round trip time was  2.453 milliseconds in repetition 144
Round trip time was  3.774 milliseconds in repetition 145
Round trip time was  2.570 milliseconds in repetition 146
Round trip time was  3.747 milliseconds in repetition 147
Round trip time was  2.892 milliseconds in repetition 148
Round trip time was  3.760 milliseconds in repetition 149
Round trip time was  2.656 milliseconds in repetition 150
Round trip time was  4.167 milliseconds in repetition 151
Round trip time was  2.975 milliseconds in repetition 152
Round trip time was  4.481 milliseconds in repetition 153
Round trip time was  2.526 milliseconds in repetition 154
Round trip time was  5.152 milliseconds in repetition 155
Round trip time was  3.239 milliseconds in repetition 156
Round trip time was  3.349 milliseconds in repetition 157
Round trip time was  4.035 milliseconds in repetition 158
Round trip time was  4.157 milliseconds in repetition 159
Round trip time was  3.689 milliseconds in repetition 160
Round trip time was  3.801 milliseconds in repetition 161
Round trip time was  2.895 milliseconds in repetition 162
Round trip time was  3.403 milliseconds in repetition 163
Round trip time was  2.509 milliseconds in repetition 164
Round trip time was  5.873 milliseconds in repetition 165
Round trip time was  7.275 milliseconds in repetition 166
Round trip time was  7.913 milliseconds in repetition 167
Round trip time was  3.217 milliseconds in repetition 168
Round trip time was  4.340 milliseconds in repetition 169
Round trip time was  2.567 milliseconds in repetition 170
Round trip time was  5.768 milliseconds in repetition 171
Round trip time was  3.261 milliseconds in repetition 172
Round trip time was  6.841 milliseconds in repetition 173
Round trip time was  4.689 milliseconds in repetition 174
Round trip time was 10.918 milliseconds in repetition 175
Round trip time was  6.168 milliseconds in repetition 176
Round trip time was  3.833 milliseconds in repetition 177
Round trip time was  5.258 milliseconds in repetition 178
Round trip time was  2.179 milliseconds in repetition 179
Round trip time was  4.109 milliseconds in repetition 180
Round trip time was  5.028 milliseconds in repetition 181
Round trip time was  2.904 milliseconds in repetition 182
Round trip time was  5.527 milliseconds in repetition 183
Round trip time was  6.133 milliseconds in repetition 184
Round trip time was  5.072 milliseconds in repetition 185
Round trip time was  7.588 milliseconds in repetition 186
Round trip time was 11.318 milliseconds in repetition 187
Round trip time was  7.264 milliseconds in repetition 188
Round trip time was  6.882 milliseconds in repetition 189
Round trip time was 10.716 milliseconds in repetition 190
Round trip time was 11.436 milliseconds in repetition 191
Round trip time was  4.516 milliseconds in repetition 192
Round trip time was  5.202 milliseconds in repetition 193
Round trip time was  6.321 milliseconds in repetition 194
Round trip time was  9.681 milliseconds in repetition 195
Round trip time was  5.869 milliseconds in repetition 196
Round trip time was  6.052 milliseconds in repetition 197
Round trip time was  7.259 milliseconds in repetition 198
Round trip time was  2.972 milliseconds in repetition 199
Round trip time was  4.709 milliseconds in repetition 200
Round trip time was  2.676 milliseconds in repetition 201
Round trip time was  4.089 milliseconds in repetition 202
Round trip time was  2.325 milliseconds in repetition 203
Round trip time was  2.198 milliseconds in repetition 204
Round trip time was  2.377 milliseconds in repetition 205
Round trip time was  2.782 milliseconds in repetition 206
Round trip time was  2.566 milliseconds in repetition 207
Round trip time was  4.147 milliseconds in repetition 208
Round trip time was  2.610 milliseconds in repetition 209
Round trip time was  4.583 milliseconds in repetition 210
Round trip time was  2.258 milliseconds in repetition 211
Round trip time was  2.505 milliseconds in repetition 212
Round trip time was  3.055 milliseconds in repetition 213
Round trip time was  3.090 milliseconds in repetition 214
Round trip time was  3.109 milliseconds in repetition 215
Round trip time was  2.437 milliseconds in repetition 216
Round trip time was  2.396 milliseconds in repetition 217
Round trip time was  2.948 milliseconds in repetition 218
Round trip time was  2.829 milliseconds in repetition 219
Round trip time was  2.668 milliseconds in repetition 220
Round trip time was  2.417 milliseconds in repetition 221
Round trip time was  3.163 milliseconds in repetition 222
Round trip time was  4.401 milliseconds in repetition 223
Round trip time was  3.480 milliseconds in repetition 224
Round trip time was  3.018 milliseconds in repetition 225
Round trip time was  2.450 milliseconds in repetition 226
Round trip time was  2.595 milliseconds in repetition 227
Round trip time was  3.645 milliseconds in repetition 228
Round trip time was  2.991 milliseconds in repetition 229
Round trip time was  2.692 milliseconds in repetition 230
Round trip time was  2.775 milliseconds in repetition 231
Round trip time was  4.026 milliseconds in repetition 232
Round trip time was  2.749 milliseconds in repetition 233
Round trip time was  2.719 milliseconds in repetition 234
Round trip time was  2.837 milliseconds in repetition 235
Round trip time was  3.551 milliseconds in repetition 236
Round trip time was  3.203 milliseconds in repetition 237
Round trip time was  3.045 milliseconds in repetition 238
Round trip time was  3.400 milliseconds in repetition 239
Round trip time was  2.769 milliseconds in repetition 240
Round trip time was  3.402 milliseconds in repetition 241
Round trip time was  3.704 milliseconds in repetition 242
Round trip time was  2.665 milliseconds in repetition 243
Round trip time was  3.593 milliseconds in repetition 244
Round trip time was  4.724 milliseconds in repetition 245
Round trip time was  3.210 milliseconds in repetition 246
Round trip time was  4.373 milliseconds in repetition 247
Round trip time was  2.547 milliseconds in repetition 248
Round trip time was  3.211 milliseconds in repetition 249
Round trip time was  3.797 milliseconds in repetition 250
Round trip time was  2.780 milliseconds in repetition 251
Round trip time was  3.102 milliseconds in repetition 252
Round trip time was  4.767 milliseconds in repetition 253
Round trip time was  2.640 milliseconds in repetition 254
Round trip time was  5.600 milliseconds in repetition 255
Round trip time was  2.251 milliseconds in repetition 256
Round trip time was  3.223 milliseconds in repetition 257
Round trip time was  4.521 milliseconds in repetition 258
Round trip time was  3.232 milliseconds in repetition 259
Round trip time was  3.298 milliseconds in repetition 260
Round trip time was  4.598 milliseconds in repetition 261
Round trip time was  2.367 milliseconds in repetition 262
Round trip time was  3.271 milliseconds in repetition 263
Round trip time was  5.104 milliseconds in repetition 264
Round trip time was  2.506 milliseconds in repetition 265
Round trip time was  3.096 milliseconds in repetition 266
Round trip time was  4.635 milliseconds in repetition 267
Round trip time was  2.463 milliseconds in repetition 268
Round trip time was  4.042 milliseconds in repetition 269
Round trip time was  3.312 milliseconds in repetition 270
Round trip time was  2.566 milliseconds in repetition 271
Round trip time was  3.492 milliseconds in repetition 272
Round trip time was  4.091 milliseconds in repetition 273
Round trip time was  2.484 milliseconds in repetition 274
Round trip time was  6.402 milliseconds in repetition 275
Round trip time was  3.371 milliseconds in repetition 276
Round trip time was  4.984 milliseconds in repetition 277
Round trip time was  2.343 milliseconds in repetition 278
Round trip time was  4.711 milliseconds in repetition 279
Round trip time was  5.222 milliseconds in repetition 280
Round trip time was  3.463 milliseconds in repetition 281
Round trip time was  4.487 milliseconds in repetition 282
Round trip time was  2.392 milliseconds in repetition 283
Round trip time was  3.382 milliseconds in repetition 284
Round trip time was  4.874 milliseconds in repetition 285
Round trip time was  2.589 milliseconds in repetition 286
Round trip time was  6.323 milliseconds in repetition 287
Round trip time was  2.928 milliseconds in repetition 288
Round trip time was  5.198 milliseconds in repetition 289
Round trip time was  2.329 milliseconds in repetition 290
Round trip time was  4.290 milliseconds in repetition 291
Round trip time was  4.234 milliseconds in repetition 292
Round trip time was  3.636 milliseconds in repetition 293
Round trip time was  8.148 milliseconds in repetition 294
Round trip time was  5.190 milliseconds in repetition 295
Round trip time was  5.539 milliseconds in repetition 296
Round trip time was  2.607 milliseconds in repetition 297
Round trip time was  5.976 milliseconds in repetition 298
Round trip time was  2.503 milliseconds in repetition 299
Round trip time was  3.441 milliseconds in repetition 300
Round trip time was  3.830 milliseconds in repetition 301
Round trip time was  3.580 milliseconds in repetition 302
Round trip time was 10.379 milliseconds in repetition 303
Round trip time was  5.602 milliseconds in repetition 304
Round trip time was  3.524 milliseconds in repetition 305
Round trip time was  6.227 milliseconds in repetition 306
Round trip time was  3.859 milliseconds in repetition 307
Round trip time was  7.311 milliseconds in repetition 308
Round trip time was  2.686 milliseconds in repetition 309
Round trip time was  3.489 milliseconds in repetition 310
Round trip time was  4.806 milliseconds in repetition 311
Round trip time was  2.527 milliseconds in repetition 312
Round trip time was  3.446 milliseconds in repetition 313
Round trip time was  4.093 milliseconds in repetition 314
Round trip time was  3.511 milliseconds in repetition 315
Round trip time was  7.480 milliseconds in repetition 316
Round trip time was  2.561 milliseconds in repetition 317
Round trip time was  3.179 milliseconds in repetition 318
Round trip time was  4.787 milliseconds in repetition 319
Round trip time was  2.476 milliseconds in repetition 320
Round trip time was  3.809 milliseconds in repetition 321
Round trip time was  4.484 milliseconds in repetition 322
Round trip time was  2.736 milliseconds in repetition 323
Round trip time was  3.697 milliseconds in repetition 324
Round trip time was  4.554 milliseconds in repetition 325
Round trip time was  3.268 milliseconds in repetition 326
Round trip time was  6.120 milliseconds in repetition 327
Round trip time was  2.306 milliseconds in repetition 328
Round trip time was  3.093 milliseconds in repetition 329
Round trip time was  5.686 milliseconds in repetition 330
Round trip time was  2.677 milliseconds in repetition 331
Round trip time was  5.538 milliseconds in repetition 332
Round trip time was  2.571 milliseconds in repetition 333
Round trip time was  3.076 milliseconds in repetition 334
Round trip time was  4.931 milliseconds in repetition 335
Round trip time was  2.520 milliseconds in repetition 336
Round trip time was  6.298 milliseconds in repetition 337
Round trip time was  2.540 milliseconds in repetition 338
Round trip time was  3.488 milliseconds in repetition 339
Round trip time was  3.911 milliseconds in repetition 340
Round trip time was  2.501 milliseconds in repetition 341
Round trip time was  6.643 milliseconds in repetition 342
Round trip time was  5.302 milliseconds in repetition 343
Round trip time was  7.458 milliseconds in repetition 344
Round trip time was  3.209 milliseconds in repetition 345
Round trip time was  4.602 milliseconds in repetition 346
Round trip time was  4.927 milliseconds in repetition 347
Round trip time was  4.681 milliseconds in repetition 348
Round trip time was  4.939 milliseconds in repetition 349
Round trip time was  2.804 milliseconds in repetition 350
Round trip time was  5.679 milliseconds in repetition 351
Round trip time was  2.642 milliseconds in repetition 352
Round trip time was  3.003 milliseconds in repetition 353
Round trip time was  4.514 milliseconds in repetition 354
Round trip time was  2.502 milliseconds in repetition 355
Round trip time was  6.104 milliseconds in repetition 356
Round trip time was  2.445 milliseconds in repetition 357
Round trip time was  3.121 milliseconds in repetition 358
Round trip time was  4.747 milliseconds in repetition 359
Round trip time was  2.462 milliseconds in repetition 360
Round trip time was  6.142 milliseconds in repetition 361
Round trip time was  3.048 milliseconds in repetition 362
Round trip time was  4.663 milliseconds in repetition 363
Round trip time was  8.901 milliseconds in repetition 364
Round trip time was  2.251 milliseconds in repetition 365
Round trip time was  3.161 milliseconds in repetition 366
Round trip time was  5.045 milliseconds in repetition 367
Round trip time was  3.458 milliseconds in repetition 368
Round trip time was  4.874 milliseconds in repetition 369
Round trip time was  7.225 milliseconds in repetition 370
Round trip time was  6.265 milliseconds in repetition 371
Round trip time was  4.652 milliseconds in repetition 372
Round trip time was  2.754 milliseconds in repetition 373
Round trip time was  3.295 milliseconds in repetition 374
Round trip time was  4.724 milliseconds in repetition 375
Round trip time was  2.566 milliseconds in repetition 376
Round trip time was  6.195 milliseconds in repetition 377
Round trip time was  2.382 milliseconds in repetition 378
Round trip time was  6.337 milliseconds in repetition 379
Round trip time was  2.875 milliseconds in repetition 380
Round trip time was  6.044 milliseconds in repetition 381
Round trip time was  4.013 milliseconds in repetition 382
Round trip time was  5.417 milliseconds in repetition 383
Round trip time was  2.493 milliseconds in repetition 384
Round trip time was  3.604 milliseconds in repetition 385
Round trip time was  3.826 milliseconds in repetition 386
Round trip time was  2.509 milliseconds in repetition 387
Round trip time was  4.081 milliseconds in repetition 388
Round trip time was  4.423 milliseconds in repetition 389
Round trip time was  2.451 milliseconds in repetition 390
Round trip time was  5.427 milliseconds in repetition 391
Round trip time was  2.786 milliseconds in repetition 392
Round trip time was  3.553 milliseconds in repetition 393
Round trip time was  4.678 milliseconds in repetition 394
Round trip time was  3.715 milliseconds in repetition 395
Round trip time was  4.406 milliseconds in repetition 396
Round trip time was  3.272 milliseconds in repetition 397
Round trip time was  4.874 milliseconds in repetition 398
Round trip time was  6.443 milliseconds in repetition 399
Round trip time was  3.711 milliseconds in repetition 400
Round trip time was  6.739 milliseconds in repetition 401
Round trip time was  2.211 milliseconds in repetition 402
Round trip time was  3.299 milliseconds in repetition 403
Round trip time was  2.460 milliseconds in repetition 404
Round trip time was  3.935 milliseconds in repetition 405
Round trip time was  2.519 milliseconds in repetition 406
Round trip time was  3.027 milliseconds in repetition 407
Round trip time was  5.413 milliseconds in repetition 408
Round trip time was  3.644 milliseconds in repetition 409
Round trip time was  5.004 milliseconds in repetition 410
Round trip time was  2.694 milliseconds in repetition 411
Round trip time was  5.399 milliseconds in repetition 412
Round trip time was  2.582 milliseconds in repetition 413
Round trip time was  4.529 milliseconds in repetition 414
Round trip time was  5.006 milliseconds in repetition 415
Round trip time was  2.492 milliseconds in repetition 416
Round trip time was  6.110 milliseconds in repetition 417
Round trip time was  2.780 milliseconds in repetition 418
Round trip time was  4.269 milliseconds in repetition 419
Round trip time was  3.408 milliseconds in repetition 420
Round trip time was  3.083 milliseconds in repetition 421
Round trip time was  5.000 milliseconds in repetition 422
Round trip time was  3.304 milliseconds in repetition 423
Round trip time was  5.657 milliseconds in repetition 424
Round trip time was  2.288 milliseconds in repetition 425
Round trip time was  3.772 milliseconds in repetition 426
Round trip time was  4.356 milliseconds in repetition 427
Round trip time was  2.375 milliseconds in repetition 428
Round trip time was  3.346 milliseconds in repetition 429
Round trip time was  4.968 milliseconds in repetition 430
Round trip time was  3.038 milliseconds in repetition 431
Round trip time was  4.768 milliseconds in repetition 432
Round trip time was  2.574 milliseconds in repetition 433
Round trip time was  6.282 milliseconds in repetition 434
Round trip time was  2.589 milliseconds in repetition 435
Round trip time was  3.010 milliseconds in repetition 436
Round trip time was  5.326 milliseconds in repetition 437
Round trip time was  2.579 milliseconds in repetition 438
Round trip time was  4.565 milliseconds in repetition 439
Round trip time was  4.015 milliseconds in repetition 440
Round trip time was  3.198 milliseconds in repetition 441
Round trip time was  5.785 milliseconds in repetition 442
Round trip time was  2.422 milliseconds in repetition 443
Round trip time was  3.395 milliseconds in repetition 444
Round trip time was  4.082 milliseconds in repetition 445
Round trip time was  2.652 milliseconds in repetition 446
Round trip time was  6.533 milliseconds in repetition 447
Round trip time was  2.479 milliseconds in repetition 448
Round trip time was  3.509 milliseconds in repetition 449
Round trip time was  5.690 milliseconds in repetition 450
Round trip time was  9.747 milliseconds in repetition 451
Round trip time was 11.935 milliseconds in repetition 452
Round trip time was  8.734 milliseconds in repetition 453
Round trip time was  2.945 milliseconds in repetition 454
Round trip time was  3.752 milliseconds in repetition 455
Round trip time was  5.403 milliseconds in repetition 456
Round trip time was  3.053 milliseconds in repetition 457
Round trip time was  4.747 milliseconds in repetition 458
Round trip time was  2.306 milliseconds in repetition 459
Round trip time was  3.150 milliseconds in repetition 460
Round trip time was  4.960 milliseconds in repetition 461
Round trip time was  2.502 milliseconds in repetition 462
Round trip time was  6.029 milliseconds in repetition 463
Round trip time was  2.507 milliseconds in repetition 464
Round trip time was  3.246 milliseconds in repetition 465
Round trip time was  4.858 milliseconds in repetition 466
Round trip time was  2.899 milliseconds in repetition 467
Round trip time was  6.272 milliseconds in repetition 468
Round trip time was  2.380 milliseconds in repetition 469
Round trip time was  3.697 milliseconds in repetition 470
Round trip time was  4.003 milliseconds in repetition 471
Round trip time was  2.583 milliseconds in repetition 472
Round trip time was  6.439 milliseconds in repetition 473
Round trip time was  2.597 milliseconds in repetition 474
Round trip time was  3.150 milliseconds in repetition 475
Round trip time was  4.510 milliseconds in repetition 476
Round trip time was  2.402 milliseconds in repetition 477
Round trip time was  5.972 milliseconds in repetition 478
Round trip time was  2.160 milliseconds in repetition 479
Round trip time was  3.114 milliseconds in repetition 480
Round trip time was  2.700 milliseconds in repetition 481
Round trip time was  5.750 milliseconds in repetition 482
Round trip time was  2.564 milliseconds in repetition 483
Round trip time was  5.431 milliseconds in repetition 484
Round trip time was  2.335 milliseconds in repetition 485
Round trip time was  3.347 milliseconds in repetition 486
Round trip time was  4.381 milliseconds in repetition 487
Round trip time was  3.219 milliseconds in repetition 488
Round trip time was  5.311 milliseconds in repetition 489
Round trip time was  3.038 milliseconds in repetition 490
Round trip time was  6.403 milliseconds in repetition 491
Round trip time was  2.313 milliseconds in repetition 492
Round trip time was  3.672 milliseconds in repetition 493
Round trip time was  4.912 milliseconds in repetition 494
Round trip time was  3.097 milliseconds in repetition 495
Round trip time was  5.806 milliseconds in repetition 496
Round trip time was  2.451 milliseconds in repetition 497
Round trip time was  3.377 milliseconds in repetition 498
Round trip time was  4.290 milliseconds in repetition 499
Round trip time was  3.616 milliseconds in repetition 500
Round trip time was  4.726 milliseconds in repetition 501

 ... clock resolution was 1e-06
UDP Ping:  Statistics over 501 repetitions of 32768 byte messages

RTT : percentile 10: 2.50892, median: 3.83013, percentile 90: 6.73946, average: 4.92942, variance: 157.279

RTT histogram:
2.15952 483
16.1148 17
30.0701 0
44.0254 0
57.9807 0
71.936 0
85.8914 0
99.8467 0
113.802 0
127.757 0
141.713 0
155.668 0
169.623 0
183.578 0
197.534 0
211.489 0
225.444 0
239.4 0
253.355 0
267.31 0
281.266 1

   median Throughput : 17110.6 KB/s   overall Throughput : 13294.9 KB/s

