UDP Ping trying to connect to server 130.251.61.30 (130.251.61.30) on TCP port 1491
 ... connected to Pong server: asking for 501 repetitions of 12288 _bytes UDP messages
 ... Pong server agreed to ping-pong using port 51708 :-)
Round trip time was 106.787 milliseconds in repetition 1
Round trip time was  2.755 milliseconds in repetition 2
Round trip time was  3.215 milliseconds in repetition 3
Round trip time was  2.633 milliseconds in repetition 4
Round trip time was  3.288 milliseconds in repetition 5
Round trip time was  3.549 milliseconds in repetition 6
Round trip time was  2.742 milliseconds in repetition 7
Round trip time was  3.401 milliseconds in repetition 8
Round trip time was  4.427 milliseconds in repetition 9
Round trip time was  3.050 milliseconds in repetition 10
Round trip time was  2.753 milliseconds in repetition 11
Round trip time was  2.630 milliseconds in repetition 12
Round trip time was  3.070 milliseconds in repetition 13
Round trip time was  3.547 milliseconds in repetition 14
Round trip time was  2.866 milliseconds in repetition 15
Round trip time was  3.730 milliseconds in repetition 16
Round trip time was  3.460 milliseconds in repetition 17
Round trip time was  3.084 milliseconds in repetition 18
Round trip time was  3.706 milliseconds in repetition 19
Round trip time was  3.020 milliseconds in repetition 20
Round trip time was  1.465 milliseconds in repetition 21
Round trip time was  3.186 milliseconds in repetition 22
Round trip time was  1.413 milliseconds in repetition 23
Round trip time was  1.670 milliseconds in repetition 24
Round trip time was  2.166 milliseconds in repetition 25
Round trip time was  1.534 milliseconds in repetition 26
Round trip time was  3.448 milliseconds in repetition 27
Round trip time was  1.721 milliseconds in repetition 28
Round trip time was  2.700 milliseconds in repetition 29
Round trip time was  1.612 milliseconds in repetition 30
Round trip time was  3.122 milliseconds in repetition 31
Round trip time was  2.324 milliseconds in repetition 32
Round trip time was  3.748 milliseconds in repetition 33
Round trip time was  1.576 milliseconds in repetition 34
Round trip time was  1.942 milliseconds in repetition 35
Round trip time was  2.721 milliseconds in repetition 36
Round trip time was  1.739 milliseconds in repetition 37
Round trip time was  2.624 milliseconds in repetition 38
Round trip time was  1.722 milliseconds in repetition 39
Round trip time was  1.421 milliseconds in repetition 40
Round trip time was  2.088 milliseconds in repetition 41
Round trip time was  1.689 milliseconds in repetition 42
Round trip time was  2.880 milliseconds in repetition 43
Round trip time was  1.681 milliseconds in repetition 44
Round trip time was  3.064 milliseconds in repetition 45
Round trip time was  1.472 milliseconds in repetition 46
Round trip time was  3.182 milliseconds in repetition 47
Round trip time was  1.524 milliseconds in repetition 48
Round trip time was  2.648 milliseconds in repetition 49
Round trip time was  1.379 milliseconds in repetition 50
Round trip time was  2.264 milliseconds in repetition 51
Round trip time was  2.881 milliseconds in repetition 52
Round trip time was  2.570 milliseconds in repetition 53
Round trip time was  1.698 milliseconds in repetition 54
Round trip time was  2.842 milliseconds in repetition 55
Round trip time was  1.982 milliseconds in repetition 56
Round trip time was  1.376 milliseconds in repetition 57
Round trip time was  2.258 milliseconds in repetition 58
Round trip time was  1.653 milliseconds in repetition 59
Round trip time was  2.691 milliseconds in repetition 60
Round trip time was  1.656 milliseconds in repetition 61
Round trip time was  3.071 milliseconds in repetition 62
Round trip time was  1.736 milliseconds in repetition 63
Round trip time was  1.614 milliseconds in repetition 64
Round trip time was  2.254 milliseconds in repetition 65
Round trip time was  1.486 milliseconds in repetition 66
Round trip time was  3.544 milliseconds in repetition 67
Round trip time was  1.597 milliseconds in repetition 68
Round trip time was  2.987 milliseconds in repetition 69
Round trip time was  1.694 milliseconds in repetition 70
Round trip time was  3.220 milliseconds in repetition 71
Round trip time was  2.148 milliseconds in repetition 72
Round trip time was  2.903 milliseconds in repetition 73
Round trip time was  1.841 milliseconds in repetition 74
Round trip time was  2.688 milliseconds in repetition 75
Round trip time was  1.429 milliseconds in repetition 76
Round trip time was  1.746 milliseconds in repetition 77
Round trip time was  2.242 milliseconds in repetition 78
Round trip time was  1.675 milliseconds in repetition 79
Round trip time was  2.886 milliseconds in repetition 80
Round trip time was  2.017 milliseconds in repetition 81
Round trip time was  3.375 milliseconds in repetition 82
Round trip time was  1.548 milliseconds in repetition 83
Round trip time was  2.990 milliseconds in repetition 84
Round trip time was  1.442 milliseconds in repetition 85
Round trip time was  3.156 milliseconds in repetition 86
Round trip time was  1.588 milliseconds in repetition 87
Round trip time was  3.174 milliseconds in repetition 88
Round trip time was  1.566 milliseconds in repetition 89
Round trip time was  3.023 milliseconds in repetition 90
Round trip time was  2.465 milliseconds in repetition 91
Round trip time was  2.115 milliseconds in repetition 92
Round trip time was  1.414 milliseconds in repetition 93
Round trip time was  1.677 milliseconds in repetition 94
Round trip time was  2.197 milliseconds in repetition 95
Round trip time was  1.675 milliseconds in repetition 96
Round trip time was  3.123 milliseconds in repetition 97
Round trip time was  1.532 milliseconds in repetition 98
Round trip time was  4.095 milliseconds in repetition 99
Round trip time was  1.798 milliseconds in repetition 100
Round trip time was  2.694 milliseconds in repetition 101
Round trip time was  1.340 milliseconds in repetition 102
Round trip time was  1.712 milliseconds in repetition 103
Round trip time was  3.076 milliseconds in repetition 104
Round trip time was  1.611 milliseconds in repetition 105
Round trip time was  1.567 milliseconds in repetition 106
Round trip time was  2.688 milliseconds in repetition 107
Round trip time was  2.205 milliseconds in repetition 108
Round trip time was  2.903 milliseconds in repetition 109
Round trip time was  1.623 milliseconds in repetition 110
Round trip time was  3.553 milliseconds in repetition 111
Round trip time was  1.546 milliseconds in repetition 112
Round trip time was  1.545 milliseconds in repetition 113
Round trip time was  2.833 milliseconds in repetition 114
Round trip time was  1.575 milliseconds in repetition 115
Round trip time was  2.958 milliseconds in repetition 116
Round trip time was  1.868 milliseconds in repetition 117
Round trip time was  2.938 milliseconds in repetition 118
Round trip time was  3.111 milliseconds in repetition 119
Round trip time was  3.062 milliseconds in repetition 120
Round trip time was  1.407 milliseconds in repetition 121
Round trip time was  3.013 milliseconds in repetition 122
Round trip time was  1.909 milliseconds in repetition 123
Round trip time was  2.970 milliseconds in repetition 124
Round trip time was  2.488 milliseconds in repetition 125
Round trip time was  4.022 milliseconds in repetition 126
Round trip time was  2.611 milliseconds in repetition 127
Round trip time was  3.089 milliseconds in repetition 128
Round trip time was  2.441 milliseconds in repetition 129
Round trip time was  4.021 milliseconds in repetition 130
Round trip time was  2.028 milliseconds in repetition 131
Round trip time was  3.179 milliseconds in repetition 132
Round trip time was  1.584 milliseconds in repetition 133
Round trip time was  2.916 milliseconds in repetition 134
Round trip time was  1.351 milliseconds in repetition 135
Round trip time was  1.616 milliseconds in repetition 136
Round trip time was  3.181 milliseconds in repetition 137
Round trip time was  2.160 milliseconds in repetition 138
Round trip time was  2.871 milliseconds in repetition 139
Round trip time was  1.547 milliseconds in repetition 140
Round trip time was  4.074 milliseconds in repetition 141
Round trip time was  1.590 milliseconds in repetition 142
Round trip time was  3.587 milliseconds in repetition 143
Round trip time was  1.472 milliseconds in repetition 144
Round trip time was  3.877 milliseconds in repetition 145
Round trip time was  1.486 milliseconds in repetition 146
Round trip time was  3.217 milliseconds in repetition 147
Round trip time was  1.516 milliseconds in repetition 148
Round trip time was  2.040 milliseconds in repetition 149
Round trip time was  2.608 milliseconds in repetition 150
Round trip time was  1.588 milliseconds in repetition 151
Round trip time was  3.305 milliseconds in repetition 152
Round trip time was  1.725 milliseconds in repetition 153
Round trip time was  1.582 milliseconds in repetition 154
Round trip time was  2.268 milliseconds in repetition 155
Round trip time was  1.666 milliseconds in repetition 156
Round trip time was  2.748 milliseconds in repetition 157
Round trip time was  1.625 milliseconds in repetition 158
Round trip time was  4.292 milliseconds in repetition 159
Round trip time was  1.694 milliseconds in repetition 160
Round trip time was  3.180 milliseconds in repetition 161
Round trip time was  1.626 milliseconds in repetition 162
Round trip time was  1.853 milliseconds in repetition 163
Round trip time was  3.383 milliseconds in repetition 164
Round trip time was  2.195 milliseconds in repetition 165
Round trip time was  1.482 milliseconds in repetition 166
Round trip time was  2.878 milliseconds in repetition 167
Round trip time was  3.393 milliseconds in repetition 168
Round trip time was  2.946 milliseconds in repetition 169
Round trip time was  2.045 milliseconds in repetition 170
Round trip time was  1.386 milliseconds in repetition 171
Round trip time was  2.250 milliseconds in repetition 172
Round trip time was  1.576 milliseconds in repetition 173
Round trip time was  2.991 milliseconds in repetition 174
Round trip time was  2.450 milliseconds in repetition 175
Round trip time was  3.370 milliseconds in repetition 176
Round trip time was  2.203 milliseconds in repetition 177
Round trip time was  3.431 milliseconds in repetition 178
Round trip time was  1.872 milliseconds in repetition 179
Round trip time was  4.055 milliseconds in repetition 180
Round trip time was  1.718 milliseconds in repetition 181
Round trip time was  3.136 milliseconds in repetition 182
Round trip time was  1.604 milliseconds in repetition 183
Round trip time was  2.895 milliseconds in repetition 184
Round trip time was  1.561 milliseconds in repetition 185
Round trip time was  3.091 milliseconds in repetition 186
Round trip time was  1.848 milliseconds in repetition 187
Round trip time was  3.155 milliseconds in repetition 188
Round trip time was  2.036 milliseconds in repetition 189
Round trip time was  3.119 milliseconds in repetition 190
Round trip time was  1.636 milliseconds in repetition 191
Round trip time was  3.093 milliseconds in repetition 192
Round trip time was  1.731 milliseconds in repetition 193
Round trip time was  2.995 milliseconds in repetition 194
Round trip time was  1.473 milliseconds in repetition 195
Round trip time was  3.144 milliseconds in repetition 196
Round trip time was  1.554 milliseconds in repetition 197
Round trip time was  3.246 milliseconds in repetition 198
Round trip time was  1.349 milliseconds in repetition 199
Round trip time was  3.052 milliseconds in repetition 200
Round trip time was  2.639 milliseconds in repetition 201
Round trip time was  1.846 milliseconds in repetition 202
Round trip time was  2.731 milliseconds in repetition 203
Round trip time was  2.293 milliseconds in repetition 204
Round trip time was  3.725 milliseconds in repetition 205
Round trip time was  3.071 milliseconds in repetition 206
Round trip time was  2.328 milliseconds in repetition 207
Round trip time was  1.591 milliseconds in repetition 208
Round trip time was  4.404 milliseconds in repetition 209
Round trip time was  1.782 milliseconds in repetition 210
Round trip time was  1.756 milliseconds in repetition 211
Round trip time was  2.949 milliseconds in repetition 212
Round trip time was  1.548 milliseconds in repetition 213
Round trip time was  3.365 milliseconds in repetition 214
Round trip time was  1.678 milliseconds in repetition 215
Round trip time was  2.056 milliseconds in repetition 216
Round trip time was  1.711 milliseconds in repetition 217
Round trip time was  1.843 milliseconds in repetition 218
Round trip time was  2.679 milliseconds in repetition 219
Round trip time was  1.861 milliseconds in repetition 220
Round trip time was  2.377 milliseconds in repetition 221
Round trip time was  1.343 milliseconds in repetition 222
Round trip time was  1.716 milliseconds in repetition 223
Round trip time was  2.735 milliseconds in repetition 224
Round trip time was  1.539 milliseconds in repetition 225
Round trip time was  3.201 milliseconds in repetition 226
Round trip time was  1.600 milliseconds in repetition 227
Round trip time was  1.350 milliseconds in repetition 228
Round trip time was  2.833 milliseconds in repetition 229
Round trip time was  1.600 milliseconds in repetition 230
Round trip time was  3.817 milliseconds in repetition 231
Round trip time was  1.365 milliseconds in repetition 232
Round trip time was  3.156 milliseconds in repetition 233
Round trip time was  2.406 milliseconds in repetition 234
Round trip time was  1.551 milliseconds in repetition 235
Round trip time was  3.753 milliseconds in repetition 236
Round trip time was  1.711 milliseconds in repetition 237
Round trip time was  1.552 milliseconds in repetition 238
Round trip time was  2.521 milliseconds in repetition 239
Round trip time was  1.583 milliseconds in repetition 240
Round trip time was  1.411 milliseconds in repetition 241
Round trip time was  2.332 milliseconds in repetition 242
Round trip time was  2.320 milliseconds in repetition 243
Round trip time was  3.043 milliseconds in repetition 244
Round trip time was  2.689 milliseconds in repetition 245
Round trip time was  3.280 milliseconds in repetition 246
Round trip time was  3.732 milliseconds in repetition 247
Round trip time was  4.221 milliseconds in repetition 248
Round trip time was  3.266 milliseconds in repetition 249
Round trip time was  2.644 milliseconds in repetition 250
Round trip time was  1.656 milliseconds in repetition 251
Round trip time was  2.502 milliseconds in repetition 252
Round trip time was  2.976 milliseconds in repetition 253
Round trip time was  1.720 milliseconds in repetition 254
Round trip time was  3.498 milliseconds in repetition 255
Round trip time was  1.377 milliseconds in repetition 256
Round trip time was  2.675 milliseconds in repetition 257
Round trip time was  2.650 milliseconds in repetition 258
Round trip time was  3.131 milliseconds in repetition 259
Round trip time was  3.271 milliseconds in repetition 260
Round trip time was  2.989 milliseconds in repetition 261
Round trip time was  2.759 milliseconds in repetition 262
Round trip time was  1.445 milliseconds in repetition 263
Round trip time was  1.745 milliseconds in repetition 264
Round trip time was  2.036 milliseconds in repetition 265
Round trip time was  2.098 milliseconds in repetition 266
Round trip time was  3.429 milliseconds in repetition 267
Round trip time was  1.494 milliseconds in repetition 268
Round trip time was  3.178 milliseconds in repetition 269
Round trip time was  1.422 milliseconds in repetition 270
Round trip time was  2.235 milliseconds in repetition 271
Round trip time was  2.537 milliseconds in repetition 272
Round trip time was  1.555 milliseconds in repetition 273
Round trip time was  3.265 milliseconds in repetition 274
Round trip time was  1.508 milliseconds in repetition 275
Round trip time was  2.772 milliseconds in repetition 276
Round trip time was  1.533 milliseconds in repetition 277
Round trip time was  2.378 milliseconds in repetition 278
Round trip time was  2.123 milliseconds in repetition 279
Round trip time was  2.162 milliseconds in repetition 280
Round trip time was  3.405 milliseconds in repetition 281
Round trip time was  1.462 milliseconds in repetition 282
Round trip time was  3.397 milliseconds in repetition 283
Round trip time was  1.646 milliseconds in repetition 284
Round trip time was  3.106 milliseconds in repetition 285
Round trip time was  1.597 milliseconds in repetition 286
Round trip time was  3.351 milliseconds in repetition 287
Round trip time was  1.558 milliseconds in repetition 288
Round trip time was  1.488 milliseconds in repetition 289
Round trip time was  2.537 milliseconds in repetition 290
Round trip time was  1.646 milliseconds in repetition 291
Round trip time was  2.735 milliseconds in repetition 292
Round trip time was  1.701 milliseconds in repetition 293
Round trip time was  3.208 milliseconds in repetition 294
Round trip time was  1.706 milliseconds in repetition 295
Round trip time was  2.569 milliseconds in repetition 296
Round trip time was  1.305 milliseconds in repetition 297
Round trip time was  1.672 milliseconds in repetition 298
Round trip time was  2.607 milliseconds in repetition 299
Round trip time was  1.426 milliseconds in repetition 300
Round trip time was  3.264 milliseconds in repetition 301
Round trip time was  3.008 milliseconds in repetition 302
Round trip time was  2.679 milliseconds in repetition 303
Round trip time was  1.573 milliseconds in repetition 304
Round trip time was  3.381 milliseconds in repetition 305
Round trip time was  1.497 milliseconds in repetition 306
Round trip time was  2.676 milliseconds in repetition 307
Round trip time was  1.358 milliseconds in repetition 308
Round trip time was  1.848 milliseconds in repetition 309
Round trip time was  2.524 milliseconds in repetition 310
Round trip time was  1.540 milliseconds in repetition 311
Round trip time was  2.885 milliseconds in repetition 312
Round trip time was  2.455 milliseconds in repetition 313
Round trip time was  2.961 milliseconds in repetition 314
Round trip time was  1.627 milliseconds in repetition 315
Round trip time was  3.433 milliseconds in repetition 316
Round trip time was  1.884 milliseconds in repetition 317
Round trip time was  1.420 milliseconds in repetition 318
Round trip time was  2.967 milliseconds in repetition 319
Round trip time was  1.502 milliseconds in repetition 320
Round trip time was  1.248 milliseconds in repetition 321
Round trip time was  2.579 milliseconds in repetition 322
Round trip time was  1.623 milliseconds in repetition 323
Round trip time was  3.281 milliseconds in repetition 324
Round trip time was  1.582 milliseconds in repetition 325
Round trip time was  3.643 milliseconds in repetition 326
Round trip time was  1.633 milliseconds in repetition 327
Round trip time was  4.539 milliseconds in repetition 328
Round trip time was  1.550 milliseconds in repetition 329
Round trip time was  2.905 milliseconds in repetition 330
Round trip time was  1.544 milliseconds in repetition 331
Round trip time was  3.266 milliseconds in repetition 332
Round trip time was  1.842 milliseconds in repetition 333
Round trip time was  2.054 milliseconds in repetition 334
Round trip time was  2.053 milliseconds in repetition 335
Round trip time was  1.480 milliseconds in repetition 336
Round trip time was  3.036 milliseconds in repetition 337
Round trip time was  1.398 milliseconds in repetition 338
Round trip time was  3.266 milliseconds in repetition 339
Round trip time was  1.763 milliseconds in repetition 340
Round trip time was  3.022 milliseconds in repetition 341
Round trip time was  1.887 milliseconds in repetition 342
Round trip time was  3.224 milliseconds in repetition 343
Round trip time was  1.409 milliseconds in repetition 344
Round trip time was  3.263 milliseconds in repetition 345
Round trip time was  1.530 milliseconds in repetition 346
Round trip time was  3.114 milliseconds in repetition 347
Round trip time was  1.737 milliseconds in repetition 348
Round trip time was  1.628 milliseconds in repetition 349
Round trip time was  2.756 milliseconds in repetition 350
Round trip time was  1.490 milliseconds in repetition 351
Round trip time was  1.537 milliseconds in repetition 352
Round trip time was  3.047 milliseconds in repetition 353
Round trip time was  1.993 milliseconds in repetition 354
Round trip time was  3.582 milliseconds in repetition 355
Round trip time was  1.567 milliseconds in repetition 356
Round trip time was  2.670 milliseconds in repetition 357
Round trip time was  1.394 milliseconds in repetition 358
Round trip time was  1.703 milliseconds in repetition 359
Round trip time was  2.201 milliseconds in repetition 360
Round trip time was  1.611 milliseconds in repetition 361
Round trip time was  3.284 milliseconds in repetition 362
Round trip time was  1.706 milliseconds in repetition 363
Round trip time was  3.148 milliseconds in repetition 364
Round trip time was  2.328 milliseconds in repetition 365
Round trip time was  3.180 milliseconds in repetition 366
Round trip time was  1.906 milliseconds in repetition 367
Round trip time was  3.077 milliseconds in repetition 368
Round trip time was  1.543 milliseconds in repetition 369
Round trip time was  3.412 milliseconds in repetition 370
Round trip time was  2.205 milliseconds in repetition 371
Round trip time was  3.321 milliseconds in repetition 372
Round trip time was  2.165 milliseconds in repetition 373
Round trip time was  3.429 milliseconds in repetition 374
Round trip time was  1.835 milliseconds in repetition 375
Round trip time was  2.951 milliseconds in repetition 376
Round trip time was  2.454 milliseconds in repetition 377
Round trip time was  3.036 milliseconds in repetition 378
Round trip time was  1.647 milliseconds in repetition 379
Round trip time was  2.998 milliseconds in repetition 380
Round trip time was  1.397 milliseconds in repetition 381
Round trip time was  3.703 milliseconds in repetition 382
Round trip time was  1.454 milliseconds in repetition 383
Round trip time was  2.580 milliseconds in repetition 384
Round trip time was  2.160 milliseconds in repetition 385
Round trip time was  1.690 milliseconds in repetition 386
Round trip time was  3.737 milliseconds in repetition 387
Round trip time was  1.630 milliseconds in repetition 388
Round trip time was  1.678 milliseconds in repetition 389
Round trip time was  2.714 milliseconds in repetition 390
Round trip time was  1.458 milliseconds in repetition 391
Round trip time was  2.819 milliseconds in repetition 392
Round trip time was  1.386 milliseconds in repetition 393
Round trip time was  1.885 milliseconds in repetition 394
Round trip time was  3.340 milliseconds in repetition 395
Round trip time was  1.538 milliseconds in repetition 396
Round trip time was  1.956 milliseconds in repetition 397
Round trip time was  2.320 milliseconds in repetition 398
Round trip time was  1.601 milliseconds in repetition 399
Round trip time was  1.743 milliseconds in repetition 400
Round trip time was  2.035 milliseconds in repetition 401
Round trip time was  1.495 milliseconds in repetition 402
Round trip time was  3.409 milliseconds in repetition 403
Round trip time was  1.388 milliseconds in repetition 404
Round trip time was  1.765 milliseconds in repetition 405
Round trip time was  2.154 milliseconds in repetition 406
Round trip time was  1.522 milliseconds in repetition 407
Round trip time was  3.186 milliseconds in repetition 408
Round trip time was  1.574 milliseconds in repetition 409
Round trip time was  3.139 milliseconds in repetition 410
Round trip time was  1.805 milliseconds in repetition 411
Round trip time was  2.992 milliseconds in repetition 412
Round trip time was  1.488 milliseconds in repetition 413
Round trip time was  1.755 milliseconds in repetition 414
Round trip time was  2.367 milliseconds in repetition 415
Round trip time was  2.511 milliseconds in repetition 416
Round trip time was  3.643 milliseconds in repetition 417
Round trip time was  1.853 milliseconds in repetition 418
Round trip time was  1.516 milliseconds in repetition 419
Round trip time was  3.136 milliseconds in repetition 420
Round trip time was  1.801 milliseconds in repetition 421
Round trip time was  3.973 milliseconds in repetition 422
Round trip time was  2.241 milliseconds in repetition 423
Round trip time was  3.047 milliseconds in repetition 424
Round trip time was  2.307 milliseconds in repetition 425
Round trip time was  4.215 milliseconds in repetition 426
Round trip time was  1.588 milliseconds in repetition 427
Round trip time was  2.994 milliseconds in repetition 428
Round trip time was  1.613 milliseconds in repetition 429
Round trip time was  1.565 milliseconds in repetition 430
Round trip time was  1.893 milliseconds in repetition 431
Round trip time was  1.457 milliseconds in repetition 432
Round trip time was  2.973 milliseconds in repetition 433
Round trip time was  1.638 milliseconds in repetition 434
Round trip time was  3.608 milliseconds in repetition 435
Round trip time was  2.614 milliseconds in repetition 436
Round trip time was  3.107 milliseconds in repetition 437
Round trip time was  2.033 milliseconds in repetition 438
Round trip time was  3.103 milliseconds in repetition 439
Round trip time was  1.524 milliseconds in repetition 440
Round trip time was  2.644 milliseconds in repetition 441
Round trip time was  2.097 milliseconds in repetition 442
Round trip time was  1.702 milliseconds in repetition 443
Round trip time was  4.658 milliseconds in repetition 444
Round trip time was  1.525 milliseconds in repetition 445
Round trip time was  3.518 milliseconds in repetition 446
Round trip time was  1.871 milliseconds in repetition 447
Round trip time was  2.247 milliseconds in repetition 448
Round trip time was  2.326 milliseconds in repetition 449
Round trip time was  1.628 milliseconds in repetition 450
Round trip time was  1.443 milliseconds in repetition 451
Round trip time was  2.768 milliseconds in repetition 452
Round trip time was  1.511 milliseconds in repetition 453
Round trip time was  2.861 milliseconds in repetition 454
Round trip time was  1.465 milliseconds in repetition 455
Round trip time was  2.698 milliseconds in repetition 456
Round trip time was  1.382 milliseconds in repetition 457
Round trip time was  2.248 milliseconds in repetition 458
Round trip time was  2.684 milliseconds in repetition 459
Round trip time was  2.549 milliseconds in repetition 460
Round trip time was  3.285 milliseconds in repetition 461
Round trip time was  1.910 milliseconds in repetition 462
Round trip time was  3.522 milliseconds in repetition 463
Round trip time was  1.823 milliseconds in repetition 464
Round trip time was  4.899 milliseconds in repetition 465
Round trip time was  1.623 milliseconds in repetition 466
Round trip time was  2.676 milliseconds in repetition 467
Round trip time was  1.408 milliseconds in repetition 468
Round trip time was  1.558 milliseconds in repetition 469
Round trip time was  3.304 milliseconds in repetition 470
Round trip time was  2.345 milliseconds in repetition 471
Round trip time was  2.039 milliseconds in repetition 472
Round trip time was  2.242 milliseconds in repetition 473
Round trip time was  1.736 milliseconds in repetition 474
Round trip time was  2.865 milliseconds in repetition 475
Round trip time was  1.508 milliseconds in repetition 476
Round trip time was  2.746 milliseconds in repetition 477
Round trip time was  1.304 milliseconds in repetition 478
Round trip time was  1.510 milliseconds in repetition 479
Round trip time was  2.607 milliseconds in repetition 480
Round trip time was  1.680 milliseconds in repetition 481
Round trip time was  3.205 milliseconds in repetition 482
Round trip time was  1.647 milliseconds in repetition 483
Round trip time was  1.633 milliseconds in repetition 484
Round trip time was  2.562 milliseconds in repetition 485
Round trip time was  1.665 milliseconds in repetition 486
Round trip time was  3.684 milliseconds in repetition 487
Round trip time was  1.890 milliseconds in repetition 488
Round trip time was  2.692 milliseconds in repetition 489
Round trip time was  1.344 milliseconds in repetition 490
Round trip time was  1.591 milliseconds in repetition 491
Round trip time was  2.743 milliseconds in repetition 492
Round trip time was  1.625 milliseconds in repetition 493
Round trip time was  2.368 milliseconds in repetition 494
Round trip time was  1.374 milliseconds in repetition 495
Round trip time was  1.789 milliseconds in repetition 496
Round trip time was  2.453 milliseconds in repetition 497
Round trip time was  1.479 milliseconds in repetition 498
Round trip time was  3.290 milliseconds in repetition 499
Round trip time was  1.623 milliseconds in repetition 500
Round trip time was  3.129 milliseconds in repetition 501

 ... clock resolution was 1e-06
UDP Ping:  Statistics over 501 repetitions of 12288 byte messages

RTT : percentile 10: 1.48812, median: 2.24675, percentile 90: 3.38319, average: 2.56903, variance: 22.3792

RTT histogram:
1.24769 486
6.52467 14
11.8017 0
17.0786 0
22.3556 0
27.6326 0
32.9096 0
38.1866 0
43.4636 0
48.7405 0
54.0175 0
59.2945 0
64.5715 0
69.8485 0
75.1255 0
80.4025 0
85.6794 0
90.9564 0
96.2334 0
101.51 0
106.787 1

   median Throughput : 10938.5 KB/s   overall Throughput : 9566.24 KB/s

